Linux 5.15.0-121-generic (NEU) 	09/17/2024 	_x86_64_	(16 CPU)

11:13:26 AM   UID       PID   cswch/s nvcswch/s  Command
11:13:27 AM  1000     12341      0.00    146.00  two_node_pipeli
11:13:28 AM  1000     12341      0.00    355.00  two_node_pipeli
11:13:29 AM  1000     12341      0.00    292.00  two_node_pipeli
11:13:30 AM  1000     12341      0.00    987.00  two_node_pipeli
11:13:31 AM  1000     12341      1.00    189.00  two_node_pipeli
11:13:32 AM  1000     12341      2.00    219.00  two_node_pipeli
11:13:33 AM  1000     12341      0.00    402.00  two_node_pipeli
11:13:34 AM  1000     12341      0.00    548.00  two_node_pipeli
11:13:35 AM  1000     12341      0.00    657.00  two_node_pipeli
11:13:36 AM  1000     12341      0.00    477.00  two_node_pipeli
11:13:37 AM  1000     12341      0.00   1266.00  two_node_pipeli
11:13:38 AM  1000     12341      0.00    209.00  two_node_pipeli
11:13:39 AM  1000     12341      0.00      7.00  two_node_pipeli
11:13:40 AM  1000     12341      0.00     13.00  two_node_pipeli
11:13:41 AM  1000     12341      0.00     14.00  two_node_pipeli
11:13:42 AM  1000     12341      0.00     11.00  two_node_pipeli
11:13:43 AM  1000     12341      0.00      6.00  two_node_pipeli
11:13:44 AM  1000     12341      0.00      7.00  two_node_pipeli
11:13:45 AM  1000     12341      0.00     10.00  two_node_pipeli
11:13:46 AM  1000     12341      0.00      8.00  two_node_pipeli
11:13:47 AM  1000     12341      0.00     10.00  two_node_pipeli
11:13:48 AM  1000     12341      0.00     13.00  two_node_pipeli
11:13:49 AM  1000     12341      0.00      9.00  two_node_pipeli
11:13:50 AM  1000     12341      1.00     51.00  two_node_pipeli
11:13:51 AM  1000     12341      0.00     15.00  two_node_pipeli
11:13:52 AM  1000     12341      0.00     21.00  two_node_pipeli
11:13:53 AM  1000     12341      0.00     11.00  two_node_pipeli
11:13:54 AM  1000     12341      0.00      7.00  two_node_pipeli
11:13:55 AM  1000     12341      0.00     18.00  two_node_pipeli
11:13:56 AM  1000     12341      0.00      9.00  two_node_pipeli
11:13:57 AM  1000     12341      0.00      9.00  two_node_pipeli
11:13:58 AM  1000     12341      0.00      9.00  two_node_pipeli
11:13:59 AM  1000     12341      0.00      9.00  two_node_pipeli
11:14:00 AM  1000     12341      0.00     24.00  two_node_pipeli
11:14:01 AM  1000     12341      0.00     12.00  two_node_pipeli
11:14:02 AM  1000     12341      0.00     24.00  two_node_pipeli
11:14:03 AM  1000     12341      0.00      8.00  two_node_pipeli
11:14:04 AM  1000     12341      0.00     10.00  two_node_pipeli
11:14:05 AM  1000     12341      0.00     11.00  two_node_pipeli
11:14:06 AM  1000     12341      0.00     10.00  two_node_pipeli
11:14:07 AM  1000     12341      0.00      8.00  two_node_pipeli
11:14:08 AM  1000     12341      0.00      9.00  two_node_pipeli
11:14:09 AM  1000     12341      0.00     11.00  two_node_pipeli
11:14:10 AM  1000     12341      0.00     22.00  two_node_pipeli
11:14:11 AM  1000     12341      0.00      6.00  two_node_pipeli
11:14:12 AM  1000     12341      0.00     11.00  two_node_pipeli
11:14:13 AM  1000     12341      0.00      8.00  two_node_pipeli
11:14:14 AM  1000     12341      0.00     12.00  two_node_pipeli
11:14:15 AM  1000     12341      1.00    195.00  two_node_pipeli
11:14:16 AM  1000     12341      0.00    211.00  two_node_pipeli
11:14:17 AM  1000     12341      0.00    208.00  two_node_pipeli
11:14:18 AM  1000     12341      0.00    160.00  two_node_pipeli
11:14:19 AM  1000     12341      0.00     10.00  two_node_pipeli
11:14:20 AM  1000     12341      0.00     10.00  two_node_pipeli
11:14:21 AM  1000     12341      0.00      7.00  two_node_pipeli
11:14:22 AM  1000     12341      0.00      9.00  two_node_pipeli
11:14:23 AM  1000     12341      0.00      9.00  two_node_pipeli
11:14:24 AM  1000     12341      0.00     12.00  two_node_pipeli
11:14:25 AM  1000     12341      0.00      9.00  two_node_pipeli
11:14:26 AM  1000     12341      0.00     10.00  two_node_pipeli
11:14:27 AM  1000     12341      0.00     12.00  two_node_pipeli
11:14:28 AM  1000     12341      0.00     18.00  two_node_pipeli
11:14:29 AM  1000     12341      0.00      9.00  two_node_pipeli
11:14:30 AM  1000     12341      0.00     12.00  two_node_pipeli
11:14:31 AM  1000     12341      0.00     12.00  two_node_pipeli
11:14:32 AM  1000     12341      0.00      8.00  two_node_pipeli
11:14:33 AM  1000     12341      0.00      7.00  two_node_pipeli
11:14:34 AM  1000     12341      0.00     11.00  two_node_pipeli
11:14:35 AM  1000     12341      0.00      6.00  two_node_pipeli
11:14:36 AM  1000     12341      0.00      9.00  two_node_pipeli
11:14:37 AM  1000     12341      0.00      7.00  two_node_pipeli
11:14:38 AM  1000     12341      0.00     21.00  two_node_pipeli
11:14:39 AM  1000     12341      0.00      6.00  two_node_pipeli
11:14:40 AM  1000     12341      0.00     13.00  two_node_pipeli
11:14:41 AM  1000     12341      0.00     51.00  two_node_pipeli
11:14:42 AM  1000     12341      0.00     18.00  two_node_pipeli
11:14:43 AM  1000     12341      0.00      6.00  two_node_pipeli
11:14:44 AM  1000     12341      0.00      7.00  two_node_pipeli
11:14:45 AM  1000     12341      0.00     24.00  two_node_pipeli
11:14:46 AM  1000     12341      0.00     13.00  two_node_pipeli
11:14:47 AM  1000     12341      0.00      9.00  two_node_pipeli
11:14:48 AM  1000     12341      0.00     10.00  two_node_pipeli
11:14:49 AM  1000     12341      0.00      7.00  two_node_pipeli
11:14:50 AM  1000     12341      0.00     14.00  two_node_pipeli
11:14:51 AM  1000     12341      0.00      8.00  two_node_pipeli
11:14:52 AM  1000     12341      0.00     15.00  two_node_pipeli
11:14:53 AM  1000     12341      0.00     27.00  two_node_pipeli
11:14:54 AM  1000     12341      0.00     25.00  two_node_pipeli
11:14:55 AM  1000     12341      0.00    289.00  two_node_pipeli
11:14:56 AM  1000     12341      0.00    405.00  two_node_pipeli
11:14:57 AM  1000     12341      0.00    403.00  two_node_pipeli
11:14:58 AM  1000     12341      0.00    408.00  two_node_pipeli
11:14:59 AM  1000     12341      0.00    401.00  two_node_pipeli
11:15:00 AM  1000     12341      0.00    418.00  two_node_pipeli
11:15:01 AM  1000     12341      0.00    392.00  two_node_pipeli
11:15:02 AM  1000     12341      0.00    319.00  two_node_pipeli
11:15:03 AM  1000     12341      0.00    401.00  two_node_pipeli
11:15:04 AM  1000     12341      0.00    370.00  two_node_pipeli
11:15:05 AM  1000     12341      0.00    403.00  two_node_pipeli
11:15:06 AM  1000     12341      0.00    351.00  two_node_pipeli
11:15:07 AM  1000     12341      0.00    316.00  two_node_pipeli
11:15:08 AM  1000     12341      0.00    300.00  two_node_pipeli
11:15:09 AM  1000     12341      0.00    208.00  two_node_pipeli
11:15:10 AM  1000     12341      0.00    218.00  two_node_pipeli
11:15:11 AM  1000     12341      0.00    201.98  two_node_pipeli
11:15:12 AM  1000     12341      0.00    208.00  two_node_pipeli
11:15:13 AM  1000     12341      0.00    216.00  two_node_pipeli
11:15:14 AM  1000     12341      0.00    381.00  two_node_pipeli
11:15:15 AM  1000     12341      0.00    368.00  two_node_pipeli
11:15:16 AM  1000     12341      0.00    313.00  two_node_pipeli
11:15:17 AM  1000     12341      0.00    407.00  two_node_pipeli
11:15:18 AM  1000     12341      0.00    419.00  two_node_pipeli
11:15:19 AM  1000     12341      0.00    421.00  two_node_pipeli
11:15:20 AM  1000     12341      0.00    414.00  two_node_pipeli
11:15:21 AM  1000     12341      0.00    421.00  two_node_pipeli
11:15:22 AM  1000     12341      0.00    418.00  two_node_pipeli
11:15:23 AM  1000     12341      0.00    495.00  two_node_pipeli
11:15:24 AM  1000     12341      0.00    611.00  two_node_pipeli
11:15:25 AM  1000     12341      1.00    355.00  two_node_pipeli
11:15:26 AM  1000     12341      0.00      3.00  two_node_pipeli
11:15:27 AM  1000     12341      0.00      1.00  two_node_pipeli
11:15:28 AM  1000     12341      0.00      4.00  two_node_pipeli
11:15:29 AM  1000     12341      0.00      5.00  two_node_pipeli
11:15:30 AM  1000     12341      0.00      4.00  two_node_pipeli
11:15:31 AM  1000     12341      0.00      2.00  two_node_pipeli
11:15:32 AM  1000     12341      0.00      4.00  two_node_pipeli
11:15:33 AM  1000     12341      0.00      1.00  two_node_pipeli
11:15:34 AM  1000     12341      0.00      3.00  two_node_pipeli
11:15:35 AM  1000     12341      0.00      2.00  two_node_pipeli
11:15:36 AM  1000     12341      0.00      4.00  two_node_pipeli
11:15:37 AM  1000     12341      0.00      2.00  two_node_pipeli
11:15:38 AM  1000     12341      0.00      3.00  two_node_pipeli
11:15:39 AM  1000     12341      0.00      1.00  two_node_pipeli
11:15:40 AM  1000     12341      0.00      4.00  two_node_pipeli
11:15:41 AM  1000     12341      0.00      2.00  two_node_pipeli
11:15:42 AM  1000     12341      0.00     13.00  two_node_pipeli
11:15:43 AM  1000     12341      0.00      1.00  two_node_pipeli
11:15:44 AM  1000     12341      0.00      4.00  two_node_pipeli
11:15:45 AM  1000     12341      0.00      2.00  two_node_pipeli
11:15:46 AM  1000     12341      0.00      3.00  two_node_pipeli
11:15:47 AM  1000     12341      0.00      1.00  two_node_pipeli
11:15:48 AM  1000     12341      0.00      4.00  two_node_pipeli
11:15:49 AM  1000     12341      0.00      1.00  two_node_pipeli
11:15:50 AM  1000     12341      0.00      3.00  two_node_pipeli
11:15:51 AM  1000     12341      0.00      2.00  two_node_pipeli
11:15:52 AM  1000     12341      0.00      4.00  two_node_pipeli
11:15:53 AM  1000     12341      0.00      1.00  two_node_pipeli
11:15:54 AM  1000     12341      0.00      2.00  two_node_pipeli
11:15:55 AM  1000     12341      0.00      1.00  two_node_pipeli
11:15:56 AM  1000     12341      0.00     10.00  two_node_pipeli
11:15:57 AM  1000     12341      0.00      1.00  two_node_pipeli
11:15:58 AM  1000     12341      1.00      3.00  two_node_pipeli
11:15:59 AM  1000     12341      0.00      1.00  two_node_pipeli
11:16:00 AM  1000     12341      0.00      3.00  two_node_pipeli
11:16:01 AM  1000     12341      0.00      2.00  two_node_pipeli
11:16:02 AM  1000     12341      0.00      4.00  two_node_pipeli
11:16:03 AM  1000     12341      0.00      1.00  two_node_pipeli
11:16:04 AM  1000     12341      0.00      4.00  two_node_pipeli
11:16:05 AM  1000     12341      0.00      1.00  two_node_pipeli
11:16:06 AM  1000     12341      0.00      2.00  two_node_pipeli
11:16:07 AM  1000     12341      0.00      1.00  two_node_pipeli
11:16:08 AM  1000     12341      0.00     12.00  two_node_pipeli
11:16:09 AM  1000     12341      0.00      1.00  two_node_pipeli
11:16:10 AM  1000     12341      0.00      2.00  two_node_pipeli
11:16:11 AM  1000     12341      0.00      1.00  two_node_pipeli
11:16:12 AM  1000     12341      0.00      5.00  two_node_pipeli
11:16:13 AM  1000     12341      0.00      2.00  two_node_pipeli
11:16:14 AM  1000     12341      0.00      2.00  two_node_pipeli
11:16:15 AM  1000     12341      0.00      2.00  two_node_pipeli
11:16:16 AM  1000     12341      0.00      4.00  two_node_pipeli
11:16:17 AM  1000     12341      0.00      2.00  two_node_pipeli
11:16:18 AM  1000     12341      0.00      2.00  two_node_pipeli
11:16:19 AM  1000     12341      0.00      1.00  two_node_pipeli
11:16:20 AM  1000     12341      0.00      4.00  two_node_pipeli
11:16:21 AM  1000     12341      1.00      1.00  two_node_pipeli
11:16:22 AM  1000     12341      0.00    221.00  two_node_pipeli
11:16:23 AM  1000     12341      0.00      1.00  two_node_pipeli
11:16:24 AM  1000     12341      0.00      3.00  two_node_pipeli
11:16:25 AM  1000     12341      0.00      1.00  two_node_pipeli
11:16:26 AM  1000     12341      0.00      2.00  two_node_pipeli
Average:     1000     12341      0.04    105.98  two_node_pipeli
