Linux 5.15.0-121-generic (NEU) 	09/17/2024 	_x86_64_	(16 CPU)

11:42:38 AM   UID       PID    %usr %system  %guest   %wait    %CPU   CPU  Command
11:42:39 AM  1000     13549  147.00    1.00    0.00    8.00  148.00     7  two_node_pipeli
11:42:40 AM  1000     13549  151.00    0.00    0.00    8.00  151.00     6  two_node_pipeli
11:42:41 AM  1000     13549  125.00    1.00    0.00   35.00  126.00     5  two_node_pipeli
11:42:42 AM  1000     13549  154.00    1.00    0.00   35.00  155.00     6  two_node_pipeli
11:42:43 AM  1000     13549  164.00    0.00    0.00   18.00  164.00     5  two_node_pipeli
11:42:44 AM  1000     13549  155.00    2.00    0.00   17.00  157.00     5  two_node_pipeli
11:42:45 AM  1000     13549  161.00    1.00    0.00   20.00  162.00     6  two_node_pipeli
11:42:46 AM  1000     13549  161.00    0.00    0.00    7.00  161.00     6  two_node_pipeli
11:42:47 AM  1000     13549  153.00    2.00    0.00    8.00  155.00     7  two_node_pipeli
11:42:48 AM  1000     13549  151.00    0.00    0.00   20.00  151.00     5  two_node_pipeli
11:42:49 AM  1000     13549  164.00    3.00    0.00   10.00  167.00     6  two_node_pipeli
11:42:50 AM  1000     13549  147.00    1.00    0.00    8.00  148.00     6  two_node_pipeli
11:42:51 AM  1000     13549  160.00    0.00    0.00    8.00  160.00     6  two_node_pipeli
11:42:52 AM  1000     13549  160.00    1.00    0.00    4.00  161.00     5  two_node_pipeli
11:42:53 AM  1000     13549  153.00    0.00    0.00    5.00  153.00     7  two_node_pipeli
11:42:54 AM  1000     13549  149.00    1.00    0.00    6.00  150.00     6  two_node_pipeli
11:42:55 AM  1000     13549  151.00    0.00    0.00    4.00  151.00     6  two_node_pipeli
11:42:56 AM  1000     13549  151.00    1.00    0.00    5.00  152.00     7  two_node_pipeli
11:42:57 AM  1000     13549  143.00    0.00    0.00    4.00  143.00     6  two_node_pipeli
11:42:58 AM  1000     13549  161.00    0.00    0.00    7.00  161.00     5  two_node_pipeli
11:42:59 AM  1000     13549  152.00    1.00    0.00   15.00  153.00     7  two_node_pipeli
11:43:00 AM  1000     13549  152.00    1.00    0.00    8.00  153.00     6  two_node_pipeli
11:43:01 AM  1000     13549  150.00    1.00    0.00    4.00  151.00     5  two_node_pipeli
11:43:02 AM  1000     13549  153.00    1.00    0.00    6.00  154.00     7  two_node_pipeli
11:43:03 AM  1000     13549  160.00    2.00    0.00   10.00  162.00     6  two_node_pipeli
11:43:04 AM  1000     13549  159.00    2.00    0.00    6.00  161.00     6  two_node_pipeli
11:43:05 AM  1000     13549  157.00    1.00    0.00   10.00  158.00     5  two_node_pipeli
11:43:06 AM  1000     13549  155.00    1.00    0.00    7.00  156.00     6  two_node_pipeli
11:43:07 AM  1000     13549  141.00    0.00    0.00   13.00  141.00     6  two_node_pipeli
11:43:08 AM  1000     13549  162.00    0.00    0.00    4.00  162.00     6  two_node_pipeli
11:43:09 AM  1000     13549  153.00    0.00    0.00    6.00  153.00     6  two_node_pipeli
11:43:10 AM  1000     13549  153.00    0.00    0.00    7.00  153.00     7  two_node_pipeli
11:43:11 AM  1000     13549  147.00    1.00    0.00    4.00  148.00     5  two_node_pipeli
11:43:12 AM  1000     13549  155.00    1.00    0.00    4.00  156.00     7  two_node_pipeli
11:43:13 AM  1000     13549  144.00    1.00    0.00    1.00  145.00     6  two_node_pipeli
11:43:14 AM  1000     13549  158.00    1.00    0.00    5.00  159.00     7  two_node_pipeli
11:43:15 AM  1000     13549  152.00    0.00    0.00    5.00  152.00     5  two_node_pipeli
11:43:16 AM  1000     13549  152.00    1.00    0.00   10.00  153.00     6  two_node_pipeli
11:43:17 AM  1000     13549  149.00    2.00    0.00    5.00  151.00     7  two_node_pipeli
11:43:18 AM  1000     13549  150.00    0.00    0.00    6.00  150.00     6  two_node_pipeli
11:43:19 AM  1000     13549  146.00    0.00    0.00    6.00  146.00     6  two_node_pipeli
11:43:20 AM  1000     13549  164.00    0.00    0.00   10.00  164.00     6  two_node_pipeli
11:43:21 AM  1000     13549  144.00    1.00    0.00    5.00  145.00     6  two_node_pipeli
11:43:22 AM  1000     13549  150.00    2.00    0.00    3.00  152.00     6  two_node_pipeli
11:43:23 AM  1000     13549  151.00    1.00    0.00   16.00  152.00     7  two_node_pipeli
11:43:24 AM  1000     13549  157.00    1.00    0.00    6.00  158.00     7  two_node_pipeli
11:43:25 AM  1000     13549  140.00    0.00    0.00    7.00  140.00     6  two_node_pipeli
11:43:26 AM  1000     13549  162.00    2.00    0.00    4.00  164.00     6  two_node_pipeli
11:43:27 AM  1000     13549  147.00    0.00    0.00    2.00  147.00     6  two_node_pipeli
11:43:28 AM  1000     13549  154.00    1.00    0.00    6.00  155.00     6  two_node_pipeli
11:43:29 AM  1000     13549  152.00    1.00    0.00    5.00  153.00     6  two_node_pipeli
11:43:30 AM  1000     13549  134.00    0.00    0.00   12.00  134.00     6  two_node_pipeli
11:43:31 AM  1000     13549  162.00    1.00    0.00    9.00  163.00     6  two_node_pipeli
11:43:32 AM  1000     13549  158.00    0.00    0.00    4.00  158.00     7  two_node_pipeli
11:43:33 AM  1000     13549  142.00    0.00    0.00    6.00  142.00     6  two_node_pipeli
11:43:34 AM  1000     13549  162.00    0.00    0.00    6.00  162.00     6  two_node_pipeli
11:43:35 AM  1000     13549  153.00    1.00    0.00    4.00  154.00     7  two_node_pipeli
11:43:36 AM  1000     13549  151.00    1.00    0.00    7.00  152.00     7  two_node_pipeli
11:43:37 AM  1000     13549  149.00    0.00    0.00    3.00  149.00     5  two_node_pipeli
11:43:38 AM  1000     13549  154.00    0.00    0.00    4.00  154.00     6  two_node_pipeli
11:43:39 AM  1000     13549  138.00    1.00    0.00   13.00  139.00     7  two_node_pipeli
11:43:40 AM  1000     13549  160.00    1.00    0.00    6.00  161.00     6  two_node_pipeli
11:43:41 AM  1000     13549  154.00    0.00    0.00    8.00  154.00     5  two_node_pipeli
11:43:42 AM  1000     13549  151.00    1.00    0.00    5.00  152.00     6  two_node_pipeli
11:43:43 AM  1000     13549  147.00    1.00    0.00    5.00  148.00     6  two_node_pipeli
11:43:44 AM  1000     13549  156.00    0.00    0.00    4.00  156.00     7  two_node_pipeli
11:43:45 AM  1000     13549  148.00    3.00    0.00    3.00  151.00     6  two_node_pipeli
11:43:46 AM  1000     13549  151.00    0.00    0.00    8.00  151.00     7  two_node_pipeli
11:43:47 AM  1000     13549  150.00    0.00    0.00   15.00  150.00     7  two_node_pipeli
11:43:48 AM  1000     13549  158.00    0.00    0.00    5.00  158.00     6  two_node_pipeli
11:43:49 AM  1000     13549  146.00    1.00    0.00    5.00  147.00     6  two_node_pipeli
11:43:50 AM  1000     13549  154.00    1.00    0.00    8.00  155.00     6  two_node_pipeli
11:43:51 AM  1000     13549  153.00    1.00    0.00    7.00  154.00     7  two_node_pipeli
11:43:52 AM  1000     13549  151.00    1.00    0.00    3.00  152.00     7  two_node_pipeli
11:43:53 AM  1000     13549  147.00    2.00    0.00    8.00  149.00     6  two_node_pipeli
11:43:54 AM  1000     13549  156.00    0.00    0.00    7.00  156.00     6  two_node_pipeli
11:43:55 AM  1000     13549  145.00    1.00    0.00    6.00  146.00     7  two_node_pipeli
11:43:56 AM  1000     13549  159.00    1.00    0.00   15.00  160.00     7  two_node_pipeli
11:43:57 AM  1000     13549  149.00    1.00    0.00    6.00  150.00     7  two_node_pipeli
11:43:58 AM  1000     13549  154.00    0.00    0.00    7.00  154.00     6  two_node_pipeli
11:43:59 AM  1000     13549  151.00    0.00    0.00    3.00  151.00     6  two_node_pipeli
11:44:00 AM  1000     13549  149.00    1.00    0.00    6.00  150.00     6  two_node_pipeli
11:44:01 AM  1000     13549  145.00    1.00    0.00    4.00  146.00     6  two_node_pipeli
11:44:02 AM  1000     13549  162.00    2.00    0.00    5.00  164.00     6  two_node_pipeli
11:44:03 AM  1000     13549  145.00    0.00    0.00    5.00  145.00     7  two_node_pipeli
11:44:04 AM  1000     13549  155.00    0.00    0.00    9.00  155.00     6  two_node_pipeli
11:44:05 AM  1000     13549  153.00    1.00    0.00    3.00  154.00     7  two_node_pipeli
11:44:06 AM  1000     13549  152.00    0.00    0.00    7.00  152.00     6  two_node_pipeli
11:44:07 AM  1000     13549  139.00    0.00    0.00    3.00  139.00     6  two_node_pipeli
11:44:08 AM  1000     13549  160.00    1.00    0.00    6.00  161.00     6  two_node_pipeli
11:44:09 AM  1000     13549  149.00    1.00    0.00    6.00  150.00     7  two_node_pipeli
11:44:10 AM  1000     13549  154.00    1.00    0.00    5.00  155.00     6  two_node_pipeli
11:44:11 AM  1000     13549  153.00    0.00    0.00    3.00  153.00     6  two_node_pipeli
11:44:12 AM  1000     13549  154.00    1.00    0.00    6.00  155.00     5  two_node_pipeli
11:44:13 AM  1000     13549  144.00    0.00    0.00   16.00  144.00     6  two_node_pipeli
11:44:14 AM  1000     13549  157.00    1.00    0.00    3.00  158.00     6  two_node_pipeli
11:44:15 AM  1000     13549  145.00    2.00    0.00    6.00  147.00     6  two_node_pipeli
11:44:16 AM  1000     13549  155.00    1.00    0.00    2.00  156.00     7  two_node_pipeli
11:44:17 AM  1000     13549  152.00    2.00    0.00    2.00  154.00     7  two_node_pipeli
11:44:18 AM  1000     13549  150.00    0.00    0.00    6.00  150.00     6  two_node_pipeli
11:44:19 AM  1000     13549  150.00    1.00    0.00    5.00  151.00     7  two_node_pipeli
11:44:20 AM  1000     13549  152.00    0.00    0.00    8.00  152.00     5  two_node_pipeli
11:44:21 AM  1000     13549  145.00    2.00    0.00    3.00  147.00     7  two_node_pipeli
11:44:22 AM  1000     13549  156.00    0.00    0.00    4.00  156.00     7  two_node_pipeli
11:44:23 AM  1000     13549  154.00    1.00    0.00    3.00  155.00     6  two_node_pipeli
11:44:24 AM  1000     13549  151.00    0.00    0.00    7.00  151.00     6  two_node_pipeli
11:44:25 AM  1000     13549  149.00    1.00    0.00    3.00  150.00     6  two_node_pipeli
11:44:26 AM  1000     13549  154.00    0.00    0.00    5.00  154.00     7  two_node_pipeli
11:44:27 AM  1000     13549  150.00    0.00    0.00    7.00  150.00     6  two_node_pipeli
11:44:28 AM  1000     13549  146.00    2.00    0.00   15.00  148.00     7  two_node_pipeli
11:44:29 AM  1000     13549  155.00    0.00    0.00    6.00  155.00     7  two_node_pipeli
11:44:30 AM  1000     13549  155.00    0.00    0.00    6.00  155.00     6  two_node_pipeli
11:44:31 AM  1000     13549  140.00    1.00    0.00    6.00  141.00     6  two_node_pipeli
11:44:32 AM  1000     13549  161.00    0.00    0.00    3.00  161.00     6  two_node_pipeli
11:44:33 AM  1000     13549  153.00    0.00    0.00    5.00  153.00     7  two_node_pipeli
11:44:34 AM  1000     13549  151.00    1.00    0.00    3.00  152.00     6  two_node_pipeli
11:44:35 AM  1000     13549  148.00    0.00    0.00    6.00  148.00     5  two_node_pipeli
11:44:36 AM  1000     13549  154.00    1.00    0.00    4.00  155.00     7  two_node_pipeli
11:44:37 AM  1000     13549  144.00    1.00    0.00   10.00  145.00     5  two_node_pipeli
11:44:38 AM  1000     13549  162.00    0.00    0.00    7.00  162.00     7  two_node_pipeli
11:44:39 AM  1000     13549  148.00    1.00    0.00    3.00  149.00     6  two_node_pipeli
11:44:40 AM  1000     13549  153.00    0.00    0.00    7.00  153.00     6  two_node_pipeli
11:44:41 AM  1000     13549  152.00    0.00    0.00    6.00  152.00     6  two_node_pipeli
11:44:42 AM  1000     13549  150.00    1.00    0.00    4.00  151.00     6  two_node_pipeli
11:44:43 AM  1000     13549  144.00    0.00    0.00    3.00  144.00     6  two_node_pipeli
11:44:44 AM  1000     13549  165.00    1.00    0.00    6.00  166.00     6  two_node_pipeli
11:44:45 AM  1000     13549  145.00    0.00    0.00    5.00  145.00     7  two_node_pipeli
11:44:46 AM  1000     13549  154.00    1.00    0.00   11.00  155.00     7  two_node_pipeli
11:44:47 AM  1000     13549  153.00    1.00    0.00    5.00  154.00     6  two_node_pipeli
11:44:48 AM  1000     13549  151.00    0.00    0.00    3.00  151.00     6  two_node_pipeli
11:44:49 AM  1000     13549  139.00    2.00    0.00    3.00  141.00     5  two_node_pipeli
11:44:50 AM  1000     13549  164.00    0.00    0.00    6.00  164.00     6  two_node_pipeli
11:44:51 AM  1000     13549  145.00    0.00    0.00    4.00  145.00     6  two_node_pipeli
11:44:52 AM  1000     13549  157.00    1.00    0.00    3.00  158.00     6  two_node_pipeli
11:44:53 AM  1000     13549  132.00    0.00    0.00   16.00  132.00     6  two_node_pipeli
11:44:54 AM  1000     13549  168.00    1.00    0.00   10.00  169.00     6  two_node_pipeli
11:44:55 AM  1000     13549  148.00    0.00    0.00    4.00  148.00     7  two_node_pipeli
11:44:56 AM  1000     13549  155.45    0.99    0.00    3.96  156.44     6  two_node_pipeli
11:44:57 AM  1000     13549  139.00    1.00    0.00    2.00  140.00     6  two_node_pipeli
11:44:58 AM  1000     13549  160.00    2.00    0.00    7.00  162.00     7  two_node_pipeli
11:44:59 AM  1000     13549  153.00    0.00    0.00    6.00  153.00     6  two_node_pipeli
11:45:00 AM  1000     13549  151.00    1.00    0.00    6.00  152.00     7  two_node_pipeli
11:45:01 AM  1000     13549  148.00    1.00    0.00   16.00  149.00     6  two_node_pipeli
11:45:02 AM  1000     13549  154.00    0.00    0.00    5.00  154.00     6  two_node_pipeli
11:45:03 AM  1000     13549  139.00    1.00    0.00    5.00  140.00     6  two_node_pipeli
11:45:04 AM  1000     13549  161.00    1.00    0.00    5.00  162.00     6  two_node_pipeli
11:45:05 AM  1000     13549  154.00    0.00    0.00    1.00  154.00     6  two_node_pipeli
11:45:06 AM  1000     13549  153.00    0.00    0.00    5.00  153.00     6  two_node_pipeli
11:45:07 AM  1000     13549  148.00    0.00    0.00    5.00  148.00     6  two_node_pipeli
11:45:08 AM  1000     13549  156.00    0.00    0.00    5.00  156.00     6  two_node_pipeli
11:45:09 AM  1000     13549  150.00    2.00    0.00    6.00  152.00     6  two_node_pipeli
11:45:10 AM  1000     13549  146.00    1.00    0.00    6.00  147.00     6  two_node_pipeli
11:45:11 AM  1000     13549  154.00    1.00    0.00    8.00  155.00     6  two_node_pipeli
11:45:12 AM  1000     13549  155.00    1.00    0.00    2.00  156.00     7  two_node_pipeli
11:45:13 AM  1000     13549  139.00    1.00    0.00    5.00  140.00     7  two_node_pipeli
11:45:14 AM  1000     13549  160.00    1.00    0.00    5.00  161.00     6  two_node_pipeli
11:45:15 AM  1000     13549  153.00    1.00    0.00    4.00  154.00     6  two_node_pipeli
11:45:16 AM  1000     13549  151.00    0.00    0.00    9.00  151.00     6  two_node_pipeli
11:45:17 AM  1000     13549  148.00    1.00    0.00    2.00  149.00     6  two_node_pipeli
11:45:18 AM  1000     13549  157.00    0.00    0.00    4.00  157.00     6  two_node_pipeli
11:45:19 AM  1000     13549  144.00    0.00    0.00    2.00  144.00     6  two_node_pipeli
11:45:20 AM  1000     13549  161.00    1.00    0.00   13.00  162.00     6  two_node_pipeli
11:45:21 AM  1000     13549  147.00    1.00    0.00    5.00  148.00     6  two_node_pipeli
11:45:22 AM  1000     13549  153.00    1.00    0.00    6.00  154.00     6  two_node_pipeli
11:45:23 AM  1000     13549  151.00    0.00    0.00    4.00  151.00     6  two_node_pipeli
11:45:24 AM  1000     13549  150.00    1.00    0.00    5.00  151.00     5  two_node_pipeli
11:45:25 AM  1000     13549  144.00    1.00    0.00    5.00  145.00     7  two_node_pipeli
11:45:26 AM  1000     13549  163.00    1.00    0.00    5.00  164.00     5  two_node_pipeli
11:45:27 AM  1000     13549  144.00    2.00    0.00    6.00  146.00     6  two_node_pipeli
11:45:28 AM  1000     13549  154.00    0.00    0.00    6.00  154.00     5  two_node_pipeli
11:45:29 AM  1000     13549  144.00    0.00    0.00   13.00  144.00     6  two_node_pipeli
11:45:30 AM  1000     13549  161.00    0.00    0.00    7.00  161.00     6  two_node_pipeli
11:45:31 AM  1000     13549  138.00    1.00    0.00    2.00  139.00     7  two_node_pipeli
11:45:32 AM  1000     13549  164.00    1.00    0.00    3.00  165.00     6  two_node_pipeli
11:45:33 AM  1000     13549  144.00    1.00    0.00    5.00  145.00     6  two_node_pipeli
11:45:34 AM  1000     13549  154.00    1.00    0.00    2.00  155.00     6  two_node_pipeli
11:45:35 AM  1000     13549  154.00    1.00    0.00    2.00  155.00     6  two_node_pipeli
11:45:36 AM  1000     13549  126.00    2.00    0.00   16.00  128.00     5  two_node_pipeli
11:45:37 AM  1000     13549  169.00    0.00    0.00    8.00  169.00     6  two_node_pipeli
11:45:38 AM  1000     13549  157.00    0.00    0.00    5.00  157.00     6  two_node_pipeli
Average:     1000     13549  151.68    0.71    0.00    6.70  152.39     -  two_node_pipeli
