Linux 5.15.0-122-generic (NEU) 	09/20/2024 	_x86_64_	(16 CPU)

01:27:57 PM  CPU    %usr   %nice    %sys %iowait    %irq   %soft  %steal  %guest  %gnice   %idle
01:27:58 PM    0   46.00    0.00    0.00    1.00    0.00    0.00    0.00    0.00    0.00   53.00
01:27:58 PM    1   41.00    0.00    0.00    0.00    0.00    0.00    0.00    0.00    0.00   59.00

01:27:58 PM  CPU    %usr   %nice    %sys %iowait    %irq   %soft  %steal  %guest  %gnice   %idle
01:27:59 PM    0   43.00    0.00    0.00    0.00    0.00    0.00    0.00    0.00    0.00   57.00
01:27:59 PM    1   48.00    0.00    0.00    0.00    0.00    0.00    0.00    0.00    0.00   52.00

01:27:59 PM  CPU    %usr   %nice    %sys %iowait    %irq   %soft  %steal  %guest  %gnice   %idle
01:28:00 PM    0   47.00    0.00    0.00    0.00    0.00    0.00    0.00    0.00    0.00   53.00
01:28:00 PM    1   49.00    0.00    0.00    0.00    0.00    0.00    0.00    0.00    0.00   51.00

01:28:00 PM  CPU    %usr   %nice    %sys %iowait    %irq   %soft  %steal  %guest  %gnice   %idle
01:28:01 PM    0   44.44    0.00    0.00    0.00    0.00    0.00    0.00    0.00    0.00   55.56
01:28:01 PM    1   45.00    0.00    0.00    0.00    0.00    0.00    0.00    0.00    0.00   55.00

01:28:01 PM  CPU    %usr   %nice    %sys %iowait    %irq   %soft  %steal  %guest  %gnice   %idle
01:28:02 PM    0   41.58    0.00    0.00    0.00    0.00    0.00    0.00    0.00    0.00   58.42
01:28:02 PM    1   39.60    0.00    0.00    0.00    0.00    0.00    0.00    0.00    0.00   60.40

01:28:02 PM  CPU    %usr   %nice    %sys %iowait    %irq   %soft  %steal  %guest  %gnice   %idle
01:28:03 PM    0   52.04    0.00    0.00    0.00    0.00    0.00    0.00    0.00    0.00   47.96
01:28:03 PM    1   52.00    0.00    0.00    0.00    0.00    0.00    0.00    0.00    0.00   48.00

01:28:03 PM  CPU    %usr   %nice    %sys %iowait    %irq   %soft  %steal  %guest  %gnice   %idle
01:28:04 PM    0   50.00    0.00    0.00    1.00    0.00    0.00    0.00    0.00    0.00   49.00
01:28:04 PM    1   36.00    0.00    0.00    0.00    0.00    0.00    0.00    0.00    0.00   64.00

01:28:04 PM  CPU    %usr   %nice    %sys %iowait    %irq   %soft  %steal  %guest  %gnice   %idle
01:28:05 PM    0   53.00    0.00    0.00    1.00    0.00    0.00    0.00    0.00    0.00   46.00
01:28:05 PM    1   37.00    0.00    0.00    0.00    0.00    0.00    0.00    0.00    0.00   63.00

01:28:05 PM  CPU    %usr   %nice    %sys %iowait    %irq   %soft  %steal  %guest  %gnice   %idle
01:28:06 PM    0   50.00    0.00    0.00    0.00    0.00    0.00    0.00    0.00    0.00   50.00
01:28:06 PM    1   45.00    0.00    0.00    0.00    0.00    0.00    0.00    0.00    0.00   55.00

01:28:06 PM  CPU    %usr   %nice    %sys %iowait    %irq   %soft  %steal  %guest  %gnice   %idle
01:28:07 PM    0   48.48    0.00    0.00    0.00    0.00    0.00    0.00    0.00    0.00   51.52
01:28:07 PM    1   41.41    0.00    0.00    0.00    0.00    0.00    0.00    0.00    0.00   58.59

01:28:07 PM  CPU    %usr   %nice    %sys %iowait    %irq   %soft  %steal  %guest  %gnice   %idle
01:28:08 PM    0   46.00    0.00    0.00    0.00    0.00    0.00    0.00    0.00    0.00   54.00
01:28:08 PM    1   36.00    0.00    0.00    0.00    0.00    0.00    0.00    0.00    0.00   64.00

01:28:08 PM  CPU    %usr   %nice    %sys %iowait    %irq   %soft  %steal  %guest  %gnice   %idle
01:28:09 PM    0   53.54    0.00    0.00    0.00    0.00    0.00    0.00    0.00    0.00   46.46
01:28:09 PM    1   47.00    0.00    0.00    0.00    0.00    0.00    0.00    0.00    0.00   53.00

01:28:09 PM  CPU    %usr   %nice    %sys %iowait    %irq   %soft  %steal  %guest  %gnice   %idle
01:28:10 PM    0   44.00    0.00    0.00    0.00    0.00    0.00    0.00    0.00    0.00   56.00
01:28:10 PM    1   45.00    0.00    0.00    0.00    0.00    0.00    0.00    0.00    0.00   55.00

01:28:10 PM  CPU    %usr   %nice    %sys %iowait    %irq   %soft  %steal  %guest  %gnice   %idle
01:28:11 PM    0   46.00    0.00    0.00    1.00    0.00    0.00    0.00    0.00    0.00   53.00
01:28:11 PM    1   43.00    0.00    0.00    0.00    0.00    0.00    0.00    0.00    0.00   57.00

01:28:11 PM  CPU    %usr   %nice    %sys %iowait    %irq   %soft  %steal  %guest  %gnice   %idle
01:28:12 PM    0   43.00    0.00    0.00    0.00    0.00    0.00    0.00    0.00    0.00   57.00
01:28:12 PM    1   52.00    0.00    0.00    0.00    0.00    0.00    0.00    0.00    0.00   48.00

01:28:12 PM  CPU    %usr   %nice    %sys %iowait    %irq   %soft  %steal  %guest  %gnice   %idle
01:28:13 PM    0   52.00    0.00    0.00    1.00    0.00    0.00    0.00    0.00    0.00   47.00
01:28:13 PM    1   37.37    0.00    0.00    0.00    0.00    0.00    0.00    0.00    0.00   62.63

01:28:13 PM  CPU    %usr   %nice    %sys %iowait    %irq   %soft  %steal  %guest  %gnice   %idle
01:28:14 PM    0   36.00    0.00    0.00    0.00    0.00    0.00    0.00    0.00    0.00   64.00
01:28:14 PM    1   45.00    0.00    0.00    0.00    0.00    0.00    0.00    0.00    0.00   55.00

01:28:14 PM  CPU    %usr   %nice    %sys %iowait    %irq   %soft  %steal  %guest  %gnice   %idle
01:28:15 PM    0   49.00    0.00    0.00    0.00    0.00    0.00    0.00    0.00    0.00   51.00
01:28:15 PM    1   52.00    0.00    0.00    0.00    0.00    0.00    0.00    0.00    0.00   48.00

01:28:15 PM  CPU    %usr   %nice    %sys %iowait    %irq   %soft  %steal  %guest  %gnice   %idle
01:28:16 PM    0   45.00    0.00    0.00    0.00    0.00    0.00    0.00    0.00    0.00   55.00
01:28:16 PM    1   44.00    0.00    0.00    0.00    0.00    0.00    0.00    0.00    0.00   56.00

01:28:16 PM  CPU    %usr   %nice    %sys %iowait    %irq   %soft  %steal  %guest  %gnice   %idle
01:28:17 PM    0   53.54    0.00    0.00    0.00    0.00    0.00    0.00    0.00    0.00   46.46
01:28:17 PM    1   36.00    0.00    0.00    0.00    0.00    0.00    0.00    0.00    0.00   64.00

01:28:17 PM  CPU    %usr   %nice    %sys %iowait    %irq   %soft  %steal  %guest  %gnice   %idle
01:28:18 PM    0   52.00    0.00    0.00    1.00    0.00    0.00    0.00    0.00    0.00   47.00
01:28:18 PM    1   43.00    0.00    0.00    0.00    0.00    0.00    0.00    0.00    0.00   57.00

01:28:18 PM  CPU    %usr   %nice    %sys %iowait    %irq   %soft  %steal  %guest  %gnice   %idle
01:28:19 PM    0   46.00    0.00    0.00    0.00    0.00    0.00    0.00    0.00    0.00   54.00
01:28:19 PM    1   43.56    0.00    0.00    0.00    0.00    0.00    0.00    0.00    0.00   56.44

01:28:19 PM  CPU    %usr   %nice    %sys %iowait    %irq   %soft  %steal  %guest  %gnice   %idle
01:28:20 PM    0   44.44    0.00    0.00    0.00    0.00    0.00    0.00    0.00    0.00   55.56
01:28:20 PM    1   36.36    0.00    0.00    0.00    0.00    0.00    0.00    0.00    0.00   63.64

01:28:20 PM  CPU    %usr   %nice    %sys %iowait    %irq   %soft  %steal  %guest  %gnice   %idle
01:28:21 PM    0   59.00    0.00    0.00    1.00    0.00    0.00    0.00    0.00    0.00   40.00
01:28:21 PM    1   45.00    0.00    0.00    0.00    0.00    0.00    0.00    0.00    0.00   55.00

01:28:21 PM  CPU    %usr   %nice    %sys %iowait    %irq   %soft  %steal  %guest  %gnice   %idle
01:28:22 PM    0   42.00    0.00    0.00    0.00    0.00    0.00    0.00    0.00    0.00   58.00
01:28:22 PM    1   44.00    0.00    0.00    0.00    0.00    0.00    0.00    0.00    0.00   56.00

01:28:22 PM  CPU    %usr   %nice    %sys %iowait    %irq   %soft  %steal  %guest  %gnice   %idle
01:28:23 PM    0   50.00    0.00    0.00    1.00    0.00    0.00    0.00    0.00    0.00   49.00
01:28:23 PM    1   40.00    0.00    0.00    0.00    0.00    0.00    0.00    0.00    0.00   60.00

01:28:23 PM  CPU    %usr   %nice    %sys %iowait    %irq   %soft  %steal  %guest  %gnice   %idle
01:28:24 PM    0   42.42    0.00    0.00    0.00    0.00    0.00    0.00    0.00    0.00   57.58
01:28:24 PM    1   52.53    0.00    0.00    0.00    0.00    0.00    0.00    0.00    0.00   47.47

01:28:24 PM  CPU    %usr   %nice    %sys %iowait    %irq   %soft  %steal  %guest  %gnice   %idle
01:28:25 PM    0   44.00    0.00    0.00    0.00    0.00    0.00    0.00    0.00    0.00   56.00
01:28:25 PM    1   46.00    0.00    0.00    0.00    0.00    0.00    0.00    0.00    0.00   54.00

01:28:25 PM  CPU    %usr   %nice    %sys %iowait    %irq   %soft  %steal  %guest  %gnice   %idle
01:28:26 PM    0   43.00    0.00    0.00    0.00    0.00    0.00    0.00    0.00    0.00   57.00
01:28:26 PM    1   38.00    0.00    0.00    0.00    0.00    0.00    0.00    0.00    0.00   62.00

01:28:26 PM  CPU    %usr   %nice    %sys %iowait    %irq   %soft  %steal  %guest  %gnice   %idle
01:28:27 PM    0   53.00    0.00    0.00    0.00    0.00    0.00    0.00    0.00    0.00   47.00
01:28:27 PM    1   48.00    0.00    0.00    0.00    0.00    0.00    0.00    0.00    0.00   52.00

01:28:27 PM  CPU    %usr   %nice    %sys %iowait    %irq   %soft  %steal  %guest  %gnice   %idle
01:28:28 PM    0   47.00    0.00    0.00    1.00    0.00    0.00    0.00    0.00    0.00   52.00
01:28:28 PM    1   41.00    0.00    0.00    0.00    0.00    0.00    0.00    0.00    0.00   59.00

01:28:28 PM  CPU    %usr   %nice    %sys %iowait    %irq   %soft  %steal  %guest  %gnice   %idle
01:28:29 PM    0   45.00    0.00    0.00    0.00    0.00    0.00    0.00    0.00    0.00   55.00
01:28:29 PM    1   45.45    0.00    0.00    0.00    0.00    0.00    0.00    0.00    0.00   54.55

01:28:29 PM  CPU    %usr   %nice    %sys %iowait    %irq   %soft  %steal  %guest  %gnice   %idle
01:28:30 PM    0   52.53    0.00    0.00    0.00    0.00    0.00    0.00    0.00    0.00   47.47
01:28:30 PM    1   42.00    0.00    0.00    0.00    0.00    0.00    0.00    0.00    0.00   58.00

01:28:30 PM  CPU    %usr   %nice    %sys %iowait    %irq   %soft  %steal  %guest  %gnice   %idle
01:28:31 PM    0   42.57    0.00    0.00    0.99    0.00    0.00    0.00    0.00    0.00   56.44
01:28:31 PM    1   48.00    0.00    0.00    0.00    0.00    0.00    0.00    0.00    0.00   52.00

01:28:31 PM  CPU    %usr   %nice    %sys %iowait    %irq   %soft  %steal  %guest  %gnice   %idle
01:28:32 PM    0   47.47    0.00    0.00    0.00    0.00    0.00    0.00    0.00    0.00   52.53
01:28:32 PM    1   38.00    0.00    0.00    0.00    0.00    0.00    0.00    0.00    0.00   62.00

01:28:32 PM  CPU    %usr   %nice    %sys %iowait    %irq   %soft  %steal  %guest  %gnice   %idle
01:28:33 PM    0   52.00    0.00    0.00    1.00    0.00    0.00    0.00    0.00    0.00   47.00
01:28:33 PM    1   44.00    0.00    0.00    0.00    0.00    0.00    0.00    0.00    0.00   56.00

01:28:33 PM  CPU    %usr   %nice    %sys %iowait    %irq   %soft  %steal  %guest  %gnice   %idle
01:28:34 PM    0   43.00    0.00    0.00    0.00    0.00    0.00    0.00    0.00    0.00   57.00
01:28:34 PM    1   46.00    0.00    0.00    0.00    0.00    0.00    0.00    0.00    0.00   54.00

01:28:34 PM  CPU    %usr   %nice    %sys %iowait    %irq   %soft  %steal  %guest  %gnice   %idle
01:28:35 PM    0   35.35    0.00    0.00    0.00    0.00    0.00    0.00    0.00    0.00   64.65
01:28:35 PM    1   54.55    0.00    0.00    0.00    0.00    0.00    0.00    0.00    0.00   45.45

01:28:35 PM  CPU    %usr   %nice    %sys %iowait    %irq   %soft  %steal  %guest  %gnice   %idle
01:28:36 PM    0   52.00    0.00    0.00    0.00    0.00    0.00    0.00    0.00    0.00   48.00
01:28:36 PM    1   42.00    0.00    0.00    0.00    0.00    0.00    0.00    0.00    0.00   58.00

01:28:36 PM  CPU    %usr   %nice    %sys %iowait    %irq   %soft  %steal  %guest  %gnice   %idle
01:28:37 PM    0   46.00    0.00    0.00    0.00    0.00    0.00    0.00    0.00    0.00   54.00
01:28:37 PM    1   44.00    0.00    0.00    0.00    0.00    0.00    0.00    0.00    0.00   56.00

01:28:37 PM  CPU    %usr   %nice    %sys %iowait    %irq   %soft  %steal  %guest  %gnice   %idle
01:28:38 PM    0   42.42    0.00    0.00    1.01    0.00    0.00    0.00    0.00    0.00   56.57
01:28:38 PM    1   44.55    0.00    0.00    0.00    0.00    0.00    0.00    0.00    0.00   55.45

01:28:38 PM  CPU    %usr   %nice    %sys %iowait    %irq   %soft  %steal  %guest  %gnice   %idle
01:28:39 PM    0   52.00    0.00    0.00    0.00    0.00    0.00    0.00    0.00    0.00   48.00
01:28:39 PM    1   44.00    0.00    0.00    0.00    0.00    0.00    0.00    0.00    0.00   56.00

01:28:39 PM  CPU    %usr   %nice    %sys %iowait    %irq   %soft  %steal  %guest  %gnice   %idle
01:28:40 PM    0   46.46    0.00    0.00    0.00    0.00    0.00    0.00    0.00    0.00   53.54
01:28:40 PM    1   41.41    0.00    0.00    0.00    0.00    0.00    0.00    0.00    0.00   58.59

01:28:40 PM  CPU    %usr   %nice    %sys %iowait    %irq   %soft  %steal  %guest  %gnice   %idle
01:28:41 PM    0   36.00    0.00    0.00    0.00    0.00    0.00    0.00    0.00    0.00   64.00
01:28:41 PM    1   55.00    0.00    0.00    0.00    0.00    0.00    0.00    0.00    0.00   45.00

01:28:41 PM  CPU    %usr   %nice    %sys %iowait    %irq   %soft  %steal  %guest  %gnice   %idle
01:28:42 PM    0   47.47    0.00    0.00    0.00    0.00    0.00    0.00    0.00    0.00   52.53
01:28:42 PM    1   47.00    0.00    0.00    0.00    0.00    0.00    0.00    0.00    0.00   53.00

01:28:42 PM  CPU    %usr   %nice    %sys %iowait    %irq   %soft  %steal  %guest  %gnice   %idle
01:28:43 PM    0   39.00    0.00    0.00    1.00    0.00    0.00    0.00    0.00    0.00   60.00
01:28:43 PM    1   50.51    0.00    0.00    0.00    0.00    0.00    0.00    0.00    0.00   49.49

01:28:43 PM  CPU    %usr   %nice    %sys %iowait    %irq   %soft  %steal  %guest  %gnice   %idle
01:28:44 PM    0   43.00    0.00    0.00    0.00    0.00    0.00    0.00    0.00    0.00   57.00
01:28:44 PM    1   38.00    0.00    0.00    0.00    0.00    0.00    0.00    0.00    0.00   62.00

01:28:44 PM  CPU    %usr   %nice    %sys %iowait    %irq   %soft  %steal  %guest  %gnice   %idle
01:28:45 PM    0   49.00    0.00    0.00    0.00    0.00    0.00    0.00    0.00    0.00   51.00
01:28:45 PM    1   52.00    0.00    0.00    0.00    0.00    0.00    0.00    0.00    0.00   48.00

01:28:45 PM  CPU    %usr   %nice    %sys %iowait    %irq   %soft  %steal  %guest  %gnice   %idle
01:28:46 PM    0   48.48    0.00    0.00    0.00    0.00    0.00    0.00    0.00    0.00   51.52
01:28:46 PM    1   40.00    0.00    0.00    0.00    0.00    0.00    0.00    0.00    0.00   60.00

01:28:46 PM  CPU    %usr   %nice    %sys %iowait    %irq   %soft  %steal  %guest  %gnice   %idle
01:28:47 PM    0   46.00    0.00    0.00    0.00    0.00    0.00    0.00    0.00    0.00   54.00
01:28:47 PM    1   44.00    0.00    0.00    0.00    0.00    0.00    0.00    0.00    0.00   56.00

01:28:47 PM  CPU    %usr   %nice    %sys %iowait    %irq   %soft  %steal  %guest  %gnice   %idle
01:28:48 PM    0   52.00    0.00    0.00    1.00    0.00    0.00    0.00    0.00    0.00   47.00
01:28:48 PM    1   42.42    0.00    0.00    0.00    0.00    0.00    0.00    0.00    0.00   57.58

01:28:48 PM  CPU    %usr   %nice    %sys %iowait    %irq   %soft  %steal  %guest  %gnice   %idle
01:28:49 PM    0   53.54    0.00    0.00    0.00    0.00    0.00    0.00    0.00    0.00   46.46
01:28:49 PM    1   36.00    0.00    0.00    0.00    0.00    0.00    0.00    0.00    0.00   64.00

01:28:49 PM  CPU    %usr   %nice    %sys %iowait    %irq   %soft  %steal  %guest  %gnice   %idle
01:28:50 PM    0   36.00    0.00    0.00    0.00    0.00    0.00    0.00    0.00    0.00   64.00
01:28:50 PM    1   45.54    0.00    0.00    0.00    0.00    0.00    0.00    0.00    0.00   54.46

01:28:50 PM  CPU    %usr   %nice    %sys %iowait    %irq   %soft  %steal  %guest  %gnice   %idle
01:28:51 PM    0   50.00    0.00    0.00    1.00    0.00    0.00    0.00    0.00    0.00   49.00
01:28:51 PM    1   53.54    0.00    0.00    0.00    0.00    0.00    0.00    0.00    0.00   46.46

01:28:51 PM  CPU    %usr   %nice    %sys %iowait    %irq   %soft  %steal  %guest  %gnice   %idle
01:28:52 PM    0   46.00    0.00    0.00    0.00    0.00    0.00    0.00    0.00    0.00   54.00
01:28:52 PM    1   40.00    0.00    0.00    0.00    0.00    0.00    0.00    0.00    0.00   60.00

01:28:52 PM  CPU    %usr   %nice    %sys %iowait    %irq   %soft  %steal  %guest  %gnice   %idle
01:28:53 PM    0   42.42    0.00    0.00    0.00    0.00    0.00    0.00    0.00    0.00   57.58
01:28:53 PM    1   47.47    0.00    0.00    0.00    0.00    0.00    0.00    0.00    0.00   52.53

01:28:53 PM  CPU    %usr   %nice    %sys %iowait    %irq   %soft  %steal  %guest  %gnice   %idle
01:28:54 PM    0   52.00    0.00    0.00    1.00    0.00    0.00    0.00    0.00    0.00   47.00
01:28:54 PM    1   42.57    0.00    0.00    0.00    0.00    0.00    0.00    0.00    0.00   57.43

01:28:54 PM  CPU    %usr   %nice    %sys %iowait    %irq   %soft  %steal  %guest  %gnice   %idle
01:28:55 PM    0   42.57    0.00    0.00    0.99    0.00    0.00    0.00    0.00    0.00   56.44
01:28:55 PM    1   47.47    0.00    0.00    0.00    0.00    0.00    0.00    0.00    0.00   52.53

01:28:55 PM  CPU    %usr   %nice    %sys %iowait    %irq   %soft  %steal  %guest  %gnice   %idle
01:28:56 PM    0   43.43    0.00    0.00    0.00    0.00    0.00    0.00    0.00    0.00   56.57
01:28:56 PM    1   38.61    0.00    0.00    0.00    0.00    0.00    0.00    0.00    0.00   61.39

01:28:56 PM  CPU    %usr   %nice    %sys %iowait    %irq   %soft  %steal  %guest  %gnice   %idle
01:28:57 PM    0   54.00    0.00    0.00    0.00    0.00    0.00    0.00    0.00    0.00   46.00
01:28:57 PM    1   46.46    0.00    0.00    0.00    0.00    0.00    0.00    0.00    0.00   53.54

01:28:57 PM  CPU    %usr   %nice    %sys %iowait    %irq   %soft  %steal  %guest  %gnice   %idle
01:28:58 PM    0   42.42    0.00    0.00    0.00    0.00    0.00    0.00    0.00    0.00   57.58
01:28:58 PM    1   46.00    0.00    0.00    0.00    0.00    0.00    0.00    0.00    0.00   54.00

01:28:58 PM  CPU    %usr   %nice    %sys %iowait    %irq   %soft  %steal  %guest  %gnice   %idle
01:28:59 PM    0   44.00    0.00    0.00    0.00    0.00    0.00    0.00    0.00    0.00   56.00
01:28:59 PM    1   46.53    0.00    0.00    0.00    0.00    0.00    0.00    0.00    0.00   53.47

01:28:59 PM  CPU    %usr   %nice    %sys %iowait    %irq   %soft  %steal  %guest  %gnice   %idle
01:29:00 PM    0   47.47    0.00    0.00    0.00    0.00    0.00    0.00    0.00    0.00   52.53
01:29:00 PM    1   46.46    0.00    0.00    0.00    0.00    0.00    0.00    0.00    0.00   53.54

01:29:00 PM  CPU    %usr   %nice    %sys %iowait    %irq   %soft  %steal  %guest  %gnice   %idle
01:29:01 PM    0   44.55    0.00    0.99    0.99    0.00    0.00    0.00    0.00    0.00   53.47
01:29:01 PM    1   45.45    0.00    0.00    0.00    0.00    0.00    0.00    0.00    0.00   54.55

01:29:01 PM  CPU    %usr   %nice    %sys %iowait    %irq   %soft  %steal  %guest  %gnice   %idle
01:29:02 PM    0   42.00    0.00    0.00    0.00    0.00    0.00    0.00    0.00    0.00   58.00
01:29:02 PM    1   39.60    0.00    0.00    0.00    0.00    0.00    0.00    0.00    0.00   60.40

01:29:02 PM  CPU    %usr   %nice    %sys %iowait    %irq   %soft  %steal  %guest  %gnice   %idle
01:29:03 PM    0   56.57    0.00    0.00    0.00    0.00    0.00    0.00    0.00    0.00   43.43
01:29:03 PM    1   46.00    0.00    0.00    0.00    0.00    0.00    0.00    0.00    0.00   54.00

01:29:03 PM  CPU    %usr   %nice    %sys %iowait    %irq   %soft  %steal  %guest  %gnice   %idle
01:29:04 PM    0   47.52    0.00    0.00    0.00    0.00    0.00    0.00    0.00    0.00   52.48
01:29:04 PM    1   39.00    0.00    0.00    0.00    0.00    0.00    0.00    0.00    0.00   61.00

01:29:04 PM  CPU    %usr   %nice    %sys %iowait    %irq   %soft  %steal  %guest  %gnice   %idle
01:29:05 PM    0   54.55    0.00    0.00    1.01    0.00    0.00    0.00    0.00    0.00   44.44
01:29:05 PM    1   35.35    0.00    0.00    0.00    0.00    0.00    0.00    0.00    0.00   64.65

01:29:05 PM  CPU    %usr   %nice    %sys %iowait    %irq   %soft  %steal  %guest  %gnice   %idle
01:29:06 PM    0   45.00    0.00    0.00    0.00    0.00    0.00    0.00    0.00    0.00   55.00
01:29:06 PM    1   49.00    0.00    0.00    0.00    0.00    0.00    0.00    0.00    0.00   51.00

01:29:06 PM  CPU    %usr   %nice    %sys %iowait    %irq   %soft  %steal  %guest  %gnice   %idle
01:29:07 PM    0   47.47    0.00    0.00    0.00    0.00    0.00    0.00    0.00    0.00   52.53
01:29:07 PM    1   43.00    0.00    0.00    0.00    0.00    0.00    0.00    0.00    0.00   57.00

01:29:07 PM  CPU    %usr   %nice    %sys %iowait    %irq   %soft  %steal  %guest  %gnice   %idle
01:29:08 PM    0   50.00    0.00    0.00    0.00    0.00    0.00    0.00    0.00    0.00   50.00
01:29:08 PM    1   37.00    0.00    0.00    0.00    0.00    0.00    0.00    0.00    0.00   63.00

01:29:08 PM  CPU    %usr   %nice    %sys %iowait    %irq   %soft  %steal  %guest  %gnice   %idle
01:29:09 PM    0   54.00    0.00    0.00    0.00    0.00    0.00    0.00    0.00    0.00   46.00
01:29:09 PM    1   41.41    0.00    0.00    0.00    0.00    0.00    0.00    0.00    0.00   58.59

01:29:09 PM  CPU    %usr   %nice    %sys %iowait    %irq   %soft  %steal  %guest  %gnice   %idle
01:29:10 PM    0   40.40    0.00    0.00    1.01    0.00    0.00    0.00    0.00    0.00   58.59
01:29:10 PM    1   47.52    0.00    0.00    0.00    0.00    0.00    0.00    0.00    0.00   52.48

01:29:10 PM  CPU    %usr   %nice    %sys %iowait    %irq   %soft  %steal  %guest  %gnice   %idle
01:29:11 PM    0   37.37    0.00    0.00    0.00    0.00    0.00    0.00    0.00    0.00   62.63
01:29:11 PM    1   53.54    0.00    0.00    0.00    0.00    0.00    0.00    0.00    0.00   46.46

01:29:11 PM  CPU    %usr   %nice    %sys %iowait    %irq   %soft  %steal  %guest  %gnice   %idle
01:29:12 PM    0   48.51    0.00    0.00    0.00    0.00    0.00    0.00    0.00    0.00   51.49
01:29:12 PM    1   46.00    0.00    0.00    0.00    0.00    0.00    0.00    0.00    0.00   54.00

01:29:12 PM  CPU    %usr   %nice    %sys %iowait    %irq   %soft  %steal  %guest  %gnice   %idle
01:29:13 PM    0   54.55    0.00    0.00    0.00    0.00    0.00    0.00    0.00    0.00   45.45
01:29:13 PM    1   36.00    0.00    0.00    0.00    0.00    0.00    0.00    0.00    0.00   64.00

01:29:13 PM  CPU    %usr   %nice    %sys %iowait    %irq   %soft  %steal  %guest  %gnice   %idle
01:29:14 PM    0   37.37    0.00    0.00    0.00    0.00    0.00    0.00    0.00    0.00   62.63
01:29:14 PM    1   44.00    0.00    0.00    0.00    0.00    0.00    0.00    0.00    0.00   56.00

01:29:14 PM  CPU    %usr   %nice    %sys %iowait    %irq   %soft  %steal  %guest  %gnice   %idle
01:29:15 PM    0   60.00    0.00    0.00    1.00    0.00    0.00    0.00    0.00    0.00   39.00
01:29:15 PM    1   40.00    0.00    0.00    0.00    0.00    0.00    0.00    0.00    0.00   60.00

01:29:15 PM  CPU    %usr   %nice    %sys %iowait    %irq   %soft  %steal  %guest  %gnice   %idle
01:29:16 PM    0   42.00    0.00    0.00    0.00    0.00    0.00    0.00    0.00    0.00   58.00
01:29:16 PM    1   46.00    0.00    0.00    0.00    0.00    0.00    0.00    0.00    0.00   54.00

01:29:16 PM  CPU    %usr   %nice    %sys %iowait    %irq   %soft  %steal  %guest  %gnice   %idle
01:29:17 PM    0   44.44    0.00    0.00    0.00    0.00    0.00    0.00    0.00    0.00   55.56
01:29:17 PM    1   46.46    0.00    0.00    0.00    0.00    0.00    0.00    0.00    0.00   53.54

01:29:17 PM  CPU    %usr   %nice    %sys %iowait    %irq   %soft  %steal  %guest  %gnice   %idle
01:29:18 PM    0   44.55    0.00    0.00    0.00    0.00    0.00    0.00    0.00    0.00   55.45
01:29:18 PM    1   50.00    0.00    0.00    0.00    0.00    0.00    0.00    0.00    0.00   50.00

01:29:18 PM  CPU    %usr   %nice    %sys %iowait    %irq   %soft  %steal  %guest  %gnice   %idle
01:29:19 PM    0   47.47    0.00    0.00    0.00    0.00    0.00    0.00    0.00    0.00   52.53
01:29:19 PM    1   42.00    0.00    0.00    0.00    0.00    0.00    0.00    0.00    0.00   58.00

01:29:19 PM  CPU    %usr   %nice    %sys %iowait    %irq   %soft  %steal  %guest  %gnice   %idle
01:29:20 PM    0   45.45    0.00    0.00    0.00    0.00    0.00    0.00    0.00    0.00   54.55
01:29:20 PM    1   36.36    0.00    0.00    0.00    0.00    0.00    0.00    0.00    0.00   63.64

01:29:20 PM  CPU    %usr   %nice    %sys %iowait    %irq   %soft  %steal  %guest  %gnice   %idle
01:29:21 PM    0   52.48    0.00    0.00    0.99    0.00    0.00    0.00    0.00    0.00   46.53
01:29:21 PM    1   48.00    0.00    0.00    0.00    0.00    0.00    0.00    0.00    0.00   52.00

01:29:21 PM  CPU    %usr   %nice    %sys %iowait    %irq   %soft  %steal  %guest  %gnice   %idle
01:29:22 PM    0   42.42    0.00    0.00    0.00    0.00    0.00    0.00    0.00    0.00   57.58
01:29:22 PM    1   46.00    0.00    0.00    0.00    0.00    0.00    0.00    0.00    0.00   54.00

01:29:22 PM  CPU    %usr   %nice    %sys %iowait    %irq   %soft  %steal  %guest  %gnice   %idle
01:29:23 PM    0   37.00    0.00    0.00    0.00    0.00    0.00    0.00    0.00    0.00   63.00
01:29:23 PM    1   53.47    0.00    0.00    0.00    0.00    0.00    0.00    0.00    0.00   46.53

01:29:23 PM  CPU    %usr   %nice    %sys %iowait    %irq   %soft  %steal  %guest  %gnice   %idle
01:29:24 PM    0   45.00    0.00    0.00    0.00    0.00    0.00    0.00    0.00    0.00   55.00
01:29:24 PM    1   49.00    0.00    0.00    0.00    0.00    0.00    0.00    0.00    0.00   51.00

01:29:24 PM  CPU    %usr   %nice    %sys %iowait    %irq   %soft  %steal  %guest  %gnice   %idle
01:29:25 PM    0   42.42    0.00    0.00    1.01    0.00    0.00    0.00    0.00    0.00   56.57
01:29:25 PM    1   47.47    0.00    0.00    0.00    0.00    0.00    0.00    0.00    0.00   52.53

01:29:25 PM  CPU    %usr   %nice    %sys %iowait    %irq   %soft  %steal  %guest  %gnice   %idle
01:29:26 PM    0   51.00    0.00    0.00    0.00    0.00    0.00    0.00    0.00    0.00   49.00
01:29:26 PM    1   35.00    0.00    0.00    0.00    0.00    0.00    0.00    0.00    0.00   65.00

01:29:26 PM  CPU    %usr   %nice    %sys %iowait    %irq   %soft  %steal  %guest  %gnice   %idle
01:29:27 PM    0   58.00    0.00    0.00    0.00    0.00    0.00    0.00    0.00    0.00   42.00
01:29:27 PM    1   40.00    0.00    0.00    0.00    0.00    0.00    0.00    0.00    0.00   60.00

01:29:27 PM  CPU    %usr   %nice    %sys %iowait    %irq   %soft  %steal  %guest  %gnice   %idle
01:29:28 PM    0   46.00    0.00    0.00    0.00    0.00    0.00    0.00    0.00    0.00   54.00
01:29:28 PM    1   41.00    0.00    0.00    0.00    0.00    0.00    0.00    0.00    0.00   59.00

01:29:28 PM  CPU    %usr   %nice    %sys %iowait    %irq   %soft  %steal  %guest  %gnice   %idle
01:29:29 PM    0   46.46    0.00    0.00    0.00    0.00    0.00    0.00    0.00    0.00   53.54
01:29:29 PM    1   44.00    0.00    0.00    0.00    0.00    0.00    0.00    0.00    0.00   56.00

01:29:29 PM  CPU    %usr   %nice    %sys %iowait    %irq   %soft  %steal  %guest  %gnice   %idle
01:29:30 PM    0   44.44    0.00    0.00    1.01    0.00    0.00    0.00    0.00    0.00   54.55
01:29:30 PM    1   49.49    0.00    0.00    0.00    0.00    0.00    0.00    0.00    0.00   50.51

01:29:30 PM  CPU    %usr   %nice    %sys %iowait    %irq   %soft  %steal  %guest  %gnice   %idle
01:29:31 PM    0   48.00    0.00    0.00    1.00    0.00    0.00    0.00    0.00    0.00   51.00
01:29:31 PM    1   43.00    0.00    0.00    0.00    0.00    0.00    0.00    0.00    0.00   57.00

01:29:31 PM  CPU    %usr   %nice    %sys %iowait    %irq   %soft  %steal  %guest  %gnice   %idle
01:29:32 PM    0   41.00    0.00    0.00    0.00    0.00    0.00    0.00    0.00    0.00   59.00
01:29:32 PM    1   44.00    0.00    0.00    0.00    0.00    0.00    0.00    0.00    0.00   56.00

01:29:32 PM  CPU    %usr   %nice    %sys %iowait    %irq   %soft  %steal  %guest  %gnice   %idle
01:29:33 PM    0   51.00    0.00    0.00    0.00    0.00    0.00    0.00    0.00    0.00   49.00
01:29:33 PM    1   46.00    0.00    0.00    0.00    0.00    0.00    0.00    0.00    0.00   54.00

01:29:33 PM  CPU    %usr   %nice    %sys %iowait    %irq   %soft  %steal  %guest  %gnice   %idle
01:29:34 PM    0   46.00    0.00    0.00    0.00    0.00    0.00    0.00    0.00    0.00   54.00
01:29:34 PM    1   41.41    0.00    0.00    0.00    0.00    0.00    0.00    0.00    0.00   58.59

01:29:34 PM  CPU    %usr   %nice    %sys %iowait    %irq   %soft  %steal  %guest  %gnice   %idle
01:29:35 PM    0   43.00    0.00    0.00    1.00    0.00    0.00    0.00    0.00    0.00   56.00
01:29:35 PM    1   48.00    0.00    0.00    0.00    0.00    0.00    0.00    0.00    0.00   52.00

01:29:35 PM  CPU    %usr   %nice    %sys %iowait    %irq   %soft  %steal  %guest  %gnice   %idle
01:29:36 PM    0   47.47    0.00    0.00    0.00    0.00    0.00    0.00    0.00    0.00   52.53
01:29:36 PM    1   47.00    0.00    0.00    0.00    0.00    0.00    0.00    0.00    0.00   53.00

01:29:36 PM  CPU    %usr   %nice    %sys %iowait    %irq   %soft  %steal  %guest  %gnice   %idle
01:29:37 PM    0   54.00    0.00    0.00    0.00    0.00    0.00    0.00    0.00    0.00   46.00
01:29:37 PM    1   36.00    0.00    0.00    0.00    0.00    0.00    0.00    0.00    0.00   64.00

01:29:37 PM  CPU    %usr   %nice    %sys %iowait    %irq   %soft  %steal  %guest  %gnice   %idle
01:29:38 PM    0   38.38    0.00    0.00    0.00    0.00    0.00    0.00    0.00    0.00   61.62
01:29:38 PM    1   43.00    0.00    0.00    0.00    0.00    0.00    0.00    0.00    0.00   57.00

01:29:38 PM  CPU    %usr   %nice    %sys %iowait    %irq   %soft  %steal  %guest  %gnice   %idle
01:29:39 PM    0   49.50    0.00    0.00    0.00    0.00    0.00    0.00    0.00    0.00   50.50
01:29:39 PM    1   53.00    0.00    0.00    0.00    0.00    0.00    0.00    0.00    0.00   47.00

01:29:39 PM  CPU    %usr   %nice    %sys %iowait    %irq   %soft  %steal  %guest  %gnice   %idle
01:29:40 PM    0   45.45    0.00    0.00    1.01    0.00    0.00    0.00    0.00    0.00   53.54
01:29:40 PM    1   40.40    0.00    0.00    0.00    0.00    0.00    0.00    0.00    0.00   59.60

01:29:40 PM  CPU    %usr   %nice    %sys %iowait    %irq   %soft  %steal  %guest  %gnice   %idle
01:29:41 PM    0   47.00    0.00    0.00    1.00    0.00    0.00    0.00    0.00    0.00   52.00
01:29:41 PM    1   44.00    0.00    0.00    0.00    0.00    0.00    0.00    0.00    0.00   56.00

01:29:41 PM  CPU    %usr   %nice    %sys %iowait    %irq   %soft  %steal  %guest  %gnice   %idle
01:29:42 PM    0   52.00    0.00    0.00    0.00    0.00    0.00    0.00    0.00    0.00   48.00
01:29:42 PM    1   42.00    0.00    0.00    0.00    0.00    0.00    0.00    0.00    0.00   58.00

01:29:42 PM  CPU    %usr   %nice    %sys %iowait    %irq   %soft  %steal  %guest  %gnice   %idle
01:29:43 PM    0   39.39    0.00    0.00    0.00    0.00    0.00    0.00    0.00    0.00   60.61
01:29:43 PM    1   50.51    0.00    0.00    0.00    0.00    0.00    0.00    0.00    0.00   49.49

01:29:43 PM  CPU    %usr   %nice    %sys %iowait    %irq   %soft  %steal  %guest  %gnice   %idle
01:29:44 PM    0   48.51    0.00    0.00    0.00    0.00    0.00    0.00    0.00    0.00   51.49
01:29:44 PM    1   38.00    0.00    0.00    0.00    0.00    0.00    0.00    0.00    0.00   62.00

01:29:44 PM  CPU    %usr   %nice    %sys %iowait    %irq   %soft  %steal  %guest  %gnice   %idle
01:29:45 PM    0   53.54    0.00    0.00    1.01    0.00    0.00    0.00    0.00    0.00   45.45
01:29:45 PM    1   42.42    0.00    0.00    0.00    0.00    0.00    0.00    0.00    0.00   57.58

01:29:45 PM  CPU    %usr   %nice    %sys %iowait    %irq   %soft  %steal  %guest  %gnice   %idle
01:29:46 PM    0   51.00    0.00    0.00    0.00    0.00    0.00    0.00    0.00    0.00   49.00
01:29:46 PM    1   36.63    0.00    0.00    0.00    0.00    0.00    0.00    0.00    0.00   63.37

01:29:46 PM  CPU    %usr   %nice    %sys %iowait    %irq   %soft  %steal  %guest  %gnice   %idle
01:29:47 PM    0   40.40    0.00    0.00    0.00    0.00    0.00    0.00    0.00    0.00   59.60
01:29:47 PM    1   51.00    0.00    0.00    0.00    0.00    0.00    0.00    0.00    0.00   49.00

01:29:47 PM  CPU    %usr   %nice    %sys %iowait    %irq   %soft  %steal  %guest  %gnice   %idle
01:29:48 PM    0   48.00    0.00    0.00    0.00    0.00    0.00    0.00    0.00    0.00   52.00
01:29:48 PM    1   45.45    0.00    0.00    0.00    0.00    0.00    0.00    0.00    0.00   54.55

01:29:48 PM  CPU    %usr   %nice    %sys %iowait    %irq   %soft  %steal  %guest  %gnice   %idle
01:29:49 PM    0   40.00    0.00    0.00    0.00    0.00    0.00    0.00    0.00    0.00   60.00
01:29:49 PM    1   51.00    0.00    0.00    0.00    0.00    0.00    0.00    0.00    0.00   49.00

01:29:49 PM  CPU    %usr   %nice    %sys %iowait    %irq   %soft  %steal  %guest  %gnice   %idle
01:29:50 PM    0   46.00    0.00    0.00    1.00    0.00    0.00    0.00    0.00    0.00   53.00
01:29:50 PM    1   36.00    0.00    0.00    0.00    0.00    0.00    0.00    0.00    0.00   64.00

01:29:50 PM  CPU    %usr   %nice    %sys %iowait    %irq   %soft  %steal  %guest  %gnice   %idle
01:29:51 PM    0   47.47    0.00    0.00    0.00    0.00    0.00    0.00    0.00    0.00   52.53
01:29:51 PM    1   53.00    0.00    0.00    0.00    0.00    0.00    0.00    0.00    0.00   47.00

01:29:51 PM  CPU    %usr   %nice    %sys %iowait    %irq   %soft  %steal  %guest  %gnice   %idle
01:29:52 PM    0   46.00    0.00    0.00    0.00    0.00    0.00    0.00    0.00    0.00   54.00
01:29:52 PM    1   41.41    0.00    0.00    0.00    0.00    0.00    0.00    0.00    0.00   58.59

01:29:52 PM  CPU    %usr   %nice    %sys %iowait    %irq   %soft  %steal  %guest  %gnice   %idle
01:29:53 PM    0   46.00    0.00    0.00    0.00    0.00    0.00    0.00    0.00    0.00   54.00
01:29:53 PM    1   45.00    0.00    0.00    0.00    0.00    0.00    0.00    0.00    0.00   55.00

01:29:53 PM  CPU    %usr   %nice    %sys %iowait    %irq   %soft  %steal  %guest  %gnice   %idle
01:29:54 PM    0   42.00    0.00    0.00    0.00    0.00    0.00    0.00    0.00    0.00   58.00
01:29:54 PM    1   52.53    0.00    0.00    0.00    0.00    0.00    0.00    0.00    0.00   47.47

01:29:54 PM  CPU    %usr   %nice    %sys %iowait    %irq   %soft  %steal  %guest  %gnice   %idle
01:29:55 PM    0   47.47    0.00    0.00    1.01    0.00    0.00    0.00    0.00    0.00   51.52
01:29:55 PM    1   42.00    0.00    0.00    0.00    0.00    0.00    0.00    0.00    0.00   58.00

01:29:55 PM  CPU    %usr   %nice    %sys %iowait    %irq   %soft  %steal  %guest  %gnice   %idle
01:29:56 PM    0   44.44    0.00    0.00    0.00    0.00    0.00    0.00    0.00    0.00   55.56
01:29:56 PM    1   42.57    0.00    0.00    0.00    0.00    0.00    0.00    0.00    0.00   57.43

01:29:56 PM  CPU    %usr   %nice    %sys %iowait    %irq   %soft  %steal  %guest  %gnice   %idle
01:29:57 PM    0   54.46    0.00    0.00    0.00    0.00    0.00    0.00    0.00    0.00   45.54
01:29:57 PM    1   41.41    0.00    0.00    0.00    0.00    0.00    0.00    0.00    0.00   58.59

01:29:57 PM  CPU    %usr   %nice    %sys %iowait    %irq   %soft  %steal  %guest  %gnice   %idle
01:29:58 PM    0   47.00    0.00    0.00    0.00    0.00    0.00    0.00    0.00    0.00   53.00
01:29:58 PM    1   41.00    0.00    0.00    0.00    0.00    0.00    0.00    0.00    0.00   59.00

01:29:58 PM  CPU    %usr   %nice    %sys %iowait    %irq   %soft  %steal  %guest  %gnice   %idle
01:29:59 PM    0   48.00    0.00    0.00    0.00    0.00    0.00    0.00    0.00    0.00   52.00
01:29:59 PM    1   43.00    0.00    0.00    0.00    0.00    0.00    0.00    0.00    0.00   57.00

01:29:59 PM  CPU    %usr   %nice    %sys %iowait    %irq   %soft  %steal  %guest  %gnice   %idle
01:30:00 PM    0   47.47    0.00    0.00    1.01    0.00    0.00    0.00    0.00    0.00   51.52
01:30:00 PM    1   46.46    0.00    0.00    0.00    0.00    0.00    0.00    0.00    0.00   53.54

01:30:00 PM  CPU    %usr   %nice    %sys %iowait    %irq   %soft  %steal  %guest  %gnice   %idle
01:30:01 PM    0   45.00    0.00    0.00    0.00    0.00    0.00    0.00    0.00    0.00   55.00
01:30:01 PM    1   45.00    0.00    0.00    0.00    0.00    0.00    0.00    0.00    0.00   55.00

01:30:01 PM  CPU    %usr   %nice    %sys %iowait    %irq   %soft  %steal  %guest  %gnice   %idle
01:30:02 PM    0   43.00    0.00    0.00    1.00    0.00    0.00    0.00    0.00    0.00   56.00
01:30:02 PM    1   43.00    0.00    0.00    0.00    0.00    0.00    0.00    0.00    0.00   57.00

01:30:02 PM  CPU    %usr   %nice    %sys %iowait    %irq   %soft  %steal  %guest  %gnice   %idle
01:30:03 PM    0   47.00    0.00    0.00    0.00    0.00    0.00    0.00    0.00    0.00   53.00
01:30:03 PM    1   51.00    0.00    0.00    0.00    0.00    0.00    0.00    0.00    0.00   49.00

01:30:03 PM  CPU    %usr   %nice    %sys %iowait    %irq   %soft  %steal  %guest  %gnice   %idle
01:30:04 PM    0   46.00    0.00    0.00    0.00    0.00    0.00    0.00    0.00    0.00   54.00
01:30:04 PM    1   39.39    0.00    0.00    0.00    0.00    0.00    0.00    0.00    0.00   60.61

01:30:04 PM  CPU    %usr   %nice    %sys %iowait    %irq   %soft  %steal  %guest  %gnice   %idle
01:30:05 PM    0   43.00    0.00    0.00    1.00    0.00    0.00    0.00    0.00    0.00   56.00
01:30:05 PM    1   48.00    0.00    0.00    0.00    0.00    0.00    0.00    0.00    0.00   52.00

01:30:05 PM  CPU    %usr   %nice    %sys %iowait    %irq   %soft  %steal  %guest  %gnice   %idle
01:30:06 PM    0   47.00    0.00    0.00    0.00    0.00    0.00    0.00    0.00    0.00   53.00
01:30:06 PM    1   46.46    0.00    0.00    0.00    0.00    0.00    0.00    0.00    0.00   53.54

01:30:06 PM  CPU    %usr   %nice    %sys %iowait    %irq   %soft  %steal  %guest  %gnice   %idle
01:30:07 PM    0   46.00    0.00    0.00    0.00    0.00    0.00    0.00    0.00    0.00   54.00
01:30:07 PM    1   45.00    0.00    0.00    0.00    0.00    0.00    0.00    0.00    0.00   55.00

01:30:07 PM  CPU    %usr   %nice    %sys %iowait    %irq   %soft  %steal  %guest  %gnice   %idle
01:30:08 PM    0   41.41    0.00    0.00    0.00    0.00    0.00    0.00    0.00    0.00   58.59
01:30:08 PM    1   44.55    0.00    0.99    0.00    0.00    0.00    0.00    0.00    0.00   54.46

01:30:08 PM  CPU    %usr   %nice    %sys %iowait    %irq   %soft  %steal  %guest  %gnice   %idle
01:30:09 PM    0   49.49    0.00    0.00    0.00    0.00    0.00    0.00    0.00    0.00   50.51
01:30:09 PM    1   48.48    0.00    0.00    0.00    0.00    0.00    0.00    0.00    0.00   51.52

01:30:09 PM  CPU    %usr   %nice    %sys %iowait    %irq   %soft  %steal  %guest  %gnice   %idle
01:30:10 PM    0   38.00    0.00    0.00    0.00    0.00    0.00    0.00    0.00    0.00   62.00
01:30:10 PM    1   48.00    0.00    0.00    0.00    0.00    0.00    0.00    0.00    0.00   52.00

01:30:10 PM  CPU    %usr   %nice    %sys %iowait    %irq   %soft  %steal  %guest  %gnice   %idle
01:30:11 PM    0   44.00    0.00    0.00    1.00    0.00    0.00    0.00    0.00    0.00   55.00
01:30:11 PM    1   47.00    0.00    0.00    0.00    0.00    0.00    0.00    0.00    0.00   53.00

01:30:11 PM  CPU    %usr   %nice    %sys %iowait    %irq   %soft  %steal  %guest  %gnice   %idle
01:30:12 PM    0   44.44    0.00    0.00    0.00    0.00    0.00    0.00    0.00    0.00   55.56
01:30:12 PM    1   49.00    0.00    0.00    0.00    0.00    0.00    0.00    0.00    0.00   51.00

01:30:12 PM  CPU    %usr   %nice    %sys %iowait    %irq   %soft  %steal  %guest  %gnice   %idle
01:30:13 PM    0   48.00    0.00    0.00    0.00    0.00    0.00    0.00    0.00    0.00   52.00
01:30:13 PM    1   43.00    0.00    0.00    0.00    0.00    0.00    0.00    0.00    0.00   57.00

01:30:13 PM  CPU    %usr   %nice    %sys %iowait    %irq   %soft  %steal  %guest  %gnice   %idle
01:30:14 PM    0   44.00    0.00    0.00    0.00    0.00    0.00    0.00    0.00    0.00   56.00
01:30:14 PM    1   42.42    0.00    0.00    0.00    0.00    0.00    0.00    0.00    0.00   57.58

01:30:14 PM  CPU    %usr   %nice    %sys %iowait    %irq   %soft  %steal  %guest  %gnice   %idle
01:30:15 PM    0   45.00    0.00    0.00    0.00    0.00    0.00    0.00    0.00    0.00   55.00
01:30:15 PM    1   50.50    0.00    0.00    0.00    0.00    0.00    0.00    0.00    0.00   49.50

01:30:15 PM  CPU    %usr   %nice    %sys %iowait    %irq   %soft  %steal  %guest  %gnice   %idle
01:30:16 PM    0   51.00    0.00    0.00    1.00    0.00    0.00    0.00    0.00    0.00   48.00
01:30:16 PM    1   36.36    0.00    0.00    0.00    0.00    0.00    0.00    0.00    0.00   63.64

01:30:16 PM  CPU    %usr   %nice    %sys %iowait    %irq   %soft  %steal  %guest  %gnice   %idle
01:30:17 PM    0   46.46    0.00    0.00    0.00    0.00    0.00    0.00    0.00    0.00   53.54
01:30:17 PM    1   44.55    0.00    0.00    0.00    0.00    0.00    0.00    0.00    0.00   55.45

01:30:17 PM  CPU    %usr   %nice    %sys %iowait    %irq   %soft  %steal  %guest  %gnice   %idle
01:30:18 PM    0   47.52    0.00    0.00    0.00    0.00    0.00    0.00    0.00    0.00   52.48
01:30:18 PM    1   46.46    0.00    0.00    0.00    0.00    0.00    0.00    0.00    0.00   53.54

01:30:18 PM  CPU    %usr   %nice    %sys %iowait    %irq   %soft  %steal  %guest  %gnice   %idle
01:30:19 PM    0   48.00    0.00    0.00    0.00    0.00    0.00    0.00    0.00    0.00   52.00
01:30:19 PM    1   42.42    0.00    0.00    0.00    0.00    0.00    0.00    0.00    0.00   57.58

01:30:19 PM  CPU    %usr   %nice    %sys %iowait    %irq   %soft  %steal  %guest  %gnice   %idle
01:30:20 PM    0   48.48    0.00    0.00    0.00    0.00    0.00    0.00    0.00    0.00   51.52
01:30:20 PM    1   38.00    0.00    0.00    0.00    0.00    0.00    0.00    0.00    0.00   62.00

01:30:20 PM  CPU    %usr   %nice    %sys %iowait    %irq   %soft  %steal  %guest  %gnice   %idle
01:30:21 PM    0   48.48    0.00    0.00    1.01    0.00    0.00    0.00    0.00    0.00   50.51
01:30:21 PM    1   47.47    0.00    0.00    0.00    0.00    0.00    0.00    0.00    0.00   52.53

01:30:21 PM  CPU    %usr   %nice    %sys %iowait    %irq   %soft  %steal  %guest  %gnice   %idle
01:30:22 PM    0   47.00    0.00    0.00    0.00    0.00    0.00    0.00    0.00    0.00   53.00
01:30:22 PM    1   41.00    0.00    0.00    0.00    0.00    0.00    0.00    0.00    0.00   59.00

01:30:22 PM  CPU    %usr   %nice    %sys %iowait    %irq   %soft  %steal  %guest  %gnice   %idle
01:30:23 PM    0   46.46    0.00    0.00    0.00    0.00    0.00    0.00    0.00    0.00   53.54
01:30:23 PM    1   45.00    0.00    0.00    0.00    0.00    0.00    0.00    0.00    0.00   55.00

01:30:23 PM  CPU    %usr   %nice    %sys %iowait    %irq   %soft  %steal  %guest  %gnice   %idle
01:30:24 PM    0   49.00    0.00    0.00    0.00    0.00    0.00    0.00    0.00    0.00   51.00
01:30:24 PM    1   44.00    0.00    0.00    0.00    0.00    0.00    0.00    0.00    0.00   56.00

01:30:24 PM  CPU    %usr   %nice    %sys %iowait    %irq   %soft  %steal  %guest  %gnice   %idle
01:30:25 PM    0   46.00    0.00    0.00    0.00    0.00    0.00    0.00    0.00    0.00   54.00
01:30:25 PM    1   45.00    0.00    0.00    0.00    0.00    0.00    0.00    0.00    0.00   55.00

01:30:25 PM  CPU    %usr   %nice    %sys %iowait    %irq   %soft  %steal  %guest  %gnice   %idle
01:30:26 PM    0   46.00    0.00    0.00    1.00    0.00    0.00    0.00    0.00    0.00   53.00
01:30:26 PM    1   40.40    0.00    0.00    0.00    0.00    0.00    0.00    0.00    0.00   59.60

01:30:26 PM  CPU    %usr   %nice    %sys %iowait    %irq   %soft  %steal  %guest  %gnice   %idle
01:30:27 PM    0   56.57    0.00    0.00    0.00    0.00    0.00    0.00    0.00    0.00   43.43
01:30:27 PM    1   40.00    0.00    0.00    0.00    0.00    0.00    0.00    0.00    0.00   60.00

01:30:27 PM  CPU    %usr   %nice    %sys %iowait    %irq   %soft  %steal  %guest  %gnice   %idle
01:30:28 PM    0   37.00    0.00    0.00    1.00    0.00    0.00    0.00    0.00    0.00   62.00
01:30:28 PM    1   50.00    0.00    0.00    0.00    0.00    0.00    0.00    0.00    0.00   50.00

01:30:28 PM  CPU    %usr   %nice    %sys %iowait    %irq   %soft  %steal  %guest  %gnice   %idle
01:30:29 PM    0   51.52    0.00    0.00    0.00    0.00    0.00    0.00    0.00    0.00   48.48
01:30:29 PM    1   40.00    0.00    0.00    0.00    0.00    0.00    0.00    0.00    0.00   60.00

01:30:29 PM  CPU    %usr   %nice    %sys %iowait    %irq   %soft  %steal  %guest  %gnice   %idle
01:30:30 PM    0   49.00    0.00    0.00    0.00    0.00    0.00    0.00    0.00    0.00   51.00
01:30:30 PM    1   44.00    0.00    0.00    0.00    0.00    0.00    0.00    0.00    0.00   56.00

01:30:30 PM  CPU    %usr   %nice    %sys %iowait    %irq   %soft  %steal  %guest  %gnice   %idle
01:30:31 PM    0   40.00    0.00    0.00    1.00    0.00    0.00    0.00    0.00    0.00   59.00
01:30:31 PM    1   51.00    0.00    0.00    0.00    0.00    0.00    0.00    0.00    0.00   49.00

01:30:31 PM  CPU    %usr   %nice    %sys %iowait    %irq   %soft  %steal  %guest  %gnice   %idle
01:30:32 PM    0   42.00    0.00    0.00    0.00    0.00    0.00    0.00    0.00    0.00   58.00
01:30:32 PM    1   40.40    0.00    0.00    0.00    0.00    0.00    0.00    0.00    0.00   59.60

01:30:32 PM  CPU    %usr   %nice    %sys %iowait    %irq   %soft  %steal  %guest  %gnice   %idle
01:30:33 PM    0   53.00    0.00    0.00    0.00    0.00    0.00    0.00    0.00    0.00   47.00
01:30:33 PM    1   49.00    0.00    0.00    0.00    0.00    0.00    0.00    0.00    0.00   51.00

01:30:33 PM  CPU    %usr   %nice    %sys %iowait    %irq   %soft  %steal  %guest  %gnice   %idle
01:30:34 PM    0   39.00    0.00    0.00    0.00    0.00    0.00    0.00    0.00    0.00   61.00
01:30:34 PM    1   46.00    0.00    0.00    0.00    0.00    0.00    0.00    0.00    0.00   54.00

01:30:34 PM  CPU    %usr   %nice    %sys %iowait    %irq   %soft  %steal  %guest  %gnice   %idle
01:30:35 PM    0   45.00    0.00    0.00    0.00    0.00    0.00    0.00    0.00    0.00   55.00
01:30:35 PM    1   47.00    0.00    0.00    0.00    0.00    0.00    0.00    0.00    0.00   53.00

01:30:35 PM  CPU    %usr   %nice    %sys %iowait    %irq   %soft  %steal  %guest  %gnice   %idle
01:30:36 PM    0   46.46    0.00    0.00    1.01    0.00    0.00    0.00    0.00    0.00   52.53
01:30:36 PM    1   46.46    0.00    0.00    0.00    0.00    0.00    0.00    0.00    0.00   53.54

01:30:36 PM  CPU    %usr   %nice    %sys %iowait    %irq   %soft  %steal  %guest  %gnice   %idle
01:30:37 PM    0   41.58    0.00    0.00    0.00    0.00    0.00    0.00    0.00    0.00   58.42
01:30:37 PM    1   49.00    0.00    0.00    0.00    0.00    0.00    0.00    0.00    0.00   51.00

01:30:37 PM  CPU    %usr   %nice    %sys %iowait    %irq   %soft  %steal  %guest  %gnice   %idle
01:30:38 PM    0   42.42    0.00    0.00    0.00    0.00    0.00    0.00    0.00    0.00   57.58
01:30:38 PM    1   40.00    0.00    0.00    0.00    0.00    0.00    0.00    0.00    0.00   60.00

01:30:38 PM  CPU    %usr   %nice    %sys %iowait    %irq   %soft  %steal  %guest  %gnice   %idle
01:30:39 PM    0   49.00    0.00    0.00    0.00    0.00    0.00    0.00    0.00    0.00   51.00
01:30:39 PM    1   51.00    0.00    0.00    0.00    0.00    0.00    0.00    0.00    0.00   49.00

01:30:39 PM  CPU    %usr   %nice    %sys %iowait    %irq   %soft  %steal  %guest  %gnice   %idle
01:30:40 PM    0   45.00    0.00    0.00    0.00    0.00    0.00    0.00    0.00    0.00   55.00
01:30:40 PM    1   43.00    0.00    0.00    0.00    0.00    0.00    0.00    0.00    0.00   57.00

01:30:40 PM  CPU    %usr   %nice    %sys %iowait    %irq   %soft  %steal  %guest  %gnice   %idle
01:30:41 PM    0   48.48    0.00    0.00    1.01    0.00    0.00    0.00    0.00    0.00   50.51
01:30:41 PM    1   43.00    0.00    0.00    0.00    0.00    0.00    0.00    0.00    0.00   57.00

01:30:41 PM  CPU    %usr   %nice    %sys %iowait    %irq   %soft  %steal  %guest  %gnice   %idle
01:30:42 PM    0   48.00    0.00    0.00    0.00    0.00    0.00    0.00    0.00    0.00   52.00
01:30:42 PM    1   44.44    0.00    0.00    0.00    0.00    0.00    0.00    0.00    0.00   55.56

01:30:42 PM  CPU    %usr   %nice    %sys %iowait    %irq   %soft  %steal  %guest  %gnice   %idle
01:30:43 PM    0   50.00    0.00    0.00    0.00    0.00    0.00    0.00    0.00    0.00   50.00
01:30:43 PM    1   41.00    0.00    0.00    0.00    0.00    0.00    0.00    0.00    0.00   59.00

01:30:43 PM  CPU    %usr   %nice    %sys %iowait    %irq   %soft  %steal  %guest  %gnice   %idle
01:30:44 PM    0   41.00    0.00    0.00    0.00    0.00    0.00    0.00    0.00    0.00   59.00
01:30:44 PM    1   45.00    0.00    0.00    0.00    0.00    0.00    0.00    0.00    0.00   55.00

01:30:44 PM  CPU    %usr   %nice    %sys %iowait    %irq   %soft  %steal  %guest  %gnice   %idle
01:30:45 PM    0   52.53    0.00    0.00    0.00    0.00    0.00    0.00    0.00    0.00   47.47
01:30:45 PM    1   44.00    0.00    0.00    0.00    0.00    0.00    0.00    0.00    0.00   56.00

01:30:45 PM  CPU    %usr   %nice    %sys %iowait    %irq   %soft  %steal  %guest  %gnice   %idle
01:30:46 PM    0   51.00    0.00    0.00    1.00    0.00    0.00    0.00    0.00    0.00   48.00
01:30:46 PM    1   36.00    0.00    0.00    0.00    0.00    0.00    0.00    0.00    0.00   64.00

01:30:46 PM  CPU    %usr   %nice    %sys %iowait    %irq   %soft  %steal  %guest  %gnice   %idle
01:30:47 PM    0   47.47    0.00    0.00    0.00    0.00    0.00    0.00    0.00    0.00   52.53
01:30:47 PM    1   45.00    0.00    0.00    0.00    0.00    0.00    0.00    0.00    0.00   55.00

01:30:47 PM  CPU    %usr   %nice    %sys %iowait    %irq   %soft  %steal  %guest  %gnice   %idle
01:30:48 PM    0   44.00    0.00    0.00    0.00    0.00    0.00    0.00    0.00    0.00   56.00
01:30:48 PM    1   48.48    0.00    0.00    0.00    0.00    0.00    0.00    0.00    0.00   51.52

01:30:48 PM  CPU    %usr   %nice    %sys %iowait    %irq   %soft  %steal  %guest  %gnice   %idle
01:30:49 PM    0   45.00    0.00    0.00    0.00    0.00    0.00    0.00    0.00    0.00   55.00
01:30:49 PM    1   45.54    0.00    0.00    0.00    0.00    0.00    0.00    0.00    0.00   54.46

01:30:49 PM  CPU    %usr   %nice    %sys %iowait    %irq   %soft  %steal  %guest  %gnice   %idle
01:30:50 PM    0   43.00    0.00    0.00    0.00    0.00    0.00    0.00    0.00    0.00   57.00
01:30:50 PM    1   40.00    0.00    0.00    0.00    0.00    0.00    0.00    0.00    0.00   60.00

01:30:50 PM  CPU    %usr   %nice    %sys %iowait    %irq   %soft  %steal  %guest  %gnice   %idle
01:30:51 PM    0   54.55    0.00    0.00    2.02    0.00    0.00    0.00    0.00    0.00   43.43
01:30:51 PM    1   45.00    0.00    0.00    0.00    0.00    0.00    0.00    0.00    0.00   55.00

01:30:51 PM  CPU    %usr   %nice    %sys %iowait    %irq   %soft  %steal  %guest  %gnice   %idle
01:30:52 PM    0   40.00    0.00    0.00    0.00    0.00    0.00    0.00    0.00    0.00   60.00
01:30:52 PM    1   47.47    0.00    0.00    0.00    0.00    0.00    0.00    0.00    0.00   52.53

01:30:52 PM  CPU    %usr   %nice    %sys %iowait    %irq   %soft  %steal  %guest  %gnice   %idle
01:30:53 PM    0   45.00    0.00    0.00    0.00    0.00    0.00    0.00    0.00    0.00   55.00
01:30:53 PM    1   46.00    0.00    0.00    0.00    0.00    0.00    0.00    0.00    0.00   54.00

01:30:53 PM  CPU    %usr   %nice    %sys %iowait    %irq   %soft  %steal  %guest  %gnice   %idle
01:30:54 PM    0   42.00    0.00    0.00    0.00    0.00    0.00    0.00    0.00    0.00   58.00
01:30:54 PM    1   52.00    0.00    0.00    0.00    0.00    0.00    0.00    0.00    0.00   48.00

01:30:54 PM  CPU    %usr   %nice    %sys %iowait    %irq   %soft  %steal  %guest  %gnice   %idle
01:30:55 PM    0   52.00    0.00    0.00    0.00    0.00    0.00    0.00    0.00    0.00   48.00
01:30:55 PM    1   38.38    0.00    0.00    0.00    0.00    0.00    0.00    0.00    0.00   61.62

01:30:55 PM  CPU    %usr   %nice    %sys %iowait    %irq   %soft  %steal  %guest  %gnice   %idle
01:30:56 PM    0   44.44    0.00    0.00    1.01    0.00    0.00    0.00    0.00    0.00   54.55
01:30:56 PM    1   37.62    0.00    0.00    0.00    0.00    0.00    0.00    0.00    0.00   62.38

01:30:56 PM  CPU    %usr   %nice    %sys %iowait    %irq   %soft  %steal  %guest  %gnice   %idle
01:30:57 PM    0   56.00    0.00    0.00    0.00    0.00    0.00    0.00    0.00    0.00   44.00
01:30:57 PM    1   44.00    0.00    0.00    0.00    0.00    0.00    0.00    0.00    0.00   56.00

Average:     CPU    %usr   %nice    %sys %iowait    %irq   %soft  %steal  %guest  %gnice   %idle
Average:       0   46.58    0.00    0.01    0.26    0.00    0.00    0.00    0.00    0.00   53.16
Average:       1   44.30    0.00    0.01    0.00    0.00    0.00    0.00    0.00    0.00   55.70
