Linux 5.15.0-122-generic (NEU) 	09/20/2024 	_x86_64_	(16 CPU)

01:27:57 PM   UID       PID    %usr %system  %guest   %wait    %CPU   CPU  Command
01:27:58 PM  1000     45527   88.00    0.00    0.00    0.00   88.00     0  two_node_pipeli
01:27:59 PM  1000     45527   91.00    0.00    0.00    0.00   91.00     0  two_node_pipeli
01:28:00 PM  1000     45527   97.00    0.00    0.00    0.00   97.00     0  two_node_pipeli
01:28:01 PM  1000     45527   90.00    0.00    0.00    0.00   90.00     0  two_node_pipeli
01:28:02 PM  1000     45527   81.00    0.00    0.00    0.00   81.00     0  two_node_pipeli
01:28:03 PM  1000     45527  104.00    0.00    0.00    0.00  104.00     0  two_node_pipeli
01:28:04 PM  1000     45527   87.00    0.00    0.00    0.00   87.00     0  two_node_pipeli
01:28:05 PM  1000     45527   90.00    0.00    0.00    0.00   90.00     0  two_node_pipeli
01:28:06 PM  1000     45527   95.00    0.00    0.00    0.00   95.00     0  two_node_pipeli
01:28:07 PM  1000     45527   90.00    1.00    0.00    0.00   91.00     0  two_node_pipeli
01:28:08 PM  1000     45527   82.00    0.00    0.00    0.00   82.00     0  two_node_pipeli
01:28:09 PM  1000     45527  100.00    0.00    0.00    0.00  100.00     0  two_node_pipeli
01:28:10 PM  1000     45527   89.00    0.00    0.00    0.00   89.00     0  two_node_pipeli
01:28:11 PM  1000     45527   90.00    0.00    0.00    0.00   90.00     0  two_node_pipeli
01:28:12 PM  1000     45527   95.00    0.00    0.00    0.00   95.00     0  two_node_pipeli
01:28:13 PM  1000     45527   89.00    0.00    0.00    0.00   89.00     0  two_node_pipeli
01:28:14 PM  1000     45527   82.00    0.00    0.00    0.00   82.00     0  two_node_pipeli
01:28:15 PM  1000     45527  101.00    0.00    0.00    0.00  101.00     0  two_node_pipeli
01:28:16 PM  1000     45527   89.00    0.00    0.00    0.00   89.00     0  two_node_pipeli
01:28:17 PM  1000     45527   89.00    0.00    0.00    0.00   89.00     0  two_node_pipeli
01:28:18 PM  1000     45527   96.00    0.00    0.00    0.00   96.00     0  two_node_pipeli
01:28:19 PM  1000     45527   89.00    0.00    0.00    0.00   89.00     0  two_node_pipeli
01:28:20 PM  1000     45527   82.00    0.00    0.00    0.00   82.00     0  two_node_pipeli
01:28:21 PM  1000     45527  103.00    0.00    0.00    0.00  103.00     0  two_node_pipeli
01:28:22 PM  1000     45527   87.00    0.00    0.00    0.00   87.00     0  two_node_pipeli
01:28:23 PM  1000     45527   90.00    0.00    0.00    0.00   90.00     0  two_node_pipeli
01:28:24 PM  1000     45527   95.00    0.00    0.00    0.00   95.00     0  two_node_pipeli
01:28:25 PM  1000     45527   90.00    0.00    0.00    0.00   90.00     0  two_node_pipeli
01:28:26 PM  1000     45527   81.00    0.00    0.00    0.00   81.00     0  two_node_pipeli
01:28:27 PM  1000     45527  101.00    0.00    0.00    0.00  101.00     0  two_node_pipeli
01:28:28 PM  1000     45527   89.00    0.00    0.00    0.00   89.00     0  two_node_pipeli
01:28:29 PM  1000     45527   90.00    0.00    0.00    0.00   90.00     0  two_node_pipeli
01:28:30 PM  1000     45527   95.00    0.00    0.00    0.00   95.00     0  two_node_pipeli
01:28:31 PM  1000     45527   90.00    0.00    0.00    0.00   90.00     0  two_node_pipeli
01:28:32 PM  1000     45527   86.00    0.00    0.00    0.00   86.00     0  two_node_pipeli
01:28:33 PM  1000     45527   97.00    0.00    0.00    0.00   97.00     0  two_node_pipeli
01:28:34 PM  1000     45527   88.00    0.00    0.00    0.00   88.00     0  two_node_pipeli
01:28:35 PM  1000     45527   90.00    0.00    0.00    0.00   90.00     0  two_node_pipeli
01:28:36 PM  1000     45527   95.00    0.00    0.00    0.00   95.00     0  two_node_pipeli
01:28:37 PM  1000     45527   90.00    0.00    0.00    0.00   90.00     0  two_node_pipeli
01:28:38 PM  1000     45527   87.00    0.00    0.00    0.00   87.00     0  two_node_pipeli
01:28:39 PM  1000     45527   96.00    0.00    0.00    0.00   96.00     0  two_node_pipeli
01:28:40 PM  1000     45527   89.00    0.00    0.00    0.00   89.00     0  two_node_pipeli
01:28:41 PM  1000     45527   90.00    0.00    0.00    0.00   90.00     0  two_node_pipeli
01:28:42 PM  1000     45527   94.00    0.00    0.00    0.00   94.00     0  two_node_pipeli
01:28:43 PM  1000     45527   90.00    0.00    0.00    0.00   90.00     0  two_node_pipeli
01:28:44 PM  1000     45527   82.00    0.00    0.00    0.00   82.00     0  two_node_pipeli
01:28:45 PM  1000     45527  101.00    0.00    0.00    0.00  101.00     0  two_node_pipeli
01:28:46 PM  1000     45527   88.00    0.00    0.00    0.00   88.00     0  two_node_pipeli
01:28:47 PM  1000     45527   90.00    0.00    0.00    0.00   90.00     0  two_node_pipeli
01:28:48 PM  1000     45527   95.00    0.00    0.00    0.00   95.00     0  two_node_pipeli
01:28:49 PM  1000     45527   90.00    0.00    0.00    0.00   90.00     0  two_node_pipeli
01:28:50 PM  1000     45527   82.00    0.00    0.00    0.00   82.00     0  two_node_pipeli
01:28:51 PM  1000     45527  102.00    0.00    0.00    0.00  102.00     0  two_node_pipeli
01:28:52 PM  1000     45527   87.00    0.00    0.00    0.00   87.00     0  two_node_pipeli
01:28:53 PM  1000     45527   90.00    0.00    0.00    0.00   90.00     0  two_node_pipeli
01:28:54 PM  1000     45527   95.00    0.00    0.00    0.00   95.00     0  two_node_pipeli
01:28:55 PM  1000     45527   90.00    0.00    0.00    0.00   90.00     0  two_node_pipeli
01:28:56 PM  1000     45527   82.00    0.00    0.00    0.00   82.00     0  two_node_pipeli
01:28:57 PM  1000     45527  101.00    0.00    0.00    0.00  101.00     0  two_node_pipeli
01:28:58 PM  1000     45527   89.00    0.00    0.00    0.00   89.00     0  two_node_pipeli
01:28:59 PM  1000     45527   90.00    0.00    0.00    0.00   90.00     0  two_node_pipeli
01:29:00 PM  1000     45527   95.00    0.00    0.00    0.00   95.00     0  two_node_pipeli
01:29:01 PM  1000     45527   89.00    1.00    0.00    0.00   90.00     0  two_node_pipeli
01:29:02 PM  1000     45527   81.00    0.00    0.00    0.00   81.00     0  two_node_pipeli
01:29:03 PM  1000     45527  103.00    0.00    0.00    0.00  103.00     0  two_node_pipeli
01:29:04 PM  1000     45527   87.00    0.00    0.00    0.00   87.00     0  two_node_pipeli
01:29:05 PM  1000     45527   90.00    0.00    0.00    0.00   90.00     0  two_node_pipeli
01:29:06 PM  1000     45527   95.00    0.00    0.00    0.00   95.00     0  two_node_pipeli
01:29:07 PM  1000     45527   90.00    0.00    0.00    0.00   90.00     0  two_node_pipeli
01:29:08 PM  1000     45527   87.00    0.00    0.00    0.00   87.00     0  two_node_pipeli
01:29:09 PM  1000     45527   97.00    0.00    0.00    0.00   97.00     0  two_node_pipeli
01:29:10 PM  1000     45527   88.00    0.00    0.00    0.00   88.00     0  two_node_pipeli
01:29:11 PM  1000     45527   90.00    0.00    0.00    0.00   90.00     0  two_node_pipeli
01:29:12 PM  1000     45527   96.00    0.00    0.00    0.00   96.00     0  two_node_pipeli
01:29:13 PM  1000     45527   90.00    0.00    0.00    0.00   90.00     0  two_node_pipeli
01:29:14 PM  1000     45527   81.00    0.00    0.00    0.00   81.00     0  two_node_pipeli
01:29:15 PM  1000     45527  101.00    0.00    0.00    0.00  101.00     0  two_node_pipeli
01:29:16 PM  1000     45527   89.00    0.00    0.00    0.00   89.00     0  two_node_pipeli
01:29:17 PM  1000     45527   90.00    0.00    0.00    0.00   90.00     0  two_node_pipeli
01:29:18 PM  1000     45527   95.00    0.00    0.00    0.00   95.00     0  two_node_pipeli
01:29:19 PM  1000     45527   89.00    0.00    0.00    0.00   89.00     0  two_node_pipeli
01:29:20 PM  1000     45527   82.00    0.00    0.00    0.00   82.00     0  two_node_pipeli
01:29:21 PM  1000     45527  101.00    0.00    0.00    0.00  101.00     0  two_node_pipeli
01:29:22 PM  1000     45527   89.00    0.00    0.00    0.00   89.00     0  two_node_pipeli
01:29:23 PM  1000     45527   91.00    0.00    0.00    0.00   91.00     0  two_node_pipeli
01:29:24 PM  1000     45527   94.00    0.00    0.00    0.00   94.00     0  two_node_pipeli
01:29:25 PM  1000     45527   90.00    0.00    0.00    0.00   90.00     0  two_node_pipeli
01:29:26 PM  1000     45527   87.00    0.00    0.00    0.00   87.00     0  two_node_pipeli
01:29:27 PM  1000     45527   98.00    0.00    0.00    0.00   98.00     0  two_node_pipeli
01:29:28 PM  1000     45527   87.00    0.00    0.00    0.00   87.00     0  two_node_pipeli
01:29:29 PM  1000     45527   91.00    0.00    0.00    0.00   91.00     0  two_node_pipeli
01:29:30 PM  1000     45527   94.00    0.00    0.00    0.00   94.00     0  two_node_pipeli
01:29:31 PM  1000     45527   90.00    0.00    0.00    0.00   90.00     0  two_node_pipeli
01:29:32 PM  1000     45527   87.00    0.00    0.00    0.00   87.00     0  two_node_pipeli
01:29:33 PM  1000     45527   96.00    0.00    0.00    0.00   96.00     0  two_node_pipeli
01:29:34 PM  1000     45527   88.00    0.00    0.00    0.00   88.00     0  two_node_pipeli
01:29:35 PM  1000     45527   91.00    0.00    0.00    0.00   91.00     0  two_node_pipeli
01:29:36 PM  1000     45527   95.00    0.00    0.00    0.00   95.00     0  two_node_pipeli
01:29:37 PM  1000     45527   90.00    0.00    0.00    0.00   90.00     0  two_node_pipeli
01:29:38 PM  1000     45527   82.00    0.00    0.00    0.00   82.00     0  two_node_pipeli
01:29:39 PM  1000     45527  103.00    0.00    0.00    0.00  103.00     0  two_node_pipeli
01:29:40 PM  1000     45527   86.00    0.00    0.00    0.00   86.00     0  two_node_pipeli
01:29:41 PM  1000     45527   91.00    0.00    0.00    0.00   91.00     0  two_node_pipeli
01:29:42 PM  1000     45527   94.00    0.00    0.00    0.00   94.00     0  two_node_pipeli
01:29:43 PM  1000     45527   90.00    0.00    0.00    0.00   90.00     0  two_node_pipeli
01:29:44 PM  1000     45527   86.00    0.00    0.00    0.00   86.00     0  two_node_pipeli
01:29:45 PM  1000     45527   97.00    0.00    0.00    0.00   97.00     0  two_node_pipeli
01:29:46 PM  1000     45527   88.00    0.00    0.00    0.00   88.00     0  two_node_pipeli
01:29:47 PM  1000     45527   91.00    0.00    0.00    0.00   91.00     0  two_node_pipeli
01:29:48 PM  1000     45527   94.00    0.00    0.00    0.00   94.00     0  two_node_pipeli
01:29:49 PM  1000     45527   91.00    0.00    0.00    0.00   91.00     0  two_node_pipeli
01:29:50 PM  1000     45527   82.00    0.00    0.00    0.00   82.00     0  two_node_pipeli
01:29:51 PM  1000     45527  100.00    0.00    0.00    0.00  100.00     0  two_node_pipeli
01:29:52 PM  1000     45527   89.00    0.00    0.00    0.00   89.00     0  two_node_pipeli
01:29:53 PM  1000     45527   91.00    0.00    0.00    0.00   91.00     0  two_node_pipeli
01:29:54 PM  1000     45527   94.00    0.00    0.00    0.00   94.00     0  two_node_pipeli
01:29:55 PM  1000     45527   91.00    0.00    0.00    0.00   91.00     0  two_node_pipeli
01:29:56 PM  1000     45527   86.00    0.00    0.00    0.00   86.00     0  two_node_pipeli
01:29:57 PM  1000     45527   96.00    0.00    0.00    0.00   96.00     0  two_node_pipeli
01:29:58 PM  1000     45527   88.00    0.00    0.00    0.00   88.00     0  two_node_pipeli
01:29:59 PM  1000     45527   91.00    0.00    0.00    0.00   91.00     0  two_node_pipeli
01:30:00 PM  1000     45527   94.00    0.00    0.00    0.00   94.00     0  two_node_pipeli
01:30:01 PM  1000     45527   90.00    0.00    0.00    0.00   90.00     0  two_node_pipeli
01:30:02 PM  1000     45527   87.00    0.00    0.00    0.00   87.00     0  two_node_pipeli
01:30:03 PM  1000     45527   98.00    0.00    0.00    0.00   98.00     0  two_node_pipeli
01:30:04 PM  1000     45527   86.00    0.00    0.00    0.00   86.00     0  two_node_pipeli
01:30:05 PM  1000     45527   91.00    0.00    0.00    0.00   91.00     0  two_node_pipeli
01:30:06 PM  1000     45527   94.00    0.00    0.00    0.00   94.00     0  two_node_pipeli
01:30:07 PM  1000     45527   91.00    0.00    0.00    0.00   91.00     0  two_node_pipeli
01:30:08 PM  1000     45527   86.00    1.00    0.00    0.00   87.00     0  two_node_pipeli
01:30:09 PM  1000     45527   98.00    0.00    0.00    0.00   98.00     0  two_node_pipeli
01:30:10 PM  1000     45527   87.00    0.00    0.00    0.00   87.00     0  two_node_pipeli
01:30:11 PM  1000     45527   90.00    0.00    0.00    0.00   90.00     0  two_node_pipeli
01:30:12 PM  1000     45527   95.00    0.00    0.00    0.00   95.00     0  two_node_pipeli
01:30:13 PM  1000     45527   90.00    0.00    0.00    0.00   90.00     0  two_node_pipeli
01:30:14 PM  1000     45527   86.00    0.00    0.00    0.00   86.00     0  two_node_pipeli
01:30:15 PM  1000     45527   97.00    0.00    0.00    0.00   97.00     0  two_node_pipeli
01:30:16 PM  1000     45527   88.00    0.00    0.00    0.00   88.00     0  two_node_pipeli
01:30:17 PM  1000     45527   91.00    0.00    0.00    0.00   91.00     0  two_node_pipeli
01:30:18 PM  1000     45527   94.00    0.00    0.00    0.00   94.00     0  two_node_pipeli
01:30:19 PM  1000     45527   91.00    0.00    0.00    0.00   91.00     0  two_node_pipeli
01:30:20 PM  1000     45527   86.00    0.00    0.00    0.00   86.00     0  two_node_pipeli
01:30:21 PM  1000     45527   97.00    0.00    0.00    0.00   97.00     0  two_node_pipeli
01:30:22 PM  1000     45527   88.00    0.00    0.00    0.00   88.00     0  two_node_pipeli
01:30:23 PM  1000     45527   91.00    0.00    0.00    0.00   91.00     0  two_node_pipeli
01:30:24 PM  1000     45527   95.00    0.00    0.00    0.00   95.00     0  two_node_pipeli
01:30:25 PM  1000     45527   90.00    0.00    0.00    0.00   90.00     0  two_node_pipeli
01:30:26 PM  1000     45527   86.00    0.00    0.00    0.00   86.00     0  two_node_pipeli
01:30:27 PM  1000     45527   96.00    0.00    0.00    0.00   96.00     0  two_node_pipeli
01:30:28 PM  1000     45527   89.00    0.00    0.00    0.00   89.00     0  two_node_pipeli
01:30:29 PM  1000     45527   91.00    0.00    0.00    0.00   91.00     0  two_node_pipeli
01:30:30 PM  1000     45527   94.00    0.00    0.00    0.00   94.00     0  two_node_pipeli
01:30:31 PM  1000     45527   91.00    0.00    0.00    0.00   91.00     0  two_node_pipeli
01:30:32 PM  1000     45527   81.19    0.00    0.00    0.00   81.19     0  two_node_pipeli
01:30:33 PM  1000     45527  102.00    0.00    0.00    0.00  102.00     0  two_node_pipeli
01:30:34 PM  1000     45527   86.00    0.00    0.00    0.00   86.00     0  two_node_pipeli
01:30:35 PM  1000     45527   92.00    0.00    0.00    0.00   92.00     0  two_node_pipeli
01:30:36 PM  1000     45527   93.00    0.00    0.00    0.00   93.00     0  two_node_pipeli
01:30:37 PM  1000     45527   91.00    0.00    0.00    0.00   91.00     0  two_node_pipeli
01:30:38 PM  1000     45527   82.00    0.00    0.00    0.00   82.00     0  two_node_pipeli
01:30:39 PM  1000     45527  100.00    0.00    0.00    0.00  100.00     0  two_node_pipeli
01:30:40 PM  1000     45527   88.00    0.00    0.00    0.00   88.00     0  two_node_pipeli
01:30:41 PM  1000     45527   92.00    0.00    0.00    0.00   92.00     0  two_node_pipeli
01:30:42 PM  1000     45527   93.00    0.00    0.00    0.00   93.00     0  two_node_pipeli
01:30:43 PM  1000     45527   91.00    0.00    0.00    0.00   91.00     0  two_node_pipeli
01:30:44 PM  1000     45527   86.00    0.00    0.00    0.00   86.00     0  two_node_pipeli
01:30:45 PM  1000     45527   97.00    0.00    0.00    0.00   97.00     0  two_node_pipeli
01:30:46 PM  1000     45527   88.00    0.00    0.00    0.00   88.00     0  two_node_pipeli
01:30:47 PM  1000     45527   91.00    0.00    0.00    0.00   91.00     0  two_node_pipeli
01:30:48 PM  1000     45527   94.00    0.00    0.00    0.00   94.00     0  two_node_pipeli
01:30:49 PM  1000     45527   90.00    0.00    0.00    0.00   90.00     0  two_node_pipeli
01:30:50 PM  1000     45527   82.00    0.00    0.00    0.00   82.00     0  two_node_pipeli
01:30:51 PM  1000     45527  101.00    0.00    0.00    0.00  101.00     0  two_node_pipeli
01:30:52 PM  1000     45527   88.00    0.00    0.00    0.00   88.00     0  two_node_pipeli
01:30:53 PM  1000     45527   91.00    0.00    0.00    0.00   91.00     0  two_node_pipeli
01:30:54 PM  1000     45527   93.00    0.00    0.00    0.00   93.00     0  two_node_pipeli
01:30:55 PM  1000     45527   91.00    0.00    0.00    0.00   91.00     0  two_node_pipeli
01:30:56 PM  1000     45527   83.00    0.00    0.00    0.00   83.00     0  two_node_pipeli
01:30:57 PM  1000     45527  100.00    0.00    0.00    0.00  100.00     0  two_node_pipeli
Average:     1000     45527   91.07    0.02    0.00    0.00   91.08     -  two_node_pipeli
