Linux 5.15.0-122-generic (NEU) 	09/20/2024 	_x86_64_	(16 CPU)

01:32:05 PM  CPU    %usr   %nice    %sys %iowait    %irq   %soft  %steal  %guest  %gnice   %idle
01:32:06 PM    0   43.56    0.00    0.00    0.00    0.00    0.00    0.00    0.00    0.00   56.44
01:32:06 PM    1   48.51    0.00    0.00    0.00    0.00    0.00    0.00    0.00    0.00   51.49

01:32:06 PM  CPU    %usr   %nice    %sys %iowait    %irq   %soft  %steal  %guest  %gnice   %idle
01:32:07 PM    0   54.00    0.00    0.00    0.00    0.00    0.00    0.00    0.00    0.00   46.00
01:32:07 PM    1   54.55    0.00    0.00    0.00    0.00    0.00    0.00    0.00    0.00   45.45

01:32:07 PM  CPU    %usr   %nice    %sys %iowait    %irq   %soft  %steal  %guest  %gnice   %idle
01:32:08 PM    0   53.54    0.00    0.00    0.00    0.00    0.00    0.00    0.00    0.00   46.46
01:32:08 PM    1   44.55    0.00    0.00    0.00    0.00    0.00    0.00    0.00    0.00   55.45

01:32:08 PM  CPU    %usr   %nice    %sys %iowait    %irq   %soft  %steal  %guest  %gnice   %idle
01:32:09 PM    0   52.00    0.00    0.00    1.00    0.00    0.00    0.00    0.00    0.00   47.00
01:32:09 PM    1   47.00    0.00    0.00    0.00    0.00    0.00    0.00    0.00    0.00   53.00

01:32:09 PM  CPU    %usr   %nice    %sys %iowait    %irq   %soft  %steal  %guest  %gnice   %idle
01:32:10 PM    0   36.63    0.00    0.00    0.00    0.00    0.00    0.00    0.00    0.00   63.37
01:32:10 PM    1   51.52    0.00    0.00    0.00    0.00    0.00    0.00    0.00    0.00   48.48

01:32:10 PM  CPU    %usr   %nice    %sys %iowait    %irq   %soft  %steal  %guest  %gnice   %idle
01:32:11 PM    0   54.55    0.00    0.00    0.00    0.00    0.00    0.00    0.00    0.00   45.45
01:32:11 PM    1   47.00    0.00    0.00    0.00    0.00    0.00    0.00    0.00    0.00   53.00

01:32:11 PM  CPU    %usr   %nice    %sys %iowait    %irq   %soft  %steal  %guest  %gnice   %idle
01:32:12 PM    0   44.55    0.00    0.00    0.00    0.00    0.00    0.00    0.00    0.00   55.45
01:32:12 PM    1   45.54    0.00    0.00    0.00    0.00    0.00    0.00    0.00    0.00   54.46

01:32:12 PM  CPU    %usr   %nice    %sys %iowait    %irq   %soft  %steal  %guest  %gnice   %idle
01:32:13 PM    0   47.00    0.00    0.00    0.00    0.00    0.00    0.00    0.00    0.00   53.00
01:32:13 PM    1   55.00    0.00    0.00    0.00    0.00    0.00    0.00    0.00    0.00   45.00

01:32:13 PM  CPU    %usr   %nice    %sys %iowait    %irq   %soft  %steal  %guest  %gnice   %idle
01:32:14 PM    0   46.00    0.00    0.00    0.00    0.00    0.00    0.00    0.00    0.00   54.00
01:32:14 PM    1   46.00    0.00    0.00    0.00    0.00    0.00    0.00    0.00    0.00   54.00

01:32:14 PM  CPU    %usr   %nice    %sys %iowait    %irq   %soft  %steal  %guest  %gnice   %idle
01:32:15 PM    0   54.00    0.00    0.00    0.00    0.00    0.00    0.00    0.00    0.00   46.00
01:32:15 PM    1   46.00    0.00    0.00    0.00    0.00    0.00    0.00    0.00    0.00   54.00

01:32:15 PM  CPU    %usr   %nice    %sys %iowait    %irq   %soft  %steal  %guest  %gnice   %idle
01:32:16 PM    0   50.00    0.00    0.00    0.00    0.00    0.00    0.00    0.00    0.00   50.00
01:32:16 PM    1   40.59    0.00    0.00    0.00    0.00    0.00    0.00    0.00    0.00   59.41

01:32:16 PM  CPU    %usr   %nice    %sys %iowait    %irq   %soft  %steal  %guest  %gnice   %idle
01:32:17 PM    0   52.48    0.00    0.00    0.00    0.00    0.00    0.00    0.00    0.00   47.52
01:32:17 PM    1   49.00    0.00    0.00    0.00    0.00    0.00    0.00    0.00    0.00   51.00

01:32:17 PM  CPU    %usr   %nice    %sys %iowait    %irq   %soft  %steal  %guest  %gnice   %idle
01:32:18 PM    0   48.00    0.00    0.00    0.00    0.00    0.00    0.00    0.00    0.00   52.00
01:32:18 PM    1   39.60    0.00    0.00    0.00    0.00    0.00    0.00    0.00    0.00   60.40

01:32:18 PM  CPU    %usr   %nice    %sys %iowait    %irq   %soft  %steal  %guest  %gnice   %idle
01:32:19 PM    0   55.00    0.00    0.00    1.00    0.00    0.00    0.00    0.00    0.00   44.00
01:32:19 PM    1   52.48    0.00    0.00    0.00    0.00    0.00    0.00    0.00    0.00   47.52

01:32:19 PM  CPU    %usr   %nice    %sys %iowait    %irq   %soft  %steal  %guest  %gnice   %idle
01:32:20 PM    0   51.49    0.00    0.00    0.99    0.00    0.00    0.00    0.00    0.00   47.52
01:32:20 PM    1   42.57    0.00    0.00    0.00    0.00    0.00    0.00    0.00    0.00   57.43

01:32:20 PM  CPU    %usr   %nice    %sys %iowait    %irq   %soft  %steal  %guest  %gnice   %idle
01:32:21 PM    0   51.00    0.00    0.00    0.00    0.00    0.00    0.00    0.00    0.00   49.00
01:32:21 PM    1   48.48    0.00    0.00    0.00    0.00    0.00    0.00    0.00    0.00   51.52

01:32:21 PM  CPU    %usr   %nice    %sys %iowait    %irq   %soft  %steal  %guest  %gnice   %idle
01:32:22 PM    0   36.36    0.00    0.00    0.00    0.00    0.00    0.00    0.00    0.00   63.64
01:32:22 PM    1   51.00    0.00    0.00    0.00    0.00    0.00    0.00    0.00    0.00   49.00

01:32:22 PM  CPU    %usr   %nice    %sys %iowait    %irq   %soft  %steal  %guest  %gnice   %idle
01:32:23 PM    0   47.47    0.00    0.00    0.00    0.00    0.00    0.00    0.00    0.00   52.53
01:32:23 PM    1   52.00    0.00    0.00    0.00    0.00    0.00    0.00    0.00    0.00   48.00

01:32:23 PM  CPU    %usr   %nice    %sys %iowait    %irq   %soft  %steal  %guest  %gnice   %idle
01:32:24 PM    0   45.00    0.00    0.00    0.00    0.00    0.00    0.00    0.00    0.00   55.00
01:32:24 PM    1   48.00    0.00    0.00    0.00    0.00    0.00    0.00    0.00    0.00   52.00

01:32:24 PM  CPU    %usr   %nice    %sys %iowait    %irq   %soft  %steal  %guest  %gnice   %idle
01:32:25 PM    0   50.50    0.00    0.00    0.99    0.00    0.00    0.00    0.00    0.00   48.51
01:32:25 PM    1   51.00    0.00    0.00    0.00    0.00    0.00    0.00    0.00    0.00   49.00

01:32:25 PM  CPU    %usr   %nice    %sys %iowait    %irq   %soft  %steal  %guest  %gnice   %idle
01:32:26 PM    0   47.52    0.00    0.00    0.00    0.00    0.00    0.00    0.00    0.00   52.48
01:32:26 PM    1   50.00    0.00    0.00    0.00    0.00    0.00    0.00    0.00    0.00   50.00

01:32:26 PM  CPU    %usr   %nice    %sys %iowait    %irq   %soft  %steal  %guest  %gnice   %idle
01:32:27 PM    0   49.00    0.00    0.00    0.00    0.00    0.00    0.00    0.00    0.00   51.00
01:32:27 PM    1   51.52    0.00    0.00    0.00    0.00    0.00    0.00    0.00    0.00   48.48

01:32:27 PM  CPU    %usr   %nice    %sys %iowait    %irq   %soft  %steal  %guest  %gnice   %idle
01:32:28 PM    0   38.38    0.00    0.00    0.00    0.00    0.00    0.00    0.00    0.00   61.62
01:32:28 PM    1   49.50    0.00    0.00    0.00    0.00    0.00    0.00    0.00    0.00   50.50

01:32:28 PM  CPU    %usr   %nice    %sys %iowait    %irq   %soft  %steal  %guest  %gnice   %idle
01:32:29 PM    0   50.00    0.00    0.00    0.00    0.00    0.00    0.00    0.00    0.00   50.00
01:32:29 PM    1   54.46    0.00    0.00    0.00    0.00    0.00    0.00    0.00    0.00   45.54

01:32:29 PM  CPU    %usr   %nice    %sys %iowait    %irq   %soft  %steal  %guest  %gnice   %idle
01:32:30 PM    0   43.43    0.00    0.00    0.00    0.00    0.00    0.00    0.00    0.00   56.57
01:32:30 PM    1   45.00    0.00    0.00    0.00    0.00    0.00    0.00    0.00    0.00   55.00

01:32:30 PM  CPU    %usr   %nice    %sys %iowait    %irq   %soft  %steal  %guest  %gnice   %idle
01:32:31 PM    0   50.98    0.00    0.00    0.00    0.00    0.00    0.00    0.00    0.00   49.02
01:32:31 PM    1   51.49    0.00    0.00    0.00    0.00    0.00    0.00    0.00    0.00   48.51

01:32:31 PM  CPU    %usr   %nice    %sys %iowait    %irq   %soft  %steal  %guest  %gnice   %idle
01:32:32 PM    0   49.00    0.00    0.00    0.00    0.00    0.00    0.00    0.00    0.00   51.00
01:32:32 PM    1   43.43    0.00    0.00    0.00    0.00    0.00    0.00    0.00    0.00   56.57

01:32:32 PM  CPU    %usr   %nice    %sys %iowait    %irq   %soft  %steal  %guest  %gnice   %idle
01:32:33 PM    0   51.49    0.00    0.99    0.00    0.00    0.00    0.00    0.00    0.00   47.52
01:32:33 PM    1   47.52    0.00    0.00    0.00    0.00    0.00    0.00    0.00    0.00   52.48

01:32:33 PM  CPU    %usr   %nice    %sys %iowait    %irq   %soft  %steal  %guest  %gnice   %idle
01:32:34 PM    0   36.63    0.00    0.00    0.00    0.00    0.00    0.00    0.00    0.00   63.37
01:32:34 PM    1   49.50    0.00    0.00    0.00    0.00    0.00    0.00    0.00    0.00   50.50

01:32:34 PM  CPU    %usr   %nice    %sys %iowait    %irq   %soft  %steal  %guest  %gnice   %idle
01:32:35 PM    0   53.54    0.00    0.00    1.01    0.00    0.00    0.00    0.00    0.00   45.45
01:32:35 PM    1   51.00    0.00    0.00    0.00    0.00    0.00    0.00    0.00    0.00   49.00

01:32:35 PM  CPU    %usr   %nice    %sys %iowait    %irq   %soft  %steal  %guest  %gnice   %idle
01:32:36 PM    0   48.51    0.00    0.00    0.99    0.00    0.00    0.00    0.00    0.00   50.50
01:32:36 PM    1   43.56    0.00    0.00    0.00    0.00    0.00    0.00    0.00    0.00   56.44

01:32:36 PM  CPU    %usr   %nice    %sys %iowait    %irq   %soft  %steal  %guest  %gnice   %idle
01:32:37 PM    0   54.00    0.00    0.00    0.00    0.00    0.00    0.00    0.00    0.00   46.00
01:32:37 PM    1   46.46    0.00    0.00    0.00    0.00    0.00    0.00    0.00    0.00   53.54

01:32:37 PM  CPU    %usr   %nice    %sys %iowait    %irq   %soft  %steal  %guest  %gnice   %idle
01:32:38 PM    0   44.00    0.00    0.00    0.00    0.00    0.00    0.00    0.00    0.00   56.00
01:32:38 PM    1   49.50    0.00    0.99    0.00    0.00    0.00    0.00    0.00    0.00   49.50

01:32:38 PM  CPU    %usr   %nice    %sys %iowait    %irq   %soft  %steal  %guest  %gnice   %idle
01:32:39 PM    0   47.00    0.00    0.00    0.00    0.00    0.00    0.00    0.00    0.00   53.00
01:32:39 PM    1   52.00    0.00    0.00    0.00    0.00    0.00    0.00    0.00    0.00   48.00

01:32:39 PM  CPU    %usr   %nice    %sys %iowait    %irq   %soft  %steal  %guest  %gnice   %idle
01:32:40 PM    0   42.00    0.00    0.00    0.00    0.00    0.00    0.00    0.00    0.00   58.00
01:32:40 PM    1   47.52    0.00    0.99    0.00    0.00    0.00    0.00    0.00    0.00   51.49

01:32:40 PM  CPU    %usr   %nice    %sys %iowait    %irq   %soft  %steal  %guest  %gnice   %idle
01:32:41 PM    0   50.50    0.00    0.00    0.00    0.00    0.00    0.00    0.00    0.00   49.50
01:32:41 PM    1   53.54    0.00    0.00    0.00    0.00    0.00    0.00    0.00    0.00   46.46

01:32:41 PM  CPU    %usr   %nice    %sys %iowait    %irq   %soft  %steal  %guest  %gnice   %idle
01:32:42 PM    0   46.00    0.00    0.00    0.00    0.00    0.00    0.00    0.00    0.00   54.00
01:32:42 PM    1   42.57    0.00    0.00    0.00    0.00    0.00    0.00    0.00    0.00   57.43

01:32:42 PM  CPU    %usr   %nice    %sys %iowait    %irq   %soft  %steal  %guest  %gnice   %idle
01:32:43 PM    0   54.55    0.00    0.00    0.00    0.00    0.00    0.00    0.00    0.00   45.45
01:32:43 PM    1   47.00    0.00    0.00    0.00    0.00    0.00    0.00    0.00    0.00   53.00

01:32:43 PM  CPU    %usr   %nice    %sys %iowait    %irq   %soft  %steal  %guest  %gnice   %idle
01:32:44 PM    0   42.57    0.00    0.00    0.00    0.00    0.00    0.00    0.00    0.00   57.43
01:32:44 PM    1   50.00    0.00    0.00    0.00    0.00    0.00    0.00    0.00    0.00   50.00

01:32:44 PM  CPU    %usr   %nice    %sys %iowait    %irq   %soft  %steal  %guest  %gnice   %idle
01:32:45 PM    0   48.51    0.00    0.00    0.99    0.00    0.00    0.00    0.00    0.00   50.50
01:32:45 PM    1   51.00    0.00    0.00    0.00    0.00    0.00    0.00    0.00    0.00   49.00

01:32:45 PM  CPU    %usr   %nice    %sys %iowait    %irq   %soft  %steal  %guest  %gnice   %idle
01:32:46 PM    0   42.42    0.00    0.00    0.00    0.00    0.00    0.00    0.00    0.00   57.58
01:32:46 PM    1   48.00    0.00    0.00    0.00    0.00    0.00    0.00    0.00    0.00   52.00

01:32:46 PM  CPU    %usr   %nice    %sys %iowait    %irq   %soft  %steal  %guest  %gnice   %idle
01:32:47 PM    0   52.00    0.00    0.00    0.00    0.00    0.00    0.00    0.00    0.00   48.00
01:32:47 PM    1   51.49    0.00    0.00    0.00    0.00    0.00    0.00    0.00    0.00   48.51

01:32:47 PM  CPU    %usr   %nice    %sys %iowait    %irq   %soft  %steal  %guest  %gnice   %idle
01:32:48 PM    0   43.00    0.00    0.00    0.00    0.00    0.00    0.00    0.00    0.00   57.00
01:32:48 PM    1   41.00    0.00    0.00    0.00    0.00    0.00    0.00    0.00    0.00   59.00

01:32:48 PM  CPU    %usr   %nice    %sys %iowait    %irq   %soft  %steal  %guest  %gnice   %idle
01:32:49 PM    0   55.00    0.00    0.00    0.00    0.00    0.00    0.00    0.00    0.00   45.00
01:32:49 PM    1   54.00    0.00    0.00    0.00    0.00    0.00    0.00    0.00    0.00   46.00

01:32:49 PM  CPU    %usr   %nice    %sys %iowait    %irq   %soft  %steal  %guest  %gnice   %idle
01:32:50 PM    0   50.51    0.00    0.00    1.01    0.00    0.00    0.00    0.00    0.00   48.48
01:32:50 PM    1   44.00    0.00    0.00    0.00    0.00    0.00    0.00    0.00    0.00   56.00

01:32:50 PM  CPU    %usr   %nice    %sys %iowait    %irq   %soft  %steal  %guest  %gnice   %idle
01:32:51 PM    0   44.44    0.00    0.00    0.00    0.00    0.00    0.00    0.00    0.00   55.56
01:32:51 PM    1   55.00    0.00    0.00    0.00    0.00    0.00    0.00    0.00    0.00   45.00

01:32:51 PM  CPU    %usr   %nice    %sys %iowait    %irq   %soft  %steal  %guest  %gnice   %idle
01:32:52 PM    0   36.63    0.00    0.00    0.00    0.00    0.00    0.00    0.00    0.00   63.37
01:32:52 PM    1   48.00    0.00    0.00    0.00    0.00    0.00    0.00    0.00    0.00   52.00

01:32:52 PM  CPU    %usr   %nice    %sys %iowait    %irq   %soft  %steal  %guest  %gnice   %idle
01:32:53 PM    0   55.00    0.00    0.00    0.00    0.00    0.00    0.00    0.00    0.00   45.00
01:32:53 PM    1   48.00    0.00    0.00    0.00    0.00    0.00    0.00    0.00    0.00   52.00

01:32:53 PM  CPU    %usr   %nice    %sys %iowait    %irq   %soft  %steal  %guest  %gnice   %idle
01:32:54 PM    0   49.50    0.00    0.00    0.00    0.00    0.00    0.00    0.00    0.00   50.50
01:32:54 PM    1   44.00    0.00    0.00    0.00    0.00    0.00    0.00    0.00    0.00   56.00

01:32:54 PM  CPU    %usr   %nice    %sys %iowait    %irq   %soft  %steal  %guest  %gnice   %idle
01:32:55 PM    0   51.00    0.00    0.00    1.00    0.00    0.00    0.00    0.00    0.00   48.00
01:32:55 PM    1   51.00    0.00    0.00    0.00    0.00    0.00    0.00    0.00    0.00   49.00

01:32:55 PM  CPU    %usr   %nice    %sys %iowait    %irq   %soft  %steal  %guest  %gnice   %idle
01:32:56 PM    0   48.00    0.00    0.00    0.00    0.00    0.00    0.00    0.00    0.00   52.00
01:32:56 PM    1   47.52    0.00    0.00    0.00    0.00    0.00    0.00    0.00    0.00   52.48

01:32:56 PM  CPU    %usr   %nice    %sys %iowait    %irq   %soft  %steal  %guest  %gnice   %idle
01:32:57 PM    0   53.00    0.00    0.00    0.00    0.00    0.00    0.00    0.00    0.00   47.00
01:32:57 PM    1   46.46    0.00    0.00    0.00    0.00    0.00    0.00    0.00    0.00   53.54

01:32:57 PM  CPU    %usr   %nice    %sys %iowait    %irq   %soft  %steal  %guest  %gnice   %idle
01:32:58 PM    0   37.00    0.00    0.00    0.00    0.00    0.00    0.00    0.00    0.00   63.00
01:32:58 PM    1   49.50    0.00    0.00    0.00    0.00    0.00    0.00    0.00    0.00   50.50

01:32:58 PM  CPU    %usr   %nice    %sys %iowait    %irq   %soft  %steal  %guest  %gnice   %idle
01:32:59 PM    0   54.46    0.00    0.00    0.00    0.00    0.00    0.00    0.00    0.00   45.54
01:32:59 PM    1   52.53    0.00    0.00    0.00    0.00    0.00    0.00    0.00    0.00   47.47

01:32:59 PM  CPU    %usr   %nice    %sys %iowait    %irq   %soft  %steal  %guest  %gnice   %idle
01:33:00 PM    0   45.00    0.00    0.00    2.00    0.00    0.00    0.00    0.00    0.00   53.00
01:33:00 PM    1   47.00    0.00    0.00    0.00    0.00    0.00    0.00    0.00    0.00   53.00

01:33:00 PM  CPU    %usr   %nice    %sys %iowait    %irq   %soft  %steal  %guest  %gnice   %idle
01:33:01 PM    0   50.00    0.00    0.00    0.00    0.00    0.00    0.00    0.00    0.00   50.00
01:33:01 PM    1   51.00    0.00    0.00    0.00    0.00    0.00    0.00    0.00    0.00   49.00

01:33:01 PM  CPU    %usr   %nice    %sys %iowait    %irq   %soft  %steal  %guest  %gnice   %idle
01:33:02 PM    0   46.08    0.00    0.00    0.98    0.00    0.00    0.00    0.00    0.00   52.94
01:33:02 PM    1   48.00    0.00    0.00    2.00    0.00    0.00    0.00    0.00    0.00   50.00

01:33:02 PM  CPU    %usr   %nice    %sys %iowait    %irq   %soft  %steal  %guest  %gnice   %idle
01:33:03 PM    0   50.51    0.00    0.00    0.00    0.00    0.00    0.00    0.00    0.00   49.49
01:33:03 PM    1   50.50    0.00    0.00    0.00    0.00    0.00    0.00    0.00    0.00   49.50

01:33:03 PM  CPU    %usr   %nice    %sys %iowait    %irq   %soft  %steal  %guest  %gnice   %idle
01:33:04 PM    0   45.54    0.00    0.00    0.00    0.00    0.00    0.00    0.00    0.00   54.46
01:33:04 PM    1   41.58    0.00    0.99    0.00    0.00    0.00    0.00    0.00    0.00   57.43

01:33:04 PM  CPU    %usr   %nice    %sys %iowait    %irq   %soft  %steal  %guest  %gnice   %idle
01:33:05 PM    0   52.00    0.00    1.00    0.00    0.00    0.00    0.00    0.00    0.00   47.00
01:33:05 PM    1   55.00    0.00    0.00    0.00    0.00    0.00    0.00    0.00    0.00   45.00

01:33:05 PM  CPU    %usr   %nice    %sys %iowait    %irq   %soft  %steal  %guest  %gnice   %idle
01:33:06 PM    0   46.08    0.00    0.00    0.00    0.00    0.00    0.00    0.00    0.00   53.92
01:33:06 PM    1   37.00    0.00    0.00    0.00    0.00    0.00    0.00    0.00    0.00   63.00

01:33:06 PM  CPU    %usr   %nice    %sys %iowait    %irq   %soft  %steal  %guest  %gnice   %idle
01:33:07 PM    0   56.00    0.00    0.00    0.00    0.00    0.00    0.00    0.00    0.00   44.00
01:33:07 PM    1   51.00    0.00    0.00    0.00    0.00    0.00    0.00    0.00    0.00   49.00

01:33:07 PM  CPU    %usr   %nice    %sys %iowait    %irq   %soft  %steal  %guest  %gnice   %idle
01:33:08 PM    0   43.00    0.00    0.00    0.00    0.00    0.00    0.00    0.00    0.00   57.00
01:33:08 PM    1   51.49    0.00    0.00    0.00    0.00    0.00    0.00    0.00    0.00   48.51

01:33:08 PM  CPU    %usr   %nice    %sys %iowait    %irq   %soft  %steal  %guest  %gnice   %idle
01:33:09 PM    0   45.00    0.00    0.00    0.00    0.00    0.00    0.00    0.00    0.00   55.00
01:33:09 PM    1   54.00    0.00    0.00    0.00    0.00    0.00    0.00    0.00    0.00   46.00

01:33:09 PM  CPU    %usr   %nice    %sys %iowait    %irq   %soft  %steal  %guest  %gnice   %idle
01:33:10 PM    0   44.55    0.00    0.00    0.99    0.00    0.00    0.00    0.00    0.00   54.46
01:33:10 PM    1   41.58    0.00    0.00    0.00    0.00    0.00    0.00    0.00    0.00   58.42

01:33:10 PM  CPU    %usr   %nice    %sys %iowait    %irq   %soft  %steal  %guest  %gnice   %idle
01:33:11 PM    0   53.00    0.00    0.00    0.00    0.00    0.00    0.00    0.00    0.00   47.00
01:33:11 PM    1   54.00    0.00    0.00    0.00    0.00    0.00    0.00    0.00    0.00   46.00

01:33:11 PM  CPU    %usr   %nice    %sys %iowait    %irq   %soft  %steal  %guest  %gnice   %idle
01:33:12 PM    0   47.00    0.00    0.00    0.00    0.00    0.00    0.00    0.00    0.00   53.00
01:33:12 PM    1   43.00    0.00    0.00    0.00    0.00    0.00    0.00    0.00    0.00   57.00

01:33:12 PM  CPU    %usr   %nice    %sys %iowait    %irq   %soft  %steal  %guest  %gnice   %idle
01:33:13 PM    0   49.00    0.00    0.00    0.00    0.00    0.00    0.00    0.00    0.00   51.00
01:33:13 PM    1   53.00    0.00    0.00    0.00    0.00    0.00    0.00    0.00    0.00   47.00

01:33:13 PM  CPU    %usr   %nice    %sys %iowait    %irq   %soft  %steal  %guest  %gnice   %idle
01:33:14 PM    0   44.00    0.00    0.00    0.00    0.00    0.00    0.00    0.00    0.00   56.00
01:33:14 PM    1   50.00    0.00    0.00    0.00    0.00    0.00    0.00    0.00    0.00   50.00

01:33:14 PM  CPU    %usr   %nice    %sys %iowait    %irq   %soft  %steal  %guest  %gnice   %idle
01:33:15 PM    0   47.00    0.00    0.00    0.00    0.00    0.00    0.00    0.00    0.00   53.00
01:33:15 PM    1   52.48    0.00    0.00    0.00    0.00    0.00    0.00    0.00    0.00   47.52

01:33:15 PM  CPU    %usr   %nice    %sys %iowait    %irq   %soft  %steal  %guest  %gnice   %idle
01:33:16 PM    0   51.00    0.00    0.00    0.00    0.00    0.00    0.00    0.00    0.00   49.00
01:33:16 PM    1   38.61    0.00    0.00    0.00    0.00    0.00    0.00    0.00    0.00   61.39

01:33:16 PM  CPU    %usr   %nice    %sys %iowait    %irq   %soft  %steal  %guest  %gnice   %idle
01:33:17 PM    0   50.00    0.00    0.98    0.00    0.00    0.00    0.00    0.00    0.00   49.02
01:33:17 PM    1   52.00    0.00    0.00    0.00    0.00    0.00    0.00    0.00    0.00   48.00

01:33:17 PM  CPU    %usr   %nice    %sys %iowait    %irq   %soft  %steal  %guest  %gnice   %idle
01:33:18 PM    0   46.94    0.00    0.00    0.00    0.00    0.00    0.00    0.00    0.00   53.06
01:33:18 PM    1   44.00    0.00    0.00    0.00    0.00    0.00    0.00    0.00    0.00   56.00

01:33:18 PM  CPU    %usr   %nice    %sys %iowait    %irq   %soft  %steal  %guest  %gnice   %idle
01:33:19 PM    0   52.48    0.00    0.00    0.00    0.00    0.00    0.00    0.00    0.00   47.52
01:33:19 PM    1   49.00    0.00    0.00    0.00    0.00    0.00    0.00    0.00    0.00   51.00

01:33:19 PM  CPU    %usr   %nice    %sys %iowait    %irq   %soft  %steal  %guest  %gnice   %idle
01:33:20 PM    0   45.54    0.00    0.00    0.99    0.00    0.00    0.00    0.00    0.00   53.47
01:33:20 PM    1   49.50    0.00    0.00    0.00    0.00    0.00    0.00    0.00    0.00   50.50

01:33:20 PM  CPU    %usr   %nice    %sys %iowait    %irq   %soft  %steal  %guest  %gnice   %idle
01:33:21 PM    0   46.00    0.00    0.00    0.00    0.00    0.00    0.00    0.00    0.00   54.00
01:33:21 PM    1   53.00    0.00    0.00    0.00    0.00    0.00    0.00    0.00    0.00   47.00

01:33:21 PM  CPU    %usr   %nice    %sys %iowait    %irq   %soft  %steal  %guest  %gnice   %idle
01:33:22 PM    0   38.61    0.00    0.00    0.00    0.00    0.00    0.00    0.00    0.00   61.39
01:33:22 PM    1   47.00    0.00    0.00    0.00    0.00    0.00    0.00    0.00    0.00   53.00

01:33:22 PM  CPU    %usr   %nice    %sys %iowait    %irq   %soft  %steal  %guest  %gnice   %idle
01:33:23 PM    0   49.49    0.00    0.00    1.01    0.00    0.00    0.00    0.00    0.00   49.49
01:33:23 PM    1   51.52    0.00    0.00    0.00    0.00    0.00    0.00    0.00    0.00   48.48

01:33:23 PM  CPU    %usr   %nice    %sys %iowait    %irq   %soft  %steal  %guest  %gnice   %idle
01:33:24 PM    0   46.00    0.00    0.00    0.00    0.00    0.00    0.00    0.00    0.00   54.00
01:33:24 PM    1   48.00    0.00    0.00    0.00    0.00    0.00    0.00    0.00    0.00   52.00

01:33:24 PM  CPU    %usr   %nice    %sys %iowait    %irq   %soft  %steal  %guest  %gnice   %idle
01:33:25 PM    0   50.50    0.00    0.00    0.00    0.00    0.00    0.00    0.00    0.00   49.50
01:33:25 PM    1   51.49    0.00    0.00    0.00    0.00    0.00    0.00    0.00    0.00   48.51

01:33:25 PM  CPU    %usr   %nice    %sys %iowait    %irq   %soft  %steal  %guest  %gnice   %idle
01:33:26 PM    0   40.40    0.00    0.00    0.00    0.00    0.00    0.00    0.00    0.00   59.60
01:33:26 PM    1   53.47    0.00    0.00    0.00    0.00    0.00    0.00    0.00    0.00   46.53

01:33:26 PM  CPU    %usr   %nice    %sys %iowait    %irq   %soft  %steal  %guest  %gnice   %idle
01:33:27 PM    0   53.47    0.00    0.99    0.00    0.00    0.00    0.00    0.00    0.00   45.54
01:33:27 PM    1   44.44    0.00    0.00    0.00    0.00    0.00    0.00    0.00    0.00   55.56

01:33:27 PM  CPU    %usr   %nice    %sys %iowait    %irq   %soft  %steal  %guest  %gnice   %idle
01:33:28 PM    0   39.00    0.00    0.00    1.00    0.00    0.00    0.00    0.00    0.00   60.00
01:33:28 PM    1   48.00    0.00    0.00    0.00    0.00    0.00    0.00    0.00    0.00   52.00

01:33:28 PM  CPU    %usr   %nice    %sys %iowait    %irq   %soft  %steal  %guest  %gnice   %idle
01:33:29 PM    0   57.84    0.00    0.00    0.00    0.00    0.00    0.00    0.00    0.00   42.16
01:33:29 PM    1   47.52    0.00    0.00    0.00    0.00    0.00    0.00    0.00    0.00   52.48

01:33:29 PM  CPU    %usr   %nice    %sys %iowait    %irq   %soft  %steal  %guest  %gnice   %idle
01:33:30 PM    0   49.00    0.00    0.00    1.00    0.00    0.00    0.00    0.00    0.00   50.00
01:33:30 PM    1   41.58    0.00    0.00    0.00    0.00    0.00    0.00    0.00    0.00   58.42

01:33:30 PM  CPU    %usr   %nice    %sys %iowait    %irq   %soft  %steal  %guest  %gnice   %idle
01:33:31 PM    0   46.46    0.00    0.00    0.00    0.00    0.00    0.00    0.00    0.00   53.54
01:33:31 PM    1   56.44    0.00    0.00    0.00    0.00    0.00    0.00    0.00    0.00   43.56

01:33:31 PM  CPU    %usr   %nice    %sys %iowait    %irq   %soft  %steal  %guest  %gnice   %idle
01:33:32 PM    0   48.00    0.00    0.00    0.00    0.00    0.00    0.00    0.00    0.00   52.00
01:33:32 PM    1   45.45    0.00    0.00    0.00    0.00    0.00    0.00    0.00    0.00   54.55

01:33:32 PM  CPU    %usr   %nice    %sys %iowait    %irq   %soft  %steal  %guest  %gnice   %idle
01:33:33 PM    0   43.00    0.00    0.00    0.00    0.00    0.00    0.00    0.00    0.00   57.00
01:33:33 PM    1   54.90    0.00    0.00    0.00    0.00    0.00    0.00    0.00    0.00   45.10

01:33:33 PM  CPU    %usr   %nice    %sys %iowait    %irq   %soft  %steal  %guest  %gnice   %idle
01:33:34 PM    0   43.56    0.00    0.00    0.00    0.00    0.00    0.00    0.00    0.00   56.44
01:33:34 PM    1   48.48    0.00    0.00    0.00    0.00    0.00    0.00    0.00    0.00   51.52

01:33:34 PM  CPU    %usr   %nice    %sys %iowait    %irq   %soft  %steal  %guest  %gnice   %idle
01:33:35 PM    0   51.00    0.00    0.00    0.00    0.00    0.00    0.00    0.00    0.00   49.00
01:33:35 PM    1   50.50    0.00    0.00    0.00    0.00    0.00    0.00    0.00    0.00   49.50

01:33:35 PM  CPU    %usr   %nice    %sys %iowait    %irq   %soft  %steal  %guest  %gnice   %idle
01:33:36 PM    0   44.44    0.00    0.00    0.00    0.00    0.00    0.00    0.00    0.00   55.56
01:33:36 PM    1   45.00    0.00    0.00    0.00    0.00    0.00    0.00    0.00    0.00   55.00

01:33:36 PM  CPU    %usr   %nice    %sys %iowait    %irq   %soft  %steal  %guest  %gnice   %idle
01:33:37 PM    0   52.00    0.00    0.00    0.00    0.00    0.00    0.00    0.00    0.00   48.00
01:33:37 PM    1   50.98    0.00    0.00    0.00    0.00    0.00    0.00    0.00    0.00   49.02

01:33:37 PM  CPU    %usr   %nice    %sys %iowait    %irq   %soft  %steal  %guest  %gnice   %idle
01:33:38 PM    0   44.12    0.00    0.00    1.96    0.00    0.00    0.00    0.00    0.00   53.92
01:33:38 PM    1   49.00    0.00    0.00    0.00    0.00    0.00    0.00    0.00    0.00   51.00

01:33:38 PM  CPU    %usr   %nice    %sys %iowait    %irq   %soft  %steal  %guest  %gnice   %idle
01:33:39 PM    0   52.00    0.00    0.00    0.00    0.00    0.00    0.00    0.00    0.00   48.00
01:33:39 PM    1   46.53    0.00    0.99    0.00    0.00    0.00    0.00    0.00    0.00   52.48

01:33:39 PM  CPU    %usr   %nice    %sys %iowait    %irq   %soft  %steal  %guest  %gnice   %idle
01:33:40 PM    0   38.00    0.00    0.00    1.00    0.00    0.00    0.00    0.00    0.00   61.00
01:33:40 PM    1   52.00    0.00    0.00    0.00    0.00    0.00    0.00    0.00    0.00   48.00

01:33:40 PM  CPU    %usr   %nice    %sys %iowait    %irq   %soft  %steal  %guest  %gnice   %idle
01:33:41 PM    0   53.00    0.00    0.00    0.00    0.00    0.00    0.00    0.00    0.00   47.00
01:33:41 PM    1   47.00    0.00    0.00    0.00    0.00    0.00    0.00    0.00    0.00   53.00

01:33:41 PM  CPU    %usr   %nice    %sys %iowait    %irq   %soft  %steal  %guest  %gnice   %idle
01:33:42 PM    0   47.00    0.00    0.00    0.00    0.00    0.00    0.00    0.00    0.00   53.00
01:33:42 PM    1   44.00    0.00    0.00    0.00    0.00    0.00    0.00    0.00    0.00   56.00

01:33:42 PM  CPU    %usr   %nice    %sys %iowait    %irq   %soft  %steal  %guest  %gnice   %idle
01:33:43 PM    0   48.00    0.00    0.00    1.00    0.00    0.00    0.00    0.00    0.00   51.00
01:33:43 PM    1   55.56    0.00    0.00    0.00    0.00    0.00    0.00    0.00    0.00   44.44

01:33:43 PM  CPU    %usr   %nice    %sys %iowait    %irq   %soft  %steal  %guest  %gnice   %idle
01:33:44 PM    0   50.00    0.00    0.00    0.00    0.00    0.00    0.00    0.00    0.00   50.00
01:33:44 PM    1   44.00    0.00    0.00    0.00    0.00    0.00    0.00    0.00    0.00   56.00

01:33:44 PM  CPU    %usr   %nice    %sys %iowait    %irq   %soft  %steal  %guest  %gnice   %idle
01:33:45 PM    0   52.00    0.00    0.00    0.00    0.00    0.00    0.00    0.00    0.00   48.00
01:33:45 PM    1   48.00    0.00    0.00    0.00    0.00    0.00    0.00    0.00    0.00   52.00

01:33:45 PM  CPU    %usr   %nice    %sys %iowait    %irq   %soft  %steal  %guest  %gnice   %idle
01:33:46 PM    0   50.50    0.00    0.00    0.00    0.00    0.00    0.00    0.00    0.00   49.50
01:33:46 PM    1   39.39    0.00    0.00    0.00    0.00    0.00    0.00    0.00    0.00   60.61

01:33:46 PM  CPU    %usr   %nice    %sys %iowait    %irq   %soft  %steal  %guest  %gnice   %idle
01:33:47 PM    0   50.50    0.00    0.00    0.00    0.00    0.00    0.00    0.00    0.00   49.50
01:33:47 PM    1   51.00    0.00    0.00    0.00    0.00    0.00    0.00    0.00    0.00   49.00

01:33:47 PM  CPU    %usr   %nice    %sys %iowait    %irq   %soft  %steal  %guest  %gnice   %idle
01:33:48 PM    0   46.46    0.00    0.00    0.00    0.00    0.00    0.00    0.00    0.00   53.54
01:33:48 PM    1   42.00    0.00    0.00    0.00    0.00    0.00    0.00    0.00    0.00   58.00

01:33:48 PM  CPU    %usr   %nice    %sys %iowait    %irq   %soft  %steal  %guest  %gnice   %idle
01:33:49 PM    0   52.00    0.00    0.00    0.00    0.00    0.00    0.00    0.00    0.00   48.00
01:33:49 PM    1   50.00    0.00    0.00    0.00    0.00    0.00    0.00    0.00    0.00   50.00

01:33:49 PM  CPU    %usr   %nice    %sys %iowait    %irq   %soft  %steal  %guest  %gnice   %idle
01:33:50 PM    0   50.00    0.00    0.00    0.00    0.00    0.00    0.00    0.00    0.00   50.00
01:33:50 PM    1   45.00    0.00    0.00    0.00    0.00    0.00    0.00    0.00    0.00   55.00

01:33:50 PM  CPU    %usr   %nice    %sys %iowait    %irq   %soft  %steal  %guest  %gnice   %idle
01:33:51 PM    0   46.00    0.00    0.00    0.00    0.00    0.00    0.00    0.00    0.00   54.00
01:33:51 PM    1   54.00    0.00    0.00    0.00    0.00    0.00    0.00    0.00    0.00   46.00

01:33:51 PM  CPU    %usr   %nice    %sys %iowait    %irq   %soft  %steal  %guest  %gnice   %idle
01:33:52 PM    0   44.00    0.00    0.00    0.00    0.00    0.00    0.00    0.00    0.00   56.00
01:33:52 PM    1   44.55    0.00    0.00    0.00    0.00    0.00    0.00    0.00    0.00   55.45

01:33:52 PM  CPU    %usr   %nice    %sys %iowait    %irq   %soft  %steal  %guest  %gnice   %idle
01:33:53 PM    0   51.49    0.00    0.99    1.98    0.00    0.00    0.00    0.00    0.00   45.54
01:33:53 PM    1   52.00    0.00    0.00    0.00    0.00    0.00    0.00    0.00    0.00   48.00

01:33:53 PM  CPU    %usr   %nice    %sys %iowait    %irq   %soft  %steal  %guest  %gnice   %idle
01:33:54 PM    0   46.53    0.00    0.00    0.00    0.00    0.00    0.00    0.00    0.00   53.47
01:33:54 PM    1   40.00    0.00    0.00    0.00    0.00    0.00    0.00    0.00    0.00   60.00

01:33:54 PM  CPU    %usr   %nice    %sys %iowait    %irq   %soft  %steal  %guest  %gnice   %idle
01:33:55 PM    0   52.00    0.00    0.00    0.00    0.00    0.00    0.00    0.00    0.00   48.00
01:33:55 PM    1   52.00    0.00    0.00    0.00    0.00    0.00    0.00    0.00    0.00   48.00

01:33:55 PM  CPU    %usr   %nice    %sys %iowait    %irq   %soft  %steal  %guest  %gnice   %idle
01:33:56 PM    0   49.00    0.00    0.00    0.00    0.00    0.00    0.00    0.00    0.00   51.00
01:33:56 PM    1   43.00    0.00    0.00    0.00    0.00    0.00    0.00    0.00    0.00   57.00

01:33:56 PM  CPU    %usr   %nice    %sys %iowait    %irq   %soft  %steal  %guest  %gnice   %idle
01:33:57 PM    0   45.54    0.00    0.00    0.00    0.00    0.00    0.00    0.00    0.00   54.46
01:33:57 PM    1   53.47    0.00    0.00    0.00    0.00    0.00    0.00    0.00    0.00   46.53

01:33:57 PM  CPU    %usr   %nice    %sys %iowait    %irq   %soft  %steal  %guest  %gnice   %idle
01:33:58 PM    0   41.41    0.00    0.00    0.00    0.00    0.00    0.00    0.00    0.00   58.59
01:33:58 PM    1   45.00    0.00    0.00    0.00    0.00    0.00    0.00    0.00    0.00   55.00

01:33:58 PM  CPU    %usr   %nice    %sys %iowait    %irq   %soft  %steal  %guest  %gnice   %idle
01:33:59 PM    0   49.00    0.00    1.00    0.00    0.00    0.00    0.00    0.00    0.00   50.00
01:33:59 PM    1   57.43    0.00    0.00    0.00    0.00    0.00    0.00    0.00    0.00   42.57

01:33:59 PM  CPU    %usr   %nice    %sys %iowait    %irq   %soft  %steal  %guest  %gnice   %idle
01:34:00 PM    0   48.51    0.00    0.00    0.99    0.00    0.00    0.00    0.00    0.00   50.50
01:34:00 PM    1   41.00    0.00    0.00    0.00    0.00    0.00    0.00    0.00    0.00   59.00

01:34:00 PM  CPU    %usr   %nice    %sys %iowait    %irq   %soft  %steal  %guest  %gnice   %idle
01:34:01 PM    0   53.47    0.00    0.00    0.00    0.00    0.00    0.00    0.00    0.00   46.53
01:34:01 PM    1   50.00    0.00    0.00    0.00    0.00    0.00    0.00    0.00    0.00   50.00

01:34:01 PM  CPU    %usr   %nice    %sys %iowait    %irq   %soft  %steal  %guest  %gnice   %idle
01:34:02 PM    0   48.51    0.00    0.00    0.00    0.00    0.00    0.00    0.00    0.00   51.49
01:34:02 PM    1   45.00    0.00    0.00    0.00    0.00    0.00    0.00    0.00    0.00   55.00

01:34:02 PM  CPU    %usr   %nice    %sys %iowait    %irq   %soft  %steal  %guest  %gnice   %idle
01:34:03 PM    0   52.00    0.00    0.00    0.00    0.00    0.00    0.00    0.00    0.00   48.00
01:34:03 PM    1   49.49    0.00    0.00    0.00    0.00    0.00    0.00    0.00    0.00   50.51

01:34:03 PM  CPU    %usr   %nice    %sys %iowait    %irq   %soft  %steal  %guest  %gnice   %idle
01:34:04 PM    0   48.00    0.00    0.00    0.00    0.00    0.00    0.00    0.00    0.00   52.00
01:34:04 PM    1   41.58    0.00    0.00    0.00    0.00    0.00    0.00    0.00    0.00   58.42

01:34:04 PM  CPU    %usr   %nice    %sys %iowait    %irq   %soft  %steal  %guest  %gnice   %idle
01:34:05 PM    0   51.49    0.00    0.00    0.00    0.00    0.00    0.00    0.00    0.00   48.51
01:34:05 PM    1   50.50    0.00    0.00    0.00    0.00    0.00    0.00    0.00    0.00   49.50

01:34:05 PM  CPU    %usr   %nice    %sys %iowait    %irq   %soft  %steal  %guest  %gnice   %idle
01:34:06 PM    0   40.00    0.00    0.00    0.00    0.00    0.00    0.00    0.00    0.00   60.00
01:34:06 PM    1   44.00    0.00    0.00    0.00    0.00    0.00    0.00    0.00    0.00   56.00

01:34:06 PM  CPU    %usr   %nice    %sys %iowait    %irq   %soft  %steal  %guest  %gnice   %idle
01:34:07 PM    0   57.00    0.00    0.00    0.00    0.00    0.00    0.00    0.00    0.00   43.00
01:34:07 PM    1   49.50    0.00    0.00    0.00    0.00    0.00    0.00    0.00    0.00   50.50

01:34:07 PM  CPU    %usr   %nice    %sys %iowait    %irq   %soft  %steal  %guest  %gnice   %idle
01:34:08 PM    0   53.00    0.00    0.00    0.00    0.00    0.00    0.00    0.00    0.00   47.00
01:34:08 PM    1   41.00    0.00    0.00    0.00    0.00    0.00    0.00    0.00    0.00   59.00

01:34:08 PM  CPU    %usr   %nice    %sys %iowait    %irq   %soft  %steal  %guest  %gnice   %idle
01:34:09 PM    0   55.00    0.00    0.00    0.00    0.00    0.00    0.00    0.00    0.00   45.00
01:34:09 PM    1   43.00    0.00    0.00    0.00    0.00    0.00    0.00    0.00    0.00   57.00

01:34:09 PM  CPU    %usr   %nice    %sys %iowait    %irq   %soft  %steal  %guest  %gnice   %idle
01:34:10 PM    0   47.52    0.00    0.99    0.99    0.00    0.00    0.00    0.00    0.00   50.50
01:34:10 PM    1   39.60    0.00    0.00    0.00    0.00    0.00    0.00    0.00    0.00   60.40

01:34:10 PM  CPU    %usr   %nice    %sys %iowait    %irq   %soft  %steal  %guest  %gnice   %idle
01:34:11 PM    0   53.00    0.00    0.00    0.00    0.00    0.00    0.00    0.00    0.00   47.00
01:34:11 PM    1   53.54    0.00    0.00    0.00    0.00    0.00    0.00    0.00    0.00   46.46

01:34:11 PM  CPU    %usr   %nice    %sys %iowait    %irq   %soft  %steal  %guest  %gnice   %idle
01:34:12 PM    0   40.00    0.00    0.00    0.00    0.00    0.00    0.00    0.00    0.00   60.00
01:34:12 PM    1   50.00    0.00    0.00    0.00    0.00    0.00    0.00    0.00    0.00   50.00

01:34:12 PM  CPU    %usr   %nice    %sys %iowait    %irq   %soft  %steal  %guest  %gnice   %idle
01:34:13 PM    0   51.00    0.00    0.00    1.00    0.00    0.00    0.00    0.00    0.00   48.00
01:34:13 PM    1   51.00    0.00    0.00    0.00    0.00    0.00    0.00    0.00    0.00   49.00

01:34:13 PM  CPU    %usr   %nice    %sys %iowait    %irq   %soft  %steal  %guest  %gnice   %idle
01:34:14 PM    0   48.51    0.00    0.00    0.00    0.00    0.00    0.00    0.00    0.00   51.49
01:34:14 PM    1   43.56    0.00    0.00    0.00    0.00    0.00    0.00    0.00    0.00   56.44

01:34:14 PM  CPU    %usr   %nice    %sys %iowait    %irq   %soft  %steal  %guest  %gnice   %idle
01:34:15 PM    0   52.00    0.00    0.00    0.00    0.00    0.00    0.00    0.00    0.00   48.00
01:34:15 PM    1   46.00    0.00    0.00    0.00    0.00    0.00    0.00    0.00    0.00   54.00

01:34:15 PM  CPU    %usr   %nice    %sys %iowait    %irq   %soft  %steal  %guest  %gnice   %idle
01:34:16 PM    0   48.48    0.00    0.00    0.00    0.00    0.00    0.00    0.00    0.00   51.52
01:34:16 PM    1   41.58    0.00    0.99    0.00    0.00    0.00    0.00    0.00    0.00   57.43

01:34:16 PM  CPU    %usr   %nice    %sys %iowait    %irq   %soft  %steal  %guest  %gnice   %idle
01:34:17 PM    0   49.00    0.00    0.00    0.00    0.00    0.00    0.00    0.00    0.00   51.00
01:34:17 PM    1   51.49    0.00    0.00    0.00    0.00    0.00    0.00    0.00    0.00   48.51

01:34:17 PM  CPU    %usr   %nice    %sys %iowait    %irq   %soft  %steal  %guest  %gnice   %idle
01:34:18 PM    0   43.56    0.00    0.00    0.00    0.00    0.00    0.00    0.00    0.00   56.44
01:34:18 PM    1   44.00    0.00    0.00    0.00    0.00    0.00    0.00    0.00    0.00   56.00

01:34:18 PM  CPU    %usr   %nice    %sys %iowait    %irq   %soft  %steal  %guest  %gnice   %idle
01:34:19 PM    0   56.00    0.00    0.00    1.00    0.00    0.00    0.00    0.00    0.00   43.00
01:34:19 PM    1   51.00    0.00    0.00    0.00    0.00    0.00    0.00    0.00    0.00   49.00

01:34:19 PM  CPU    %usr   %nice    %sys %iowait    %irq   %soft  %steal  %guest  %gnice   %idle
01:34:20 PM    0   49.49    0.00    0.00    1.01    0.00    0.00    0.00    0.00    0.00   49.49
01:34:20 PM    1   43.00    0.00    0.00    0.00    0.00    0.00    0.00    0.00    0.00   57.00

01:34:20 PM  CPU    %usr   %nice    %sys %iowait    %irq   %soft  %steal  %guest  %gnice   %idle
01:34:21 PM    0   52.53    0.00    0.00    0.00    0.00    0.00    0.00    0.00    0.00   47.47
01:34:21 PM    1   47.00    0.00    0.00    0.00    0.00    0.00    0.00    0.00    0.00   53.00

01:34:21 PM  CPU    %usr   %nice    %sys %iowait    %irq   %soft  %steal  %guest  %gnice   %idle
01:34:22 PM    0   37.00    0.00    0.00    0.00    0.00    0.00    0.00    0.00    0.00   63.00
01:34:22 PM    1   49.00    0.00    0.00    0.00    0.00    0.00    0.00    0.00    0.00   51.00

01:34:22 PM  CPU    %usr   %nice    %sys %iowait    %irq   %soft  %steal  %guest  %gnice   %idle
01:34:23 PM    0   54.00    0.00    0.00    0.00    0.00    0.00    0.00    0.00    0.00   46.00
01:34:23 PM    1   54.00    0.00    0.00    0.00    0.00    0.00    0.00    0.00    0.00   46.00

01:34:23 PM  CPU    %usr   %nice    %sys %iowait    %irq   %soft  %steal  %guest  %gnice   %idle
01:34:24 PM    0   45.00    0.00    0.00    0.00    0.00    0.00    0.00    0.00    0.00   55.00
01:34:24 PM    1   44.55    0.00    0.00    0.00    0.00    0.00    0.00    0.00    0.00   55.45

01:34:24 PM  CPU    %usr   %nice    %sys %iowait    %irq   %soft  %steal  %guest  %gnice   %idle
01:34:25 PM    0   50.51    0.00    0.00    0.00    0.00    0.00    0.00    0.00    0.00   49.49
01:34:25 PM    1   51.00    0.00    0.00    0.00    0.00    0.00    0.00    0.00    0.00   49.00

01:34:25 PM  CPU    %usr   %nice    %sys %iowait    %irq   %soft  %steal  %guest  %gnice   %idle
01:34:26 PM    0   48.00    0.00    0.00    0.00    0.00    0.00    0.00    0.00    0.00   52.00
01:34:26 PM    1   45.54    0.00    0.00    0.00    0.00    0.00    0.00    0.00    0.00   54.46

01:34:26 PM  CPU    %usr   %nice    %sys %iowait    %irq   %soft  %steal  %guest  %gnice   %idle
01:34:27 PM    0   52.48    0.00    0.00    0.99    0.00    0.00    0.00    0.00    0.00   46.53
01:34:27 PM    1   45.00    0.00    0.00    0.00    0.00    0.00    0.00    0.00    0.00   55.00

01:34:27 PM  CPU    %usr   %nice    %sys %iowait    %irq   %soft  %steal  %guest  %gnice   %idle
01:34:28 PM    0   45.00    0.00    0.00    0.00    0.00    0.00    0.00    0.00    0.00   55.00
01:34:28 PM    1   41.41    0.00    0.00    0.00    0.00    0.00    0.00    0.00    0.00   58.59

01:34:28 PM  CPU    %usr   %nice    %sys %iowait    %irq   %soft  %steal  %guest  %gnice   %idle
01:34:29 PM    0   47.52    0.00    0.00    0.99    0.00    0.00    0.00    0.00    0.00   51.49
01:34:29 PM    1   58.42    0.00    0.00    0.00    0.00    0.00    0.00    0.00    0.00   41.58

01:34:29 PM  CPU    %usr   %nice    %sys %iowait    %irq   %soft  %steal  %guest  %gnice   %idle
01:34:30 PM    0   40.59    0.00    0.00    0.00    0.00    0.00    0.00    0.00    0.00   59.41
01:34:30 PM    1   47.06    0.00    0.00    0.00    0.00    0.00    0.00    0.00    0.00   52.94

01:34:30 PM  CPU    %usr   %nice    %sys %iowait    %irq   %soft  %steal  %guest  %gnice   %idle
01:34:31 PM    0   52.00    0.00    0.00    0.00    0.00    0.00    0.00    0.00    0.00   48.00
01:34:31 PM    1   51.00    0.00    0.00    0.00    0.00    0.00    0.00    0.00    0.00   49.00

01:34:31 PM  CPU    %usr   %nice    %sys %iowait    %irq   %soft  %steal  %guest  %gnice   %idle
01:34:32 PM    0   44.00    0.00    0.00    0.00    0.00    0.00    0.00    0.00    0.00   56.00
01:34:32 PM    1   48.00    0.00    1.00    0.00    0.00    0.00    0.00    0.00    0.00   51.00

01:34:32 PM  CPU    %usr   %nice    %sys %iowait    %irq   %soft  %steal  %guest  %gnice   %idle
01:34:33 PM    0   46.46    0.00    0.00    0.00    0.00    0.00    0.00    0.00    0.00   53.54
01:34:33 PM    1   53.00    0.00    0.00    0.00    0.00    0.00    0.00    0.00    0.00   47.00

01:34:33 PM  CPU    %usr   %nice    %sys %iowait    %irq   %soft  %steal  %guest  %gnice   %idle
01:34:34 PM    0   47.00    0.00    0.00    0.00    0.00    0.00    0.00    0.00    0.00   53.00
01:34:34 PM    1   42.57    0.00    0.00    0.00    0.00    0.00    0.00    0.00    0.00   57.43

01:34:34 PM  CPU    %usr   %nice    %sys %iowait    %irq   %soft  %steal  %guest  %gnice   %idle
01:34:35 PM    0   47.00    0.00    0.00    0.00    0.00    0.00    0.00    0.00    0.00   53.00
01:34:35 PM    1   56.57    0.00    0.00    0.00    0.00    0.00    0.00    0.00    0.00   43.43

01:34:35 PM  CPU    %usr   %nice    %sys %iowait    %irq   %soft  %steal  %guest  %gnice   %idle
01:34:36 PM    0   47.52    0.00    0.00    0.00    0.00    0.00    0.00    0.00    0.00   52.48
01:34:36 PM    1   44.00    0.00    0.00    0.00    0.00    0.00    0.00    0.00    0.00   56.00

01:34:36 PM  CPU    %usr   %nice    %sys %iowait    %irq   %soft  %steal  %guest  %gnice   %idle
01:34:37 PM    0   51.52    0.00    0.00    0.00    0.00    0.00    0.00    0.00    0.00   48.48
01:34:37 PM    1   50.00    0.00    0.00    0.00    0.00    0.00    0.00    0.00    0.00   50.00

01:34:37 PM  CPU    %usr   %nice    %sys %iowait    %irq   %soft  %steal  %guest  %gnice   %idle
01:34:38 PM    0   49.02    0.00    0.00    0.00    0.00    0.00    0.00    0.00    0.00   50.98
01:34:38 PM    1   43.43    0.00    0.00    0.00    0.00    0.00    0.00    0.00    0.00   56.57

01:34:38 PM  CPU    %usr   %nice    %sys %iowait    %irq   %soft  %steal  %guest  %gnice   %idle
01:34:39 PM    0   42.57    0.00    0.00    0.99    0.00    0.00    0.00    0.00    0.00   56.44
01:34:39 PM    1   56.44    0.00    0.00    0.00    0.00    0.00    0.00    0.00    0.00   43.56

01:34:39 PM  CPU    %usr   %nice    %sys %iowait    %irq   %soft  %steal  %guest  %gnice   %idle
01:34:40 PM    0   37.37    0.00    0.00    1.01    0.00    0.00    0.00    0.00    0.00   61.62
01:34:40 PM    1   51.00    0.00    0.00    0.00    0.00    0.00    0.00    0.00    0.00   49.00

01:34:40 PM  CPU    %usr   %nice    %sys %iowait    %irq   %soft  %steal  %guest  %gnice   %idle
01:34:41 PM    0   49.00    0.00    0.00    0.00    0.00    0.00    0.00    0.00    0.00   51.00
01:34:41 PM    1   54.00    0.00    0.00    0.00    0.00    0.00    0.00    0.00    0.00   46.00

01:34:41 PM  CPU    %usr   %nice    %sys %iowait    %irq   %soft  %steal  %guest  %gnice   %idle
01:34:42 PM    0   45.10    0.00    0.98    0.00    0.00    0.00    0.00    0.00    0.00   53.92
01:34:42 PM    1   44.44    0.00    0.00    0.00    0.00    0.00    0.00    0.00    0.00   55.56

01:34:42 PM  CPU    %usr   %nice    %sys %iowait    %irq   %soft  %steal  %guest  %gnice   %idle
01:34:43 PM    0   57.00    0.00    0.00    0.00    0.00    0.00    0.00    0.00    0.00   43.00
01:34:43 PM    1   49.00    0.00    0.00    0.00    0.00    0.00    0.00    0.00    0.00   51.00

01:34:43 PM  CPU    %usr   %nice    %sys %iowait    %irq   %soft  %steal  %guest  %gnice   %idle
01:34:44 PM    0   43.00    0.00    0.00    1.00    0.00    0.00    0.00    0.00    0.00   56.00
01:34:44 PM    1   49.50    0.00    0.00    0.00    0.00    0.00    0.00    0.00    0.00   50.50

01:34:44 PM  CPU    %usr   %nice    %sys %iowait    %irq   %soft  %steal  %guest  %gnice   %idle
01:34:45 PM    0   49.49    0.00    0.00    0.00    0.00    0.00    0.00    0.00    0.00   50.51
01:34:45 PM    1   51.49    0.00    0.00    0.00    0.00    0.00    0.00    0.00    0.00   48.51

01:34:45 PM  CPU    %usr   %nice    %sys %iowait    %irq   %soft  %steal  %guest  %gnice   %idle
01:34:46 PM    0   39.60    0.00    0.00    0.00    0.00    0.00    0.00    0.00    0.00   60.40
01:34:46 PM    1   47.00    0.00    0.00    0.00    0.00    0.00    0.00    0.00    0.00   53.00

01:34:46 PM  CPU    %usr   %nice    %sys %iowait    %irq   %soft  %steal  %guest  %gnice   %idle
01:34:47 PM    0   53.47    0.00    0.00    0.00    0.00    0.00    0.00    0.00    0.00   46.53
01:34:47 PM    1   54.00    0.00    0.00    0.00    0.00    0.00    0.00    0.00    0.00   46.00

01:34:47 PM  CPU    %usr   %nice    %sys %iowait    %irq   %soft  %steal  %guest  %gnice   %idle
01:34:48 PM    0   44.00    0.00    0.00    0.00    0.00    0.00    0.00    0.00    0.00   56.00
01:34:48 PM    1   43.00    0.00    0.00    0.00    0.00    0.00    0.00    0.00    0.00   57.00

01:34:48 PM  CPU    %usr   %nice    %sys %iowait    %irq   %soft  %steal  %guest  %gnice   %idle
01:34:49 PM    0   52.00    0.00    0.00    1.00    0.00    0.00    0.00    0.00    0.00   47.00
01:34:49 PM    1   49.00    0.00    0.00    0.00    0.00    0.00    0.00    0.00    0.00   51.00

01:34:49 PM  CPU    %usr   %nice    %sys %iowait    %irq   %soft  %steal  %guest  %gnice   %idle
01:34:50 PM    0   45.54    0.00    0.00    0.99    0.00    0.00    0.00    0.00    0.00   53.47
01:34:50 PM    1   49.00    0.00    0.00    0.00    0.00    0.00    0.00    0.00    0.00   51.00

01:34:50 PM  CPU    %usr   %nice    %sys %iowait    %irq   %soft  %steal  %guest  %gnice   %idle
01:34:51 PM    0   54.00    0.00    0.00    0.00    0.00    0.00    0.00    0.00    0.00   46.00
01:34:51 PM    1   45.54    0.00    0.00    0.00    0.00    0.00    0.00    0.00    0.00   54.46

01:34:51 PM  CPU    %usr   %nice    %sys %iowait    %irq   %soft  %steal  %guest  %gnice   %idle
01:34:52 PM    0   44.00    0.00    0.00    0.00    0.00    0.00    0.00    0.00    0.00   56.00
01:34:52 PM    1   47.00    0.00    0.00    0.00    0.00    0.00    0.00    0.00    0.00   53.00

01:34:52 PM  CPU    %usr   %nice    %sys %iowait    %irq   %soft  %steal  %guest  %gnice   %idle
01:34:53 PM    0   52.48    0.00    0.00    0.00    0.00    0.00    0.00    0.00    0.00   47.52
01:34:53 PM    1   51.49    0.00    0.00    0.00    0.00    0.00    0.00    0.00    0.00   48.51

01:34:53 PM  CPU    %usr   %nice    %sys %iowait    %irq   %soft  %steal  %guest  %gnice   %idle
01:34:54 PM    0   41.41    0.00    0.00    1.01    0.00    0.00    0.00    0.00    0.00   57.58
01:34:54 PM    1   43.43    0.00    0.00    0.00    0.00    0.00    0.00    0.00    0.00   56.57

01:34:54 PM  CPU    %usr   %nice    %sys %iowait    %irq   %soft  %steal  %guest  %gnice   %idle
01:34:55 PM    0   52.00    0.00    0.00    0.00    0.00    0.00    0.00    0.00    0.00   48.00
01:34:55 PM    1   50.51    0.00    0.00    0.00    0.00    0.00    0.00    0.00    0.00   49.49

01:34:55 PM  CPU    %usr   %nice    %sys %iowait    %irq   %soft  %steal  %guest  %gnice   %idle
01:34:56 PM    0   41.00    0.00    0.00    0.00    0.00    0.00    0.00    0.00    0.00   59.00
01:34:56 PM    1   53.47    0.00    0.00    0.00    0.00    0.00    0.00    0.00    0.00   46.53

01:34:56 PM  CPU    %usr   %nice    %sys %iowait    %irq   %soft  %steal  %guest  %gnice   %idle
01:34:57 PM    0   52.00    0.00    0.00    0.00    0.00    0.00    0.00    0.00    0.00   48.00
01:34:57 PM    1   46.00    0.00    0.00    0.00    0.00    0.00    0.00    0.00    0.00   54.00

01:34:57 PM  CPU    %usr   %nice    %sys %iowait    %irq   %soft  %steal  %guest  %gnice   %idle
01:34:58 PM    0   36.63    0.00    0.99    0.00    0.00    0.00    0.00    0.00    0.00   62.38
01:34:58 PM    1   49.50    0.00    0.00    0.00    0.00    0.00    0.00    0.00    0.00   50.50

01:34:58 PM  CPU    %usr   %nice    %sys %iowait    %irq   %soft  %steal  %guest  %gnice   %idle
01:34:59 PM    0   53.00    0.00    0.00    1.00    0.00    0.00    0.00    0.00    0.00   46.00
01:34:59 PM    1   50.00    0.00    0.00    0.00    0.00    0.00    0.00    0.00    0.00   50.00

01:34:59 PM  CPU    %usr   %nice    %sys %iowait    %irq   %soft  %steal  %guest  %gnice   %idle
01:35:00 PM    0   39.00    0.00    0.00    0.00    0.00    0.00    0.00    0.00    0.00   61.00
01:35:00 PM    1   49.00    0.00    0.00    0.00    0.00    0.00    0.00    0.00    0.00   51.00

01:35:00 PM  CPU    %usr   %nice    %sys %iowait    %irq   %soft  %steal  %guest  %gnice   %idle
01:35:01 PM    0   55.45    0.00    0.00    0.00    0.00    0.00    0.00    0.00    0.00   44.55
01:35:01 PM    1   53.00    0.00    0.00    0.00    0.00    0.00    0.00    0.00    0.00   47.00

01:35:01 PM  CPU    %usr   %nice    %sys %iowait    %irq   %soft  %steal  %guest  %gnice   %idle
01:35:02 PM    0   46.46    0.00    0.00    0.00    0.00    0.00    0.00    0.00    0.00   53.54
01:35:02 PM    1   47.00    0.00    0.00    0.00    0.00    0.00    0.00    0.00    0.00   53.00

01:35:02 PM  CPU    %usr   %nice    %sys %iowait    %irq   %soft  %steal  %guest  %gnice   %idle
01:35:03 PM    0   47.00    0.00    0.00    0.00    0.00    0.00    0.00    0.00    0.00   53.00
01:35:03 PM    1   52.48    0.00    0.00    0.00    0.00    0.00    0.00    0.00    0.00   47.52

01:35:03 PM  CPU    %usr   %nice    %sys %iowait    %irq   %soft  %steal  %guest  %gnice   %idle
01:35:04 PM    0   40.00    0.00    0.00    0.00    0.00    0.00    0.00    0.00    0.00   60.00
01:35:04 PM    1   49.00    0.00    0.00    0.00    0.00    0.00    0.00    0.00    0.00   51.00

01:35:04 PM  CPU    %usr   %nice    %sys %iowait    %irq   %soft  %steal  %guest  %gnice   %idle
01:35:05 PM    0   52.00    0.00    0.00    0.00    0.00    0.00    0.00    0.00    0.00   48.00
01:35:05 PM    1   51.49    0.00    0.99    0.00    0.00    0.00    0.00    0.00    0.00   47.52

Average:     CPU    %usr   %nice    %sys %iowait    %irq   %soft  %steal  %guest  %gnice   %idle
Average:       0   47.93    0.00    0.05    0.21    0.00    0.00    0.00    0.00    0.00   51.82
Average:       1   48.35    0.00    0.04    0.01    0.00    0.00    0.00    0.00    0.00   51.60
