Linux 5.15.0-122-generic (NEU) 	09/20/2024 	_x86_64_	(16 CPU)

09:06:16 PM   UID       PID    %usr %system  %guest   %wait    %CPU   CPU  Command
09:06:17 PM  1000     72935   39.00    0.00    0.00    0.00   39.00     0  two_node_pipeli
09:06:18 PM  1000     72935   40.59    0.00    0.00    0.00   40.59     0  two_node_pipeli
09:06:19 PM  1000     72935   43.00    0.00    0.00    0.00   43.00     0  two_node_pipeli
09:06:20 PM  1000     72935   35.00    0.00    0.00    0.00   35.00     0  two_node_pipeli
09:06:21 PM  1000     72935   44.00    0.00    0.00    0.00   44.00     0  two_node_pipeli
09:06:22 PM  1000     72935   41.00    0.00    0.00    0.00   41.00     0  two_node_pipeli
09:06:23 PM  1000     72935   35.00    0.00    0.00    0.00   35.00     0  two_node_pipeli
09:06:24 PM  1000     72935   44.00    0.00    0.00    0.00   44.00     0  two_node_pipeli
09:06:25 PM  1000     72935   41.00    0.00    0.00    0.00   41.00     0  two_node_pipeli
09:06:26 PM  1000     72935   36.00    0.00    0.00    0.00   36.00     0  two_node_pipeli
09:06:27 PM  1000     72935   43.00    0.00    0.00    0.00   43.00     0  two_node_pipeli
09:06:28 PM  1000     72935   42.00    0.00    0.00    0.00   42.00     0  two_node_pipeli
09:06:29 PM  1000     72935   38.00    0.00    0.00    0.00   38.00     0  two_node_pipeli
09:06:30 PM  1000     72935   41.00    0.00    0.00    0.00   41.00     0  two_node_pipeli
09:06:31 PM  1000     72935   41.00    0.00    0.00    0.00   41.00     0  two_node_pipeli
09:06:32 PM  1000     72935   35.00    0.00    0.00    0.00   35.00     0  two_node_pipeli
09:06:33 PM  1000     72935   44.00    0.00    0.00    0.00   44.00     0  two_node_pipeli
09:06:34 PM  1000     72935   41.00    0.00    0.00    0.00   41.00     0  two_node_pipeli
09:06:35 PM  1000     72935   36.00    0.00    0.00    0.00   36.00     0  two_node_pipeli
09:06:36 PM  1000     72935   43.00    1.00    0.00    0.00   44.00     0  two_node_pipeli
09:06:37 PM  1000     72935   42.00    0.00    0.00    0.00   42.00     0  two_node_pipeli
09:06:38 PM  1000     72935   35.00    0.00    0.00    0.00   35.00     0  two_node_pipeli
09:06:39 PM  1000     72935   44.00    0.00    0.00    0.00   44.00     0  two_node_pipeli
09:06:40 PM  1000     72935   41.00    0.00    0.00    0.00   41.00     0  two_node_pipeli
09:06:41 PM  1000     72935   35.00    0.00    0.00    0.00   35.00     0  two_node_pipeli
09:06:42 PM  1000     72935   44.00    0.00    0.00    0.00   44.00     0  two_node_pipeli
09:06:43 PM  1000     72935   41.00    0.00    0.00    0.00   41.00     0  two_node_pipeli
09:06:44 PM  1000     72935   36.00    0.00    0.00    0.00   36.00     0  two_node_pipeli
09:06:45 PM  1000     72935   44.00    0.00    0.00    0.00   44.00     0  two_node_pipeli
09:06:46 PM  1000     72935   41.00    0.00    0.00    0.00   41.00     0  two_node_pipeli
09:06:47 PM  1000     72935   36.00    0.00    0.00    0.00   36.00     0  two_node_pipeli
09:06:48 PM  1000     72935   43.00    0.00    0.00    0.00   43.00     0  two_node_pipeli
09:06:49 PM  1000     72935   41.00    0.00    0.00    0.00   41.00     0  two_node_pipeli
09:06:50 PM  1000     72935   39.00    0.00    0.00    0.00   39.00     0  two_node_pipeli
09:06:51 PM  1000     72935   41.00    0.00    0.00    0.00   41.00     0  two_node_pipeli
09:06:52 PM  1000     72935   41.00    0.00    0.00    0.00   41.00     0  two_node_pipeli
09:06:53 PM  1000     72935   36.00    0.00    0.00    0.00   36.00     0  two_node_pipeli
09:06:54 PM  1000     72935   43.00    0.00    0.00    0.00   43.00     0  two_node_pipeli
09:06:55 PM  1000     72935   37.00    0.00    0.00    0.00   37.00     0  two_node_pipeli
09:06:56 PM  1000     72935   40.00    0.00    0.00    0.00   40.00     0  two_node_pipeli
09:06:57 PM  1000     72935   44.00    0.00    0.00    0.00   44.00     0  two_node_pipeli
09:06:58 PM  1000     72935   41.00    0.00    0.00    0.00   41.00     0  two_node_pipeli
09:06:59 PM  1000     72935   36.00    0.00    0.00    0.00   36.00     0  two_node_pipeli
09:07:00 PM  1000     72935   43.00    0.00    0.00    0.00   43.00     0  two_node_pipeli
09:07:01 PM  1000     72935   41.00    0.00    0.00    0.00   41.00     0  two_node_pipeli
09:07:02 PM  1000     72935   35.00    1.00    0.00    0.00   36.00     0  two_node_pipeli
09:07:03 PM  1000     72935   44.00    0.00    0.00    0.00   44.00     0  two_node_pipeli
09:07:04 PM  1000     72935   42.00    0.00    0.00    0.00   42.00     0  two_node_pipeli
09:07:05 PM  1000     72935   35.00    0.00    0.00    0.00   35.00     0  two_node_pipeli
09:07:06 PM  1000     72935   44.00    0.00    0.00    0.00   44.00     0  two_node_pipeli
09:07:07 PM  1000     72935   41.00    0.00    0.00    0.00   41.00     0  two_node_pipeli
09:07:08 PM  1000     72935   38.00    0.00    0.00    0.00   38.00     0  two_node_pipeli
09:07:09 PM  1000     72935   42.00    0.00    0.00    0.00   42.00     0  two_node_pipeli
09:07:10 PM  1000     72935   37.00    0.00    0.00    0.00   37.00     0  two_node_pipeli
09:07:11 PM  1000     72935   39.00    0.00    0.00    0.00   39.00     0  two_node_pipeli
09:07:12 PM  1000     72935   44.00    0.00    0.00    0.00   44.00     0  two_node_pipeli
09:07:13 PM  1000     72935   41.00    0.00    0.00    0.00   41.00     0  two_node_pipeli
09:07:14 PM  1000     72935   39.00    0.00    0.00    0.00   39.00     0  two_node_pipeli
09:07:15 PM  1000     72935   41.00    0.00    0.00    0.00   41.00     0  two_node_pipeli
09:07:16 PM  1000     72935   41.00    0.00    0.00    0.00   41.00     0  two_node_pipeli
09:07:17 PM  1000     72935   39.00    0.00    0.00    0.00   39.00     0  two_node_pipeli
09:07:18 PM  1000     72935   41.00    1.00    0.00    0.00   42.00     0  two_node_pipeli
09:07:19 PM  1000     72935   41.00    0.00    0.00    0.00   41.00     0  two_node_pipeli
09:07:20 PM  1000     72935   35.00    0.00    0.00    0.00   35.00     0  two_node_pipeli
09:07:21 PM  1000     72935   44.00    0.00    0.00    0.00   44.00     0  two_node_pipeli
09:07:22 PM  1000     72935   41.00    0.00    0.00    0.00   41.00     0  two_node_pipeli
09:07:23 PM  1000     72935   38.00    0.00    0.00    0.00   38.00     0  two_node_pipeli
09:07:24 PM  1000     72935   41.00    0.00    0.00    0.00   41.00     0  two_node_pipeli
09:07:25 PM  1000     72935   37.00    0.00    0.00    0.00   37.00     0  two_node_pipeli
09:07:26 PM  1000     72935   40.00    0.00    0.00    0.00   40.00     0  two_node_pipeli
09:07:27 PM  1000     72935   44.00    0.00    0.00    0.00   44.00     0  two_node_pipeli
09:07:28 PM  1000     72935   41.00    0.00    0.00    0.00   41.00     0  two_node_pipeli
09:07:29 PM  1000     72935   35.00    0.00    0.00    0.00   35.00     0  two_node_pipeli
09:07:30 PM  1000     72935   44.00    0.00    0.00    0.00   44.00     0  two_node_pipeli
09:07:31 PM  1000     72935   41.00    0.00    0.00    0.00   41.00     0  two_node_pipeli
09:07:32 PM  1000     72935   38.00    0.00    0.00    0.00   38.00     0  two_node_pipeli
09:07:33 PM  1000     72935   41.00    0.00    0.00    0.00   41.00     0  two_node_pipeli
09:07:34 PM  1000     72935   41.00    0.00    0.00    0.00   41.00     0  two_node_pipeli
09:07:35 PM  1000     72935   35.00    0.00    0.00    0.00   35.00     0  two_node_pipeli
09:07:36 PM  1000     72935   44.00    0.00    0.00    0.00   44.00     0  two_node_pipeli
09:07:37 PM  1000     72935   37.00    0.00    0.00    0.00   37.00     0  two_node_pipeli
09:07:38 PM  1000     72935   40.00    0.00    0.00    0.00   40.00     0  two_node_pipeli
09:07:39 PM  1000     72935   43.00    0.00    0.00    0.00   43.00     0  two_node_pipeli
09:07:40 PM  1000     72935   42.00    0.00    0.00    0.00   42.00     0  two_node_pipeli
09:07:41 PM  1000     72935   35.00    0.00    0.00    0.00   35.00     0  two_node_pipeli
09:07:42 PM  1000     72935   44.00    0.00    0.00    0.00   44.00     0  two_node_pipeli
09:07:43 PM  1000     72935   41.00    0.00    0.00    0.00   41.00     0  two_node_pipeli
09:07:44 PM  1000     72935   38.00    0.00    0.00    0.00   38.00     0  two_node_pipeli
09:07:45 PM  1000     72935   42.00    0.00    0.00    0.00   42.00     0  two_node_pipeli
09:07:46 PM  1000     72935   41.00    0.00    0.00    0.00   41.00     0  two_node_pipeli
09:07:47 PM  1000     72935   38.00    0.00    0.00    0.00   38.00     0  two_node_pipeli
09:07:48 PM  1000     72935   42.00    0.00    0.00    0.00   42.00     0  two_node_pipeli
09:07:49 PM  1000     72935   41.00    0.00    0.00    0.00   41.00     0  two_node_pipeli
09:07:50 PM  1000     72935   35.00    0.00    0.00    0.00   35.00     0  two_node_pipeli
09:07:51 PM  1000     72935   44.00    0.00    0.00    0.00   44.00     0  two_node_pipeli
09:07:52 PM  1000     72935   37.00    0.00    0.00    0.00   37.00     0  two_node_pipeli
09:07:53 PM  1000     72935   40.00    0.00    0.00    0.00   40.00     0  two_node_pipeli
09:07:54 PM  1000     72935   44.00    0.00    0.00    0.00   44.00     0  two_node_pipeli
09:07:55 PM  1000     72935   41.00    0.00    0.00    0.00   41.00     0  two_node_pipeli
09:07:56 PM  1000     72935   35.00    0.00    0.00    0.00   35.00     0  two_node_pipeli
09:07:57 PM  1000     72935   45.00    0.00    0.00    0.00   45.00     0  two_node_pipeli
09:07:58 PM  1000     72935   41.00    0.00    0.00    0.00   41.00     0  two_node_pipeli
09:07:59 PM  1000     72935   35.00    0.00    0.00    0.00   35.00     0  two_node_pipeli
09:08:00 PM  1000     72935   45.00    0.00    0.00    0.00   45.00     0  two_node_pipeli
09:08:01 PM  1000     72935   40.00    0.00    0.00    0.00   40.00     0  two_node_pipeli
09:08:02 PM  1000     72935   36.00    0.00    0.00    0.00   36.00     0  two_node_pipeli
09:08:03 PM  1000     72935   44.00    1.00    0.00    0.00   45.00     0  two_node_pipeli
09:08:04 PM  1000     72935   40.00    0.00    0.00    0.00   40.00     0  two_node_pipeli
09:08:05 PM  1000     72935   36.00    0.00    0.00    0.00   36.00     0  two_node_pipeli
09:08:06 PM  1000     72935   44.00    0.00    0.00    0.00   44.00     0  two_node_pipeli
09:08:07 PM  1000     72935   41.00    0.00    0.00    0.00   41.00     0  two_node_pipeli
09:08:08 PM  1000     72935   35.00    1.00    0.00    0.00   36.00     0  two_node_pipeli
09:08:09 PM  1000     72935   44.00    0.00    0.00    0.00   44.00     0  two_node_pipeli
09:08:10 PM  1000     72935   41.00    0.00    0.00    0.00   41.00     0  two_node_pipeli
09:08:11 PM  1000     72935   35.00    0.00    0.00    0.00   35.00     0  two_node_pipeli
09:08:12 PM  1000     72935   44.00    0.00    0.00    0.00   44.00     0  two_node_pipeli
09:08:13 PM  1000     72935   41.00    0.00    0.00    0.00   41.00     0  two_node_pipeli
09:08:14 PM  1000     72935   38.00    0.00    0.00    0.00   38.00     0  two_node_pipeli
09:08:15 PM  1000     72935   42.00    0.00    0.00    0.00   42.00     0  two_node_pipeli
09:08:16 PM  1000     72935   41.00    0.00    0.00    0.00   41.00     0  two_node_pipeli
09:08:17 PM  1000     72935   35.00    0.00    0.00    0.00   35.00     0  two_node_pipeli
09:08:18 PM  1000     72935   44.00    0.00    0.00    0.00   44.00     0  two_node_pipeli
09:08:19 PM  1000     72935   41.00    0.00    0.00    0.00   41.00     0  two_node_pipeli
09:08:20 PM  1000     72935   36.00    0.00    0.00    0.00   36.00     0  two_node_pipeli
09:08:21 PM  1000     72935   44.00    0.00    0.00    0.00   44.00     0  two_node_pipeli
09:08:22 PM  1000     72935   40.00    1.00    0.00    0.00   41.00     0  two_node_pipeli
09:08:23 PM  1000     72935   38.00    0.00    0.00    0.00   38.00     0  two_node_pipeli
09:08:24 PM  1000     72935   42.00    0.00    0.00    0.00   42.00     0  two_node_pipeli
09:08:25 PM  1000     72935   41.00    0.00    0.00    0.00   41.00     0  two_node_pipeli
09:08:26 PM  1000     72935   38.00    0.00    0.00    0.00   38.00     0  two_node_pipeli
09:08:27 PM  1000     72935   42.00    0.00    0.00    0.00   42.00     0  two_node_pipeli
09:08:28 PM  1000     72935   40.00    1.00    0.00    0.00   41.00     0  two_node_pipeli
09:08:29 PM  1000     72935   36.00    0.00    0.00    0.00   36.00     0  two_node_pipeli
09:08:30 PM  1000     72935   44.00    0.00    0.00    0.00   44.00     0  two_node_pipeli
09:08:31 PM  1000     72935   40.00    0.00    0.00    0.00   40.00     0  two_node_pipeli
09:08:32 PM  1000     72935   36.00    0.00    0.00    0.00   36.00     0  two_node_pipeli
09:08:33 PM  1000     72935   44.00    0.00    0.00    0.00   44.00     0  two_node_pipeli
09:08:34 PM  1000     72935   41.00    0.00    0.00    0.00   41.00     0  two_node_pipeli
09:08:35 PM  1000     72935   35.00    0.00    0.00    0.00   35.00     0  two_node_pipeli
09:08:36 PM  1000     72935   44.00    0.00    0.00    0.00   44.00     0  two_node_pipeli
09:08:37 PM  1000     72935   41.00    1.00    0.00    0.00   42.00     0  two_node_pipeli
09:08:38 PM  1000     72935   35.00    1.00    0.00    0.00   36.00     0  two_node_pipeli
09:08:39 PM  1000     72935   44.00    0.00    0.00    0.00   44.00     0  two_node_pipeli
09:08:40 PM  1000     72935   41.00    0.00    0.00    0.00   41.00     0  two_node_pipeli
09:08:41 PM  1000     72935   35.00    0.00    0.00    0.00   35.00     0  two_node_pipeli
09:08:42 PM  1000     72935   44.00    0.00    0.00    0.00   44.00     0  two_node_pipeli
09:08:43 PM  1000     72935   41.00    0.00    0.00    0.00   41.00     0  two_node_pipeli
09:08:44 PM  1000     72935   39.00    0.00    0.00    0.00   39.00     0  two_node_pipeli
09:08:45 PM  1000     72935   41.00    0.00    0.00    0.00   41.00     0  two_node_pipeli
09:08:46 PM  1000     72935   37.00    0.00    0.00    0.00   37.00     0  two_node_pipeli
09:08:47 PM  1000     72935   39.00    0.00    0.00    0.00   39.00     0  two_node_pipeli
09:08:48 PM  1000     72935   43.00    1.00    0.00    0.00   44.00     0  two_node_pipeli
09:08:49 PM  1000     72935   37.00    0.00    0.00    0.00   37.00     0  two_node_pipeli
09:08:50 PM  1000     72935   40.00    0.00    0.00    0.00   40.00     0  two_node_pipeli
09:08:51 PM  1000     72935   44.00    0.00    0.00    0.00   44.00     0  two_node_pipeli
09:08:52 PM  1000     72935   41.00    0.00    0.00    0.00   41.00     0  two_node_pipeli
09:08:53 PM  1000     72935   35.00    0.00    0.00    0.00   35.00     0  two_node_pipeli
09:08:54 PM  1000     72935   45.00    0.00    0.00    0.00   45.00     0  two_node_pipeli
09:08:55 PM  1000     72935   41.00    0.00    0.00    0.00   41.00     0  two_node_pipeli
09:08:56 PM  1000     72935   36.00    0.00    0.00    0.00   36.00     0  two_node_pipeli
09:08:57 PM  1000     72935   44.00    0.00    0.00    0.00   44.00     0  two_node_pipeli
09:08:58 PM  1000     72935   37.00    0.00    0.00    0.00   37.00     0  two_node_pipeli
09:08:59 PM  1000     72935   39.00    0.00    0.00    0.00   39.00     0  two_node_pipeli
09:09:00 PM  1000     72935   45.00    0.00    0.00    0.00   45.00     0  two_node_pipeli
09:09:01 PM  1000     72935   40.00    0.00    0.00    0.00   40.00     0  two_node_pipeli
09:09:02 PM  1000     72935   36.00    0.00    0.00    0.00   36.00     0  two_node_pipeli
09:09:03 PM  1000     72935   44.00    0.00    0.00    0.00   44.00     0  two_node_pipeli
09:09:04 PM  1000     72935   41.00    0.00    0.00    0.00   41.00     0  two_node_pipeli
09:09:05 PM  1000     72935   35.00    1.00    0.00    0.00   36.00     0  two_node_pipeli
09:09:06 PM  1000     72935   44.00    0.00    0.00    0.00   44.00     0  two_node_pipeli
09:09:07 PM  1000     72935   36.00    0.00    0.00    0.00   36.00     0  two_node_pipeli
09:09:08 PM  1000     72935   40.00    0.00    0.00    0.00   40.00     0  two_node_pipeli
09:09:09 PM  1000     72935   44.00    0.00    0.00    0.00   44.00     0  two_node_pipeli
09:09:10 PM  1000     72935   40.59    0.00    0.00    0.00   40.59     0  two_node_pipeli
09:09:11 PM  1000     72935   35.00    0.00    0.00    0.00   35.00     0  two_node_pipeli
09:09:12 PM  1000     72935   45.00    0.00    0.00    0.00   45.00     0  two_node_pipeli
09:09:13 PM  1000     72935   40.00    0.00    0.00    0.00   40.00     0  two_node_pipeli
09:09:14 PM  1000     72935   36.00    0.00    0.00    0.00   36.00     0  two_node_pipeli
09:09:15 PM  1000     72935   44.00    0.00    0.00    0.00   44.00     0  two_node_pipeli
09:09:16 PM  1000     72935   36.00    0.00    0.00    0.00   36.00     0  two_node_pipeli
Average:     1000     72935   40.12    0.06    0.00    0.00   40.18     -  two_node_pipeli
