Linux 5.15.0-122-generic (NEU) 	09/20/2024 	_x86_64_	(16 CPU)

09:14:30 PM  CPU    %usr   %nice    %sys %iowait    %irq   %soft  %steal  %guest  %gnice   %idle
09:14:31 PM    0   48.00    0.00   27.00    0.00    0.00    1.00    0.00    0.00    0.00   24.00
09:14:31 PM    1   42.86    0.00   31.63    0.00    0.00    1.02    0.00    0.00    0.00   24.49

09:14:31 PM  CPU    %usr   %nice    %sys %iowait    %irq   %soft  %steal  %guest  %gnice   %idle
09:14:32 PM    0   40.40    0.00   30.30    0.00    0.00    1.01    0.00    0.00    0.00   28.28
09:14:32 PM    1   42.57    0.00   28.71    0.00    0.00    0.99    0.00    0.00    0.00   27.72

09:14:32 PM  CPU    %usr   %nice    %sys %iowait    %irq   %soft  %steal  %guest  %gnice   %idle
09:14:33 PM    0   45.45    0.00   28.28    0.00    0.00    0.00    0.00    0.00    0.00   26.26
09:14:33 PM    1   42.86    0.00   30.61    0.00    0.00    0.00    0.00    0.00    0.00   26.53

09:14:33 PM  CPU    %usr   %nice    %sys %iowait    %irq   %soft  %steal  %guest  %gnice   %idle
09:14:34 PM    0   45.00    0.00   27.00    1.00    0.00    1.00    0.00    0.00    0.00   26.00
09:14:34 PM    1   40.00    0.00   33.00    0.00    0.00    1.00    0.00    0.00    0.00   26.00

09:14:34 PM  CPU    %usr   %nice    %sys %iowait    %irq   %soft  %steal  %guest  %gnice   %idle
09:14:35 PM    0   46.94    0.00   24.49    2.04    0.00    0.00    0.00    0.00    0.00   26.53
09:14:35 PM    1   39.39    0.00   31.31    0.00    0.00    1.01    0.00    0.00    0.00   28.28

09:14:35 PM  CPU    %usr   %nice    %sys %iowait    %irq   %soft  %steal  %guest  %gnice   %idle
09:14:36 PM    0   38.38    0.00   34.34    0.00    0.00    1.01    0.00    0.00    0.00   26.26
09:14:36 PM    1   46.00    0.00   27.00    0.00    0.00    0.00    0.00    0.00    0.00   27.00

09:14:36 PM  CPU    %usr   %nice    %sys %iowait    %irq   %soft  %steal  %guest  %gnice   %idle
09:14:37 PM    0   42.86    0.00   31.63    0.00    0.00    0.00    0.00    0.00    0.00   25.51
09:14:37 PM    1   44.44    0.00   30.30    0.00    0.00    0.00    0.00    0.00    0.00   25.25

09:14:37 PM  CPU    %usr   %nice    %sys %iowait    %irq   %soft  %steal  %guest  %gnice   %idle
09:14:38 PM    0   38.38    0.00   32.32    0.00    0.00    1.01    0.00    0.00    0.00   28.28
09:14:38 PM    1   44.00    0.00   27.00    0.00    0.00    1.00    0.00    0.00    0.00   28.00

09:14:38 PM  CPU    %usr   %nice    %sys %iowait    %irq   %soft  %steal  %guest  %gnice   %idle
09:14:39 PM    0   44.00    0.00   29.00    0.00    0.00    0.00    0.00    0.00    0.00   27.00
09:14:39 PM    1   42.86    0.00   29.59    0.00    0.00    0.00    0.00    0.00    0.00   27.55

09:14:39 PM  CPU    %usr   %nice    %sys %iowait    %irq   %soft  %steal  %guest  %gnice   %idle
09:14:40 PM    0   42.42    0.00   31.31    1.01    0.00    1.01    0.00    0.00    0.00   24.24
09:14:40 PM    1   48.48    0.00   27.27    0.00    0.00    0.00    0.00    0.00    0.00   24.24

09:14:40 PM  CPU    %usr   %nice    %sys %iowait    %irq   %soft  %steal  %guest  %gnice   %idle
09:14:41 PM    0   40.40    0.00   30.30    1.01    0.00    1.01    0.00    0.00    0.00   27.27
09:14:41 PM    1   40.40    0.00   30.30    0.00    0.00    0.00    0.00    0.00    0.00   29.29

09:14:41 PM  CPU    %usr   %nice    %sys %iowait    %irq   %soft  %steal  %guest  %gnice   %idle
09:14:42 PM    0   42.57    0.00   33.66    0.00    0.00    0.00    0.00    0.00    0.00   23.76
09:14:42 PM    1   45.45    0.00   30.30    0.00    0.00    0.00    0.00    0.00    0.00   24.24

09:14:42 PM  CPU    %usr   %nice    %sys %iowait    %irq   %soft  %steal  %guest  %gnice   %idle
09:14:43 PM    0   48.48    0.00   27.27    0.00    0.00    1.01    0.00    0.00    0.00   23.23
09:14:43 PM    1   51.00    0.00   25.00    0.00    0.00    1.00    0.00    0.00    0.00   23.00

09:14:43 PM  CPU    %usr   %nice    %sys %iowait    %irq   %soft  %steal  %guest  %gnice   %idle
09:14:44 PM    0   37.00    0.00   33.00    0.00    0.00    0.00    0.00    0.00    0.00   30.00
09:14:44 PM    1   46.00    0.00   24.00    0.00    0.00    1.00    0.00    0.00    0.00   29.00

09:14:44 PM  CPU    %usr   %nice    %sys %iowait    %irq   %soft  %steal  %guest  %gnice   %idle
09:14:45 PM    0   41.41    0.00   31.31    0.00    0.00    1.01    0.00    0.00    0.00   26.26
09:14:45 PM    1   43.00    0.00   30.00    0.00    0.00    0.00    0.00    0.00    0.00   27.00

09:14:45 PM  CPU    %usr   %nice    %sys %iowait    %irq   %soft  %steal  %guest  %gnice   %idle
09:14:46 PM    0   49.00    0.00   26.00    0.00    0.00    1.00    0.00    0.00    0.00   24.00
09:14:46 PM    1   45.36    0.00   29.90    0.00    0.00    0.00    0.00    0.00    0.00   24.74

09:14:46 PM  CPU    %usr   %nice    %sys %iowait    %irq   %soft  %steal  %guest  %gnice   %idle
09:14:47 PM    0   40.40    0.00   30.30    1.01    0.00    0.00    0.00    0.00    0.00   28.28
09:14:47 PM    1   39.00    0.00   31.00    0.00    0.00    0.00    0.00    0.00    0.00   30.00

09:14:47 PM  CPU    %usr   %nice    %sys %iowait    %irq   %soft  %steal  %guest  %gnice   %idle
09:14:48 PM    0   45.00    0.00   27.00    0.00    0.00    1.00    0.00    0.00    0.00   27.00
09:14:48 PM    1   39.39    0.00   33.33    0.00    0.00    1.01    0.00    0.00    0.00   26.26

09:14:48 PM  CPU    %usr   %nice    %sys %iowait    %irq   %soft  %steal  %guest  %gnice   %idle
09:14:49 PM    0   46.46    0.00   27.27    0.00    0.00    1.01    0.00    0.00    0.00   25.25
09:14:49 PM    1   41.00    0.00   31.00    0.00    0.00    1.00    0.00    0.00    0.00   27.00

09:14:49 PM  CPU    %usr   %nice    %sys %iowait    %irq   %soft  %steal  %guest  %gnice   %idle
09:14:50 PM    0   40.40    0.00   30.30    0.00    0.00    0.00    0.00    0.00    0.00   29.29
09:14:50 PM    1   42.86    0.00   27.55    0.00    0.00    0.00    0.00    0.00    0.00   29.59

09:14:50 PM  CPU    %usr   %nice    %sys %iowait    %irq   %soft  %steal  %guest  %gnice   %idle
09:14:51 PM    0   42.57    0.00   29.70    0.00    0.00    0.99    0.00    0.00    0.00   26.73
09:14:51 PM    1   40.00    0.00   32.00    0.00    0.00    1.00    0.00    0.00    0.00   27.00

09:14:51 PM  CPU    %usr   %nice    %sys %iowait    %irq   %soft  %steal  %guest  %gnice   %idle
09:14:52 PM    0   40.82    0.00   31.63    2.04    0.00    1.02    0.00    0.00    0.00   24.49
09:14:52 PM    1   41.41    0.00   32.32    0.00    0.00    0.00    0.00    0.00    0.00   26.26

09:14:52 PM  CPU    %usr   %nice    %sys %iowait    %irq   %soft  %steal  %guest  %gnice   %idle
09:14:53 PM    0   41.58    0.00   29.70    0.00    0.00    0.00    0.00    0.00    0.00   28.71
09:14:53 PM    1   35.00    0.00   34.00    0.00    0.00    1.00    0.00    0.00    0.00   30.00

09:14:53 PM  CPU    %usr   %nice    %sys %iowait    %irq   %soft  %steal  %guest  %gnice   %idle
09:14:54 PM    0   43.00    0.00   29.00    0.00    0.00    1.00    0.00    0.00    0.00   27.00
09:14:54 PM    1   44.00    0.00   29.00    0.00    0.00    0.00    0.00    0.00    0.00   27.00

09:14:54 PM  CPU    %usr   %nice    %sys %iowait    %irq   %soft  %steal  %guest  %gnice   %idle
09:14:55 PM    0   43.43    0.00   29.29    0.00    0.00    1.01    0.00    0.00    0.00   26.26
09:14:55 PM    1   42.86    0.00   30.61    0.00    0.00    0.00    0.00    0.00    0.00   26.53

09:14:55 PM  CPU    %usr   %nice    %sys %iowait    %irq   %soft  %steal  %guest  %gnice   %idle
09:14:56 PM    0   44.44    0.00   26.26    0.00    0.00    0.00    0.00    0.00    0.00   29.29
09:14:56 PM    1   35.64    0.00   33.66    0.00    0.00    0.99    0.00    0.00    0.00   29.70

09:14:56 PM  CPU    %usr   %nice    %sys %iowait    %irq   %soft  %steal  %guest  %gnice   %idle
09:14:57 PM    0   41.58    0.00   31.68    0.00    0.00    0.99    0.00    0.00    0.00   25.74
09:14:57 PM    1   41.41    0.00   31.31    0.00    0.00    0.00    0.00    0.00    0.00   27.27

09:14:57 PM  CPU    %usr   %nice    %sys %iowait    %irq   %soft  %steal  %guest  %gnice   %idle
09:14:58 PM    0   42.86    0.00   30.61    1.02    0.00    0.00    0.00    0.00    0.00   25.51
09:14:58 PM    1   43.43    0.00   30.30    0.00    0.00    1.01    0.00    0.00    0.00   25.25

09:14:58 PM  CPU    %usr   %nice    %sys %iowait    %irq   %soft  %steal  %guest  %gnice   %idle
09:14:59 PM    0   41.00    0.00   29.00    0.00    0.00    1.00    0.00    0.00    0.00   29.00
09:14:59 PM    1   39.00    0.00   31.00    0.00    0.00    0.00    0.00    0.00    0.00   30.00

09:14:59 PM  CPU    %usr   %nice    %sys %iowait    %irq   %soft  %steal  %guest  %gnice   %idle
09:15:00 PM    0   39.39    0.00   33.33    0.00    0.00    0.00    0.00    0.00    0.00   27.27
09:15:00 PM    1   43.43    0.00   29.29    0.00    0.00    0.00    0.00    0.00    0.00   27.27

09:15:00 PM  CPU    %usr   %nice    %sys %iowait    %irq   %soft  %steal  %guest  %gnice   %idle
09:15:01 PM    0   45.45    0.00   28.28    0.00    0.00    1.01    0.00    0.00    0.00   25.25
09:15:01 PM    1   44.00    0.00   31.00    0.00    0.00    1.00    0.00    0.00    0.00   24.00

09:15:01 PM  CPU    %usr   %nice    %sys %iowait    %irq   %soft  %steal  %guest  %gnice   %idle
09:15:02 PM    0   41.58    0.00   30.69    0.00    0.00    0.99    0.00    0.00    0.00   26.73
09:15:02 PM    1   47.47    0.00   25.25    0.00    0.00    1.01    0.00    0.00    0.00   26.26

09:15:02 PM  CPU    %usr   %nice    %sys %iowait    %irq   %soft  %steal  %guest  %gnice   %idle
09:15:03 PM    0   39.39    0.00   33.33    1.01    0.00    1.01    0.00    0.00    0.00   25.25
09:15:03 PM    1   47.00    0.00   26.00    0.00    0.00    0.00    0.00    0.00    0.00   27.00

09:15:03 PM  CPU    %usr   %nice    %sys %iowait    %irq   %soft  %steal  %guest  %gnice   %idle
09:15:04 PM    0   42.00    0.00   30.00    0.00    0.00    1.00    0.00    0.00    0.00   27.00
09:15:04 PM    1   44.90    0.00   28.57    0.00    0.00    0.00    0.00    0.00    0.00   26.53

09:15:04 PM  CPU    %usr   %nice    %sys %iowait    %irq   %soft  %steal  %guest  %gnice   %idle
09:15:05 PM    0   40.00    0.00   31.00    0.00    0.00    0.00    0.00    0.00    0.00   29.00
09:15:05 PM    1   44.00    0.00   27.00    0.00    0.00    0.00    0.00    0.00    0.00   29.00

09:15:05 PM  CPU    %usr   %nice    %sys %iowait    %irq   %soft  %steal  %guest  %gnice   %idle
09:15:06 PM    0   41.00    0.00   31.00    0.00    0.00    1.00    0.00    0.00    0.00   27.00
09:15:06 PM    1   43.00    0.00   29.00    0.00    0.00    1.00    0.00    0.00    0.00   27.00

09:15:06 PM  CPU    %usr   %nice    %sys %iowait    %irq   %soft  %steal  %guest  %gnice   %idle
09:15:07 PM    0   41.41    0.00   32.32    0.00    0.00    1.01    0.00    0.00    0.00   25.25
09:15:07 PM    1   47.47    0.00   26.26    0.00    0.00    0.00    0.00    0.00    0.00   26.26

09:15:07 PM  CPU    %usr   %nice    %sys %iowait    %irq   %soft  %steal  %guest  %gnice   %idle
09:15:08 PM    0   36.36    0.00   33.33    1.01    0.00    0.00    0.00    0.00    0.00   29.29
09:15:08 PM    1   47.47    0.00   23.23    0.00    0.00    0.00    0.00    0.00    0.00   29.29

09:15:08 PM  CPU    %usr   %nice    %sys %iowait    %irq   %soft  %steal  %guest  %gnice   %idle
09:15:09 PM    0   44.00    0.00   29.00    0.00    0.00    0.00    0.00    0.00    0.00   27.00
09:15:09 PM    1   43.00    0.00   29.00    0.00    0.00    1.00    0.00    0.00    0.00   27.00

09:15:09 PM  CPU    %usr   %nice    %sys %iowait    %irq   %soft  %steal  %guest  %gnice   %idle
09:15:10 PM    0   42.00    0.00   31.00    0.00    0.00    1.00    0.00    0.00    0.00   26.00
09:15:10 PM    1   40.40    0.00   33.33    0.00    0.00    0.00    0.00    0.00    0.00   26.26

09:15:10 PM  CPU    %usr   %nice    %sys %iowait    %irq   %soft  %steal  %guest  %gnice   %idle
09:15:11 PM    0   37.00    0.00   33.00    0.00    0.00    1.00    0.00    0.00    0.00   29.00
09:15:11 PM    1   44.90    0.00   25.51    0.00    0.00    0.00    0.00    0.00    0.00   29.59

09:15:11 PM  CPU    %usr   %nice    %sys %iowait    %irq   %soft  %steal  %guest  %gnice   %idle
09:15:12 PM    0   42.42    0.00   30.30    0.00    0.00    0.00    0.00    0.00    0.00   27.27
09:15:12 PM    1   44.00    0.00   28.00    0.00    0.00    1.00    0.00    0.00    0.00   27.00

09:15:12 PM  CPU    %usr   %nice    %sys %iowait    %irq   %soft  %steal  %guest  %gnice   %idle
09:15:13 PM    0   43.00    0.00   30.00    1.00    0.00    0.00    0.00    0.00    0.00   26.00
09:15:13 PM    1   41.58    0.00   31.68    0.00    0.00    0.99    0.00    0.00    0.00   25.74

09:15:13 PM  CPU    %usr   %nice    %sys %iowait    %irq   %soft  %steal  %guest  %gnice   %idle
09:15:14 PM    0   40.40    0.00   30.30    0.00    0.00    0.00    0.00    0.00    0.00   29.29
09:15:14 PM    1   46.94    0.00   23.47    0.00    0.00    0.00    0.00    0.00    0.00   29.59

09:15:14 PM  CPU    %usr   %nice    %sys %iowait    %irq   %soft  %steal  %guest  %gnice   %idle
09:15:15 PM    0   41.58    0.00   30.69    0.00    0.00    0.99    0.00    0.00    0.00   26.73
09:15:15 PM    1   42.00    0.00   31.00    0.00    0.00    0.00    0.00    0.00    0.00   27.00

09:15:15 PM  CPU    %usr   %nice    %sys %iowait    %irq   %soft  %steal  %guest  %gnice   %idle
09:15:16 PM    0   40.82    0.00   31.63    0.00    0.00    1.02    0.00    0.00    0.00   26.53
09:15:16 PM    1   45.45    0.00   28.28    0.00    0.00    0.00    0.00    0.00    0.00   26.26

09:15:16 PM  CPU    %usr   %nice    %sys %iowait    %irq   %soft  %steal  %guest  %gnice   %idle
09:15:17 PM    0   42.86    0.00   28.57    0.00    0.00    0.00    0.00    0.00    0.00   28.57
09:15:17 PM    1   43.88    0.00   26.53    0.00    0.00    0.00    0.00    0.00    0.00   29.59

09:15:17 PM  CPU    %usr   %nice    %sys %iowait    %irq   %soft  %steal  %guest  %gnice   %idle
09:15:18 PM    0   39.22    0.00   32.35    0.98    0.00    0.98    0.00    0.00    0.00   26.47
09:15:18 PM    1   40.40    0.00   31.31    0.00    0.00    0.00    0.00    0.00    0.00   28.28

09:15:18 PM  CPU    %usr   %nice    %sys %iowait    %irq   %soft  %steal  %guest  %gnice   %idle
09:15:19 PM    0   44.44    0.00   29.29    0.00    0.00    1.01    0.00    0.00    0.00   25.25
09:15:19 PM    1   45.92    0.00   27.55    0.00    0.00    0.00    0.00    0.00    0.00   26.53

09:15:19 PM  CPU    %usr   %nice    %sys %iowait    %irq   %soft  %steal  %guest  %gnice   %idle
09:15:20 PM    0   44.44    0.00   26.26    0.00    0.00    0.00    0.00    0.00    0.00   29.29
09:15:20 PM    1   42.00    0.00   28.00    0.00    0.00    0.00    0.00    0.00    0.00   30.00

09:15:20 PM  CPU    %usr   %nice    %sys %iowait    %irq   %soft  %steal  %guest  %gnice   %idle
09:15:21 PM    0   43.56    0.00   28.71    0.00    0.00    0.99    0.00    0.00    0.00   26.73
09:15:21 PM    1   41.58    0.00   30.69    0.00    0.00    0.99    0.00    0.00    0.00   26.73

09:15:21 PM  CPU    %usr   %nice    %sys %iowait    %irq   %soft  %steal  %guest  %gnice   %idle
09:15:22 PM    0   50.00    0.00   25.51    0.00    0.00    0.00    0.00    0.00    0.00   24.49
09:15:22 PM    1   46.94    0.00   28.57    0.00    0.00    0.00    0.00    0.00    0.00   24.49

09:15:22 PM  CPU    %usr   %nice    %sys %iowait    %irq   %soft  %steal  %guest  %gnice   %idle
09:15:23 PM    0   45.45    0.00   26.26    0.00    0.00    0.00    0.00    0.00    0.00   28.28
09:15:23 PM    1   41.58    0.00   30.69    0.00    0.00    0.00    0.00    0.00    0.00   27.72

09:15:23 PM  CPU    %usr   %nice    %sys %iowait    %irq   %soft  %steal  %guest  %gnice   %idle
09:15:24 PM    0   42.57    0.00   29.70    0.99    0.00    0.99    0.00    0.00    0.00   25.74
09:15:24 PM    1   43.43    0.00   29.29    0.00    0.00    1.01    0.00    0.00    0.00   26.26

09:15:24 PM  CPU    %usr   %nice    %sys %iowait    %irq   %soft  %steal  %guest  %gnice   %idle
09:15:25 PM    0   49.00    0.00   24.00    1.00    0.00    1.00    0.00    0.00    0.00   25.00
09:15:25 PM    1   43.30    0.00   29.90    0.00    0.00    0.00    0.00    0.00    0.00   26.80

09:15:25 PM  CPU    %usr   %nice    %sys %iowait    %irq   %soft  %steal  %guest  %gnice   %idle
09:15:26 PM    0   44.44    0.00   26.26    0.00    0.00    0.00    0.00    0.00    0.00   29.29
09:15:26 PM    1   38.00    0.00   32.00    0.00    0.00    0.00    0.00    0.00    0.00   30.00

09:15:26 PM  CPU    %usr   %nice    %sys %iowait    %irq   %soft  %steal  %guest  %gnice   %idle
09:15:27 PM    0   41.58    0.00   30.69    0.00    0.00    0.99    0.00    0.00    0.00   26.73
09:15:27 PM    1   42.00    0.00   30.00    0.00    0.00    1.00    0.00    0.00    0.00   27.00

09:15:27 PM  CPU    %usr   %nice    %sys %iowait    %irq   %soft  %steal  %guest  %gnice   %idle
09:15:28 PM    0   39.39    0.00   33.33    0.00    0.00    1.01    0.00    0.00    0.00   26.26
09:15:28 PM    1   39.80    0.00   33.67    0.00    0.00    0.00    0.00    0.00    0.00   26.53

09:15:28 PM  CPU    %usr   %nice    %sys %iowait    %irq   %soft  %steal  %guest  %gnice   %idle
09:15:29 PM    0   44.55    0.00   26.73    1.98    0.00    0.00    0.00    0.00    0.00   26.73
09:15:29 PM    1   35.00    0.00   34.00    0.00    0.00    1.00    0.00    0.00    0.00   30.00

09:15:29 PM  CPU    %usr   %nice    %sys %iowait    %irq   %soft  %steal  %guest  %gnice   %idle
09:15:30 PM    0   42.00    0.00   30.00    1.00    0.00    1.00    0.00    0.00    0.00   26.00
09:15:30 PM    1   42.42    0.00   31.31    0.00    0.00    0.00    0.00    0.00    0.00   26.26

09:15:30 PM  CPU    %usr   %nice    %sys %iowait    %irq   %soft  %steal  %guest  %gnice   %idle
09:15:31 PM    0   46.46    0.00   27.27    0.00    0.00    0.00    0.00    0.00    0.00   26.26
09:15:31 PM    1   40.40    0.00   31.31    0.00    0.00    1.01    0.00    0.00    0.00   27.27

09:15:31 PM  CPU    %usr   %nice    %sys %iowait    %irq   %soft  %steal  %guest  %gnice   %idle
09:15:32 PM    0   44.44    0.00   28.28    0.00    0.00    0.00    0.00    0.00    0.00   27.27
09:15:32 PM    1   44.00    0.00   28.00    0.00    0.00    1.00    0.00    0.00    0.00   27.00

09:15:32 PM  CPU    %usr   %nice    %sys %iowait    %irq   %soft  %steal  %guest  %gnice   %idle
09:15:33 PM    0   43.56    0.00   28.71    0.00    0.00    0.99    0.00    0.00    0.00   26.73
09:15:33 PM    1   42.27    0.00   29.90    0.00    0.00    0.00    0.00    0.00    0.00   27.84

09:15:33 PM  CPU    %usr   %nice    %sys %iowait    %irq   %soft  %steal  %guest  %gnice   %idle
09:15:34 PM    0   42.42    0.00   31.31    0.00    0.00    0.00    0.00    0.00    0.00   26.26
09:15:34 PM    1   41.41    0.00   32.32    0.00    0.00    0.00    0.00    0.00    0.00   26.26

09:15:34 PM  CPU    %usr   %nice    %sys %iowait    %irq   %soft  %steal  %guest  %gnice   %idle
09:15:35 PM    0   39.60    0.00   29.70    0.99    0.00    0.99    0.00    0.00    0.00   28.71
09:15:35 PM    1   48.48    0.00   22.22    0.00    0.00    0.00    0.00    0.00    0.00   29.29

09:15:35 PM  CPU    %usr   %nice    %sys %iowait    %irq   %soft  %steal  %guest  %gnice   %idle
09:15:36 PM    0   41.84    0.00   31.63    0.00    0.00    0.00    0.00    0.00    0.00   26.53
09:15:36 PM    1   44.00    0.00   28.00    0.00    0.00    1.00    0.00    0.00    0.00   27.00

09:15:36 PM  CPU    %usr   %nice    %sys %iowait    %irq   %soft  %steal  %guest  %gnice   %idle
09:15:37 PM    0   43.43    0.00   29.29    0.00    0.00    0.00    0.00    0.00    0.00   27.27
09:15:37 PM    1   46.00    0.00   28.00    0.00    0.00    0.00    0.00    0.00    0.00   26.00

09:15:37 PM  CPU    %usr   %nice    %sys %iowait    %irq   %soft  %steal  %guest  %gnice   %idle
09:15:38 PM    0   38.38    0.00   31.31    0.00    0.00    1.01    0.00    0.00    0.00   29.29
09:15:38 PM    1   45.45    0.00   25.25    0.00    0.00    0.00    0.00    0.00    0.00   29.29

09:15:38 PM  CPU    %usr   %nice    %sys %iowait    %irq   %soft  %steal  %guest  %gnice   %idle
09:15:39 PM    0   41.00    0.00   32.00    0.00    0.00    0.00    0.00    0.00    0.00   27.00
09:15:39 PM    1   41.58    0.00   30.69    0.00    0.00    0.99    0.00    0.00    0.00   26.73

09:15:39 PM  CPU    %usr   %nice    %sys %iowait    %irq   %soft  %steal  %guest  %gnice   %idle
09:15:40 PM    0   41.84    0.00   30.61    1.02    0.00    1.02    0.00    0.00    0.00   25.51
09:15:40 PM    1   42.27    0.00   30.93    0.00    0.00    0.00    0.00    0.00    0.00   26.80

09:15:40 PM  CPU    %usr   %nice    %sys %iowait    %irq   %soft  %steal  %guest  %gnice   %idle
09:15:41 PM    0   38.00    0.00   33.00    0.00    0.00    0.00    0.00    0.00    0.00   29.00
09:15:41 PM    1   44.44    0.00   26.26    0.00    0.00    0.00    0.00    0.00    0.00   29.29

09:15:41 PM  CPU    %usr   %nice    %sys %iowait    %irq   %soft  %steal  %guest  %gnice   %idle
09:15:42 PM    0   43.43    0.00   29.29    0.00    0.00    0.00    0.00    0.00    0.00   27.27
09:15:42 PM    1   40.40    0.00   32.32    0.00    0.00    0.00    0.00    0.00    0.00   27.27

09:15:42 PM  CPU    %usr   %nice    %sys %iowait    %irq   %soft  %steal  %guest  %gnice   %idle
09:15:43 PM    0   45.45    0.00   28.28    0.00    0.00    0.00    0.00    0.00    0.00   26.26
09:15:43 PM    1   44.55    0.00   28.71    0.00    0.00    0.99    0.00    0.00    0.00   25.74

09:15:43 PM  CPU    %usr   %nice    %sys %iowait    %irq   %soft  %steal  %guest  %gnice   %idle
09:15:44 PM    0   44.00    0.00   27.00    0.00    0.00    1.00    0.00    0.00    0.00   28.00
09:15:44 PM    1   41.84    0.00   28.57    0.00    0.00    0.00    0.00    0.00    0.00   29.59

09:15:44 PM  CPU    %usr   %nice    %sys %iowait    %irq   %soft  %steal  %guest  %gnice   %idle
09:15:45 PM    0   44.00    0.00   28.00    2.00    0.00    0.00    0.00    0.00    0.00   26.00
09:15:45 PM    1   40.40    0.00   32.32    0.00    0.00    0.00    0.00    0.00    0.00   27.27

09:15:45 PM  CPU    %usr   %nice    %sys %iowait    %irq   %soft  %steal  %guest  %gnice   %idle
09:15:46 PM    0   44.00    0.00   29.00    0.00    0.00    1.00    0.00    0.00    0.00   26.00
09:15:46 PM    1   39.39    0.00   33.33    0.00    0.00    1.01    0.00    0.00    0.00   26.26

09:15:46 PM  CPU    %usr   %nice    %sys %iowait    %irq   %soft  %steal  %guest  %gnice   %idle
09:15:47 PM    0   42.86    0.00   27.55    0.00    0.00    0.00    0.00    0.00    0.00   29.59
09:15:47 PM    1   38.61    0.00   31.68    0.00    0.00    0.00    0.00    0.00    0.00   29.70

09:15:47 PM  CPU    %usr   %nice    %sys %iowait    %irq   %soft  %steal  %guest  %gnice   %idle
09:15:48 PM    0   42.00    0.00   31.00    0.00    0.00    1.00    0.00    0.00    0.00   26.00
09:15:48 PM    1   42.42    0.00   30.30    0.00    0.00    0.00    0.00    0.00    0.00   27.27

09:15:48 PM  CPU    %usr   %nice    %sys %iowait    %irq   %soft  %steal  %guest  %gnice   %idle
09:15:49 PM    0   43.43    0.00   29.29    0.00    0.00    1.01    0.00    0.00    0.00   26.26
09:15:49 PM    1   44.90    0.00   28.57    0.00    0.00    0.00    0.00    0.00    0.00   26.53

09:15:49 PM  CPU    %usr   %nice    %sys %iowait    %irq   %soft  %steal  %guest  %gnice   %idle
09:15:50 PM    0   45.45    0.00   26.26    2.02    0.00    0.00    0.00    0.00    0.00   26.26
09:15:50 PM    1   38.38    0.00   31.31    0.00    0.00    1.01    0.00    0.00    0.00   29.29

09:15:50 PM  CPU    %usr   %nice    %sys %iowait    %irq   %soft  %steal  %guest  %gnice   %idle
09:15:51 PM    0   41.58    0.00   30.69    0.00    0.00    0.99    0.00    0.00    0.00   26.73
09:15:51 PM    1   41.41    0.00   31.31    0.00    0.00    0.00    0.00    0.00    0.00   27.27

09:15:51 PM  CPU    %usr   %nice    %sys %iowait    %irq   %soft  %steal  %guest  %gnice   %idle
09:15:52 PM    0   46.00    0.00   27.00    0.00    0.00    1.00    0.00    0.00    0.00   26.00
09:15:52 PM    1   40.40    0.00   31.31    0.00    0.00    1.01    0.00    0.00    0.00   27.27

09:15:52 PM  CPU    %usr   %nice    %sys %iowait    %irq   %soft  %steal  %guest  %gnice   %idle
09:15:53 PM    0   46.94    0.00   26.53    0.00    0.00    0.00    0.00    0.00    0.00   26.53
09:15:53 PM    1   45.45    0.00   28.28    0.00    0.00    1.01    0.00    0.00    0.00   25.25

09:15:53 PM  CPU    %usr   %nice    %sys %iowait    %irq   %soft  %steal  %guest  %gnice   %idle
09:15:54 PM    0   40.59    0.00   31.68    0.00    0.00    0.99    0.00    0.00    0.00   26.73
09:15:54 PM    1   44.00    0.00   28.00    0.00    0.00    1.00    0.00    0.00    0.00   27.00

09:15:54 PM  CPU    %usr   %nice    %sys %iowait    %irq   %soft  %steal  %guest  %gnice   %idle
09:15:55 PM    0   46.39    0.00   28.87    2.06    0.00    0.00    0.00    0.00    0.00   22.68
09:15:55 PM    1   45.45    0.00   30.30    0.00    0.00    0.00    0.00    0.00    0.00   24.24

09:15:55 PM  CPU    %usr   %nice    %sys %iowait    %irq   %soft  %steal  %guest  %gnice   %idle
09:15:56 PM    0   42.16    0.00   28.43    0.00    0.00    0.98    0.00    0.00    0.00   28.43
09:15:56 PM    1   44.00    0.00   27.00    0.00    0.00    0.00    0.00    0.00    0.00   29.00

09:15:56 PM  CPU    %usr   %nice    %sys %iowait    %irq   %soft  %steal  %guest  %gnice   %idle
09:15:57 PM    0   45.45    0.00   29.29    0.00    0.00    0.00    0.00    0.00    0.00   25.25
09:15:57 PM    1   44.00    0.00   30.00    0.00    0.00    1.00    0.00    0.00    0.00   25.00

09:15:57 PM  CPU    %usr   %nice    %sys %iowait    %irq   %soft  %steal  %guest  %gnice   %idle
09:15:58 PM    0   39.80    0.00   32.65    0.00    0.00    1.02    0.00    0.00    0.00   26.53
09:15:58 PM    1   44.44    0.00   29.29    0.00    0.00    0.00    0.00    0.00    0.00   26.26

09:15:58 PM  CPU    %usr   %nice    %sys %iowait    %irq   %soft  %steal  %guest  %gnice   %idle
09:15:59 PM    0   35.00    0.00   35.00    0.00    0.00    1.00    0.00    0.00    0.00   29.00
09:15:59 PM    1   45.00    0.00   27.00    0.00    0.00    0.00    0.00    0.00    0.00   28.00

09:15:59 PM  CPU    %usr   %nice    %sys %iowait    %irq   %soft  %steal  %guest  %gnice   %idle
09:16:00 PM    0   46.00    0.00   27.00    1.00    0.00    0.00    0.00    0.00    0.00   26.00
09:16:00 PM    1   44.00    0.00   28.00    0.00    0.00    1.00    0.00    0.00    0.00   27.00

09:16:00 PM  CPU    %usr   %nice    %sys %iowait    %irq   %soft  %steal  %guest  %gnice   %idle
09:16:01 PM    0   42.42    0.00   30.30    0.00    0.00    1.01    0.00    0.00    0.00   26.26
09:16:01 PM    1   44.90    0.00   28.57    0.00    0.00    0.00    0.00    0.00    0.00   26.53

09:16:01 PM  CPU    %usr   %nice    %sys %iowait    %irq   %soft  %steal  %guest  %gnice   %idle
09:16:02 PM    0   41.00    0.00   30.00    0.00    0.00    1.00    0.00    0.00    0.00   28.00
09:16:02 PM    1   45.45    0.00   27.27    0.00    0.00    0.00    0.00    0.00    0.00   27.27

09:16:02 PM  CPU    %usr   %nice    %sys %iowait    %irq   %soft  %steal  %guest  %gnice   %idle
09:16:03 PM    0   47.47    0.00   28.28    0.00    0.00    0.00    0.00    0.00    0.00   24.24
09:16:03 PM    1   43.00    0.00   32.00    0.00    0.00    0.00    0.00    0.00    0.00   25.00

09:16:03 PM  CPU    %usr   %nice    %sys %iowait    %irq   %soft  %steal  %guest  %gnice   %idle
09:16:04 PM    0   46.94    0.00   28.57    0.00    0.00    0.00    0.00    0.00    0.00   24.49
09:16:04 PM    1   44.44    0.00   31.31    0.00    0.00    0.00    0.00    0.00    0.00   24.24

09:16:04 PM  CPU    %usr   %nice    %sys %iowait    %irq   %soft  %steal  %guest  %gnice   %idle
09:16:05 PM    0   43.00    0.00   29.00    1.00    0.00    0.00    0.00    0.00    0.00   27.00
09:16:05 PM    1   46.94    0.00   25.51    0.00    0.00    0.00    0.00    0.00    0.00   27.55

09:16:05 PM  CPU    %usr   %nice    %sys %iowait    %irq   %soft  %steal  %guest  %gnice   %idle
09:16:06 PM    0   41.41    0.00   30.30    1.01    0.00    0.00    0.00    0.00    0.00   27.27
09:16:06 PM    1   42.00    0.00   30.00    0.00    0.00    1.00    0.00    0.00    0.00   27.00

09:16:06 PM  CPU    %usr   %nice    %sys %iowait    %irq   %soft  %steal  %guest  %gnice   %idle
09:16:07 PM    0   42.00    0.00   33.00    0.00    0.00    1.00    0.00    0.00    0.00   24.00
09:16:07 PM    1   44.00    0.00   31.00    0.00    0.00    0.00    0.00    0.00    0.00   25.00

09:16:07 PM  CPU    %usr   %nice    %sys %iowait    %irq   %soft  %steal  %guest  %gnice   %idle
09:16:08 PM    0   41.58    0.00   29.70    0.00    0.00    0.99    0.00    0.00    0.00   27.72
09:16:08 PM    1   42.86    0.00   28.57    0.00    0.00    1.02    0.00    0.00    0.00   27.55

09:16:08 PM  CPU    %usr   %nice    %sys %iowait    %irq   %soft  %steal  %guest  %gnice   %idle
09:16:09 PM    0   41.41    0.00   31.31    0.00    0.00    0.00    0.00    0.00    0.00   27.27
09:16:09 PM    1   44.44    0.00   28.28    0.00    0.00    0.00    0.00    0.00    0.00   27.27

09:16:09 PM  CPU    %usr   %nice    %sys %iowait    %irq   %soft  %steal  %guest  %gnice   %idle
09:16:10 PM    0   48.00    0.00   27.00    1.00    0.00    1.00    0.00    0.00    0.00   23.00
09:16:10 PM    1   46.46    0.00   28.28    0.00    0.00    0.00    0.00    0.00    0.00   25.25

09:16:10 PM  CPU    %usr   %nice    %sys %iowait    %irq   %soft  %steal  %guest  %gnice   %idle
09:16:11 PM    0   42.86    0.00   27.55    1.02    0.00    0.00    0.00    0.00    0.00   28.57
09:16:11 PM    1   41.00    0.00   29.00    0.00    0.00    1.00    0.00    0.00    0.00   29.00

09:16:11 PM  CPU    %usr   %nice    %sys %iowait    %irq   %soft  %steal  %guest  %gnice   %idle
09:16:12 PM    0   43.00    0.00   29.00    0.00    0.00    1.00    0.00    0.00    0.00   27.00
09:16:12 PM    1   43.00    0.00   29.00    0.00    0.00    1.00    0.00    0.00    0.00   27.00

09:16:12 PM  CPU    %usr   %nice    %sys %iowait    %irq   %soft  %steal  %guest  %gnice   %idle
09:16:13 PM    0   48.51    0.00   27.72    0.00    0.00    0.99    0.00    0.00    0.00   22.77
09:16:13 PM    1   44.00    0.00   32.00    0.00    0.00    0.00    0.00    0.00    0.00   24.00

09:16:13 PM  CPU    %usr   %nice    %sys %iowait    %irq   %soft  %steal  %guest  %gnice   %idle
09:16:14 PM    0   43.43    0.00   29.29    0.00    0.00    0.00    0.00    0.00    0.00   27.27
09:16:14 PM    1   42.27    0.00   30.93    0.00    0.00    0.00    0.00    0.00    0.00   26.80

09:16:14 PM  CPU    %usr   %nice    %sys %iowait    %irq   %soft  %steal  %guest  %gnice   %idle
09:16:15 PM    0   44.90    0.00   27.55    0.00    0.00    1.02    0.00    0.00    0.00   26.53
09:16:15 PM    1   39.00    0.00   34.00    0.00    0.00    0.00    0.00    0.00    0.00   27.00

09:16:15 PM  CPU    %usr   %nice    %sys %iowait    %irq   %soft  %steal  %guest  %gnice   %idle
09:16:16 PM    0   41.58    0.00   32.67    0.99    0.00    0.99    0.00    0.00    0.00   23.76
09:16:16 PM    1   46.00    0.00   28.00    0.00    0.00    1.00    0.00    0.00    0.00   25.00

09:16:16 PM  CPU    %usr   %nice    %sys %iowait    %irq   %soft  %steal  %guest  %gnice   %idle
09:16:17 PM    0   42.42    0.00   28.28    0.00    0.00    0.00    0.00    0.00    0.00   29.29
09:16:17 PM    1   34.34    0.00   35.35    0.00    0.00    1.01    0.00    0.00    0.00   29.29

09:16:17 PM  CPU    %usr   %nice    %sys %iowait    %irq   %soft  %steal  %guest  %gnice   %idle
09:16:18 PM    0   40.82    0.00   31.63    0.00    0.00    1.02    0.00    0.00    0.00   26.53
09:16:18 PM    1   39.60    0.00   33.66    0.00    0.00    0.00    0.00    0.00    0.00   26.73

09:16:18 PM  CPU    %usr   %nice    %sys %iowait    %irq   %soft  %steal  %guest  %gnice   %idle
09:16:19 PM    0   44.55    0.00   28.71    0.00    0.00    0.99    0.00    0.00    0.00   25.74
09:16:19 PM    1   41.84    0.00   31.63    0.00    0.00    0.00    0.00    0.00    0.00   26.53

09:16:19 PM  CPU    %usr   %nice    %sys %iowait    %irq   %soft  %steal  %guest  %gnice   %idle
09:16:20 PM    0   45.45    0.00   25.25    1.01    0.00    0.00    0.00    0.00    0.00   28.28
09:16:20 PM    1   39.00    0.00   31.00    0.00    0.00    1.00    0.00    0.00    0.00   29.00

09:16:20 PM  CPU    %usr   %nice    %sys %iowait    %irq   %soft  %steal  %guest  %gnice   %idle
09:16:21 PM    0   43.56    0.00   28.71    0.00    0.00    0.99    0.00    0.00    0.00   26.73
09:16:21 PM    1   40.40    0.00   32.32    0.00    0.00    0.00    0.00    0.00    0.00   27.27

09:16:21 PM  CPU    %usr   %nice    %sys %iowait    %irq   %soft  %steal  %guest  %gnice   %idle
09:16:22 PM    0   45.45    0.00   28.28    1.01    0.00    0.00    0.00    0.00    0.00   25.25
09:16:22 PM    1   43.88    0.00   28.57    0.00    0.00    1.02    0.00    0.00    0.00   26.53

09:16:22 PM  CPU    %usr   %nice    %sys %iowait    %irq   %soft  %steal  %guest  %gnice   %idle
09:16:23 PM    0   43.14    0.00   27.45    0.00    0.00    0.98    0.00    0.00    0.00   28.43
09:16:23 PM    1   38.78    0.00   31.63    0.00    0.00    0.00    0.00    0.00    0.00   29.59

09:16:23 PM  CPU    %usr   %nice    %sys %iowait    %irq   %soft  %steal  %guest  %gnice   %idle
09:16:24 PM    0   42.86    0.00   30.61    0.00    0.00    0.00    0.00    0.00    0.00   26.53
09:16:24 PM    1   44.44    0.00   28.28    0.00    0.00    0.00    0.00    0.00    0.00   27.27

09:16:24 PM  CPU    %usr   %nice    %sys %iowait    %irq   %soft  %steal  %guest  %gnice   %idle
09:16:25 PM    0   46.53    0.00   27.72    0.00    0.00    0.99    0.00    0.00    0.00   24.75
09:16:25 PM    1   41.58    0.00   32.67    0.00    0.00    0.99    0.00    0.00    0.00   24.75

09:16:25 PM  CPU    %usr   %nice    %sys %iowait    %irq   %soft  %steal  %guest  %gnice   %idle
09:16:26 PM    0   42.42    0.00   29.29    0.00    0.00    0.00    0.00    0.00    0.00   28.28
09:16:26 PM    1   46.46    0.00   26.26    0.00    0.00    0.00    0.00    0.00    0.00   27.27

09:16:26 PM  CPU    %usr   %nice    %sys %iowait    %irq   %soft  %steal  %guest  %gnice   %idle
09:16:27 PM    0   38.78    0.00   33.67    1.02    0.00    0.00    0.00    0.00    0.00   26.53
09:16:27 PM    1   46.00    0.00   27.00    0.00    0.00    0.00    0.00    0.00    0.00   27.00

09:16:27 PM  CPU    %usr   %nice    %sys %iowait    %irq   %soft  %steal  %guest  %gnice   %idle
09:16:28 PM    0   46.00    0.00   28.00    0.00    0.00    2.00    0.00    0.00    0.00   24.00
09:16:28 PM    1   45.45    0.00   28.28    0.00    0.00    1.01    0.00    0.00    0.00   25.25

09:16:28 PM  CPU    %usr   %nice    %sys %iowait    %irq   %soft  %steal  %guest  %gnice   %idle
09:16:29 PM    0   42.42    0.00   30.30    0.00    0.00    0.00    0.00    0.00    0.00   27.27
09:16:29 PM    1   46.46    0.00   27.27    0.00    0.00    0.00    0.00    0.00    0.00   26.26

09:16:29 PM  CPU    %usr   %nice    %sys %iowait    %irq   %soft  %steal  %guest  %gnice   %idle
09:16:30 PM    0   45.54    0.00   28.71    0.00    0.00    0.99    0.00    0.00    0.00   24.75
09:16:30 PM    1   42.86    0.00   30.61    0.00    0.00    0.00    0.00    0.00    0.00   26.53

09:16:30 PM  CPU    %usr   %nice    %sys %iowait    %irq   %soft  %steal  %guest  %gnice   %idle
09:16:31 PM    0   44.44    0.00   28.28    0.00    0.00    1.01    0.00    0.00    0.00   26.26
09:16:31 PM    1   40.00    0.00   32.00    0.00    0.00    1.00    0.00    0.00    0.00   27.00

09:16:31 PM  CPU    %usr   %nice    %sys %iowait    %irq   %soft  %steal  %guest  %gnice   %idle
09:16:32 PM    0   42.42    0.00   28.28    1.01    0.00    0.00    0.00    0.00    0.00   28.28
09:16:32 PM    1   43.00    0.00   28.00    0.00    0.00    0.00    0.00    0.00    0.00   29.00

09:16:32 PM  CPU    %usr   %nice    %sys %iowait    %irq   %soft  %steal  %guest  %gnice   %idle
09:16:33 PM    0   44.44    0.00   28.28    0.00    0.00    0.00    0.00    0.00    0.00   27.27
09:16:33 PM    1   43.00    0.00   29.00    0.00    0.00    1.00    0.00    0.00    0.00   27.00

09:16:33 PM  CPU    %usr   %nice    %sys %iowait    %irq   %soft  %steal  %guest  %gnice   %idle
09:16:34 PM    0   44.00    0.00   29.00    0.00    0.00    1.00    0.00    0.00    0.00   26.00
09:16:34 PM    1   42.86    0.00   30.61    0.00    0.00    0.00    0.00    0.00    0.00   26.53

09:16:34 PM  CPU    %usr   %nice    %sys %iowait    %irq   %soft  %steal  %guest  %gnice   %idle
09:16:35 PM    0   46.00    0.00   24.00    1.00    0.00    1.00    0.00    0.00    0.00   28.00
09:16:35 PM    1   37.62    0.00   32.67    0.00    0.00    0.99    0.00    0.00    0.00   28.71

09:16:35 PM  CPU    %usr   %nice    %sys %iowait    %irq   %soft  %steal  %guest  %gnice   %idle
09:16:36 PM    0   43.43    0.00   30.30    0.00    0.00    0.00    0.00    0.00    0.00   26.26
09:16:36 PM    1   43.88    0.00   29.59    0.00    0.00    0.00    0.00    0.00    0.00   26.53

09:16:36 PM  CPU    %usr   %nice    %sys %iowait    %irq   %soft  %steal  %guest  %gnice   %idle
09:16:37 PM    0   44.90    0.00   28.57    0.00    0.00    1.02    0.00    0.00    0.00   25.51
09:16:37 PM    1   38.61    0.00   33.66    0.00    0.00    0.99    0.00    0.00    0.00   26.73

09:16:37 PM  CPU    %usr   %nice    %sys %iowait    %irq   %soft  %steal  %guest  %gnice   %idle
09:16:38 PM    0   47.52    0.00   22.77    0.00    0.00    0.99    0.00    0.00    0.00   28.71
09:16:38 PM    1   38.38    0.00   32.32    0.00    0.00    0.00    0.00    0.00    0.00   29.29

09:16:38 PM  CPU    %usr   %nice    %sys %iowait    %irq   %soft  %steal  %guest  %gnice   %idle
09:16:39 PM    0   42.42    0.00   30.30    0.00    0.00    0.00    0.00    0.00    0.00   27.27
09:16:39 PM    1   45.92    0.00   27.55    0.00    0.00    0.00    0.00    0.00    0.00   26.53

09:16:39 PM  CPU    %usr   %nice    %sys %iowait    %irq   %soft  %steal  %guest  %gnice   %idle
09:16:40 PM    0   48.48    0.00   25.25    0.00    0.00    1.01    0.00    0.00    0.00   25.25
09:16:40 PM    1   38.38    0.00   35.35    0.00    0.00    1.01    0.00    0.00    0.00   25.25

09:16:40 PM  CPU    %usr   %nice    %sys %iowait    %irq   %soft  %steal  %guest  %gnice   %idle
09:16:41 PM    0   39.00    0.00   32.00    0.00    0.00    1.00    0.00    0.00    0.00   28.00
09:16:41 PM    1   47.00    0.00   24.00    0.00    0.00    0.00    0.00    0.00    0.00   29.00

09:16:41 PM  CPU    %usr   %nice    %sys %iowait    %irq   %soft  %steal  %guest  %gnice   %idle
09:16:42 PM    0   44.00    0.00   29.00    1.00    0.00    0.00    0.00    0.00    0.00   26.00
09:16:42 PM    1   45.45    0.00   27.27    0.00    0.00    1.01    0.00    0.00    0.00   26.26

09:16:42 PM  CPU    %usr   %nice    %sys %iowait    %irq   %soft  %steal  %guest  %gnice   %idle
09:16:43 PM    0   47.47    0.00   28.28    0.00    0.00    1.01    0.00    0.00    0.00   23.23
09:16:43 PM    1   46.46    0.00   30.30    0.00    0.00    0.00    0.00    0.00    0.00   23.23

09:16:43 PM  CPU    %usr   %nice    %sys %iowait    %irq   %soft  %steal  %guest  %gnice   %idle
09:16:44 PM    0   44.44    0.00   27.27    0.00    0.00    0.00    0.00    0.00    0.00   28.28
09:16:44 PM    1   45.00    0.00   28.00    0.00    0.00    0.00    0.00    0.00    0.00   27.00

09:16:44 PM  CPU    %usr   %nice    %sys %iowait    %irq   %soft  %steal  %guest  %gnice   %idle
09:16:45 PM    0   40.00    0.00   33.00    0.00    0.00    1.00    0.00    0.00    0.00   26.00
09:16:45 PM    1   38.78    0.00   34.69    0.00    0.00    0.00    0.00    0.00    0.00   26.53

09:16:45 PM  CPU    %usr   %nice    %sys %iowait    %irq   %soft  %steal  %guest  %gnice   %idle
09:16:46 PM    0   48.51    0.00   27.72    0.99    0.00    0.00    0.00    0.00    0.00   22.77
09:16:46 PM    1   46.94    0.00   28.57    0.00    0.00    0.00    0.00    0.00    0.00   24.49

09:16:46 PM  CPU    %usr   %nice    %sys %iowait    %irq   %soft  %steal  %guest  %gnice   %idle
09:16:47 PM    0   43.00    0.00   31.00    0.00    0.00    0.00    0.00    0.00    0.00   26.00
09:16:47 PM    1   43.00    0.00   31.00    0.00    0.00    1.00    0.00    0.00    0.00   25.00

09:16:47 PM  CPU    %usr   %nice    %sys %iowait    %irq   %soft  %steal  %guest  %gnice   %idle
09:16:48 PM    0   40.40    0.00   32.32    0.00    0.00    1.01    0.00    0.00    0.00   26.26
09:16:48 PM    1   47.00    0.00   26.00    0.00    0.00    0.00    0.00    0.00    0.00   27.00

09:16:48 PM  CPU    %usr   %nice    %sys %iowait    %irq   %soft  %steal  %guest  %gnice   %idle
09:16:49 PM    0   43.88    0.00   29.59    0.00    0.00    0.00    0.00    0.00    0.00   26.53
09:16:49 PM    1   46.46    0.00   26.26    0.00    0.00    1.01    0.00    0.00    0.00   26.26

09:16:49 PM  CPU    %usr   %nice    %sys %iowait    %irq   %soft  %steal  %guest  %gnice   %idle
09:16:50 PM    0   46.08    0.00   25.49    0.98    0.00    0.98    0.00    0.00    0.00   26.47
09:16:50 PM    1   44.44    0.00   28.28    0.00    0.00    0.00    0.00    0.00    0.00   27.27

09:16:50 PM  CPU    %usr   %nice    %sys %iowait    %irq   %soft  %steal  %guest  %gnice   %idle
09:16:51 PM    0   44.90    0.00   29.59    0.00    0.00    0.00    0.00    0.00    0.00   25.51
09:16:51 PM    1   48.00    0.00   28.00    0.00    0.00    0.00    0.00    0.00    0.00   24.00

09:16:51 PM  CPU    %usr   %nice    %sys %iowait    %irq   %soft  %steal  %guest  %gnice   %idle
09:16:52 PM    0   43.00    0.00   30.00    0.00    0.00    1.00    0.00    0.00    0.00   26.00
09:16:52 PM    1   46.94    0.00   26.53    0.00    0.00    0.00    0.00    0.00    0.00   26.53

09:16:52 PM  CPU    %usr   %nice    %sys %iowait    %irq   %soft  %steal  %guest  %gnice   %idle
09:16:53 PM    0   40.00    0.00   31.00    0.00    0.00    1.00    0.00    0.00    0.00   28.00
09:16:53 PM    1   44.90    0.00   26.53    0.00    0.00    0.00    0.00    0.00    0.00   28.57

09:16:53 PM  CPU    %usr   %nice    %sys %iowait    %irq   %soft  %steal  %guest  %gnice   %idle
09:16:54 PM    0   41.41    0.00   31.31    0.00    0.00    0.00    0.00    0.00    0.00   27.27
09:16:54 PM    1   43.00    0.00   29.00    0.00    0.00    1.00    0.00    0.00    0.00   27.00

09:16:54 PM  CPU    %usr   %nice    %sys %iowait    %irq   %soft  %steal  %guest  %gnice   %idle
09:16:55 PM    0   45.45    0.00   28.28    0.00    0.00    1.01    0.00    0.00    0.00   25.25
09:16:55 PM    1   45.00    0.00   30.00    0.00    0.00    0.00    0.00    0.00    0.00   25.00

09:16:55 PM  CPU    %usr   %nice    %sys %iowait    %irq   %soft  %steal  %guest  %gnice   %idle
09:16:56 PM    0   43.88    0.00   28.57    0.00    0.00    0.00    0.00    0.00    0.00   27.55
09:16:56 PM    1   47.00    0.00   25.00    0.00    0.00    1.00    0.00    0.00    0.00   27.00

09:16:56 PM  CPU    %usr   %nice    %sys %iowait    %irq   %soft  %steal  %guest  %gnice   %idle
09:16:57 PM    0   42.00    0.00   30.00    0.00    0.00    1.00    0.00    0.00    0.00   27.00
09:16:57 PM    1   45.00    0.00   28.00    0.00    0.00    0.00    0.00    0.00    0.00   27.00

09:16:57 PM  CPU    %usr   %nice    %sys %iowait    %irq   %soft  %steal  %guest  %gnice   %idle
09:16:58 PM    0   44.00    0.00   30.00    1.00    0.00    1.00    0.00    0.00    0.00   24.00
09:16:58 PM    1   46.39    0.00   27.84    0.00    0.00    0.00    0.00    0.00    0.00   25.77

09:16:58 PM  CPU    %usr   %nice    %sys %iowait    %irq   %soft  %steal  %guest  %gnice   %idle
09:16:59 PM    0   45.00    0.00   26.00    0.00    0.00    0.00    0.00    0.00    0.00   29.00
09:16:59 PM    1   36.36    0.00   33.33    0.00    0.00    1.01    0.00    0.00    0.00   29.29

09:16:59 PM  CPU    %usr   %nice    %sys %iowait    %irq   %soft  %steal  %guest  %gnice   %idle
09:17:00 PM    0   45.00    0.00   28.00    0.00    0.00    1.00    0.00    0.00    0.00   26.00
09:17:00 PM    1   43.00    0.00   29.00    0.00    0.00    1.00    0.00    0.00    0.00   27.00

09:17:00 PM  CPU    %usr   %nice    %sys %iowait    %irq   %soft  %steal  %guest  %gnice   %idle
09:17:01 PM    0   41.41    0.00   32.32    0.00    0.00    0.00    0.00    0.00    0.00   26.26
09:17:01 PM    1   43.30    0.00   28.87    0.00    0.00    0.00    0.00    0.00    0.00   27.84

09:17:01 PM  CPU    %usr   %nice    %sys %iowait    %irq   %soft  %steal  %guest  %gnice   %idle
09:17:02 PM    0   44.00    0.00   27.00    0.00    0.00    1.00    0.00    0.00    0.00   28.00
09:17:02 PM    1   34.34    0.00   36.36    0.00    0.00    1.01    0.00    0.00    0.00   28.28

09:17:02 PM  CPU    %usr   %nice    %sys %iowait    %irq   %soft  %steal  %guest  %gnice   %idle
09:17:03 PM    0   42.00    0.00   31.00    1.00    0.00    0.00    0.00    0.00    0.00   26.00
09:17:03 PM    1   41.00    0.00   32.00    0.00    0.00    0.00    0.00    0.00    0.00   27.00

09:17:03 PM  CPU    %usr   %nice    %sys %iowait    %irq   %soft  %steal  %guest  %gnice   %idle
09:17:04 PM    0   44.00    0.00   29.00    1.00    0.00    1.00    0.00    0.00    0.00   25.00
09:17:04 PM    1   43.88    0.00   28.57    0.00    0.00    1.02    0.00    0.00    0.00   26.53

09:17:04 PM  CPU    %usr   %nice    %sys %iowait    %irq   %soft  %steal  %guest  %gnice   %idle
09:17:05 PM    0   47.96    0.00   23.47    0.00    0.00    0.00    0.00    0.00    0.00   28.57
09:17:05 PM    1   39.39    0.00   31.31    0.00    0.00    0.00    0.00    0.00    0.00   29.29

09:17:05 PM  CPU    %usr   %nice    %sys %iowait    %irq   %soft  %steal  %guest  %gnice   %idle
09:17:06 PM    0   48.48    0.00   25.25    0.00    0.00    0.00    0.00    0.00    0.00   26.26
09:17:06 PM    1   43.00    0.00   30.00    0.00    0.00    0.00    0.00    0.00    0.00   27.00

09:17:06 PM  CPU    %usr   %nice    %sys %iowait    %irq   %soft  %steal  %guest  %gnice   %idle
09:17:07 PM    0   44.44    0.00   28.28    0.00    0.00    1.01    0.00    0.00    0.00   26.26
09:17:07 PM    1   42.86    0.00   29.59    0.00    0.00    1.02    0.00    0.00    0.00   26.53

09:17:07 PM  CPU    %usr   %nice    %sys %iowait    %irq   %soft  %steal  %guest  %gnice   %idle
09:17:08 PM    0   48.00    0.00   24.00    0.00    0.00    0.00    0.00    0.00    0.00   28.00
09:17:08 PM    1   40.00    0.00   30.00    0.00    0.00    1.00    0.00    0.00    0.00   29.00

09:17:08 PM  CPU    %usr   %nice    %sys %iowait    %irq   %soft  %steal  %guest  %gnice   %idle
09:17:09 PM    0   42.57    0.00   29.70    0.99    0.00    0.99    0.00    0.00    0.00   25.74
09:17:09 PM    1   42.42    0.00   30.30    0.00    0.00    0.00    0.00    0.00    0.00   27.27

09:17:09 PM  CPU    %usr   %nice    %sys %iowait    %irq   %soft  %steal  %guest  %gnice   %idle
09:17:10 PM    0   43.88    0.00   28.57    0.00    0.00    1.02    0.00    0.00    0.00   26.53
09:17:10 PM    1   40.82    0.00   32.65    0.00    0.00    0.00    0.00    0.00    0.00   26.53

09:17:10 PM  CPU    %usr   %nice    %sys %iowait    %irq   %soft  %steal  %guest  %gnice   %idle
09:17:11 PM    0   44.00    0.00   28.00    1.00    0.00    0.00    0.00    0.00    0.00   27.00
09:17:11 PM    1   41.00    0.00   29.00    0.00    0.00    1.00    0.00    0.00    0.00   29.00

09:17:11 PM  CPU    %usr   %nice    %sys %iowait    %irq   %soft  %steal  %guest  %gnice   %idle
09:17:12 PM    0   40.00    0.00   33.00    0.00    0.00    1.00    0.00    0.00    0.00   26.00
09:17:12 PM    1   46.00    0.00   29.00    0.00    0.00    0.00    0.00    0.00    0.00   25.00

09:17:12 PM  CPU    %usr   %nice    %sys %iowait    %irq   %soft  %steal  %guest  %gnice   %idle
09:17:13 PM    0   46.46    0.00   29.29    0.00    0.00    0.00    0.00    0.00    0.00   24.24
09:17:13 PM    1   47.00    0.00   29.00    0.00    0.00    1.00    0.00    0.00    0.00   23.00

09:17:13 PM  CPU    %usr   %nice    %sys %iowait    %irq   %soft  %steal  %guest  %gnice   %idle
09:17:14 PM    0   40.40    0.00   30.30    1.01    0.00    1.01    0.00    0.00    0.00   27.27
09:17:14 PM    1   40.40    0.00   30.30    0.00    0.00    0.00    0.00    0.00    0.00   29.29

09:17:14 PM  CPU    %usr   %nice    %sys %iowait    %irq   %soft  %steal  %guest  %gnice   %idle
09:17:15 PM    0   44.00    0.00   29.00    0.00    0.00    0.00    0.00    0.00    0.00   27.00
09:17:15 PM    1   44.00    0.00   28.00    0.00    0.00    1.00    0.00    0.00    0.00   27.00

09:17:15 PM  CPU    %usr   %nice    %sys %iowait    %irq   %soft  %steal  %guest  %gnice   %idle
09:17:16 PM    0   42.00    0.00   31.00    1.00    0.00    1.00    0.00    0.00    0.00   25.00
09:17:16 PM    1   44.90    0.00   28.57    0.00    0.00    0.00    0.00    0.00    0.00   26.53

09:17:16 PM  CPU    %usr   %nice    %sys %iowait    %irq   %soft  %steal  %guest  %gnice   %idle
09:17:17 PM    0   40.40    0.00   30.30    0.00    0.00    1.01    0.00    0.00    0.00   28.28
09:17:17 PM    1   43.00    0.00   29.00    0.00    0.00    1.00    0.00    0.00    0.00   27.00

09:17:17 PM  CPU    %usr   %nice    %sys %iowait    %irq   %soft  %steal  %guest  %gnice   %idle
09:17:18 PM    0   41.00    0.00   32.00    0.00    0.00    0.00    0.00    0.00    0.00   27.00
09:17:18 PM    1   45.45    0.00   27.27    0.00    0.00    0.00    0.00    0.00    0.00   27.27

09:17:18 PM  CPU    %usr   %nice    %sys %iowait    %irq   %soft  %steal  %guest  %gnice   %idle
09:17:19 PM    0   42.00    0.00   30.00    1.00    0.00    1.00    0.00    0.00    0.00   26.00
09:17:19 PM    1   42.86    0.00   30.61    0.00    0.00    0.00    0.00    0.00    0.00   26.53

09:17:19 PM  CPU    %usr   %nice    %sys %iowait    %irq   %soft  %steal  %guest  %gnice   %idle
09:17:20 PM    0   40.82    0.00   30.61    0.00    0.00    0.00    0.00    0.00    0.00   28.57
09:17:20 PM    1   44.90    0.00   26.53    0.00    0.00    0.00    0.00    0.00    0.00   28.57

09:17:20 PM  CPU    %usr   %nice    %sys %iowait    %irq   %soft  %steal  %guest  %gnice   %idle
09:17:21 PM    0   42.00    0.00   31.00    0.00    0.00    1.00    0.00    0.00    0.00   26.00
09:17:21 PM    1   44.00    0.00   29.00    0.00    0.00    0.00    0.00    0.00    0.00   27.00

09:17:21 PM  CPU    %usr   %nice    %sys %iowait    %irq   %soft  %steal  %guest  %gnice   %idle
09:17:22 PM    0   44.44    0.00   29.29    0.00    0.00    1.01    0.00    0.00    0.00   25.25
09:17:22 PM    1   46.94    0.00   26.53    0.00    0.00    0.00    0.00    0.00    0.00   26.53

09:17:22 PM  CPU    %usr   %nice    %sys %iowait    %irq   %soft  %steal  %guest  %gnice   %idle
09:17:23 PM    0   42.42    0.00   30.30    0.00    0.00    0.00    0.00    0.00    0.00   27.27
09:17:23 PM    1   44.44    0.00   29.29    0.00    0.00    0.00    0.00    0.00    0.00   26.26

09:17:23 PM  CPU    %usr   %nice    %sys %iowait    %irq   %soft  %steal  %guest  %gnice   %idle
09:17:24 PM    0   42.42    0.00   30.30    0.00    0.00    0.00    0.00    0.00    0.00   27.27
09:17:24 PM    1   44.44    0.00   28.28    0.00    0.00    0.00    0.00    0.00    0.00   27.27

09:17:24 PM  CPU    %usr   %nice    %sys %iowait    %irq   %soft  %steal  %guest  %gnice   %idle
09:17:25 PM    0   39.60    0.00   32.67    0.99    0.00    0.99    0.00    0.00    0.00   25.74
09:17:25 PM    1   41.84    0.00   31.63    0.00    0.00    0.00    0.00    0.00    0.00   26.53

09:17:25 PM  CPU    %usr   %nice    %sys %iowait    %irq   %soft  %steal  %guest  %gnice   %idle
09:17:26 PM    0   40.00    0.00   31.00    1.00    0.00    1.00    0.00    0.00    0.00   27.00
09:17:26 PM    1   46.53    0.00   26.73    0.00    0.00    0.00    0.00    0.00    0.00   26.73

09:17:26 PM  CPU    %usr   %nice    %sys %iowait    %irq   %soft  %steal  %guest  %gnice   %idle
09:17:27 PM    0   45.45    0.00   30.30    0.00    0.00    0.00    0.00    0.00    0.00   24.24
09:17:27 PM    1   46.46    0.00   28.28    0.00    0.00    0.00    0.00    0.00    0.00   25.25

09:17:27 PM  CPU    %usr   %nice    %sys %iowait    %irq   %soft  %steal  %guest  %gnice   %idle
09:17:28 PM    0   44.44    0.00   29.29    0.00    0.00    1.01    0.00    0.00    0.00   25.25
09:17:28 PM    1   46.46    0.00   28.28    0.00    0.00    1.01    0.00    0.00    0.00   24.24

09:17:28 PM  CPU    %usr   %nice    %sys %iowait    %irq   %soft  %steal  %guest  %gnice   %idle
09:17:29 PM    0   43.56    0.00   26.73    0.00    0.00    0.99    0.00    0.00    0.00   28.71
09:17:29 PM    1   45.92    0.00   25.51    0.00    0.00    0.00    0.00    0.00    0.00   28.57

09:17:29 PM  CPU    %usr   %nice    %sys %iowait    %irq   %soft  %steal  %guest  %gnice   %idle
09:17:30 PM    0   42.27    0.00   30.93    0.00    0.00    0.00    0.00    0.00    0.00   26.80
09:17:30 PM    1   43.00    0.00   30.00    0.00    0.00    0.00    0.00    0.00    0.00   27.00

Average:     CPU    %usr   %nice    %sys %iowait    %irq   %soft  %steal  %guest  %gnice   %idle
Average:       0   43.14    0.00   29.43    0.28    0.00    0.56    0.00    0.00    0.00   26.60
Average:       1   43.12    0.00   29.50    0.00    0.00    0.37    0.00    0.00    0.00   27.01
