Linux 5.15.0-122-generic (NEU) 	09/20/2024 	_x86_64_	(16 CPU)

01:23:49 PM  CPU    %usr   %nice    %sys %iowait    %irq   %soft  %steal  %guest  %gnice   %idle
01:23:50 PM    0   28.28    0.00    0.00    1.01    0.00    0.00    0.00    0.00    0.00   70.71
01:23:50 PM    1   29.29    0.00    0.00    0.00    0.00    0.00    0.00    0.00    0.00   70.71

01:23:50 PM  CPU    %usr   %nice    %sys %iowait    %irq   %soft  %steal  %guest  %gnice   %idle
01:23:51 PM    0   31.31    0.00    0.00    0.00    0.00    0.00    0.00    0.00    0.00   68.69
01:23:51 PM    1   34.00    0.00    0.00    0.00    0.00    0.00    0.00    0.00    0.00   66.00

01:23:51 PM  CPU    %usr   %nice    %sys %iowait    %irq   %soft  %steal  %guest  %gnice   %idle
01:23:52 PM    0   40.00    0.00    0.00    1.00    0.00    0.00    0.00    0.00    0.00   59.00
01:23:52 PM    1   39.39    0.00    0.00    0.00    0.00    0.00    0.00    0.00    0.00   60.61

01:23:52 PM  CPU    %usr   %nice    %sys %iowait    %irq   %soft  %steal  %guest  %gnice   %idle
01:23:53 PM    0   31.31    0.00    0.00    0.00    0.00    0.00    0.00    0.00    0.00   68.69
01:23:53 PM    1   33.66    0.00    0.00    0.00    0.00    0.00    0.00    0.00    0.00   66.34

01:23:53 PM  CPU    %usr   %nice    %sys %iowait    %irq   %soft  %steal  %guest  %gnice   %idle
01:23:54 PM    0   25.00    0.00    0.00    0.00    0.00    0.00    0.00    0.00    0.00   75.00
01:23:54 PM    1   31.63    0.00    0.00    0.00    0.00    0.00    0.00    0.00    0.00   68.37

01:23:54 PM  CPU    %usr   %nice    %sys %iowait    %irq   %soft  %steal  %guest  %gnice   %idle
01:23:55 PM    0   37.37    0.00    0.00    1.01    0.00    0.00    0.00    0.00    0.00   61.62
01:23:55 PM    1   40.82    0.00    0.00    0.00    0.00    0.00    0.00    0.00    0.00   59.18

01:23:55 PM  CPU    %usr   %nice    %sys %iowait    %irq   %soft  %steal  %guest  %gnice   %idle
01:23:56 PM    0   31.68    0.00    0.00    0.00    0.00    0.00    0.00    0.00    0.00   68.32
01:23:56 PM    1   33.00    0.00    0.00    0.00    0.00    0.00    0.00    0.00    0.00   67.00

01:23:56 PM  CPU    %usr   %nice    %sys %iowait    %irq   %soft  %steal  %guest  %gnice   %idle
01:23:57 PM    0   27.27    0.00    0.00    0.00    0.00    0.00    0.00    0.00    0.00   72.73
01:23:57 PM    1   30.30    0.00    0.00    0.00    0.00    0.00    0.00    0.00    0.00   69.70

01:23:57 PM  CPU    %usr   %nice    %sys %iowait    %irq   %soft  %steal  %guest  %gnice   %idle
01:23:58 PM    0   40.59    0.00    0.00    0.99    0.00    0.00    0.00    0.00    0.00   58.42
01:23:58 PM    1   39.00    0.00    0.00    0.00    0.00    0.00    0.00    0.00    0.00   61.00

01:23:58 PM  CPU    %usr   %nice    %sys %iowait    %irq   %soft  %steal  %guest  %gnice   %idle
01:23:59 PM    0   28.28    0.00    0.00    0.00    0.00    0.00    0.00    0.00    0.00   71.72
01:23:59 PM    1   35.00    0.00    0.00    0.00    0.00    0.00    0.00    0.00    0.00   65.00

01:23:59 PM  CPU    %usr   %nice    %sys %iowait    %irq   %soft  %steal  %guest  %gnice   %idle
01:24:00 PM    0   28.28    0.00    0.00    0.00    0.00    0.00    0.00    0.00    0.00   71.72
01:24:00 PM    1   29.00    0.00    0.00    0.00    0.00    0.00    0.00    0.00    0.00   71.00

01:24:00 PM  CPU    %usr   %nice    %sys %iowait    %irq   %soft  %steal  %guest  %gnice   %idle
01:24:01 PM    0   42.00    0.00    0.00    0.00    0.00    0.00    0.00    0.00    0.00   58.00
01:24:01 PM    1   39.39    0.00    0.00    0.00    0.00    0.00    0.00    0.00    0.00   60.61

01:24:01 PM  CPU    %usr   %nice    %sys %iowait    %irq   %soft  %steal  %guest  %gnice   %idle
01:24:02 PM    0   36.00    0.00    0.00    0.00    0.00    0.00    0.00    0.00    0.00   64.00
01:24:02 PM    1   27.00    0.00    0.00    0.00    0.00    0.00    0.00    0.00    0.00   73.00

01:24:02 PM  CPU    %usr   %nice    %sys %iowait    %irq   %soft  %steal  %guest  %gnice   %idle
01:24:03 PM    0   31.31    0.00    0.00    0.00    0.00    0.00    0.00    0.00    0.00   68.69
01:24:03 PM    1   31.00    0.00    0.00    0.00    0.00    0.00    0.00    0.00    0.00   69.00

01:24:03 PM  CPU    %usr   %nice    %sys %iowait    %irq   %soft  %steal  %guest  %gnice   %idle
01:24:04 PM    0   41.41    0.00    0.00    0.00    0.00    0.00    0.00    0.00    0.00   58.59
01:24:04 PM    1   30.30    0.00    0.00    0.00    0.00    0.00    0.00    0.00    0.00   69.70

01:24:04 PM  CPU    %usr   %nice    %sys %iowait    %irq   %soft  %steal  %guest  %gnice   %idle
01:24:05 PM    0   34.65    0.00    0.99    0.99    0.00    0.00    0.00    0.00    0.00   63.37
01:24:05 PM    1   27.00    0.00    0.00    0.00    0.00    0.00    0.00    0.00    0.00   73.00

01:24:05 PM  CPU    %usr   %nice    %sys %iowait    %irq   %soft  %steal  %guest  %gnice   %idle
01:24:06 PM    0   28.28    0.00    0.00    0.00    0.00    0.00    0.00    0.00    0.00   71.72
01:24:06 PM    1   29.29    0.00    1.01    0.00    0.00    0.00    0.00    0.00    0.00   69.70

01:24:06 PM  CPU    %usr   %nice    %sys %iowait    %irq   %soft  %steal  %guest  %gnice   %idle
01:24:07 PM    0   36.73    0.00    0.00    0.00    0.00    0.00    0.00    0.00    0.00   63.27
01:24:07 PM    1   41.58    0.00    0.00    0.00    0.00    0.00    0.00    0.00    0.00   58.42

01:24:07 PM  CPU    %usr   %nice    %sys %iowait    %irq   %soft  %steal  %guest  %gnice   %idle
01:24:08 PM    0   29.00    0.00    0.00    0.00    0.00    0.00    0.00    0.00    0.00   71.00
01:24:08 PM    1   34.34    0.00    0.00    0.00    0.00    0.00    0.00    0.00    0.00   65.66

01:24:08 PM  CPU    %usr   %nice    %sys %iowait    %irq   %soft  %steal  %guest  %gnice   %idle
01:24:09 PM    0   33.00    0.00    0.00    0.00    0.00    0.00    0.00    0.00    0.00   67.00
01:24:09 PM    1   31.00    0.00    0.00    0.00    0.00    0.00    0.00    0.00    0.00   69.00

01:24:09 PM  CPU    %usr   %nice    %sys %iowait    %irq   %soft  %steal  %guest  %gnice   %idle
01:24:10 PM    0   36.36    0.00    0.00    1.01    0.00    0.00    0.00    0.00    0.00   62.63
01:24:10 PM    1   36.00    0.00    0.00    0.00    0.00    0.00    0.00    0.00    0.00   64.00

01:24:10 PM  CPU    %usr   %nice    %sys %iowait    %irq   %soft  %steal  %guest  %gnice   %idle
01:24:11 PM    0   31.00    0.00    0.00    0.00    0.00    0.00    0.00    0.00    0.00   69.00
01:24:11 PM    1   32.32    0.00    0.00    0.00    0.00    0.00    0.00    0.00    0.00   67.68

01:24:11 PM  CPU    %usr   %nice    %sys %iowait    %irq   %soft  %steal  %guest  %gnice   %idle
01:24:12 PM    0   27.55    0.00    0.00    0.00    0.00    0.00    0.00    0.00    0.00   72.45
01:24:12 PM    1   30.00    0.00    0.00    0.00    0.00    0.00    0.00    0.00    0.00   70.00

01:24:12 PM  CPU    %usr   %nice    %sys %iowait    %irq   %soft  %steal  %guest  %gnice   %idle
01:24:13 PM    0   36.63    0.00    0.00    0.00    0.00    0.00    0.00    0.00    0.00   63.37
01:24:13 PM    1   42.42    0.00    0.00    0.00    0.00    0.00    0.00    0.00    0.00   57.58

01:24:13 PM  CPU    %usr   %nice    %sys %iowait    %irq   %soft  %steal  %guest  %gnice   %idle
01:24:14 PM    0   29.29    0.00    0.00    0.00    0.00    0.00    0.00    0.00    0.00   70.71
01:24:14 PM    1   33.00    0.00    0.00    0.00    0.00    0.00    0.00    0.00    0.00   67.00

01:24:14 PM  CPU    %usr   %nice    %sys %iowait    %irq   %soft  %steal  %guest  %gnice   %idle
01:24:15 PM    0   27.27    0.00    0.00    0.00    0.00    0.00    0.00    0.00    0.00   72.73
01:24:15 PM    1   30.30    0.00    0.00    0.00    0.00    0.00    0.00    0.00    0.00   69.70

01:24:15 PM  CPU    %usr   %nice    %sys %iowait    %irq   %soft  %steal  %guest  %gnice   %idle
01:24:16 PM    0   40.00    0.00    0.00    1.00    0.00    0.00    0.00    0.00    0.00   59.00
01:24:16 PM    1   38.38    0.00    0.00    0.00    0.00    0.00    0.00    0.00    0.00   61.62

01:24:16 PM  CPU    %usr   %nice    %sys %iowait    %irq   %soft  %steal  %guest  %gnice   %idle
01:24:17 PM    0   26.00    0.00    0.00    0.00    0.00    0.00    0.00    0.00    0.00   74.00
01:24:17 PM    1   32.00    0.00    1.00    0.00    0.00    0.00    0.00    0.00    0.00   67.00

01:24:17 PM  CPU    %usr   %nice    %sys %iowait    %irq   %soft  %steal  %guest  %gnice   %idle
01:24:18 PM    0   31.31    0.00    0.00    0.00    0.00    0.00    0.00    0.00    0.00   68.69
01:24:18 PM    1   33.33    0.00    0.00    0.00    0.00    0.00    0.00    0.00    0.00   66.67

01:24:18 PM  CPU    %usr   %nice    %sys %iowait    %irq   %soft  %steal  %guest  %gnice   %idle
01:24:19 PM    0   37.00    0.00    0.00    0.00    0.00    0.00    0.00    0.00    0.00   63.00
01:24:19 PM    1   41.00    0.00    0.00    0.00    0.00    0.00    0.00    0.00    0.00   59.00

01:24:19 PM  CPU    %usr   %nice    %sys %iowait    %irq   %soft  %steal  %guest  %gnice   %idle
01:24:20 PM    0   30.30    0.00    0.00    1.01    0.00    0.00    0.00    0.00    0.00   68.69
01:24:20 PM    1   32.32    0.00    0.00    0.00    0.00    0.00    0.00    0.00    0.00   67.68

01:24:20 PM  CPU    %usr   %nice    %sys %iowait    %irq   %soft  %steal  %guest  %gnice   %idle
01:24:21 PM    0   29.00    0.00    0.00    1.00    0.00    0.00    0.00    0.00    0.00   70.00
01:24:21 PM    1   30.00    0.00    0.00    0.00    0.00    0.00    0.00    0.00    0.00   70.00

01:24:21 PM  CPU    %usr   %nice    %sys %iowait    %irq   %soft  %steal  %guest  %gnice   %idle
01:24:22 PM    0   38.00    0.00    0.00    0.00    0.00    0.00    0.00    0.00    0.00   62.00
01:24:22 PM    1   41.41    0.00    0.00    0.00    0.00    0.00    0.00    0.00    0.00   58.59

01:24:22 PM  CPU    %usr   %nice    %sys %iowait    %irq   %soft  %steal  %guest  %gnice   %idle
01:24:23 PM    0   29.59    0.00    0.00    0.00    0.00    0.00    0.00    0.00    0.00   70.41
01:24:23 PM    1   33.66    0.00    0.00    0.00    0.00    0.00    0.00    0.00    0.00   66.34

01:24:23 PM  CPU    %usr   %nice    %sys %iowait    %irq   %soft  %steal  %guest  %gnice   %idle
01:24:24 PM    0   27.72    0.00    0.00    0.00    0.00    0.00    0.00    0.00    0.00   72.28
01:24:24 PM    1   31.31    0.00    0.00    0.00    0.00    0.00    0.00    0.00    0.00   68.69

01:24:24 PM  CPU    %usr   %nice    %sys %iowait    %irq   %soft  %steal  %guest  %gnice   %idle
01:24:25 PM    0   37.37    0.00    0.00    0.00    0.00    0.00    0.00    0.00    0.00   62.63
01:24:25 PM    1   41.00    0.00    0.00    0.00    0.00    0.00    0.00    0.00    0.00   59.00

01:24:25 PM  CPU    %usr   %nice    %sys %iowait    %irq   %soft  %steal  %guest  %gnice   %idle
01:24:26 PM    0   28.71    0.00    0.99    0.99    0.00    0.00    0.00    0.00    0.00   69.31
01:24:26 PM    1   29.59    0.00    0.00    0.00    0.00    0.00    0.00    0.00    0.00   70.41

01:24:26 PM  CPU    %usr   %nice    %sys %iowait    %irq   %soft  %steal  %guest  %gnice   %idle
01:24:27 PM    0   31.31    0.00    0.00    0.00    0.00    0.00    0.00    0.00    0.00   68.69
01:24:27 PM    1   31.00    0.00    0.00    0.00    0.00    0.00    0.00    0.00    0.00   69.00

01:24:27 PM  CPU    %usr   %nice    %sys %iowait    %irq   %soft  %steal  %guest  %gnice   %idle
01:24:28 PM    0   37.37    0.00    0.00    0.00    0.00    0.00    0.00    0.00    0.00   62.63
01:24:28 PM    1   41.41    0.00    0.00    0.00    0.00    0.00    0.00    0.00    0.00   58.59

01:24:28 PM  CPU    %usr   %nice    %sys %iowait    %irq   %soft  %steal  %guest  %gnice   %idle
01:24:29 PM    0   28.00    0.00    0.00    0.00    0.00    0.00    0.00    0.00    0.00   72.00
01:24:29 PM    1   34.00    0.00    1.00    0.00    0.00    0.00    0.00    0.00    0.00   65.00

01:24:29 PM  CPU    %usr   %nice    %sys %iowait    %irq   %soft  %steal  %guest  %gnice   %idle
01:24:30 PM    0   28.28    0.00    0.00    0.00    0.00    0.00    0.00    0.00    0.00   71.72
01:24:30 PM    1   30.30    0.00    0.00    0.00    0.00    0.00    0.00    0.00    0.00   69.70

01:24:30 PM  CPU    %usr   %nice    %sys %iowait    %irq   %soft  %steal  %guest  %gnice   %idle
01:24:31 PM    0   37.00    0.00    0.00    1.00    0.00    0.00    0.00    0.00    0.00   62.00
01:24:31 PM    1   41.58    0.00    0.00    0.00    0.00    0.00    0.00    0.00    0.00   58.42

01:24:31 PM  CPU    %usr   %nice    %sys %iowait    %irq   %soft  %steal  %guest  %gnice   %idle
01:24:32 PM    0   30.30    0.00    0.00    0.00    0.00    0.00    0.00    0.00    0.00   69.70
01:24:32 PM    1   31.63    0.00    0.00    0.00    0.00    0.00    0.00    0.00    0.00   68.37

01:24:32 PM  CPU    %usr   %nice    %sys %iowait    %irq   %soft  %steal  %guest  %gnice   %idle
01:24:33 PM    0   28.28    0.00    0.00    0.00    0.00    0.00    0.00    0.00    0.00   71.72
01:24:33 PM    1   29.29    0.00    0.00    0.00    0.00    0.00    0.00    0.00    0.00   70.71

01:24:33 PM  CPU    %usr   %nice    %sys %iowait    %irq   %soft  %steal  %guest  %gnice   %idle
01:24:34 PM    0   37.37    0.00    0.00    0.00    0.00    0.00    0.00    0.00    0.00   62.63
01:24:34 PM    1   40.59    0.00    0.99    0.00    0.00    0.00    0.00    0.00    0.00   58.42

01:24:34 PM  CPU    %usr   %nice    %sys %iowait    %irq   %soft  %steal  %guest  %gnice   %idle
01:24:35 PM    0   29.70    0.00    0.00    0.00    0.00    0.00    0.00    0.00    0.00   70.30
01:24:35 PM    1   28.28    0.00    0.00    0.00    0.00    0.00    0.00    0.00    0.00   71.72

01:24:35 PM  CPU    %usr   %nice    %sys %iowait    %irq   %soft  %steal  %guest  %gnice   %idle
01:24:36 PM    0   40.00    0.00    0.00    1.00    0.00    0.00    0.00    0.00    0.00   59.00
01:24:36 PM    1   29.00    0.00    0.00    0.00    0.00    0.00    0.00    0.00    0.00   71.00

01:24:36 PM  CPU    %usr   %nice    %sys %iowait    %irq   %soft  %steal  %guest  %gnice   %idle
01:24:37 PM    0   41.41    0.00    0.00    0.00    0.00    0.00    0.00    0.00    0.00   58.59
01:24:37 PM    1   31.31    0.00    0.00    0.00    0.00    0.00    0.00    0.00    0.00   68.69

01:24:37 PM  CPU    %usr   %nice    %sys %iowait    %irq   %soft  %steal  %guest  %gnice   %idle
01:24:38 PM    0   32.00    0.00    0.00    0.00    0.00    0.00    0.00    0.00    0.00   68.00
01:24:38 PM    1   32.00    0.00    0.00    0.00    0.00    0.00    0.00    0.00    0.00   68.00

01:24:38 PM  CPU    %usr   %nice    %sys %iowait    %irq   %soft  %steal  %guest  %gnice   %idle
01:24:39 PM    0   34.34    0.00    0.00    0.00    0.00    0.00    0.00    0.00    0.00   65.66
01:24:39 PM    1   29.00    0.00    0.00    0.00    0.00    0.00    0.00    0.00    0.00   71.00

01:24:39 PM  CPU    %usr   %nice    %sys %iowait    %irq   %soft  %steal  %guest  %gnice   %idle
01:24:40 PM    0   39.80    0.00    0.00    1.02    0.00    0.00    0.00    0.00    0.00   59.18
01:24:40 PM    1   31.31    0.00    0.00    0.00    0.00    0.00    0.00    0.00    0.00   68.69

01:24:40 PM  CPU    %usr   %nice    %sys %iowait    %irq   %soft  %steal  %guest  %gnice   %idle
01:24:41 PM    0   35.64    0.00    0.00    0.99    0.00    0.00    0.00    0.00    0.00   63.37
01:24:41 PM    1   22.22    0.00    0.00    0.00    0.00    0.00    0.00    0.00    0.00   77.78

01:24:41 PM  CPU    %usr   %nice    %sys %iowait    %irq   %soft  %steal  %guest  %gnice   %idle
01:24:42 PM    0   31.00    0.00    1.00    0.00    0.00    0.00    0.00    0.00    0.00   68.00
01:24:42 PM    1   32.00    0.00    0.00    0.00    0.00    0.00    0.00    0.00    0.00   68.00

01:24:42 PM  CPU    %usr   %nice    %sys %iowait    %irq   %soft  %steal  %guest  %gnice   %idle
01:24:43 PM    0   39.39    0.00    0.00    0.00    0.00    0.00    0.00    0.00    0.00   60.61
01:24:43 PM    1   39.39    0.00    0.00    0.00    0.00    0.00    0.00    0.00    0.00   60.61

01:24:43 PM  CPU    %usr   %nice    %sys %iowait    %irq   %soft  %steal  %guest  %gnice   %idle
01:24:44 PM    0   33.33    0.00    0.00    0.00    0.00    0.00    0.00    0.00    0.00   66.67
01:24:44 PM    1   29.70    0.00    0.00    0.00    0.00    0.00    0.00    0.00    0.00   70.30

01:24:44 PM  CPU    %usr   %nice    %sys %iowait    %irq   %soft  %steal  %guest  %gnice   %idle
01:24:45 PM    0   27.27    0.00    0.00    0.00    0.00    0.00    0.00    0.00    0.00   72.73
01:24:45 PM    1   30.30    0.00    0.00    0.00    0.00    0.00    0.00    0.00    0.00   69.70

01:24:45 PM  CPU    %usr   %nice    %sys %iowait    %irq   %soft  %steal  %guest  %gnice   %idle
01:24:46 PM    0   40.00    0.00    0.00    0.00    0.00    0.00    0.00    0.00    0.00   60.00
01:24:46 PM    1   40.40    0.00    0.00    0.00    0.00    0.00    0.00    0.00    0.00   59.60

01:24:46 PM  CPU    %usr   %nice    %sys %iowait    %irq   %soft  %steal  %guest  %gnice   %idle
01:24:47 PM    0   32.00    0.00    0.00    1.00    0.00    0.00    0.00    0.00    0.00   67.00
01:24:47 PM    1   32.00    0.00    1.00    0.00    0.00    0.00    0.00    0.00    0.00   67.00

01:24:47 PM  CPU    %usr   %nice    %sys %iowait    %irq   %soft  %steal  %guest  %gnice   %idle
01:24:48 PM    0   27.00    0.00    0.00    0.00    0.00    0.00    0.00    0.00    0.00   73.00
01:24:48 PM    1   31.00    0.00    1.00    0.00    0.00    0.00    0.00    0.00    0.00   68.00

01:24:48 PM  CPU    %usr   %nice    %sys %iowait    %irq   %soft  %steal  %guest  %gnice   %idle
01:24:49 PM    0   39.39    0.00    0.00    0.00    0.00    0.00    0.00    0.00    0.00   60.61
01:24:49 PM    1   39.60    0.00    0.00    0.00    0.00    0.00    0.00    0.00    0.00   60.40

01:24:49 PM  CPU    %usr   %nice    %sys %iowait    %irq   %soft  %steal  %guest  %gnice   %idle
01:24:50 PM    0   26.53    0.00    0.00    0.00    0.00    0.00    0.00    0.00    0.00   73.47
01:24:50 PM    1   31.31    0.00    0.00    0.00    0.00    0.00    0.00    0.00    0.00   68.69

01:24:50 PM  CPU    %usr   %nice    %sys %iowait    %irq   %soft  %steal  %guest  %gnice   %idle
01:24:51 PM    0   32.00    0.00    0.00    0.00    0.00    0.00    0.00    0.00    0.00   68.00
01:24:51 PM    1   32.32    0.00    0.00    0.00    0.00    0.00    0.00    0.00    0.00   67.68

01:24:51 PM  CPU    %usr   %nice    %sys %iowait    %irq   %soft  %steal  %guest  %gnice   %idle
01:24:52 PM    0   38.00    0.00    0.00    1.00    0.00    0.00    0.00    0.00    0.00   61.00
01:24:52 PM    1   41.41    0.00    0.00    0.00    0.00    0.00    0.00    0.00    0.00   58.59

01:24:52 PM  CPU    %usr   %nice    %sys %iowait    %irq   %soft  %steal  %guest  %gnice   %idle
01:24:53 PM    0   36.00    0.00    0.00    0.00    0.00    0.00    0.00    0.00    0.00   64.00
01:24:53 PM    1   27.00    0.00    0.00    0.00    0.00    0.00    0.00    0.00    0.00   73.00

01:24:53 PM  CPU    %usr   %nice    %sys %iowait    %irq   %soft  %steal  %guest  %gnice   %idle
01:24:54 PM    0   31.31    0.00    0.00    0.00    0.00    0.00    0.00    0.00    0.00   68.69
01:24:54 PM    1   28.00    0.00    0.00    0.00    0.00    0.00    0.00    0.00    0.00   72.00

01:24:54 PM  CPU    %usr   %nice    %sys %iowait    %irq   %soft  %steal  %guest  %gnice   %idle
01:24:55 PM    0   40.00    0.00    0.00    0.00    0.00    0.00    0.00    0.00    0.00   60.00
01:24:55 PM    1   38.00    0.00    0.00    0.00    0.00    0.00    0.00    0.00    0.00   62.00

01:24:55 PM  CPU    %usr   %nice    %sys %iowait    %irq   %soft  %steal  %guest  %gnice   %idle
01:24:56 PM    0   36.00    0.00    0.00    0.00    0.00    0.00    0.00    0.00    0.00   64.00
01:24:56 PM    1   29.29    0.00    0.00    0.00    0.00    0.00    0.00    0.00    0.00   70.71

01:24:56 PM  CPU    %usr   %nice    %sys %iowait    %irq   %soft  %steal  %guest  %gnice   %idle
01:24:57 PM    0   34.34    0.00    0.00    1.01    0.00    0.00    0.00    0.00    0.00   64.65
01:24:57 PM    1   29.00    0.00    0.00    0.00    0.00    0.00    0.00    0.00    0.00   71.00

01:24:57 PM  CPU    %usr   %nice    %sys %iowait    %irq   %soft  %steal  %guest  %gnice   %idle
01:24:58 PM    0   38.78    0.00    0.00    0.00    0.00    0.00    0.00    0.00    0.00   61.22
01:24:58 PM    1   33.00    0.00    0.00    0.00    0.00    0.00    0.00    0.00    0.00   67.00

01:24:58 PM  CPU    %usr   %nice    %sys %iowait    %irq   %soft  %steal  %guest  %gnice   %idle
01:25:00 PM    0   37.00    0.00    0.00    0.00    0.00    0.00    0.00    0.00    0.00   63.00
01:25:00 PM    1   27.00    0.00    0.00    0.00    0.00    0.00    0.00    0.00    0.00   73.00

01:25:00 PM  CPU    %usr   %nice    %sys %iowait    %irq   %soft  %steal  %guest  %gnice   %idle
01:25:01 PM    0   36.00    0.00    0.00    1.00    0.00    0.00    0.00    0.00    0.00   63.00
01:25:01 PM    1   27.00    0.00    0.00    0.00    0.00    0.00    0.00    0.00    0.00   73.00

01:25:01 PM  CPU    %usr   %nice    %sys %iowait    %irq   %soft  %steal  %guest  %gnice   %idle
01:25:02 PM    0   39.80    0.00    0.00    0.00    0.00    0.00    0.00    0.00    0.00   60.20
01:25:02 PM    1   33.00    0.00    0.00    0.00    0.00    0.00    0.00    0.00    0.00   67.00

01:25:02 PM  CPU    %usr   %nice    %sys %iowait    %irq   %soft  %steal  %guest  %gnice   %idle
01:25:03 PM    0   33.00    0.00    0.00    1.00    0.00    0.00    0.00    0.00    0.00   66.00
01:25:03 PM    1   30.61    0.00    0.00    0.00    0.00    0.00    0.00    0.00    0.00   69.39

01:25:03 PM  CPU    %usr   %nice    %sys %iowait    %irq   %soft  %steal  %guest  %gnice   %idle
01:25:04 PM    0   25.25    0.00    0.00    0.00    0.00    0.00    0.00    0.00    0.00   74.75
01:25:04 PM    1   32.00    0.00    0.00    0.00    0.00    0.00    0.00    0.00    0.00   68.00

01:25:04 PM  CPU    %usr   %nice    %sys %iowait    %irq   %soft  %steal  %guest  %gnice   %idle
01:25:05 PM    0   39.39    0.00    0.00    0.00    0.00    0.00    0.00    0.00    0.00   60.61
01:25:05 PM    1   39.60    0.00    0.00    0.00    0.00    0.00    0.00    0.00    0.00   60.40

01:25:05 PM  CPU    %usr   %nice    %sys %iowait    %irq   %soft  %steal  %guest  %gnice   %idle
01:25:06 PM    0   29.00    0.00    0.00    0.00    0.00    0.00    0.00    0.00    0.00   71.00
01:25:06 PM    1   34.34    0.00    0.00    0.00    0.00    0.00    0.00    0.00    0.00   65.66

01:25:06 PM  CPU    %usr   %nice    %sys %iowait    %irq   %soft  %steal  %guest  %gnice   %idle
01:25:07 PM    0   29.29    0.00    0.00    1.01    0.00    0.00    0.00    0.00    0.00   69.70
01:25:07 PM    1   28.28    0.00    0.00    0.00    0.00    0.00    0.00    0.00    0.00   71.72

01:25:07 PM  CPU    %usr   %nice    %sys %iowait    %irq   %soft  %steal  %guest  %gnice   %idle
01:25:08 PM    0   40.00    0.00    0.00    1.00    0.00    0.00    0.00    0.00    0.00   59.00
01:25:08 PM    1   39.00    0.00    0.00    0.00    0.00    0.00    0.00    0.00    0.00   61.00

01:25:08 PM  CPU    %usr   %nice    %sys %iowait    %irq   %soft  %steal  %guest  %gnice   %idle
01:25:09 PM    0   33.00    0.00    0.00    0.00    0.00    0.00    0.00    0.00    0.00   67.00
01:25:09 PM    1   29.29    0.00    0.00    0.00    0.00    0.00    0.00    0.00    0.00   70.71

01:25:09 PM  CPU    %usr   %nice    %sys %iowait    %irq   %soft  %steal  %guest  %gnice   %idle
01:25:10 PM    0   27.27    0.00    0.00    0.00    0.00    0.00    0.00    0.00    0.00   72.73
01:25:10 PM    1   31.68    0.00    0.00    0.00    0.00    0.00    0.00    0.00    0.00   68.32

01:25:10 PM  CPU    %usr   %nice    %sys %iowait    %irq   %soft  %steal  %guest  %gnice   %idle
01:25:11 PM    0   37.37    0.00    0.00    0.00    0.00    0.00    0.00    0.00    0.00   62.63
01:25:11 PM    1   41.41    0.00    0.00    0.00    0.00    0.00    0.00    0.00    0.00   58.59

01:25:11 PM  CPU    %usr   %nice    %sys %iowait    %irq   %soft  %steal  %guest  %gnice   %idle
01:25:12 PM    0   30.00    0.00    0.00    0.00    0.00    0.00    0.00    0.00    0.00   70.00
01:25:12 PM    1   26.26    0.00    0.00    0.00    0.00    0.00    0.00    0.00    0.00   73.74

01:25:12 PM  CPU    %usr   %nice    %sys %iowait    %irq   %soft  %steal  %guest  %gnice   %idle
01:25:13 PM    0   38.78    0.00    0.00    0.00    0.00    0.00    0.00    0.00    0.00   61.22
01:25:13 PM    1   31.00    0.00    0.00    0.00    0.00    0.00    0.00    0.00    0.00   69.00

01:25:13 PM  CPU    %usr   %nice    %sys %iowait    %irq   %soft  %steal  %guest  %gnice   %idle
01:25:14 PM    0   41.41    0.00    0.00    0.00    0.00    0.00    0.00    0.00    0.00   58.59
01:25:14 PM    1   29.70    0.00    0.00    0.00    0.00    0.00    0.00    0.00    0.00   70.30

01:25:14 PM  CPU    %usr   %nice    %sys %iowait    %irq   %soft  %steal  %guest  %gnice   %idle
01:25:15 PM    0   30.00    0.00    0.00    0.00    0.00    0.00    0.00    0.00    0.00   70.00
01:25:15 PM    1   33.33    0.00    0.00    0.00    0.00    0.00    0.00    0.00    0.00   66.67

01:25:15 PM  CPU    %usr   %nice    %sys %iowait    %irq   %soft  %steal  %guest  %gnice   %idle
01:25:16 PM    0   30.00    0.00    1.00    0.00    0.00    0.00    0.00    0.00    0.00   69.00
01:25:16 PM    1   27.72    0.00    0.99    0.00    0.00    0.00    0.00    0.00    0.00   71.29

01:25:16 PM  CPU    %usr   %nice    %sys %iowait    %irq   %soft  %steal  %guest  %gnice   %idle
01:25:17 PM    0   41.84    0.00    0.00    0.00    0.00    0.00    0.00    0.00    0.00   58.16
01:25:17 PM    1   35.00    0.00    0.00    0.00    0.00    0.00    0.00    0.00    0.00   65.00

01:25:17 PM  CPU    %usr   %nice    %sys %iowait    %irq   %soft  %steal  %guest  %gnice   %idle
01:25:18 PM    0   36.00    0.00    0.00    1.00    0.00    0.00    0.00    0.00    0.00   63.00
01:25:18 PM    1   26.26    0.00    0.00    0.00    0.00    0.00    0.00    0.00    0.00   73.74

01:25:18 PM  CPU    %usr   %nice    %sys %iowait    %irq   %soft  %steal  %guest  %gnice   %idle
01:25:19 PM    0   32.32    0.00    0.00    0.00    0.00    0.00    0.00    0.00    0.00   67.68
01:25:19 PM    1   27.00    0.00    0.00    0.00    0.00    0.00    0.00    0.00    0.00   73.00

01:25:19 PM  CPU    %usr   %nice    %sys %iowait    %irq   %soft  %steal  %guest  %gnice   %idle
01:25:20 PM    0   39.00    0.00    0.00    0.00    0.00    0.00    0.00    0.00    0.00   61.00
01:25:20 PM    1   40.40    0.00    0.00    0.00    0.00    0.00    0.00    0.00    0.00   59.60

01:25:20 PM  CPU    %usr   %nice    %sys %iowait    %irq   %soft  %steal  %guest  %gnice   %idle
01:25:21 PM    0   33.33    0.00    0.00    1.01    0.00    0.00    0.00    0.00    0.00   65.66
01:25:21 PM    1   24.24    0.00    0.00    0.00    0.00    0.00    0.00    0.00    0.00   75.76

01:25:21 PM  CPU    %usr   %nice    %sys %iowait    %irq   %soft  %steal  %guest  %gnice   %idle
01:25:22 PM    0   35.00    0.00    0.00    0.00    0.00    0.00    0.00    0.00    0.00   65.00
01:25:22 PM    1   28.71    0.00    0.00    0.00    0.00    0.00    0.00    0.00    0.00   71.29

01:25:22 PM  CPU    %usr   %nice    %sys %iowait    %irq   %soft  %steal  %guest  %gnice   %idle
01:25:23 PM    0   44.44    0.00    0.00    1.01    0.00    0.00    0.00    0.00    0.00   54.55
01:25:23 PM    1   34.34    0.00    0.00    0.00    0.00    0.00    0.00    0.00    0.00   65.66

01:25:23 PM  CPU    %usr   %nice    %sys %iowait    %irq   %soft  %steal  %guest  %gnice   %idle
01:25:24 PM    0   32.32    0.00    0.00    0.00    0.00    0.00    0.00    0.00    0.00   67.68
01:25:24 PM    1   29.00    0.00    0.00    0.00    0.00    0.00    0.00    0.00    0.00   71.00

01:25:24 PM  CPU    %usr   %nice    %sys %iowait    %irq   %soft  %steal  %guest  %gnice   %idle
01:25:25 PM    0   29.00    0.00    0.00    0.00    0.00    0.00    0.00    0.00    0.00   71.00
01:25:25 PM    1   30.00    0.00    0.00    0.00    0.00    0.00    0.00    0.00    0.00   70.00

01:25:25 PM  CPU    %usr   %nice    %sys %iowait    %irq   %soft  %steal  %guest  %gnice   %idle
01:25:26 PM    0   38.38    0.00    0.00    0.00    0.00    0.00    0.00    0.00    0.00   61.62
01:25:26 PM    1   40.00    0.00    0.00    0.00    0.00    0.00    0.00    0.00    0.00   60.00

01:25:26 PM  CPU    %usr   %nice    %sys %iowait    %irq   %soft  %steal  %guest  %gnice   %idle
01:25:27 PM    0   32.67    0.00    0.99    0.00    0.00    0.00    0.00    0.00    0.00   66.34
01:25:27 PM    1   31.31    0.00    0.00    0.00    0.00    0.00    0.00    0.00    0.00   68.69

01:25:27 PM  CPU    %usr   %nice    %sys %iowait    %irq   %soft  %steal  %guest  %gnice   %idle
01:25:28 PM    0   31.31    0.00    0.00    1.01    0.00    0.00    0.00    0.00    0.00   67.68
01:25:28 PM    1   26.00    0.00    0.00    0.00    0.00    0.00    0.00    0.00    0.00   74.00

01:25:28 PM  CPU    %usr   %nice    %sys %iowait    %irq   %soft  %steal  %guest  %gnice   %idle
01:25:29 PM    0   38.38    0.00    0.00    0.00    0.00    0.00    0.00    0.00    0.00   61.62
01:25:29 PM    1   41.00    0.00    0.00    0.00    0.00    0.00    0.00    0.00    0.00   59.00

01:25:29 PM  CPU    %usr   %nice    %sys %iowait    %irq   %soft  %steal  %guest  %gnice   %idle
01:25:30 PM    0   28.28    0.00    0.00    0.00    0.00    0.00    0.00    0.00    0.00   71.72
01:25:30 PM    1   31.00    0.00    0.00    0.00    0.00    0.00    0.00    0.00    0.00   69.00

01:25:30 PM  CPU    %usr   %nice    %sys %iowait    %irq   %soft  %steal  %guest  %gnice   %idle
01:25:31 PM    0   32.32    0.00    0.00    0.00    0.00    0.00    0.00    0.00    0.00   67.68
01:25:31 PM    1   32.00    0.00    0.00    0.00    0.00    0.00    0.00    0.00    0.00   68.00

01:25:31 PM  CPU    %usr   %nice    %sys %iowait    %irq   %soft  %steal  %guest  %gnice   %idle
01:25:32 PM    0   37.37    0.00    0.00    0.00    0.00    0.00    0.00    0.00    0.00   62.63
01:25:32 PM    1   40.82    0.00    0.00    0.00    0.00    0.00    0.00    0.00    0.00   59.18

01:25:32 PM  CPU    %usr   %nice    %sys %iowait    %irq   %soft  %steal  %guest  %gnice   %idle
01:25:33 PM    0   29.29    0.00    0.00    0.00    0.00    0.00    0.00    0.00    0.00   70.71
01:25:33 PM    1   29.00    0.00    0.00    0.00    0.00    0.00    0.00    0.00    0.00   71.00

01:25:33 PM  CPU    %usr   %nice    %sys %iowait    %irq   %soft  %steal  %guest  %gnice   %idle
01:25:34 PM    0   33.33    0.00    0.00    1.01    0.00    0.00    0.00    0.00    0.00   65.66
01:25:34 PM    1   31.00    0.00    0.00    0.00    0.00    0.00    0.00    0.00    0.00   69.00

01:25:34 PM  CPU    %usr   %nice    %sys %iowait    %irq   %soft  %steal  %guest  %gnice   %idle
01:25:35 PM    0   42.00    0.00    0.00    0.00    0.00    0.00    0.00    0.00    0.00   58.00
01:25:35 PM    1   36.00    0.00    0.00    0.00    0.00    0.00    0.00    0.00    0.00   64.00

01:25:35 PM  CPU    %usr   %nice    %sys %iowait    %irq   %soft  %steal  %guest  %gnice   %idle
01:25:36 PM    0   29.29    0.00    0.00    0.00    0.00    0.00    0.00    0.00    0.00   70.71
01:25:36 PM    1   34.34    0.00    0.00    0.00    0.00    0.00    0.00    0.00    0.00   65.66

01:25:36 PM  CPU    %usr   %nice    %sys %iowait    %irq   %soft  %steal  %guest  %gnice   %idle
01:25:37 PM    0   26.00    0.00    0.00    0.00    0.00    0.00    0.00    0.00    0.00   74.00
01:25:37 PM    1   30.69    0.00    0.99    0.00    0.00    0.00    0.00    0.00    0.00   68.32

01:25:37 PM  CPU    %usr   %nice    %sys %iowait    %irq   %soft  %steal  %guest  %gnice   %idle
01:25:38 PM    0   39.39    0.00    0.00    0.00    0.00    0.00    0.00    0.00    0.00   60.61
01:25:38 PM    1   38.78    0.00    0.00    0.00    0.00    0.00    0.00    0.00    0.00   61.22

01:25:38 PM  CPU    %usr   %nice    %sys %iowait    %irq   %soft  %steal  %guest  %gnice   %idle
01:25:39 PM    0   29.70    0.00    0.00    0.99    0.00    0.00    0.00    0.00    0.00   69.31
01:25:39 PM    1   33.33    0.00    0.00    0.00    0.00    0.00    0.00    0.00    0.00   66.67

01:25:39 PM  CPU    %usr   %nice    %sys %iowait    %irq   %soft  %steal  %guest  %gnice   %idle
01:25:40 PM    0   25.25    0.00    0.00    0.00    0.00    0.00    0.00    0.00    0.00   74.75
01:25:40 PM    1   32.00    0.00    0.00    0.00    0.00    0.00    0.00    0.00    0.00   68.00

01:25:40 PM  CPU    %usr   %nice    %sys %iowait    %irq   %soft  %steal  %guest  %gnice   %idle
01:25:41 PM    0   38.38    0.00    0.00    1.01    0.00    0.00    0.00    0.00    0.00   60.61
01:25:41 PM    1   41.00    0.00    0.00    0.00    0.00    0.00    0.00    0.00    0.00   59.00

01:25:41 PM  CPU    %usr   %nice    %sys %iowait    %irq   %soft  %steal  %guest  %gnice   %idle
01:25:42 PM    0   31.00    0.00    0.00    0.00    0.00    0.00    0.00    0.00    0.00   69.00
01:25:42 PM    1   33.00    0.00    0.00    0.00    0.00    0.00    0.00    0.00    0.00   67.00

01:25:42 PM  CPU    %usr   %nice    %sys %iowait    %irq   %soft  %steal  %guest  %gnice   %idle
01:25:43 PM    0   27.27    0.00    0.00    0.00    0.00    0.00    0.00    0.00    0.00   72.73
01:25:43 PM    1   31.31    0.00    0.00    0.00    0.00    0.00    0.00    0.00    0.00   68.69

01:25:43 PM  CPU    %usr   %nice    %sys %iowait    %irq   %soft  %steal  %guest  %gnice   %idle
01:25:44 PM    0   38.00    0.00    0.00    1.00    0.00    0.00    0.00    0.00    0.00   61.00
01:25:44 PM    1   41.00    0.00    0.00    0.00    0.00    0.00    0.00    0.00    0.00   59.00

01:25:44 PM  CPU    %usr   %nice    %sys %iowait    %irq   %soft  %steal  %guest  %gnice   %idle
01:25:45 PM    0   29.29    0.00    0.00    0.00    0.00    0.00    0.00    0.00    0.00   70.71
01:25:45 PM    1   33.00    0.00    0.00    0.00    0.00    0.00    0.00    0.00    0.00   67.00

01:25:45 PM  CPU    %usr   %nice    %sys %iowait    %irq   %soft  %steal  %guest  %gnice   %idle
01:25:46 PM    0   28.28    0.00    0.00    0.00    0.00    0.00    0.00    0.00    0.00   71.72
01:25:46 PM    1   29.59    0.00    0.00    0.00    0.00    0.00    0.00    0.00    0.00   70.41

01:25:46 PM  CPU    %usr   %nice    %sys %iowait    %irq   %soft  %steal  %guest  %gnice   %idle
01:25:47 PM    0   41.41    0.00    0.00    0.00    0.00    0.00    0.00    0.00    0.00   58.59
01:25:47 PM    1   37.25    0.00    0.00    0.00    0.00    0.00    0.00    0.00    0.00   62.75

01:25:47 PM  CPU    %usr   %nice    %sys %iowait    %irq   %soft  %steal  %guest  %gnice   %idle
01:25:48 PM    0   29.29    0.00    0.00    0.00    0.00    0.00    0.00    0.00    0.00   70.71
01:25:48 PM    1   34.00    0.00    0.00    0.00    0.00    0.00    0.00    0.00    0.00   66.00

01:25:48 PM  CPU    %usr   %nice    %sys %iowait    %irq   %soft  %steal  %guest  %gnice   %idle
01:25:49 PM    0   25.25    0.00    0.00    0.00    0.00    0.00    0.00    0.00    0.00   74.75
01:25:49 PM    1   32.00    0.00    0.00    0.00    0.00    0.00    0.00    0.00    0.00   68.00

01:25:49 PM  CPU    %usr   %nice    %sys %iowait    %irq   %soft  %steal  %guest  %gnice   %idle
01:25:50 PM    0   40.40    0.00    0.00    0.00    0.00    0.00    0.00    0.00    0.00   59.60
01:25:50 PM    1   38.38    0.00    0.00    0.00    0.00    0.00    0.00    0.00    0.00   61.62

01:25:50 PM  CPU    %usr   %nice    %sys %iowait    %irq   %soft  %steal  %guest  %gnice   %idle
01:25:51 PM    0   29.00    0.00    0.00    1.00    0.00    0.00    0.00    0.00    0.00   70.00
01:25:51 PM    1   34.00    0.00    0.00    0.00    0.00    0.00    0.00    0.00    0.00   66.00

01:25:51 PM  CPU    %usr   %nice    %sys %iowait    %irq   %soft  %steal  %guest  %gnice   %idle
01:25:52 PM    0   37.37    0.00    0.00    0.00    0.00    0.00    0.00    0.00    0.00   62.63
01:25:52 PM    1   25.00    0.00    0.00    0.00    0.00    0.00    0.00    0.00    0.00   75.00

01:25:52 PM  CPU    %usr   %nice    %sys %iowait    %irq   %soft  %steal  %guest  %gnice   %idle
01:25:53 PM    0   42.00    0.00    0.00    0.00    0.00    0.00    0.00    0.00    0.00   58.00
01:25:53 PM    1   30.00    0.00    0.00    0.00    0.00    0.00    0.00    0.00    0.00   70.00

01:25:53 PM  CPU    %usr   %nice    %sys %iowait    %irq   %soft  %steal  %guest  %gnice   %idle
01:25:54 PM    0   33.33    0.00    0.00    1.01    0.00    0.00    0.00    0.00    0.00   65.66
01:25:54 PM    1   29.00    0.00    0.00    0.00    0.00    0.00    0.00    0.00    0.00   71.00

01:25:54 PM  CPU    %usr   %nice    %sys %iowait    %irq   %soft  %steal  %guest  %gnice   %idle
01:25:55 PM    0   36.36    0.00    0.00    0.00    0.00    0.00    0.00    0.00    0.00   63.64
01:25:55 PM    1   28.00    0.00    0.00    0.00    0.00    0.00    0.00    0.00    0.00   72.00

01:25:55 PM  CPU    %usr   %nice    %sys %iowait    %irq   %soft  %steal  %guest  %gnice   %idle
01:25:56 PM    0   40.40    0.00    0.00    0.00    0.00    0.00    0.00    0.00    0.00   59.60
01:25:56 PM    1   30.00    0.00    1.00    0.00    0.00    0.00    0.00    0.00    0.00   69.00

01:25:56 PM  CPU    %usr   %nice    %sys %iowait    %irq   %soft  %steal  %guest  %gnice   %idle
01:25:57 PM    0   36.00    0.00    0.00    0.00    0.00    0.00    0.00    0.00    0.00   64.00
01:25:57 PM    1   27.72    0.00    0.00    0.00    0.00    0.00    0.00    0.00    0.00   72.28

01:25:57 PM  CPU    %usr   %nice    %sys %iowait    %irq   %soft  %steal  %guest  %gnice   %idle
01:25:58 PM    0   29.29    0.00    0.00    0.00    0.00    0.00    0.00    0.00    0.00   70.71
01:25:58 PM    1   29.29    0.00    0.00    0.00    0.00    0.00    0.00    0.00    0.00   70.71

01:25:58 PM  CPU    %usr   %nice    %sys %iowait    %irq   %soft  %steal  %guest  %gnice   %idle
01:25:59 PM    0   42.42    0.00    0.00    0.00    0.00    0.00    0.00    0.00    0.00   57.58
01:25:59 PM    1   35.35    0.00    0.00    0.00    0.00    0.00    0.00    0.00    0.00   64.65

01:25:59 PM  CPU    %usr   %nice    %sys %iowait    %irq   %soft  %steal  %guest  %gnice   %idle
01:26:00 PM    0   35.71    0.00    0.00    0.00    0.00    0.00    0.00    0.00    0.00   64.29
01:26:00 PM    1   28.00    0.00    0.00    0.00    0.00    0.00    0.00    0.00    0.00   72.00

01:26:00 PM  CPU    %usr   %nice    %sys %iowait    %irq   %soft  %steal  %guest  %gnice   %idle
01:26:01 PM    0   28.28    0.00    0.00    0.00    0.00    0.00    0.00    0.00    0.00   71.72
01:26:01 PM    1   30.00    0.00    0.00    0.00    0.00    0.00    0.00    0.00    0.00   70.00

01:26:01 PM  CPU    %usr   %nice    %sys %iowait    %irq   %soft  %steal  %guest  %gnice   %idle
01:26:02 PM    0   37.37    0.00    0.00    0.00    0.00    0.00    0.00    0.00    0.00   62.63
01:26:02 PM    1   41.41    0.00    0.00    0.00    0.00    0.00    0.00    0.00    0.00   58.59

01:26:02 PM  CPU    %usr   %nice    %sys %iowait    %irq   %soft  %steal  %guest  %gnice   %idle
01:26:03 PM    0   31.31    0.00    0.00    0.00    0.00    0.00    0.00    0.00    0.00   68.69
01:26:03 PM    1   32.32    0.00    0.00    0.00    0.00    0.00    0.00    0.00    0.00   67.68

01:26:03 PM  CPU    %usr   %nice    %sys %iowait    %irq   %soft  %steal  %guest  %gnice   %idle
01:26:04 PM    0   25.49    0.00    0.98    1.96    0.00    0.00    0.00    0.00    0.00   71.57
01:26:04 PM    1   33.00    0.00    0.00    0.00    0.00    0.00    0.00    0.00    0.00   67.00

01:26:04 PM  CPU    %usr   %nice    %sys %iowait    %irq   %soft  %steal  %guest  %gnice   %idle
01:26:05 PM    0   40.40    0.00    0.00    0.00    0.00    0.00    0.00    0.00    0.00   59.60
01:26:05 PM    1   38.00    0.00    0.00    0.00    0.00    0.00    0.00    0.00    0.00   62.00

01:26:05 PM  CPU    %usr   %nice    %sys %iowait    %irq   %soft  %steal  %guest  %gnice   %idle
01:26:06 PM    0   28.28    0.00    0.00    0.00    0.00    0.00    0.00    0.00    0.00   71.72
01:26:06 PM    1   34.34    0.00    0.00    0.00    0.00    0.00    0.00    0.00    0.00   65.66

01:26:06 PM  CPU    %usr   %nice    %sys %iowait    %irq   %soft  %steal  %guest  %gnice   %idle
01:26:07 PM    0   26.26    0.00    0.00    0.00    0.00    0.00    0.00    0.00    0.00   73.74
01:26:07 PM    1   32.32    0.00    0.00    0.00    0.00    0.00    0.00    0.00    0.00   67.68

01:26:07 PM  CPU    %usr   %nice    %sys %iowait    %irq   %soft  %steal  %guest  %gnice   %idle
01:26:08 PM    0   38.00    0.00    0.00    0.00    0.00    0.00    0.00    0.00    0.00   62.00
01:26:08 PM    1   40.00    0.00    0.00    0.00    0.00    0.00    0.00    0.00    0.00   60.00

01:26:08 PM  CPU    %usr   %nice    %sys %iowait    %irq   %soft  %steal  %guest  %gnice   %idle
01:26:09 PM    0   30.30    0.00    0.00    0.00    0.00    0.00    0.00    0.00    0.00   69.70
01:26:09 PM    1   33.00    0.00    0.00    0.00    0.00    0.00    0.00    0.00    0.00   67.00

01:26:09 PM  CPU    %usr   %nice    %sys %iowait    %irq   %soft  %steal  %guest  %gnice   %idle
01:26:10 PM    0   29.00    0.00    0.00    0.00    0.00    0.00    0.00    0.00    0.00   71.00
01:26:10 PM    1   30.00    0.00    0.00    0.00    0.00    0.00    0.00    0.00    0.00   70.00

01:26:10 PM  CPU    %usr   %nice    %sys %iowait    %irq   %soft  %steal  %guest  %gnice   %idle
01:26:11 PM    0   37.00    0.00    0.00    1.00    0.00    0.00    0.00    0.00    0.00   62.00
01:26:11 PM    1   42.00    0.00    0.00    0.00    0.00    0.00    0.00    0.00    0.00   58.00

01:26:11 PM  CPU    %usr   %nice    %sys %iowait    %irq   %soft  %steal  %guest  %gnice   %idle
01:26:12 PM    0   33.33    0.00    0.00    0.00    0.00    0.00    0.00    0.00    0.00   66.67
01:26:12 PM    1   25.00    0.00    0.00    0.00    0.00    0.00    0.00    0.00    0.00   75.00

01:26:12 PM  CPU    %usr   %nice    %sys %iowait    %irq   %soft  %steal  %guest  %gnice   %idle
01:26:13 PM    0   33.00    0.00    0.00    0.00    0.00    0.00    0.00    0.00    0.00   67.00
01:26:13 PM    1   32.00    0.00    0.00    0.00    0.00    0.00    0.00    0.00    0.00   68.00

01:26:13 PM  CPU    %usr   %nice    %sys %iowait    %irq   %soft  %steal  %guest  %gnice   %idle
01:26:14 PM    0   37.00    0.00    0.00    1.00    0.00    0.00    0.00    0.00    0.00   62.00
01:26:14 PM    1   40.00    0.00    1.00    0.00    0.00    0.00    0.00    0.00    0.00   59.00

01:26:14 PM  CPU    %usr   %nice    %sys %iowait    %irq   %soft  %steal  %guest  %gnice   %idle
01:26:15 PM    0   30.30    0.00    0.00    0.00    0.00    0.00    0.00    0.00    0.00   69.70
01:26:15 PM    1   33.00    0.00    0.00    0.00    0.00    0.00    0.00    0.00    0.00   67.00

01:26:15 PM  CPU    %usr   %nice    %sys %iowait    %irq   %soft  %steal  %guest  %gnice   %idle
01:26:16 PM    0   27.27    0.00    0.00    0.00    0.00    0.00    0.00    0.00    0.00   72.73
01:26:16 PM    1   31.31    0.00    0.00    0.00    0.00    0.00    0.00    0.00    0.00   68.69

01:26:16 PM  CPU    %usr   %nice    %sys %iowait    %irq   %soft  %steal  %guest  %gnice   %idle
01:26:17 PM    0   38.38    0.00    0.00    0.00    0.00    0.00    0.00    0.00    0.00   61.62
01:26:17 PM    1   38.00    0.00    0.00    0.00    0.00    0.00    0.00    0.00    0.00   62.00

01:26:17 PM  CPU    %usr   %nice    %sys %iowait    %irq   %soft  %steal  %guest  %gnice   %idle
01:26:18 PM    0   29.00    0.00    0.00    0.00    0.00    0.00    0.00    0.00    0.00   71.00
01:26:18 PM    1   29.29    0.00    0.00    0.00    0.00    0.00    0.00    0.00    0.00   70.71

01:26:18 PM  CPU    %usr   %nice    %sys %iowait    %irq   %soft  %steal  %guest  %gnice   %idle
01:26:19 PM    0   35.35    0.00    0.00    1.01    0.00    0.00    0.00    0.00    0.00   63.64
01:26:19 PM    1   28.28    0.00    0.00    0.00    0.00    0.00    0.00    0.00    0.00   71.72

01:26:19 PM  CPU    %usr   %nice    %sys %iowait    %irq   %soft  %steal  %guest  %gnice   %idle
01:26:20 PM    0   44.00    0.00    0.00    0.00    0.00    0.00    0.00    0.00    0.00   56.00
01:26:20 PM    1   33.00    0.00    0.00    0.00    0.00    0.00    0.00    0.00    0.00   67.00

01:26:20 PM  CPU    %usr   %nice    %sys %iowait    %irq   %soft  %steal  %guest  %gnice   %idle
01:26:21 PM    0   26.00    0.00    1.00    1.00    0.00    0.00    0.00    0.00    0.00   72.00
01:26:21 PM    1   32.32    0.00    0.00    0.00    0.00    0.00    0.00    0.00    0.00   67.68

01:26:21 PM  CPU    %usr   %nice    %sys %iowait    %irq   %soft  %steal  %guest  %gnice   %idle
01:26:22 PM    0   33.00    0.00    0.00    0.00    0.00    0.00    0.00    0.00    0.00   67.00
01:26:22 PM    1   32.00    0.00    0.00    0.00    0.00    0.00    0.00    0.00    0.00   68.00

01:26:22 PM  CPU    %usr   %nice    %sys %iowait    %irq   %soft  %steal  %guest  %gnice   %idle
01:26:23 PM    0   40.40    0.00    0.00    0.00    0.00    0.00    0.00    0.00    0.00   59.60
01:26:23 PM    1   35.35    0.00    0.00    0.00    0.00    0.00    0.00    0.00    0.00   64.65

01:26:23 PM  CPU    %usr   %nice    %sys %iowait    %irq   %soft  %steal  %guest  %gnice   %idle
01:26:24 PM    0   29.29    0.00    0.00    1.01    0.00    0.00    0.00    0.00    0.00   69.70
01:26:24 PM    1   35.00    0.00    0.00    0.00    0.00    0.00    0.00    0.00    0.00   65.00

01:26:24 PM  CPU    %usr   %nice    %sys %iowait    %irq   %soft  %steal  %guest  %gnice   %idle
01:26:25 PM    0   28.00    0.00    0.00    0.00    0.00    0.00    0.00    0.00    0.00   72.00
01:26:25 PM    1   31.00    0.00    0.00    0.00    0.00    0.00    0.00    0.00    0.00   69.00

01:26:25 PM  CPU    %usr   %nice    %sys %iowait    %irq   %soft  %steal  %guest  %gnice   %idle
01:26:26 PM    0   40.40    0.00    0.00    0.00    0.00    0.00    0.00    0.00    0.00   59.60
01:26:26 PM    1   36.36    0.00    0.00    0.00    0.00    0.00    0.00    0.00    0.00   63.64

01:26:26 PM  CPU    %usr   %nice    %sys %iowait    %irq   %soft  %steal  %guest  %gnice   %idle
01:26:27 PM    0   33.33    0.00    0.00    0.00    0.00    0.00    0.00    0.00    0.00   66.67
01:26:27 PM    1   24.75    0.00    0.00    0.00    0.00    0.00    0.00    0.00    0.00   75.25

01:26:27 PM  CPU    %usr   %nice    %sys %iowait    %irq   %soft  %steal  %guest  %gnice   %idle
01:26:28 PM    0   34.00    0.00    0.00    0.00    0.00    0.00    0.00    0.00    0.00   66.00
01:26:28 PM    1   31.31    0.00    0.00    0.00    0.00    0.00    0.00    0.00    0.00   68.69

01:26:28 PM  CPU    %usr   %nice    %sys %iowait    %irq   %soft  %steal  %guest  %gnice   %idle
01:26:29 PM    0   38.38    0.00    0.00    0.00    0.00    0.00    0.00    0.00    0.00   61.62
01:26:29 PM    1   38.38    0.00    0.00    0.00    0.00    0.00    0.00    0.00    0.00   61.62

01:26:29 PM  CPU    %usr   %nice    %sys %iowait    %irq   %soft  %steal  %guest  %gnice   %idle
01:26:30 PM    0   26.26    0.00    0.00    0.00    0.00    0.00    0.00    0.00    0.00   73.74
01:26:30 PM    1   30.61    0.00    0.00    0.00    0.00    0.00    0.00    0.00    0.00   69.39

01:26:30 PM  CPU    %usr   %nice    %sys %iowait    %irq   %soft  %steal  %guest  %gnice   %idle
01:26:31 PM    0   33.00    0.00    0.00    0.00    0.00    0.00    0.00    0.00    0.00   67.00
01:26:31 PM    1   32.00    0.00    0.00    0.00    0.00    0.00    0.00    0.00    0.00   68.00

01:26:31 PM  CPU    %usr   %nice    %sys %iowait    %irq   %soft  %steal  %guest  %gnice   %idle
01:26:32 PM    0   36.36    0.00    0.00    0.00    0.00    0.00    0.00    0.00    0.00   63.64
01:26:32 PM    1   42.00    0.00    0.00    0.00    0.00    0.00    0.00    0.00    0.00   58.00

01:26:32 PM  CPU    %usr   %nice    %sys %iowait    %irq   %soft  %steal  %guest  %gnice   %idle
01:26:33 PM    0   30.61    0.00    0.00    0.00    0.00    0.00    0.00    0.00    0.00   69.39
01:26:33 PM    1   31.63    0.00    0.00    0.00    0.00    0.00    0.00    0.00    0.00   68.37

01:26:33 PM  CPU    %usr   %nice    %sys %iowait    %irq   %soft  %steal  %guest  %gnice   %idle
01:26:34 PM    0   34.69    0.00    0.00    0.00    0.00    0.00    0.00    0.00    0.00   65.31
01:26:34 PM    1   24.00    0.00    0.00    0.00    0.00    0.00    0.00    0.00    0.00   76.00

01:26:34 PM  CPU    %usr   %nice    %sys %iowait    %irq   %soft  %steal  %guest  %gnice   %idle
01:26:35 PM    0   40.00    0.00    0.00    1.00    0.00    0.00    0.00    0.00    0.00   59.00
01:26:35 PM    1   38.38    0.00    0.00    0.00    0.00    0.00    0.00    0.00    0.00   61.62

01:26:35 PM  CPU    %usr   %nice    %sys %iowait    %irq   %soft  %steal  %guest  %gnice   %idle
01:26:36 PM    0   32.00    0.00    0.00    0.00    0.00    0.00    0.00    0.00    0.00   68.00
01:26:36 PM    1   25.74    0.00    0.00    0.00    0.00    0.00    0.00    0.00    0.00   74.26

01:26:36 PM  CPU    %usr   %nice    %sys %iowait    %irq   %soft  %steal  %guest  %gnice   %idle
01:26:37 PM    0   39.39    0.00    0.00    0.00    0.00    0.00    0.00    0.00    0.00   60.61
01:26:37 PM    1   30.00    0.00    0.00    0.00    0.00    0.00    0.00    0.00    0.00   70.00

01:26:37 PM  CPU    %usr   %nice    %sys %iowait    %irq   %soft  %steal  %guest  %gnice   %idle
01:26:38 PM    0   41.00    0.00    0.00    0.00    0.00    0.00    0.00    0.00    0.00   59.00
01:26:38 PM    1   31.00    0.00    0.00    0.00    0.00    0.00    0.00    0.00    0.00   69.00

01:26:38 PM  CPU    %usr   %nice    %sys %iowait    %irq   %soft  %steal  %guest  %gnice   %idle
01:26:39 PM    0   32.65    0.00    0.00    0.00    0.00    0.00    0.00    0.00    0.00   67.35
01:26:39 PM    1   30.00    0.00    0.00    0.00    0.00    0.00    0.00    0.00    0.00   70.00

01:26:39 PM  CPU    %usr   %nice    %sys %iowait    %irq   %soft  %steal  %guest  %gnice   %idle
01:26:40 PM    0   29.00    0.00    0.00    1.00    0.00    0.00    0.00    0.00    0.00   70.00
01:26:40 PM    1   31.00    0.00    0.00    0.00    0.00    0.00    0.00    0.00    0.00   69.00

01:26:40 PM  CPU    %usr   %nice    %sys %iowait    %irq   %soft  %steal  %guest  %gnice   %idle
01:26:41 PM    0   36.36    0.00    1.01    0.00    0.00    0.00    0.00    0.00    0.00   62.63
01:26:41 PM    1   41.58    0.00    0.99    0.00    0.00    0.00    0.00    0.00    0.00   57.43

01:26:41 PM  CPU    %usr   %nice    %sys %iowait    %irq   %soft  %steal  %guest  %gnice   %idle
01:26:42 PM    0   31.00    0.00    0.00    0.00    0.00    0.00    0.00    0.00    0.00   69.00
01:26:42 PM    1   32.32    0.00    0.00    0.00    0.00    0.00    0.00    0.00    0.00   67.68

01:26:42 PM  CPU    %usr   %nice    %sys %iowait    %irq   %soft  %steal  %guest  %gnice   %idle
01:26:43 PM    0   29.29    0.00    0.00    0.00    0.00    0.00    0.00    0.00    0.00   70.71
01:26:43 PM    1   28.28    0.00    0.00    0.00    0.00    0.00    0.00    0.00    0.00   71.72

01:26:43 PM  CPU    %usr   %nice    %sys %iowait    %irq   %soft  %steal  %guest  %gnice   %idle
01:26:44 PM    0   39.39    0.00    0.00    0.00    0.00    0.00    0.00    0.00    0.00   60.61
01:26:44 PM    1   39.00    0.00    0.00    0.00    0.00    0.00    0.00    0.00    0.00   61.00

01:26:44 PM  CPU    %usr   %nice    %sys %iowait    %irq   %soft  %steal  %guest  %gnice   %idle
01:26:45 PM    0   28.28    0.00    0.00    1.01    0.00    0.00    0.00    0.00    0.00   70.71
01:26:45 PM    1   34.34    0.00    0.00    0.00    0.00    0.00    0.00    0.00    0.00   65.66

01:26:45 PM  CPU    %usr   %nice    %sys %iowait    %irq   %soft  %steal  %guest  %gnice   %idle
01:26:46 PM    0   29.00    0.00    0.00    0.00    0.00    0.00    0.00    0.00    0.00   71.00
01:26:46 PM    1   30.69    0.00    0.00    0.00    0.00    0.00    0.00    0.00    0.00   69.31

01:26:46 PM  CPU    %usr   %nice    %sys %iowait    %irq   %soft  %steal  %guest  %gnice   %idle
01:26:47 PM    0   36.36    0.00    0.00    0.00    0.00    0.00    0.00    0.00    0.00   63.64
01:26:47 PM    1   40.40    0.00    0.00    0.00    0.00    0.00    0.00    0.00    0.00   59.60

01:26:47 PM  CPU    %usr   %nice    %sys %iowait    %irq   %soft  %steal  %guest  %gnice   %idle
01:26:48 PM    0   30.00    0.00    0.00    0.00    0.00    0.00    0.00    0.00    0.00   70.00
01:26:48 PM    1   34.34    0.00    0.00    0.00    0.00    0.00    0.00    0.00    0.00   65.66

01:26:48 PM  CPU    %usr   %nice    %sys %iowait    %irq   %soft  %steal  %guest  %gnice   %idle
01:26:49 PM    0   25.25    0.00    0.00    0.00    0.00    0.00    0.00    0.00    0.00   74.75
01:26:49 PM    1   32.00    0.00    0.00    0.00    0.00    0.00    0.00    0.00    0.00   68.00

01:26:49 PM  CPU    %usr   %nice    %sys %iowait    %irq   %soft  %steal  %guest  %gnice   %idle
01:26:50 PM    0   37.00    0.00    0.00    1.00    0.00    0.00    0.00    0.00    0.00   62.00
01:26:50 PM    1   41.00    0.00    0.00    0.00    0.00    0.00    0.00    0.00    0.00   59.00

Average:     CPU    %usr   %nice    %sys %iowait    %irq   %soft  %steal  %guest  %gnice   %idle
Average:       0   33.56    0.00    0.04    0.23    0.00    0.00    0.00    0.00    0.00   66.16
Average:       1   33.02    0.00    0.06    0.00    0.00    0.00    0.00    0.00    0.00   66.92
