Linux 5.15.0-121-generic (NEU) 	09/15/2024 	_x86_64_	(16 CPU)

06:42:49 PM   UID       PID    %usr %system  %guest   %wait    %CPU   CPU  Command
06:42:50 PM  1000      8514   23.00    3.00    0.00   71.00   26.00     7  two_node_pipeli
06:42:51 PM  1000      8514   11.00    0.00    0.00   81.00   11.00     7  two_node_pipeli
06:42:52 PM  1000      8514    8.00    2.00    0.00   65.00   10.00     7  two_node_pipeli
06:42:53 PM  1000      8514   11.00    1.00    0.00   42.00   12.00     7  two_node_pipeli
06:42:54 PM  1000      8514   10.89    1.98    0.00   89.11   12.87     7  two_node_pipeli
06:42:55 PM  1000      8514   11.00    2.00    0.00  105.00   13.00     7  two_node_pipeli
06:42:56 PM  1000      8514    6.00    1.00    0.00  105.00    7.00     7  two_node_pipeli
06:42:57 PM  1000      8514   10.00    3.00    0.00   84.00   13.00     7  two_node_pipeli
06:42:58 PM  1000      8514   14.00    4.00    0.00  105.00   18.00     6  two_node_pipeli
06:42:59 PM  1000      8514    8.00    0.00    0.00   90.00    8.00     7  two_node_pipeli
06:43:00 PM  1000      8514   16.83    6.93    0.00  107.92   23.76     6  two_node_pipeli
06:43:01 PM  1000      8514   21.00    5.00    0.00   84.00   26.00     7  two_node_pipeli
06:43:02 PM  1000      8514   22.00    4.00    0.00   97.00   26.00     6  two_node_pipeli
06:43:03 PM  1000      8514   30.00    0.00    0.00   86.00   30.00     6  two_node_pipeli
06:43:04 PM  1000      8514   18.81    0.00    0.00   75.25   18.81     7  two_node_pipeli
06:43:05 PM  1000      8514   23.00    0.00    0.00   86.00   23.00     7  two_node_pipeli
06:43:06 PM  1000      8514   26.73    0.00    0.00   23.76   26.73     7  two_node_pipeli
06:43:07 PM  1000      8514   24.00    0.00    0.00   55.00   24.00     6  two_node_pipeli
06:43:08 PM  1000      8514   18.81    0.00    0.00   63.37   18.81     6  two_node_pipeli
06:43:09 PM  1000      8514   21.00    0.00    0.00   64.00   21.00     7  two_node_pipeli
06:43:10 PM  1000      8514   24.00    1.00    0.00   72.00   25.00     7  two_node_pipeli
06:43:11 PM  1000      8514   35.00    0.00    0.00   91.00   35.00     7  two_node_pipeli
06:43:12 PM  1000      8514   24.00    0.00    0.00   53.00   24.00     6  two_node_pipeli
06:43:13 PM  1000      8514   16.00    0.00    0.00   37.00   16.00     7  two_node_pipeli
06:43:14 PM  1000      8514   25.00    0.00    0.00   33.00   25.00     7  two_node_pipeli
06:43:15 PM  1000      8514   19.80    0.00    0.00   59.41   19.80     6  two_node_pipeli
06:43:16 PM  1000      8514   15.00    0.00    0.00   97.00   15.00     7  two_node_pipeli
06:43:17 PM  1000      8514   19.00    0.00    0.00   87.00   19.00     7  two_node_pipeli
06:43:18 PM  1000      8514   26.00    0.00    0.00   76.00   26.00     6  two_node_pipeli
06:43:19 PM  1000      8514   14.00    0.00    0.00   98.00   14.00     6  two_node_pipeli
06:43:20 PM  1000      8514   17.00    1.00    0.00   90.00   18.00     6  two_node_pipeli
06:43:21 PM  1000      8514    8.00    2.00    0.00   56.00   10.00     7  two_node_pipeli
06:43:22 PM  1000      8514    7.00    0.00    0.00   65.00    7.00     7  two_node_pipeli
06:43:23 PM  1000      8514    3.00    1.00    0.00  102.00    4.00     7  two_node_pipeli
06:43:24 PM  1000      8514    2.00    0.00    0.00   30.00    2.00     7  two_node_pipeli
06:43:25 PM  1000      8514    7.00    1.00    0.00  167.00    8.00     6  two_node_pipeli
06:43:26 PM  1000      8514    9.00    3.00    0.00   59.00   12.00     7  two_node_pipeli
06:43:27 PM  1000      8514   15.00    4.00    0.00  125.00   19.00     7  two_node_pipeli
06:43:28 PM  1000      8514   20.00    1.00    0.00   98.00   21.00     6  two_node_pipeli
06:43:29 PM  1000      8514   14.00    1.00    0.00   82.00   15.00     7  two_node_pipeli
06:43:30 PM  1000      8514    3.96    0.00    0.00  107.92    3.96     7  two_node_pipeli
06:43:31 PM  1000      8514    5.00    0.00    0.00  100.00    5.00     7  two_node_pipeli
06:43:32 PM  1000      8514    5.00    1.00    0.00   26.00    6.00     6  two_node_pipeli
06:43:33 PM  1000      8514    5.00    0.00    0.00  142.00    5.00     7  two_node_pipeli
06:43:34 PM  1000      8514    1.00    0.00    0.00  117.00    1.00     7  two_node_pipeli
06:43:35 PM  1000      8514    3.00    0.00    0.00   27.00    3.00     6  two_node_pipeli
06:43:36 PM  1000      8514    1.00    0.00    0.00    0.00    1.00     6  two_node_pipeli
06:43:37 PM  1000      8514    3.00    0.00    0.00   78.00    3.00     6  two_node_pipeli
06:43:38 PM  1000      8514    4.00    0.00    0.00   97.00    4.00     7  two_node_pipeli
06:43:39 PM  1000      8514    3.00    0.00    0.00   99.00    3.00     6  two_node_pipeli
06:43:40 PM  1000      8514    1.00    1.00    0.00    0.00    2.00     7  two_node_pipeli
06:43:41 PM  1000      8514    2.00    1.00    0.00   95.00    3.00     7  two_node_pipeli
06:43:42 PM  1000      8514    3.00    0.00    0.00   81.00    3.00     7  two_node_pipeli
06:43:43 PM  1000      8514    1.00    0.00    0.00  122.00    1.00     7  two_node_pipeli
06:43:44 PM  1000      8514    3.96    0.00    0.00   96.04    3.96     6  two_node_pipeli
06:43:45 PM  1000      8514    2.97    0.99    0.00   38.61    3.96     6  two_node_pipeli
06:43:46 PM  1000      8514    2.00    0.00    0.00  165.00    2.00     6  two_node_pipeli
06:43:47 PM  1000      8514    2.00    0.00    0.00   65.00    2.00     7  two_node_pipeli
06:43:48 PM  1000      8514    4.00    1.00    0.00  129.00    5.00     6  two_node_pipeli
06:43:49 PM  1000      8514    6.00    3.00    0.00  105.00    9.00     7  two_node_pipeli
06:43:50 PM  1000      8514    9.00    4.00    0.00   94.00   13.00     6  two_node_pipeli
06:43:51 PM  1000      8514   15.00    6.00    0.00   89.00   21.00     6  two_node_pipeli
06:43:52 PM  1000      8514   32.00    5.00    0.00  104.00   37.00     6  two_node_pipeli
06:43:53 PM  1000      8514   17.00    3.00    0.00   93.00   20.00     6  two_node_pipeli
06:43:54 PM  1000      8514   11.00    2.00    0.00   91.00   13.00     7  two_node_pipeli
06:43:55 PM  1000      8514    4.00    0.00    0.00   46.00    4.00     7  two_node_pipeli
06:43:56 PM  1000      8514    3.00    1.00    0.00   76.00    4.00     7  two_node_pipeli
06:43:57 PM  1000      8514    3.00    1.00    0.00  120.00    4.00     6  two_node_pipeli
06:43:58 PM  1000      8514    3.00    0.00    0.00   88.00    3.00     6  two_node_pipeli
06:43:59 PM  1000      8514    4.00    0.00    0.00   41.00    4.00     6  two_node_pipeli
06:44:00 PM  1000      8514    3.00    0.00    0.00   40.00    3.00     7  two_node_pipeli
06:44:01 PM  1000      8514    9.00    0.00    0.00  154.00    9.00     6  two_node_pipeli
06:44:02 PM  1000      8514    3.00    0.00    0.00   63.00    3.00     7  two_node_pipeli
06:44:03 PM  1000      8514    9.00    0.00    0.00   85.00    9.00     7  two_node_pipeli
06:44:04 PM  1000      8514   11.00    1.00    0.00  156.00   12.00     6  two_node_pipeli
06:44:05 PM  1000      8514   29.00    4.00    0.00   79.00   33.00     7  two_node_pipeli
06:44:06 PM  1000      8514   66.00    3.00    0.00   86.00   69.00     6  two_node_pipeli
06:44:07 PM  1000      8514  153.00    1.00    0.00   63.00  154.00     7  two_node_pipeli
06:44:08 PM  1000      8514  160.00    1.00    0.00   42.00  161.00     7  two_node_pipeli
06:44:09 PM  1000      8514  151.00    1.00    0.00   55.00  152.00     7  two_node_pipeli
06:44:10 PM  1000      8514  161.00    0.00    0.00   58.00  161.00     6  two_node_pipeli
06:44:11 PM  1000      8514  155.00    0.00    0.00   62.00  155.00     6  two_node_pipeli
06:44:12 PM  1000      8514  154.00    2.00    0.00   38.00  156.00     7  two_node_pipeli
06:44:13 PM  1000      8514  155.00    0.00    0.00   50.00  155.00     7  two_node_pipeli
06:44:14 PM  1000      8514  127.72    0.99    0.00   61.39  128.71     6  two_node_pipeli
06:44:15 PM  1000      8514   85.00    0.00    0.00   71.00   85.00     6  two_node_pipeli
06:44:16 PM  1000      8514  149.00    1.00    0.00   57.00  150.00     6  two_node_pipeli
06:44:17 PM  1000      8514  159.00    0.00    0.00   50.00  159.00     6  two_node_pipeli
06:44:18 PM  1000      8514  154.00    0.00    0.00   63.00  154.00     6  two_node_pipeli
06:44:19 PM  1000      8514  162.00    1.00    0.00   59.00  163.00     7  two_node_pipeli
06:44:20 PM  1000      8514  153.00    2.00    0.00   49.00  155.00     6  two_node_pipeli
06:44:21 PM  1000      8514  152.00    1.00    0.00   52.00  153.00     6  two_node_pipeli
06:44:22 PM  1000      8514  162.00    0.00    0.00   60.00  162.00     6  two_node_pipeli
06:44:23 PM  1000      8514  148.00    0.00    0.00   61.00  148.00     6  two_node_pipeli
06:44:24 PM  1000      8514  160.00    1.00    0.00   58.00  161.00     6  two_node_pipeli
06:44:25 PM  1000      8514  152.00    0.00    0.00   62.00  152.00     6  two_node_pipeli
06:44:26 PM  1000      8514  150.00    0.00    0.00   60.00  150.00     7  two_node_pipeli
06:44:27 PM  1000      8514  154.00    0.00    0.00   50.00  154.00     7  two_node_pipeli
06:44:28 PM  1000      8514  163.00    0.00    0.00   57.00  163.00     6  two_node_pipeli
06:44:29 PM  1000      8514  151.00    1.00    0.00   60.00  152.00     7  two_node_pipeli
06:44:30 PM  1000      8514  152.00    0.00    0.00   55.00  152.00     7  two_node_pipeli
06:44:31 PM  1000      8514  156.00    0.00    0.00   64.00  156.00     7  two_node_pipeli
06:44:32 PM  1000      8514  159.00    2.00    0.00   55.00  161.00     6  two_node_pipeli
06:44:33 PM  1000      8514  153.00    0.00    0.00   61.00  153.00     6  two_node_pipeli
06:44:34 PM  1000      8514  148.51    0.99    0.00   52.48  149.50     6  two_node_pipeli
06:44:35 PM  1000      8514  156.00    1.00    0.00   58.00  157.00     6  two_node_pipeli
06:44:36 PM  1000      8514  161.00    0.00    0.00   58.00  161.00     6  two_node_pipeli
06:44:37 PM  1000      8514  160.00    1.00    0.00   61.00  161.00     7  two_node_pipeli
06:44:38 PM  1000      8514  151.00    0.00    0.00   51.00  151.00     6  two_node_pipeli
06:44:39 PM  1000      8514  154.00    1.00    0.00   55.00  155.00     7  two_node_pipeli
06:44:40 PM  1000      8514  159.00    0.00    0.00   58.00  159.00     7  two_node_pipeli
06:44:41 PM  1000      8514  161.00    1.00    0.00   57.00  162.00     6  two_node_pipeli
06:44:42 PM  1000      8514  153.00    0.00    0.00   59.00  153.00     6  two_node_pipeli
06:44:43 PM  1000      8514  156.00    0.00    0.00   61.00  156.00     6  two_node_pipeli
06:44:44 PM  1000      8514  153.00    0.00    0.00   58.00  153.00     7  two_node_pipeli
06:44:45 PM  1000      8514  133.00    1.00    0.00   62.00  134.00     7  two_node_pipeli
06:44:46 PM  1000      8514  153.00    0.00    0.00   33.00  153.00     7  two_node_pipeli
06:44:47 PM  1000      8514  159.00    0.00    0.00   36.00  159.00     6  two_node_pipeli
06:44:48 PM  1000      8514  154.00    0.00    0.00   42.00  154.00     6  two_node_pipeli
06:44:49 PM  1000      8514  158.00    1.00    0.00   46.00  159.00     7  two_node_pipeli
06:44:50 PM  1000      8514  160.00    0.00    0.00   30.00  160.00     7  two_node_pipeli
06:44:51 PM  1000      8514  152.00    0.00    0.00   47.00  152.00     7  two_node_pipeli
06:44:52 PM  1000      8514  150.00    1.00    0.00   39.00  151.00     6  two_node_pipeli
06:44:53 PM  1000      8514  156.00    1.00    0.00   56.00  157.00     6  two_node_pipeli
06:44:54 PM  1000      8514  162.00    0.00    0.00   58.00  162.00     7  two_node_pipeli
06:44:55 PM  1000      8514  151.00    2.00    0.00   54.00  153.00     6  two_node_pipeli
06:44:56 PM  1000      8514  155.00    1.00    0.00   55.00  156.00     6  two_node_pipeli
06:44:57 PM  1000      8514  154.00    0.00    0.00   58.00  154.00     6  two_node_pipeli
06:44:58 PM  1000      8514  155.00    1.00    0.00   46.00  156.00     7  two_node_pipeli
06:44:59 PM  1000      8514  159.00    0.00    0.00   26.00  159.00     7  two_node_pipeli
06:45:00 PM  1000      8514  153.00    0.00    0.00   53.00  153.00     7  two_node_pipeli
06:45:01 PM  1000      8514  150.00    1.00    0.00   62.00  151.00     6  two_node_pipeli
06:45:02 PM  1000      8514  158.00    1.00    0.00   57.00  159.00     6  two_node_pipeli
06:45:03 PM  1000      8514  160.00    0.00    0.00   58.00  160.00     6  two_node_pipeli
06:45:04 PM  1000      8514  151.00    0.00    0.00   57.00  151.00     6  two_node_pipeli
06:45:05 PM  1000      8514  153.00    0.00    0.00   24.00  153.00     7  two_node_pipeli
06:45:06 PM  1000      8514  160.00    0.00    0.00   51.00  160.00     6  two_node_pipeli
06:45:07 PM  1000      8514  162.00    0.00    0.00   25.00  162.00     7  two_node_pipeli
06:45:08 PM  1000      8514  155.00    0.00    0.00   54.00  155.00     7  two_node_pipeli
06:45:09 PM  1000      8514  154.46    0.00    0.00   43.56  154.46     6  two_node_pipeli
06:45:10 PM  1000      8514  154.00    1.00    0.00   57.00  155.00     6  two_node_pipeli
06:45:11 PM  1000      8514  153.47    0.00    0.00   42.57  153.47     6  two_node_pipeli
06:45:12 PM  1000      8514  157.00    0.00    0.00   60.00  157.00     6  two_node_pipeli
06:45:13 PM  1000      8514  154.00    0.00    0.00   63.00  154.00     6  two_node_pipeli
06:45:14 PM  1000      8514  164.00    0.00    0.00   53.00  164.00     7  two_node_pipeli
06:45:15 PM  1000      8514  156.00    1.00    0.00   34.00  157.00     6  two_node_pipeli
06:45:16 PM  1000      8514  155.00    1.00    0.00   62.00  156.00     6  two_node_pipeli
06:45:17 PM  1000      8514  153.00    0.00    0.00   50.00  153.00     6  two_node_pipeli
06:45:18 PM  1000      8514  158.00    1.00    0.00   30.00  159.00     6  two_node_pipeli
06:45:19 PM  1000      8514  158.00    0.00    0.00   46.00  158.00     7  two_node_pipeli
06:45:20 PM  1000      8514  148.00    0.00    0.00   38.00  148.00     6  two_node_pipeli
06:45:21 PM  1000      8514  157.00    1.00    0.00   46.00  158.00     7  two_node_pipeli
06:45:22 PM  1000      8514  152.00    0.00    0.00   26.00  152.00     7  two_node_pipeli
06:45:23 PM  1000      8514  159.00    0.00    0.00   36.00  159.00     7  two_node_pipeli
06:45:24 PM  1000      8514  157.00    1.00    0.00   54.00  158.00     7  two_node_pipeli
06:45:25 PM  1000      8514  159.00    0.00    0.00   55.00  159.00     7  two_node_pipeli
06:45:26 PM  1000      8514  151.00    0.00    0.00   58.00  151.00     7  two_node_pipeli
06:45:27 PM  1000      8514  160.00    1.00    0.00   59.00  161.00     7  two_node_pipeli
06:45:28 PM  1000      8514  159.00    1.00    0.00   59.00  160.00     6  two_node_pipeli
06:45:29 PM  1000      8514  153.00    0.00    0.00   59.00  153.00     7  two_node_pipeli
06:45:30 PM  1000      8514  157.00    1.00    0.00   50.00  158.00     6  two_node_pipeli
06:45:31 PM  1000      8514  157.84    0.98    0.00   44.12  158.82     6  two_node_pipeli
06:45:32 PM  1000      8514  156.00    0.00    0.00   53.00  156.00     6  two_node_pipeli
06:45:33 PM  1000      8514  151.00    1.00    0.00   61.00  152.00     7  two_node_pipeli
06:45:34 PM  1000      8514  158.00    0.00    0.00   54.00  158.00     6  two_node_pipeli
06:45:35 PM  1000      8514  160.00    1.00    0.00   52.00  161.00     7  two_node_pipeli
06:45:36 PM  1000      8514  153.47    0.00    0.00   52.48  153.47     7  two_node_pipeli
06:45:37 PM  1000      8514  150.00    0.00    0.00   58.00  150.00     7  two_node_pipeli
06:45:38 PM  1000      8514  153.00    0.00    0.00   56.00  153.00     7  two_node_pipeli
06:45:39 PM  1000      8514  161.00    0.00    0.00   53.00  161.00     7  two_node_pipeli
06:45:40 PM  1000      8514  156.00    1.00    0.00   62.00  157.00     7  two_node_pipeli
06:45:41 PM  1000      8514  155.00    0.00    0.00   60.00  155.00     7  two_node_pipeli
06:45:42 PM  1000      8514  154.00    0.00    0.00   45.00  154.00     7  two_node_pipeli
06:45:43 PM  1000      8514  156.00    0.00    0.00   45.00  156.00     6  two_node_pipeli
06:45:44 PM  1000      8514  154.00    0.00    0.00   61.00  154.00     7  two_node_pipeli
06:45:45 PM  1000      8514  125.00    1.00    0.00   68.00  126.00     6  two_node_pipeli
06:45:46 PM  1000      8514  162.00    1.00    0.00   60.00  163.00     7  two_node_pipeli
06:45:47 PM  1000      8514  157.00    0.00    0.00   60.00  157.00     7  two_node_pipeli
06:45:48 PM  1000      8514  156.00    0.00    0.00   60.00  156.00     7  two_node_pipeli
06:45:49 PM  1000      8514  153.00    1.00    0.00   61.00  154.00     7  two_node_pipeli
Average:     1000      8514   93.43    0.74    0.00   65.50   94.17     -  two_node_pipeli
