Linux 5.15.0-122-generic (NEU) 	09/21/2024 	_x86_64_	(16 CPU)

10:08:19 AM  CPU    %usr   %nice    %sys %iowait    %irq   %soft  %steal  %guest  %gnice   %idle
10:08:20 AM    0   20.00    0.00    0.00    0.00    0.00    0.00    0.00    0.00    0.00   80.00
10:08:20 AM    1   19.00    0.00    0.00    0.00    0.00    0.00    0.00    0.00    0.00   81.00

10:08:20 AM  CPU    %usr   %nice    %sys %iowait    %irq   %soft  %steal  %guest  %gnice   %idle
10:08:21 AM    0   21.43    0.00    0.00    1.02    0.00    0.00    0.00    0.00    0.00   77.55
10:08:21 AM    1   19.19    0.00    0.00    0.00    0.00    0.00    0.00    0.00    0.00   80.81

10:08:21 AM  CPU    %usr   %nice    %sys %iowait    %irq   %soft  %steal  %guest  %gnice   %idle
10:08:22 AM    0   19.00    0.00    0.00    0.00    0.00    0.00    0.00    0.00    0.00   81.00
10:08:22 AM    1   22.00    0.00    0.00    0.00    0.00    0.00    0.00    0.00    0.00   78.00

10:08:22 AM  CPU    %usr   %nice    %sys %iowait    %irq   %soft  %steal  %guest  %gnice   %idle
10:08:23 AM    0   19.19    0.00    0.00    0.00    0.00    0.00    0.00    0.00    0.00   80.81
10:08:23 AM    1   19.80    0.00    0.00    0.00    0.00    0.00    0.00    0.00    0.00   80.20

10:08:23 AM  CPU    %usr   %nice    %sys %iowait    %irq   %soft  %steal  %guest  %gnice   %idle
10:08:24 AM    0   19.19    0.00    1.01    1.01    0.00    0.00    0.00    0.00    0.00   78.79
10:08:24 AM    1   20.20    0.00    0.00    0.00    0.00    0.00    0.00    0.00    0.00   79.80

10:08:24 AM  CPU    %usr   %nice    %sys %iowait    %irq   %soft  %steal  %guest  %gnice   %idle
10:08:25 AM    0   19.00    0.00    1.00    0.00    0.00    0.00    0.00    0.00    0.00   80.00
10:08:25 AM    1   21.21    0.00    0.00    0.00    0.00    0.00    0.00    0.00    0.00   78.79

10:08:25 AM  CPU    %usr   %nice    %sys %iowait    %irq   %soft  %steal  %guest  %gnice   %idle
10:08:26 AM    0   18.37    0.00    0.00    0.00    0.00    0.00    0.00    0.00    0.00   81.63
10:08:26 AM    1   17.00    0.00    0.00    0.00    0.00    0.00    0.00    0.00    0.00   83.00

10:08:26 AM  CPU    %usr   %nice    %sys %iowait    %irq   %soft  %steal  %guest  %gnice   %idle
10:08:27 AM    0   24.00    0.00    0.00    0.00    0.00    0.00    0.00    0.00    0.00   76.00
10:08:27 AM    1   20.00    0.00    0.00    0.00    0.00    0.00    0.00    0.00    0.00   80.00

10:08:27 AM  CPU    %usr   %nice    %sys %iowait    %irq   %soft  %steal  %guest  %gnice   %idle
10:08:28 AM    0   19.19    0.00    0.00    0.00    0.00    0.00    0.00    0.00    0.00   80.81
10:08:28 AM    1   22.77    0.00    0.00    0.00    0.00    0.00    0.00    0.00    0.00   77.23

10:08:28 AM  CPU    %usr   %nice    %sys %iowait    %irq   %soft  %steal  %guest  %gnice   %idle
10:08:29 AM    0   16.33    0.00    0.00    1.02    0.00    0.00    0.00    0.00    0.00   82.65
10:08:29 AM    1   17.17    0.00    0.00    0.00    0.00    0.00    0.00    0.00    0.00   82.83

10:08:29 AM  CPU    %usr   %nice    %sys %iowait    %irq   %soft  %steal  %guest  %gnice   %idle
10:08:30 AM    0   20.20    0.00    0.00    0.00    0.00    0.00    0.00    0.00    0.00   79.80
10:08:30 AM    1   23.23    0.00    0.00    0.00    0.00    0.00    0.00    0.00    0.00   76.77

10:08:30 AM  CPU    %usr   %nice    %sys %iowait    %irq   %soft  %steal  %guest  %gnice   %idle
10:08:31 AM    0   21.21    0.00    0.00    0.00    0.00    0.00    0.00    0.00    0.00   78.79
10:08:31 AM    1   20.20    0.00    0.00    0.00    0.00    0.00    0.00    0.00    0.00   79.80

10:08:31 AM  CPU    %usr   %nice    %sys %iowait    %irq   %soft  %steal  %guest  %gnice   %idle
10:08:32 AM    0   18.18    0.00    0.00    0.00    0.00    0.00    0.00    0.00    0.00   81.82
10:08:32 AM    1   20.00    0.00    0.00    0.00    0.00    0.00    0.00    0.00    0.00   80.00

10:08:32 AM  CPU    %usr   %nice    %sys %iowait    %irq   %soft  %steal  %guest  %gnice   %idle
10:08:33 AM    0   21.21    0.00    0.00    0.00    0.00    0.00    0.00    0.00    0.00   78.79
10:08:33 AM    1   19.39    0.00    0.00    0.00    0.00    0.00    0.00    0.00    0.00   80.61

10:08:33 AM  CPU    %usr   %nice    %sys %iowait    %irq   %soft  %steal  %guest  %gnice   %idle
10:08:34 AM    0   20.20    0.00    0.00    1.01    0.00    0.00    0.00    0.00    0.00   78.79
10:08:34 AM    1   21.00    0.00    0.00    0.00    0.00    0.00    0.00    0.00    0.00   79.00

10:08:34 AM  CPU    %usr   %nice    %sys %iowait    %irq   %soft  %steal  %guest  %gnice   %idle
10:08:35 AM    0   18.00    0.00    0.00    0.00    0.00    0.00    0.00    0.00    0.00   82.00
10:08:35 AM    1   17.00    0.00    1.00    0.00    0.00    0.00    0.00    0.00    0.00   82.00

10:08:35 AM  CPU    %usr   %nice    %sys %iowait    %irq   %soft  %steal  %guest  %gnice   %idle
10:08:36 AM    0   21.21    0.00    0.00    1.01    0.00    0.00    0.00    0.00    0.00   77.78
10:08:36 AM    1   21.21    0.00    0.00    0.00    0.00    0.00    0.00    0.00    0.00   78.79

10:08:36 AM  CPU    %usr   %nice    %sys %iowait    %irq   %soft  %steal  %guest  %gnice   %idle
10:08:37 AM    0   19.19    0.00    0.00    0.00    0.00    0.00    0.00    0.00    0.00   80.81
10:08:37 AM    1   18.00    0.00    0.00    0.00    0.00    0.00    0.00    0.00    0.00   82.00

10:08:37 AM  CPU    %usr   %nice    %sys %iowait    %irq   %soft  %steal  %guest  %gnice   %idle
10:08:38 AM    0   20.20    0.00    0.00    0.00    0.00    0.00    0.00    0.00    0.00   79.80
10:08:38 AM    1   19.00    0.00    0.00    0.00    0.00    0.00    0.00    0.00    0.00   81.00

10:08:38 AM  CPU    %usr   %nice    %sys %iowait    %irq   %soft  %steal  %guest  %gnice   %idle
10:08:39 AM    0   20.20    0.00    0.00    0.00    0.00    0.00    0.00    0.00    0.00   79.80
10:08:39 AM    1   22.45    0.00    0.00    0.00    0.00    0.00    0.00    0.00    0.00   77.55

10:08:39 AM  CPU    %usr   %nice    %sys %iowait    %irq   %soft  %steal  %guest  %gnice   %idle
10:08:40 AM    0   21.00    0.00    0.00    0.00    0.00    0.00    0.00    0.00    0.00   79.00
10:08:40 AM    1   20.00    0.00    0.00    0.00    0.00    0.00    0.00    0.00    0.00   80.00

10:08:40 AM  CPU    %usr   %nice    %sys %iowait    %irq   %soft  %steal  %guest  %gnice   %idle
10:08:41 AM    0   17.17    0.00    0.00    0.00    0.00    0.00    0.00    0.00    0.00   82.83
10:08:41 AM    1   18.18    0.00    0.00    0.00    0.00    0.00    0.00    0.00    0.00   81.82

10:08:41 AM  CPU    %usr   %nice    %sys %iowait    %irq   %soft  %steal  %guest  %gnice   %idle
10:08:42 AM    0   20.20    0.00    0.00    0.00    0.00    0.00    0.00    0.00    0.00   79.80
10:08:42 AM    1   23.23    0.00    0.00    0.00    0.00    0.00    0.00    0.00    0.00   76.77

10:08:42 AM  CPU    %usr   %nice    %sys %iowait    %irq   %soft  %steal  %guest  %gnice   %idle
10:08:43 AM    0   22.22    0.00    0.00    0.00    0.00    0.00    0.00    0.00    0.00   77.78
10:08:43 AM    1   19.00    0.00    0.00    0.00    0.00    0.00    0.00    0.00    0.00   81.00

10:08:43 AM  CPU    %usr   %nice    %sys %iowait    %irq   %soft  %steal  %guest  %gnice   %idle
10:08:44 AM    0   17.00    0.00    0.00    0.00    0.00    0.00    0.00    0.00    0.00   83.00
10:08:44 AM    1   17.35    0.00    0.00    0.00    0.00    0.00    0.00    0.00    0.00   82.65

10:08:44 AM  CPU    %usr   %nice    %sys %iowait    %irq   %soft  %steal  %guest  %gnice   %idle
10:08:45 AM    0   19.39    0.00    0.00    0.00    0.00    0.00    0.00    0.00    0.00   80.61
10:08:45 AM    1   23.00    0.00    1.00    0.00    0.00    0.00    0.00    0.00    0.00   76.00

10:08:45 AM  CPU    %usr   %nice    %sys %iowait    %irq   %soft  %steal  %guest  %gnice   %idle
10:08:46 AM    0   22.00    0.00    0.00    1.00    0.00    0.00    0.00    0.00    0.00   77.00
10:08:46 AM    1   18.81    0.00    0.00    0.00    0.00    0.00    0.00    0.00    0.00   81.19

10:08:46 AM  CPU    %usr   %nice    %sys %iowait    %irq   %soft  %steal  %guest  %gnice   %idle
10:08:47 AM    0   17.17    0.00    0.00    0.00    0.00    0.00    0.00    0.00    0.00   82.83
10:08:47 AM    1   17.35    0.00    0.00    0.00    0.00    0.00    0.00    0.00    0.00   82.65

10:08:47 AM  CPU    %usr   %nice    %sys %iowait    %irq   %soft  %steal  %guest  %gnice   %idle
10:08:48 AM    0   20.41    0.00    0.00    0.00    0.00    0.00    0.00    0.00    0.00   79.59
10:08:48 AM    1   22.22    0.00    0.00    0.00    0.00    0.00    0.00    0.00    0.00   77.78

10:08:48 AM  CPU    %usr   %nice    %sys %iowait    %irq   %soft  %steal  %guest  %gnice   %idle
10:08:49 AM    0   19.00    0.00    1.00    0.00    0.00    0.00    0.00    0.00    0.00   80.00
10:08:49 AM    1   18.00    0.00    0.00    0.00    0.00    0.00    0.00    0.00    0.00   82.00

10:08:49 AM  CPU    %usr   %nice    %sys %iowait    %irq   %soft  %steal  %guest  %gnice   %idle
10:08:50 AM    0   20.20    0.00    0.00    0.00    0.00    0.00    0.00    0.00    0.00   79.80
10:08:50 AM    1   18.00    0.00    0.00    0.00    0.00    0.00    0.00    0.00    0.00   82.00

10:08:50 AM  CPU    %usr   %nice    %sys %iowait    %irq   %soft  %steal  %guest  %gnice   %idle
10:08:51 AM    0   22.22    0.00    0.00    0.00    0.00    0.00    0.00    0.00    0.00   77.78
10:08:51 AM    1   22.00    0.00    0.00    0.00    0.00    0.00    0.00    0.00    0.00   78.00

10:08:51 AM  CPU    %usr   %nice    %sys %iowait    %irq   %soft  %steal  %guest  %gnice   %idle
10:08:52 AM    0   22.22    0.00    0.00    0.00    0.00    0.00    0.00    0.00    0.00   77.78
10:08:52 AM    1   18.18    0.00    0.00    0.00    0.00    0.00    0.00    0.00    0.00   81.82

10:08:52 AM  CPU    %usr   %nice    %sys %iowait    %irq   %soft  %steal  %guest  %gnice   %idle
10:08:53 AM    0   16.33    0.00    0.00    1.02    0.00    0.00    0.00    0.00    0.00   82.65
10:08:53 AM    1   18.00    0.00    0.00    0.00    0.00    0.00    0.00    0.00    0.00   82.00

10:08:53 AM  CPU    %usr   %nice    %sys %iowait    %irq   %soft  %steal  %guest  %gnice   %idle
10:08:54 AM    0   20.41    0.00    0.00    0.00    0.00    0.00    0.00    0.00    0.00   79.59
10:08:54 AM    1   22.22    0.00    0.00    0.00    0.00    0.00    0.00    0.00    0.00   77.78

10:08:54 AM  CPU    %usr   %nice    %sys %iowait    %irq   %soft  %steal  %guest  %gnice   %idle
10:08:55 AM    0   22.22    0.00    0.00    1.01    0.00    0.00    0.00    0.00    0.00   76.77
10:08:55 AM    1   18.18    0.00    0.00    0.00    0.00    0.00    0.00    0.00    0.00   81.82

10:08:55 AM  CPU    %usr   %nice    %sys %iowait    %irq   %soft  %steal  %guest  %gnice   %idle
10:08:56 AM    0   17.17    0.00    0.00    0.00    0.00    0.00    0.00    0.00    0.00   82.83
10:08:56 AM    1   18.00    0.00    0.00    0.00    0.00    0.00    0.00    0.00    0.00   82.00

10:08:56 AM  CPU    %usr   %nice    %sys %iowait    %irq   %soft  %steal  %guest  %gnice   %idle
10:08:57 AM    0   21.00    0.00    0.00    0.00    0.00    0.00    0.00    0.00    0.00   79.00
10:08:57 AM    1   22.45    0.00    0.00    0.00    0.00    0.00    0.00    0.00    0.00   77.55

10:08:57 AM  CPU    %usr   %nice    %sys %iowait    %irq   %soft  %steal  %guest  %gnice   %idle
10:08:58 AM    0   20.20    0.00    0.00    0.00    0.00    0.00    0.00    0.00    0.00   79.80
10:08:58 AM    1   16.83    0.00    0.00    0.00    0.00    0.00    0.00    0.00    0.00   83.17

10:08:58 AM  CPU    %usr   %nice    %sys %iowait    %irq   %soft  %steal  %guest  %gnice   %idle
10:08:59 AM    0   18.37    0.00    0.00    0.00    0.00    0.00    0.00    0.00    0.00   81.63
10:08:59 AM    1   20.20    0.00    0.00    0.00    0.00    0.00    0.00    0.00    0.00   79.80

10:08:59 AM  CPU    %usr   %nice    %sys %iowait    %irq   %soft  %steal  %guest  %gnice   %idle
10:09:00 AM    0   22.00    0.00    0.00    0.00    0.00    0.00    0.00    0.00    0.00   78.00
10:09:00 AM    1   22.22    0.00    0.00    0.00    0.00    0.00    0.00    0.00    0.00   77.78

10:09:00 AM  CPU    %usr   %nice    %sys %iowait    %irq   %soft  %steal  %guest  %gnice   %idle
10:09:01 AM    0   16.00    0.00    1.00    1.00    0.00    0.00    0.00    0.00    0.00   82.00
10:09:01 AM    1   20.00    0.00    0.00    0.00    0.00    0.00    0.00    0.00    0.00   80.00

10:09:01 AM  CPU    %usr   %nice    %sys %iowait    %irq   %soft  %steal  %guest  %gnice   %idle
10:09:02 AM    0   19.19    0.00    0.00    0.00    0.00    0.00    0.00    0.00    0.00   80.81
10:09:02 AM    1   19.19    0.00    0.00    0.00    0.00    0.00    0.00    0.00    0.00   80.81

10:09:02 AM  CPU    %usr   %nice    %sys %iowait    %irq   %soft  %steal  %guest  %gnice   %idle
10:09:03 AM    0   21.21    0.00    0.00    0.00    0.00    0.00    0.00    0.00    0.00   78.79
10:09:03 AM    1   23.23    0.00    0.00    0.00    0.00    0.00    0.00    0.00    0.00   76.77

10:09:03 AM  CPU    %usr   %nice    %sys %iowait    %irq   %soft  %steal  %guest  %gnice   %idle
10:09:04 AM    0   21.00    0.00    0.00    0.00    0.00    0.00    0.00    0.00    0.00   79.00
10:09:04 AM    1   19.80    0.00    0.00    0.00    0.00    0.00    0.00    0.00    0.00   80.20

10:09:04 AM  CPU    %usr   %nice    %sys %iowait    %irq   %soft  %steal  %guest  %gnice   %idle
10:09:05 AM    0   16.33    0.00    0.00    0.00    0.00    0.00    0.00    0.00    0.00   83.67
10:09:05 AM    1   17.35    0.00    0.00    0.00    0.00    0.00    0.00    0.00    0.00   82.65

10:09:05 AM  CPU    %usr   %nice    %sys %iowait    %irq   %soft  %steal  %guest  %gnice   %idle
10:09:06 AM    0   21.21    0.00    0.00    0.00    0.00    0.00    0.00    0.00    0.00   78.79
10:09:06 AM    1   22.77    0.00    0.00    0.00    0.00    0.00    0.00    0.00    0.00   77.23

10:09:06 AM  CPU    %usr   %nice    %sys %iowait    %irq   %soft  %steal  %guest  %gnice   %idle
10:09:07 AM    0   22.22    0.00    0.00    0.00    0.00    0.00    0.00    0.00    0.00   77.78
10:09:07 AM    1   19.19    0.00    0.00    0.00    0.00    0.00    0.00    0.00    0.00   80.81

10:09:07 AM  CPU    %usr   %nice    %sys %iowait    %irq   %soft  %steal  %guest  %gnice   %idle
10:09:08 AM    0   16.83    0.00    0.99    1.98    0.00    0.00    0.00    0.00    0.00   80.20
10:09:08 AM    1   17.17    0.00    0.00    0.00    0.00    0.00    0.00    0.00    0.00   82.83

10:09:08 AM  CPU    %usr   %nice    %sys %iowait    %irq   %soft  %steal  %guest  %gnice   %idle
10:09:09 AM    0   21.00    0.00    0.00    0.00    0.00    0.00    0.00    0.00    0.00   79.00
10:09:09 AM    1   23.00    0.00    0.00    0.00    0.00    0.00    0.00    0.00    0.00   77.00

10:09:09 AM  CPU    %usr   %nice    %sys %iowait    %irq   %soft  %steal  %guest  %gnice   %idle
10:09:10 AM    0   21.43    0.00    0.00    0.00    0.00    0.00    0.00    0.00    0.00   78.57
10:09:10 AM    1   18.81    0.00    0.00    0.00    0.00    0.00    0.00    0.00    0.00   81.19

10:09:10 AM  CPU    %usr   %nice    %sys %iowait    %irq   %soft  %steal  %guest  %gnice   %idle
10:09:11 AM    0   18.18    0.00    0.00    0.00    0.00    0.00    0.00    0.00    0.00   81.82
10:09:11 AM    1   16.16    0.00    0.00    0.00    0.00    0.00    0.00    0.00    0.00   83.84

10:09:11 AM  CPU    %usr   %nice    %sys %iowait    %irq   %soft  %steal  %guest  %gnice   %idle
10:09:12 AM    0   21.43    0.00    0.00    0.00    0.00    0.00    0.00    0.00    0.00   78.57
10:09:12 AM    1   22.00    0.00    0.00    0.00    0.00    0.00    0.00    0.00    0.00   78.00

10:09:12 AM  CPU    %usr   %nice    %sys %iowait    %irq   %soft  %steal  %guest  %gnice   %idle
10:09:13 AM    0   23.00    0.00    0.00    0.00    0.00    0.00    0.00    0.00    0.00   77.00
10:09:13 AM    1   19.00    0.00    0.00    0.00    0.00    0.00    0.00    0.00    0.00   81.00

10:09:13 AM  CPU    %usr   %nice    %sys %iowait    %irq   %soft  %steal  %guest  %gnice   %idle
10:09:14 AM    0   17.00    0.00    0.00    0.00    0.00    0.00    0.00    0.00    0.00   83.00
10:09:14 AM    1   17.17    0.00    0.00    0.00    0.00    0.00    0.00    0.00    0.00   82.83

10:09:14 AM  CPU    %usr   %nice    %sys %iowait    %irq   %soft  %steal  %guest  %gnice   %idle
10:09:15 AM    0   21.43    0.00    0.00    1.02    0.00    0.00    0.00    0.00    0.00   77.55
10:09:15 AM    1   22.00    0.00    0.00    0.00    0.00    0.00    0.00    0.00    0.00   78.00

10:09:15 AM  CPU    %usr   %nice    %sys %iowait    %irq   %soft  %steal  %guest  %gnice   %idle
10:09:16 AM    0   20.00    0.00    1.00    0.00    0.00    0.00    0.00    0.00    0.00   79.00
10:09:16 AM    1   20.20    0.00    0.00    0.00    0.00    0.00    0.00    0.00    0.00   79.80

10:09:16 AM  CPU    %usr   %nice    %sys %iowait    %irq   %soft  %steal  %guest  %gnice   %idle
10:09:17 AM    0   18.18    0.00    0.00    0.00    0.00    0.00    0.00    0.00    0.00   81.82
10:09:17 AM    1   17.00    0.00    0.00    0.00    0.00    0.00    0.00    0.00    0.00   83.00

10:09:17 AM  CPU    %usr   %nice    %sys %iowait    %irq   %soft  %steal  %guest  %gnice   %idle
10:09:18 AM    0   21.21    0.00    0.00    0.00    0.00    0.00    0.00    0.00    0.00   78.79
10:09:18 AM    1   22.00    0.00    0.00    0.00    0.00    0.00    0.00    0.00    0.00   78.00

10:09:18 AM  CPU    %usr   %nice    %sys %iowait    %irq   %soft  %steal  %guest  %gnice   %idle
10:09:19 AM    0   21.21    0.00    0.00    0.00    0.00    0.00    0.00    0.00    0.00   78.79
10:09:19 AM    1   18.37    0.00    0.00    0.00    0.00    0.00    0.00    0.00    0.00   81.63

10:09:19 AM  CPU    %usr   %nice    %sys %iowait    %irq   %soft  %steal  %guest  %gnice   %idle
10:09:20 AM    0   18.18    0.00    0.00    0.00    0.00    0.00    0.00    0.00    0.00   81.82
10:09:20 AM    1   17.82    0.00    0.00    0.00    0.00    0.00    0.00    0.00    0.00   82.18

10:09:20 AM  CPU    %usr   %nice    %sys %iowait    %irq   %soft  %steal  %guest  %gnice   %idle
10:09:21 AM    0   22.77    0.00    0.00    0.00    0.00    0.00    0.00    0.00    0.00   77.23
10:09:21 AM    1   21.43    0.00    0.00    0.00    0.00    0.00    0.00    0.00    0.00   78.57

10:09:21 AM  CPU    %usr   %nice    %sys %iowait    %irq   %soft  %steal  %guest  %gnice   %idle
10:09:22 AM    0   19.19    0.00    0.00    0.00    0.00    0.00    0.00    0.00    0.00   80.81
10:09:22 AM    1   21.00    0.00    0.00    0.00    0.00    0.00    0.00    0.00    0.00   79.00

10:09:22 AM  CPU    %usr   %nice    %sys %iowait    %irq   %soft  %steal  %guest  %gnice   %idle
10:09:23 AM    0   17.00    0.00    0.00    0.00    0.00    0.00    0.00    0.00    0.00   83.00
10:09:23 AM    1   18.18    0.00    0.00    0.00    0.00    0.00    0.00    0.00    0.00   81.82

10:09:23 AM  CPU    %usr   %nice    %sys %iowait    %irq   %soft  %steal  %guest  %gnice   %idle
10:09:24 AM    0   21.00    0.00    0.00    0.00    0.00    0.00    0.00    0.00    0.00   79.00
10:09:24 AM    1   23.00    0.00    1.00    0.00    0.00    0.00    0.00    0.00    0.00   76.00

10:09:24 AM  CPU    %usr   %nice    %sys %iowait    %irq   %soft  %steal  %guest  %gnice   %idle
10:09:25 AM    0   22.22    0.00    0.00    0.00    0.00    0.00    0.00    0.00    0.00   77.78
10:09:25 AM    1   18.81    0.00    0.00    0.00    0.00    0.00    0.00    0.00    0.00   81.19

10:09:25 AM  CPU    %usr   %nice    %sys %iowait    %irq   %soft  %steal  %guest  %gnice   %idle
10:09:26 AM    0   18.18    0.00    0.00    0.00    0.00    0.00    0.00    0.00    0.00   81.82
10:09:26 AM    1   16.16    0.00    0.00    0.00    0.00    0.00    0.00    0.00    0.00   83.84

10:09:26 AM  CPU    %usr   %nice    %sys %iowait    %irq   %soft  %steal  %guest  %gnice   %idle
10:09:27 AM    0   20.41    0.00    0.00    0.00    0.00    0.00    0.00    0.00    0.00   79.59
10:09:27 AM    1   23.00    0.00    0.00    0.00    0.00    0.00    0.00    0.00    0.00   77.00

10:09:27 AM  CPU    %usr   %nice    %sys %iowait    %irq   %soft  %steal  %guest  %gnice   %idle
10:09:28 AM    0   21.00    0.00    0.00    0.00    0.00    0.00    0.00    0.00    0.00   79.00
10:09:28 AM    1   19.19    0.00    0.00    0.00    0.00    0.00    0.00    0.00    0.00   80.81

10:09:28 AM  CPU    %usr   %nice    %sys %iowait    %irq   %soft  %steal  %guest  %gnice   %idle
10:09:29 AM    0   18.18    0.00    0.00    1.01    0.00    0.00    0.00    0.00    0.00   80.81
10:09:29 AM    1   16.33    0.00    0.00    0.00    0.00    0.00    0.00    0.00    0.00   83.67

10:09:29 AM  CPU    %usr   %nice    %sys %iowait    %irq   %soft  %steal  %guest  %gnice   %idle
10:09:30 AM    0   21.21    0.00    0.00    0.00    0.00    0.00    0.00    0.00    0.00   78.79
10:09:30 AM    1   23.00    0.00    0.00    0.00    0.00    0.00    0.00    0.00    0.00   77.00

10:09:30 AM  CPU    %usr   %nice    %sys %iowait    %irq   %soft  %steal  %guest  %gnice   %idle
10:09:31 AM    0   21.00    0.00    0.00    0.00    0.00    0.00    0.00    0.00    0.00   79.00
10:09:31 AM    1   20.00    0.00    0.00    0.00    0.00    0.00    0.00    0.00    0.00   80.00

10:09:31 AM  CPU    %usr   %nice    %sys %iowait    %irq   %soft  %steal  %guest  %gnice   %idle
10:09:32 AM    0   18.00    0.00    0.00    0.00    0.00    0.00    0.00    0.00    0.00   82.00
10:09:32 AM    1   16.33    0.00    0.00    0.00    0.00    0.00    0.00    0.00    0.00   83.67

10:09:32 AM  CPU    %usr   %nice    %sys %iowait    %irq   %soft  %steal  %guest  %gnice   %idle
10:09:33 AM    0   20.41    0.00    0.00    0.00    0.00    0.00    0.00    0.00    0.00   79.59
10:09:33 AM    1   22.77    0.00    0.99    0.00    0.00    0.00    0.00    0.00    0.00   76.24

10:09:33 AM  CPU    %usr   %nice    %sys %iowait    %irq   %soft  %steal  %guest  %gnice   %idle
10:09:34 AM    0   22.22    0.00    0.00    1.01    0.00    0.00    0.00    0.00    0.00   76.77
10:09:34 AM    1   18.00    0.00    0.00    0.00    0.00    0.00    0.00    0.00    0.00   82.00

10:09:34 AM  CPU    %usr   %nice    %sys %iowait    %irq   %soft  %steal  %guest  %gnice   %idle
10:09:35 AM    0   18.18    0.00    0.00    0.00    0.00    0.00    0.00    0.00    0.00   81.82
10:09:35 AM    1   17.00    0.00    0.00    0.00    0.00    0.00    0.00    0.00    0.00   83.00

10:09:35 AM  CPU    %usr   %nice    %sys %iowait    %irq   %soft  %steal  %guest  %gnice   %idle
10:09:36 AM    0   20.20    0.00    0.00    0.00    0.00    0.00    0.00    0.00    0.00   79.80
10:09:36 AM    1   22.00    0.00    0.00    0.00    0.00    0.00    0.00    0.00    0.00   78.00

10:09:36 AM  CPU    %usr   %nice    %sys %iowait    %irq   %soft  %steal  %guest  %gnice   %idle
10:09:37 AM    0   20.00    0.00    0.00    0.00    0.00    0.00    0.00    0.00    0.00   80.00
10:09:37 AM    1   21.43    0.00    0.00    0.00    0.00    0.00    0.00    0.00    0.00   78.57

10:09:37 AM  CPU    %usr   %nice    %sys %iowait    %irq   %soft  %steal  %guest  %gnice   %idle
10:09:38 AM    0   17.17    0.00    0.00    0.00    0.00    0.00    0.00    0.00    0.00   82.83
10:09:38 AM    1   18.00    0.00    0.00    0.00    0.00    0.00    0.00    0.00    0.00   82.00

10:09:38 AM  CPU    %usr   %nice    %sys %iowait    %irq   %soft  %steal  %guest  %gnice   %idle
10:09:39 AM    0   22.00    0.00    0.00    0.00    0.00    0.00    0.00    0.00    0.00   78.00
10:09:39 AM    1   22.00    0.00    0.00    0.00    0.00    0.00    0.00    0.00    0.00   78.00

10:09:39 AM  CPU    %usr   %nice    %sys %iowait    %irq   %soft  %steal  %guest  %gnice   %idle
10:09:40 AM    0   22.22    0.00    0.00    1.01    0.00    0.00    0.00    0.00    0.00   76.77
10:09:40 AM    1   18.18    0.00    0.00    0.00    0.00    0.00    0.00    0.00    0.00   81.82

10:09:40 AM  CPU    %usr   %nice    %sys %iowait    %irq   %soft  %steal  %guest  %gnice   %idle
10:09:41 AM    0   18.18    0.00    0.00    0.00    0.00    0.00    0.00    0.00    0.00   81.82
10:09:41 AM    1   17.00    0.00    0.00    0.00    0.00    0.00    0.00    0.00    0.00   83.00

10:09:41 AM  CPU    %usr   %nice    %sys %iowait    %irq   %soft  %steal  %guest  %gnice   %idle
10:09:42 AM    0   22.22    0.00    0.00    0.00    0.00    0.00    0.00    0.00    0.00   77.78
10:09:42 AM    1   21.21    0.00    0.00    0.00    0.00    0.00    0.00    0.00    0.00   78.79

10:09:42 AM  CPU    %usr   %nice    %sys %iowait    %irq   %soft  %steal  %guest  %gnice   %idle
10:09:43 AM    0   18.81    0.00    0.00    0.00    0.00    0.00    0.00    0.00    0.00   81.19
10:09:43 AM    1   22.22    0.00    0.00    0.00    0.00    0.00    0.00    0.00    0.00   77.78

10:09:43 AM  CPU    %usr   %nice    %sys %iowait    %irq   %soft  %steal  %guest  %gnice   %idle
10:09:44 AM    0   17.35    0.00    0.00    0.00    0.00    0.00    0.00    0.00    0.00   82.65
10:09:44 AM    1   17.00    0.00    0.00    0.00    0.00    0.00    0.00    0.00    0.00   83.00

10:09:44 AM  CPU    %usr   %nice    %sys %iowait    %irq   %soft  %steal  %guest  %gnice   %idle
10:09:45 AM    0   21.00    0.00    0.00    1.00    0.00    0.00    0.00    0.00    0.00   78.00
10:09:45 AM    1   22.45    0.00    0.00    0.00    0.00    0.00    0.00    0.00    0.00   77.55

10:09:45 AM  CPU    %usr   %nice    %sys %iowait    %irq   %soft  %steal  %guest  %gnice   %idle
10:09:46 AM    0   22.22    0.00    0.00    0.00    0.00    0.00    0.00    0.00    0.00   77.78
10:09:46 AM    1   18.81    0.00    0.00    0.00    0.00    0.00    0.00    0.00    0.00   81.19

10:09:46 AM  CPU    %usr   %nice    %sys %iowait    %irq   %soft  %steal  %guest  %gnice   %idle
10:09:47 AM    0   16.33    0.00    0.00    0.00    0.00    0.00    0.00    0.00    0.00   83.67
10:09:47 AM    1   17.35    0.00    0.00    0.00    0.00    0.00    0.00    0.00    0.00   82.65

10:09:47 AM  CPU    %usr   %nice    %sys %iowait    %irq   %soft  %steal  %guest  %gnice   %idle
10:09:48 AM    0   20.20    0.00    0.00    0.00    0.00    0.00    0.00    0.00    0.00   79.80
10:09:48 AM    1   23.00    0.00    0.00    0.00    0.00    0.00    0.00    0.00    0.00   77.00

10:09:48 AM  CPU    %usr   %nice    %sys %iowait    %irq   %soft  %steal  %guest  %gnice   %idle
10:09:49 AM    0   19.00    0.00    0.00    0.00    0.00    0.00    0.00    0.00    0.00   81.00
10:09:49 AM    1   18.18    0.00    0.00    0.00    0.00    0.00    0.00    0.00    0.00   81.82

10:09:49 AM  CPU    %usr   %nice    %sys %iowait    %irq   %soft  %steal  %guest  %gnice   %idle
10:09:50 AM    0   20.00    0.00    0.00    1.00    0.00    0.00    0.00    0.00    0.00   79.00
10:09:50 AM    1   18.18    0.00    0.00    0.00    0.00    0.00    0.00    0.00    0.00   81.82

10:09:50 AM  CPU    %usr   %nice    %sys %iowait    %irq   %soft  %steal  %guest  %gnice   %idle
10:09:51 AM    0   24.24    0.00    0.00    0.00    0.00    0.00    0.00    0.00    0.00   75.76
10:09:51 AM    1   20.00    0.00    0.00    0.00    0.00    0.00    0.00    0.00    0.00   80.00

10:09:51 AM  CPU    %usr   %nice    %sys %iowait    %irq   %soft  %steal  %guest  %gnice   %idle
10:09:52 AM    0   17.00    0.00    0.00    0.00    0.00    0.00    0.00    0.00    0.00   83.00
10:09:52 AM    1   20.20    0.00    0.00    0.00    0.00    0.00    0.00    0.00    0.00   79.80

10:09:52 AM  CPU    %usr   %nice    %sys %iowait    %irq   %soft  %steal  %guest  %gnice   %idle
10:09:53 AM    0   21.21    0.00    0.00    0.00    0.00    0.00    0.00    0.00    0.00   78.79
10:09:53 AM    1   21.00    0.00    0.00    0.00    0.00    0.00    0.00    0.00    0.00   79.00

10:09:53 AM  CPU    %usr   %nice    %sys %iowait    %irq   %soft  %steal  %guest  %gnice   %idle
10:09:54 AM    0   19.00    0.00    0.00    0.00    0.00    0.00    0.00    0.00    0.00   81.00
10:09:54 AM    1   21.00    0.00    0.00    0.00    0.00    0.00    0.00    0.00    0.00   79.00

10:09:54 AM  CPU    %usr   %nice    %sys %iowait    %irq   %soft  %steal  %guest  %gnice   %idle
10:09:55 AM    0   20.00    0.00    0.00    0.00    0.00    0.00    0.00    0.00    0.00   80.00
10:09:55 AM    1   22.22    0.00    0.00    0.00    0.00    0.00    0.00    0.00    0.00   77.78

10:09:55 AM  CPU    %usr   %nice    %sys %iowait    %irq   %soft  %steal  %guest  %gnice   %idle
10:09:56 AM    0   17.35    0.00    0.00    1.02    0.00    0.00    0.00    0.00    0.00   81.63
10:09:56 AM    1   17.00    0.00    0.00    0.00    0.00    0.00    0.00    0.00    0.00   83.00

10:09:56 AM  CPU    %usr   %nice    %sys %iowait    %irq   %soft  %steal  %guest  %gnice   %idle
10:09:57 AM    0   19.39    0.00    0.00    0.00    0.00    0.00    0.00    0.00    0.00   80.61
10:09:57 AM    1   22.22    0.00    1.01    0.00    0.00    0.00    0.00    0.00    0.00   76.77

10:09:57 AM  CPU    %usr   %nice    %sys %iowait    %irq   %soft  %steal  %guest  %gnice   %idle
10:09:58 AM    0   22.22    0.00    0.00    0.00    0.00    0.00    0.00    0.00    0.00   77.78
10:09:58 AM    1   18.00    0.00    0.00    0.00    0.00    0.00    0.00    0.00    0.00   82.00

10:09:58 AM  CPU    %usr   %nice    %sys %iowait    %irq   %soft  %steal  %guest  %gnice   %idle
10:09:59 AM    0   17.17    0.00    0.00    0.00    0.00    0.00    0.00    0.00    0.00   82.83
10:09:59 AM    1   18.00    0.00    0.00    0.00    0.00    0.00    0.00    0.00    0.00   82.00

10:09:59 AM  CPU    %usr   %nice    %sys %iowait    %irq   %soft  %steal  %guest  %gnice   %idle
10:10:00 AM    0   20.79    0.00    0.99    0.00    0.00    0.00    0.00    0.00    0.00   78.22
10:10:00 AM    1   22.22    0.00    0.00    0.00    0.00    0.00    0.00    0.00    0.00   77.78

10:10:00 AM  CPU    %usr   %nice    %sys %iowait    %irq   %soft  %steal  %guest  %gnice   %idle
10:10:01 AM    0   21.43    0.00    0.00    1.02    0.00    0.00    0.00    0.00    0.00   77.55
10:10:01 AM    1   18.18    0.00    0.00    0.00    0.00    0.00    0.00    0.00    0.00   81.82

10:10:01 AM  CPU    %usr   %nice    %sys %iowait    %irq   %soft  %steal  %guest  %gnice   %idle
10:10:02 AM    0   17.00    0.00    0.00    0.00    0.00    0.00    0.00    0.00    0.00   83.00
10:10:02 AM    1   17.17    0.00    0.00    0.00    0.00    0.00    0.00    0.00    0.00   82.83

10:10:02 AM  CPU    %usr   %nice    %sys %iowait    %irq   %soft  %steal  %guest  %gnice   %idle
10:10:03 AM    0   21.00    0.00    1.00    0.00    0.00    0.00    0.00    0.00    0.00   78.00
10:10:03 AM    1   23.23    0.00    0.00    0.00    0.00    0.00    0.00    0.00    0.00   76.77

10:10:03 AM  CPU    %usr   %nice    %sys %iowait    %irq   %soft  %steal  %guest  %gnice   %idle
10:10:04 AM    0   19.00    0.00    0.00    0.00    0.00    0.00    0.00    0.00    0.00   81.00
10:10:04 AM    1   17.00    0.00    0.00    0.00    0.00    0.00    0.00    0.00    0.00   83.00

10:10:04 AM  CPU    %usr   %nice    %sys %iowait    %irq   %soft  %steal  %guest  %gnice   %idle
10:10:05 AM    0   20.00    0.00    0.00    0.00    0.00    0.00    0.00    0.00    0.00   80.00
10:10:05 AM    1   20.00    0.00    0.00    0.00    0.00    0.00    0.00    0.00    0.00   80.00

10:10:05 AM  CPU    %usr   %nice    %sys %iowait    %irq   %soft  %steal  %guest  %gnice   %idle
10:10:06 AM    0   22.22    0.00    0.00    0.00    0.00    0.00    0.00    0.00    0.00   77.78
10:10:06 AM    1   21.43    0.00    0.00    0.00    0.00    0.00    0.00    0.00    0.00   78.57

10:10:06 AM  CPU    %usr   %nice    %sys %iowait    %irq   %soft  %steal  %guest  %gnice   %idle
10:10:07 AM    0   18.00    0.00    0.00    0.00    0.00    0.00    0.00    0.00    0.00   82.00
10:10:07 AM    1   19.00    0.00    0.00    0.00    0.00    0.00    0.00    0.00    0.00   81.00

10:10:07 AM  CPU    %usr   %nice    %sys %iowait    %irq   %soft  %steal  %guest  %gnice   %idle
10:10:08 AM    0   19.19    0.00    0.00    1.01    0.00    0.00    0.00    0.00    0.00   79.80
10:10:08 AM    1   19.00    0.00    0.00    0.00    0.00    0.00    0.00    0.00    0.00   81.00

10:10:08 AM  CPU    %usr   %nice    %sys %iowait    %irq   %soft  %steal  %guest  %gnice   %idle
10:10:09 AM    0   21.43    0.00    0.00    0.00    0.00    0.00    0.00    0.00    0.00   78.57
10:10:09 AM    1   23.00    0.00    0.00    0.00    0.00    0.00    0.00    0.00    0.00   77.00

10:10:09 AM  CPU    %usr   %nice    %sys %iowait    %irq   %soft  %steal  %guest  %gnice   %idle
10:10:10 AM    0   21.21    0.00    0.00    0.00    0.00    0.00    0.00    0.00    0.00   78.79
10:10:10 AM    1   19.00    0.00    0.00    0.00    0.00    0.00    0.00    0.00    0.00   81.00

10:10:10 AM  CPU    %usr   %nice    %sys %iowait    %irq   %soft  %steal  %guest  %gnice   %idle
10:10:11 AM    0   16.16    0.00    0.00    0.00    0.00    0.00    0.00    0.00    0.00   83.84
10:10:11 AM    1   18.18    0.00    0.00    0.00    0.00    0.00    0.00    0.00    0.00   81.82

10:10:11 AM  CPU    %usr   %nice    %sys %iowait    %irq   %soft  %steal  %guest  %gnice   %idle
10:10:12 AM    0   22.22    0.00    0.00    0.00    0.00    0.00    0.00    0.00    0.00   77.78
10:10:12 AM    1   22.00    0.00    0.00    0.00    0.00    0.00    0.00    0.00    0.00   78.00

10:10:12 AM  CPU    %usr   %nice    %sys %iowait    %irq   %soft  %steal  %guest  %gnice   %idle
10:10:13 AM    0   22.00    0.00    0.00    1.00    0.00    0.00    0.00    0.00    0.00   77.00
10:10:13 AM    1   18.18    0.00    0.00    0.00    0.00    0.00    0.00    0.00    0.00   81.82

10:10:13 AM  CPU    %usr   %nice    %sys %iowait    %irq   %soft  %steal  %guest  %gnice   %idle
10:10:14 AM    0   18.18    0.00    0.00    0.00    0.00    0.00    0.00    0.00    0.00   81.82
10:10:14 AM    1   17.17    0.00    0.00    0.00    0.00    0.00    0.00    0.00    0.00   82.83

10:10:14 AM  CPU    %usr   %nice    %sys %iowait    %irq   %soft  %steal  %guest  %gnice   %idle
10:10:15 AM    0   20.20    0.00    0.00    0.00    0.00    0.00    0.00    0.00    0.00   79.80
10:10:15 AM    1   22.00    0.00    0.00    0.00    0.00    0.00    0.00    0.00    0.00   78.00

10:10:15 AM  CPU    %usr   %nice    %sys %iowait    %irq   %soft  %steal  %guest  %gnice   %idle
10:10:16 AM    0   21.43    0.00    0.00    0.00    0.00    0.00    0.00    0.00    0.00   78.57
10:10:16 AM    1   20.00    0.00    0.00    0.00    0.00    0.00    0.00    0.00    0.00   80.00

10:10:16 AM  CPU    %usr   %nice    %sys %iowait    %irq   %soft  %steal  %guest  %gnice   %idle
10:10:17 AM    0   17.00    0.00    0.00    0.00    0.00    0.00    0.00    0.00    0.00   83.00
10:10:17 AM    1   17.35    0.00    0.00    0.00    0.00    0.00    0.00    0.00    0.00   82.65

10:10:17 AM  CPU    %usr   %nice    %sys %iowait    %irq   %soft  %steal  %guest  %gnice   %idle
10:10:18 AM    0   22.22    0.00    0.00    0.00    0.00    0.00    0.00    0.00    0.00   77.78
10:10:18 AM    1   21.21    0.00    0.00    0.00    0.00    0.00    0.00    0.00    0.00   78.79

10:10:18 AM  CPU    %usr   %nice    %sys %iowait    %irq   %soft  %steal  %guest  %gnice   %idle
10:10:19 AM    0   17.17    0.00    0.00    1.01    0.00    0.00    0.00    0.00    0.00   81.82
10:10:19 AM    1   22.22    0.00    0.00    0.00    0.00    0.00    0.00    0.00    0.00   77.78

10:10:19 AM  CPU    %usr   %nice    %sys %iowait    %irq   %soft  %steal  %guest  %gnice   %idle
10:10:20 AM    0   18.00    0.00    0.00    0.00    0.00    0.00    0.00    0.00    0.00   82.00
10:10:20 AM    1   18.00    0.00    0.00    0.00    0.00    0.00    0.00    0.00    0.00   82.00

10:10:20 AM  CPU    %usr   %nice    %sys %iowait    %irq   %soft  %steal  %guest  %gnice   %idle
10:10:21 AM    0   19.19    0.00    0.00    0.00    0.00    0.00    0.00    0.00    0.00   80.81
10:10:21 AM    1   24.24    0.00    0.00    0.00    0.00    0.00    0.00    0.00    0.00   75.76

10:10:21 AM  CPU    %usr   %nice    %sys %iowait    %irq   %soft  %steal  %guest  %gnice   %idle
10:10:22 AM    0   20.79    0.00    0.99    0.00    0.00    0.00    0.00    0.00    0.00   78.22
10:10:22 AM    1   20.00    0.00    0.00    0.00    0.00    0.00    0.00    0.00    0.00   80.00

10:10:22 AM  CPU    %usr   %nice    %sys %iowait    %irq   %soft  %steal  %guest  %gnice   %idle
10:10:23 AM    0   18.00    0.00    0.00    0.00    0.00    0.00    0.00    0.00    0.00   82.00
10:10:23 AM    1   18.18    0.00    0.00    0.00    0.00    0.00    0.00    0.00    0.00   81.82

10:10:23 AM  CPU    %usr   %nice    %sys %iowait    %irq   %soft  %steal  %guest  %gnice   %idle
10:10:24 AM    0   20.41    0.00    0.00    0.00    0.00    0.00    0.00    0.00    0.00   79.59
10:10:24 AM    1   22.77    0.00    0.00    0.00    0.00    0.00    0.00    0.00    0.00   77.23

10:10:24 AM  CPU    %usr   %nice    %sys %iowait    %irq   %soft  %steal  %guest  %gnice   %idle
10:10:25 AM    0   22.00    0.00    0.00    1.00    0.00    0.00    0.00    0.00    0.00   77.00
10:10:25 AM    1   19.00    0.00    0.00    0.00    0.00    0.00    0.00    0.00    0.00   81.00

10:10:25 AM  CPU    %usr   %nice    %sys %iowait    %irq   %soft  %steal  %guest  %gnice   %idle
10:10:26 AM    0   18.18    0.00    0.00    0.00    0.00    0.00    0.00    0.00    0.00   81.82
10:10:26 AM    1   17.82    0.00    0.00    0.00    0.00    0.00    0.00    0.00    0.00   82.18

10:10:26 AM  CPU    %usr   %nice    %sys %iowait    %irq   %soft  %steal  %guest  %gnice   %idle
10:10:27 AM    0   21.21    0.00    0.00    0.00    0.00    0.00    0.00    0.00    0.00   78.79
10:10:27 AM    1   22.22    0.00    0.00    0.00    0.00    0.00    0.00    0.00    0.00   77.78

10:10:27 AM  CPU    %usr   %nice    %sys %iowait    %irq   %soft  %steal  %guest  %gnice   %idle
10:10:28 AM    0   22.22    0.00    0.00    0.00    0.00    0.00    0.00    0.00    0.00   77.78
10:10:28 AM    1   18.00    0.00    0.00    0.00    0.00    0.00    0.00    0.00    0.00   82.00

10:10:28 AM  CPU    %usr   %nice    %sys %iowait    %irq   %soft  %steal  %guest  %gnice   %idle
10:10:29 AM    0   17.17    0.00    0.00    0.00    0.00    0.00    0.00    0.00    0.00   82.83
10:10:29 AM    1   20.00    0.00    0.00    0.00    0.00    0.00    0.00    0.00    0.00   80.00

10:10:29 AM  CPU    %usr   %nice    %sys %iowait    %irq   %soft  %steal  %guest  %gnice   %idle
10:10:30 AM    0   19.19    0.00    0.00    1.01    0.00    0.00    0.00    0.00    0.00   79.80
10:10:30 AM    1   22.22    0.00    0.00    0.00    0.00    0.00    0.00    0.00    0.00   77.78

10:10:30 AM  CPU    %usr   %nice    %sys %iowait    %irq   %soft  %steal  %guest  %gnice   %idle
10:10:31 AM    0   21.43    0.00    0.00    0.00    0.00    0.00    0.00    0.00    0.00   78.57
10:10:31 AM    1   18.00    0.00    0.00    0.00    0.00    0.00    0.00    0.00    0.00   82.00

10:10:31 AM  CPU    %usr   %nice    %sys %iowait    %irq   %soft  %steal  %guest  %gnice   %idle
10:10:32 AM    0   18.18    0.00    0.00    0.00    0.00    0.00    0.00    0.00    0.00   81.82
10:10:32 AM    1   17.00    0.00    0.00    0.00    0.00    0.00    0.00    0.00    0.00   83.00

10:10:32 AM  CPU    %usr   %nice    %sys %iowait    %irq   %soft  %steal  %guest  %gnice   %idle
10:10:33 AM    0   21.00    0.00    0.00    0.00    0.00    0.00    0.00    0.00    0.00   79.00
10:10:33 AM    1   23.23    0.00    0.00    0.00    0.00    0.00    0.00    0.00    0.00   76.77

10:10:33 AM  CPU    %usr   %nice    %sys %iowait    %irq   %soft  %steal  %guest  %gnice   %idle
10:10:34 AM    0   20.41    0.00    0.00    0.00    0.00    0.00    0.00    0.00    0.00   79.59
10:10:34 AM    1   19.80    0.00    0.00    0.00    0.00    0.00    0.00    0.00    0.00   80.20

10:10:34 AM  CPU    %usr   %nice    %sys %iowait    %irq   %soft  %steal  %guest  %gnice   %idle
10:10:35 AM    0   17.17    0.00    0.00    0.00    0.00    0.00    0.00    0.00    0.00   82.83
10:10:35 AM    1   17.35    0.00    0.00    0.00    0.00    0.00    0.00    0.00    0.00   82.65

10:10:35 AM  CPU    %usr   %nice    %sys %iowait    %irq   %soft  %steal  %guest  %gnice   %idle
10:10:36 AM    0   23.00    0.00    0.00    0.00    0.00    0.00    0.00    0.00    0.00   77.00
10:10:36 AM    1   21.21    0.00    0.00    0.00    0.00    0.00    0.00    0.00    0.00   78.79

10:10:36 AM  CPU    %usr   %nice    %sys %iowait    %irq   %soft  %steal  %guest  %gnice   %idle
10:10:37 AM    0   19.00    0.00    0.00    0.00    0.00    0.00    0.00    0.00    0.00   81.00
10:10:37 AM    1   21.21    0.00    0.00    0.00    0.00    0.00    0.00    0.00    0.00   78.79

10:10:37 AM  CPU    %usr   %nice    %sys %iowait    %irq   %soft  %steal  %guest  %gnice   %idle
10:10:38 AM    0   17.82    0.00    0.99    0.99    0.00    0.00    0.00    0.00    0.00   80.20
10:10:38 AM    1   17.17    0.00    0.00    0.00    0.00    0.00    0.00    0.00    0.00   82.83

10:10:38 AM  CPU    %usr   %nice    %sys %iowait    %irq   %soft  %steal  %guest  %gnice   %idle
10:10:39 AM    0   20.20    0.00    0.00    2.02    0.00    0.00    0.00    0.00    0.00   77.78
10:10:39 AM    1   22.45    0.00    0.00    0.00    0.00    0.00    0.00    0.00    0.00   77.55

10:10:39 AM  CPU    %usr   %nice    %sys %iowait    %irq   %soft  %steal  %guest  %gnice   %idle
10:10:40 AM    0   21.43    0.00    0.00    0.00    0.00    0.00    0.00    0.00    0.00   78.57
10:10:40 AM    1   19.80    0.00    0.00    0.00    0.00    0.00    0.00    0.00    0.00   80.20

10:10:40 AM  CPU    %usr   %nice    %sys %iowait    %irq   %soft  %steal  %guest  %gnice   %idle
10:10:41 AM    0   17.35    0.00    0.00    0.00    0.00    0.00    0.00    0.00    0.00   82.65
10:10:41 AM    1   16.33    0.00    0.00    0.00    0.00    0.00    0.00    0.00    0.00   83.67

10:10:41 AM  CPU    %usr   %nice    %sys %iowait    %irq   %soft  %steal  %guest  %gnice   %idle
10:10:42 AM    0   22.00    0.00    0.00    0.00    0.00    0.00    0.00    0.00    0.00   78.00
10:10:42 AM    1   22.22    0.00    0.00    0.00    0.00    0.00    0.00    0.00    0.00   77.78

10:10:42 AM  CPU    %usr   %nice    %sys %iowait    %irq   %soft  %steal  %guest  %gnice   %idle
10:10:43 AM    0   20.20    0.00    1.01    0.00    0.00    0.00    0.00    0.00    0.00   78.79
10:10:43 AM    1   19.80    0.00    0.00    0.00    0.00    0.00    0.00    0.00    0.00   80.20

10:10:43 AM  CPU    %usr   %nice    %sys %iowait    %irq   %soft  %steal  %guest  %gnice   %idle
10:10:44 AM    0   18.18    0.00    0.00    0.00    0.00    0.00    0.00    0.00    0.00   81.82
10:10:44 AM    1   17.17    0.00    0.00    0.00    0.00    0.00    0.00    0.00    0.00   82.83

10:10:44 AM  CPU    %usr   %nice    %sys %iowait    %irq   %soft  %steal  %guest  %gnice   %idle
10:10:45 AM    0   22.00    0.00    0.00    2.00    0.00    0.00    0.00    0.00    0.00   76.00
10:10:45 AM    1   23.00    0.00    0.00    0.00    0.00    0.00    0.00    0.00    0.00   77.00

10:10:45 AM  CPU    %usr   %nice    %sys %iowait    %irq   %soft  %steal  %guest  %gnice   %idle
10:10:46 AM    0   18.18    0.00    0.00    0.00    0.00    0.00    0.00    0.00    0.00   81.82
10:10:46 AM    1   17.17    0.00    0.00    0.00    0.00    0.00    0.00    0.00    0.00   82.83

10:10:46 AM  CPU    %usr   %nice    %sys %iowait    %irq   %soft  %steal  %guest  %gnice   %idle
10:10:47 AM    0   21.21    0.00    0.00    0.00    0.00    0.00    0.00    0.00    0.00   78.79
10:10:47 AM    1   20.20    0.00    0.00    0.00    0.00    0.00    0.00    0.00    0.00   79.80

10:10:47 AM  CPU    %usr   %nice    %sys %iowait    %irq   %soft  %steal  %guest  %gnice   %idle
10:10:48 AM    0   19.19    0.00    0.00    0.00    0.00    0.00    0.00    0.00    0.00   80.81
10:10:48 AM    1   22.00    0.00    0.00    0.00    0.00    0.00    0.00    0.00    0.00   78.00

10:10:48 AM  CPU    %usr   %nice    %sys %iowait    %irq   %soft  %steal  %guest  %gnice   %idle
10:10:49 AM    0   21.43    0.00    0.00    0.00    0.00    0.00    0.00    0.00    0.00   78.57
10:10:49 AM    1   18.63    0.00    0.98    0.00    0.00    0.00    0.00    0.00    0.00   80.39

10:10:49 AM  CPU    %usr   %nice    %sys %iowait    %irq   %soft  %steal  %guest  %gnice   %idle
10:10:50 AM    0   18.18    0.00    0.00    1.01    0.00    0.00    0.00    0.00    0.00   80.81
10:10:50 AM    1   16.16    0.00    0.00    0.00    0.00    0.00    0.00    0.00    0.00   83.84

10:10:50 AM  CPU    %usr   %nice    %sys %iowait    %irq   %soft  %steal  %guest  %gnice   %idle
10:10:51 AM    0   22.22    0.00    0.00    0.00    0.00    0.00    0.00    0.00    0.00   77.78
10:10:51 AM    1   21.21    0.00    0.00    0.00    0.00    0.00    0.00    0.00    0.00   78.79

10:10:51 AM  CPU    %usr   %nice    %sys %iowait    %irq   %soft  %steal  %guest  %gnice   %idle
10:10:52 AM    0   19.61    0.00    0.00    0.00    0.00    0.00    0.00    0.00    0.00   80.39
10:10:52 AM    1   22.22    0.00    0.00    0.00    0.00    0.00    0.00    0.00    0.00   77.78

10:10:52 AM  CPU    %usr   %nice    %sys %iowait    %irq   %soft  %steal  %guest  %gnice   %idle
10:10:53 AM    0   17.35    0.00    0.00    1.02    0.00    0.00    0.00    0.00    0.00   81.63
10:10:53 AM    1   17.82    0.00    0.00    0.00    0.00    0.00    0.00    0.00    0.00   82.18

10:10:53 AM  CPU    %usr   %nice    %sys %iowait    %irq   %soft  %steal  %guest  %gnice   %idle
10:10:54 AM    0   21.21    0.00    0.00    0.00    0.00    0.00    0.00    0.00    0.00   78.79
10:10:54 AM    1   23.00    0.00    0.00    0.00    0.00    0.00    0.00    0.00    0.00   77.00

10:10:54 AM  CPU    %usr   %nice    %sys %iowait    %irq   %soft  %steal  %guest  %gnice   %idle
10:10:55 AM    0   21.21    0.00    0.00    0.00    0.00    0.00    0.00    0.00    0.00   78.79
10:10:55 AM    1   19.00    0.00    0.00    0.00    0.00    0.00    0.00    0.00    0.00   81.00

10:10:55 AM  CPU    %usr   %nice    %sys %iowait    %irq   %soft  %steal  %guest  %gnice   %idle
10:10:56 AM    0   18.18    0.00    0.00    0.00    0.00    0.00    0.00    0.00    0.00   81.82
10:10:56 AM    1   16.16    0.00    0.00    0.00    0.00    0.00    0.00    0.00    0.00   83.84

10:10:56 AM  CPU    %usr   %nice    %sys %iowait    %irq   %soft  %steal  %guest  %gnice   %idle
10:10:57 AM    0   21.21    0.00    0.00    0.00    0.00    0.00    0.00    0.00    0.00   78.79
10:10:57 AM    1   22.22    0.00    0.00    0.00    0.00    0.00    0.00    0.00    0.00   77.78

10:10:57 AM  CPU    %usr   %nice    %sys %iowait    %irq   %soft  %steal  %guest  %gnice   %idle
10:10:58 AM    0   21.00    0.00    0.00    0.00    0.00    0.00    0.00    0.00    0.00   79.00
10:10:58 AM    1   16.00    0.00    0.00    0.00    0.00    0.00    0.00    0.00    0.00   84.00

10:10:58 AM  CPU    %usr   %nice    %sys %iowait    %irq   %soft  %steal  %guest  %gnice   %idle
10:10:59 AM    0   19.19    0.00    0.00    0.00    0.00    0.00    0.00    0.00    0.00   80.81
10:10:59 AM    1   22.00    0.00    0.00    0.00    0.00    0.00    0.00    0.00    0.00   78.00

10:10:59 AM  CPU    %usr   %nice    %sys %iowait    %irq   %soft  %steal  %guest  %gnice   %idle
10:11:00 AM    0   21.00    0.00    0.00    1.00    0.00    0.00    0.00    0.00    0.00   78.00
10:11:00 AM    1   21.21    0.00    0.00    0.00    0.00    0.00    0.00    0.00    0.00   78.79

10:11:00 AM  CPU    %usr   %nice    %sys %iowait    %irq   %soft  %steal  %guest  %gnice   %idle
10:11:01 AM    0   20.20    0.00    0.00    0.00    0.00    0.00    0.00    0.00    0.00   79.80
10:11:01 AM    1   19.00    0.00    0.00    0.00    0.00    0.00    0.00    0.00    0.00   81.00

10:11:01 AM  CPU    %usr   %nice    %sys %iowait    %irq   %soft  %steal  %guest  %gnice   %idle
10:11:02 AM    0   18.37    0.00    0.00    0.00    0.00    0.00    0.00    0.00    0.00   81.63
10:11:02 AM    1   19.00    0.00    0.00    0.00    0.00    0.00    0.00    0.00    0.00   81.00

10:11:02 AM  CPU    %usr   %nice    %sys %iowait    %irq   %soft  %steal  %guest  %gnice   %idle
10:11:03 AM    0   21.00    0.00    0.00    0.00    0.00    0.00    0.00    0.00    0.00   79.00
10:11:03 AM    1   20.20    0.00    0.00    0.00    0.00    0.00    0.00    0.00    0.00   79.80

10:11:03 AM  CPU    %usr   %nice    %sys %iowait    %irq   %soft  %steal  %guest  %gnice   %idle
10:11:04 AM    0   20.00    0.00    0.00    0.00    0.00    0.00    0.00    0.00    0.00   80.00
10:11:04 AM    1   21.00    0.00    0.00    0.00    0.00    0.00    0.00    0.00    0.00   79.00

10:11:04 AM  CPU    %usr   %nice    %sys %iowait    %irq   %soft  %steal  %guest  %gnice   %idle
10:11:05 AM    0   17.35    0.00    0.00    0.00    0.00    0.00    0.00    0.00    0.00   82.65
10:11:05 AM    1   18.00    0.00    0.00    0.00    0.00    0.00    0.00    0.00    0.00   82.00

10:11:05 AM  CPU    %usr   %nice    %sys %iowait    %irq   %soft  %steal  %guest  %gnice   %idle
10:11:06 AM    0   20.20    0.00    0.00    0.00    0.00    0.00    0.00    0.00    0.00   79.80
10:11:06 AM    1   23.23    0.00    0.00    0.00    0.00    0.00    0.00    0.00    0.00   76.77

10:11:06 AM  CPU    %usr   %nice    %sys %iowait    %irq   %soft  %steal  %guest  %gnice   %idle
10:11:07 AM    0   22.00    0.00    0.00    0.00    0.00    0.00    0.00    0.00    0.00   78.00
10:11:07 AM    1   18.81    0.00    0.00    0.00    0.00    0.00    0.00    0.00    0.00   81.19

10:11:07 AM  CPU    %usr   %nice    %sys %iowait    %irq   %soft  %steal  %guest  %gnice   %idle
10:11:08 AM    0   20.00    0.00    0.00    0.00    0.00    0.00    0.00    0.00    0.00   80.00
10:11:08 AM    1   19.00    0.00    0.00    0.00    0.00    0.00    0.00    0.00    0.00   81.00

10:11:08 AM  CPU    %usr   %nice    %sys %iowait    %irq   %soft  %steal  %guest  %gnice   %idle
10:11:09 AM    0   21.00    0.00    0.00    1.00    0.00    0.00    0.00    0.00    0.00   78.00
10:11:09 AM    1   20.00    0.00    0.00    0.00    0.00    0.00    0.00    0.00    0.00   80.00

10:11:09 AM  CPU    %usr   %nice    %sys %iowait    %irq   %soft  %steal  %guest  %gnice   %idle
10:11:10 AM    0   17.00    0.00    1.00    0.00    0.00    0.00    0.00    0.00    0.00   82.00
10:11:10 AM    1   22.22    0.00    0.00    0.00    0.00    0.00    0.00    0.00    0.00   77.78

10:11:10 AM  CPU    %usr   %nice    %sys %iowait    %irq   %soft  %steal  %guest  %gnice   %idle
10:11:11 AM    0   16.16    0.00    0.00    0.00    0.00    0.00    0.00    0.00    0.00   83.84
10:11:11 AM    1   18.18    0.00    0.00    0.00    0.00    0.00    0.00    0.00    0.00   81.82

10:11:11 AM  CPU    %usr   %nice    %sys %iowait    %irq   %soft  %steal  %guest  %gnice   %idle
10:11:12 AM    0   24.00    0.00    0.00    0.00    0.00    0.00    0.00    0.00    0.00   76.00
10:11:12 AM    1   21.00    0.00    0.00    0.00    0.00    0.00    0.00    0.00    0.00   79.00

10:11:12 AM  CPU    %usr   %nice    %sys %iowait    %irq   %soft  %steal  %guest  %gnice   %idle
10:11:13 AM    0   18.18    0.00    0.00    0.00    0.00    0.00    0.00    0.00    0.00   81.82
10:11:13 AM    1   21.21    0.00    0.00    0.00    0.00    0.00    0.00    0.00    0.00   78.79

10:11:13 AM  CPU    %usr   %nice    %sys %iowait    %irq   %soft  %steal  %guest  %gnice   %idle
10:11:14 AM    0   20.20    0.00    0.00    0.00    0.00    0.00    0.00    0.00    0.00   79.80
10:11:14 AM    1   18.18    0.00    0.00    0.00    0.00    0.00    0.00    0.00    0.00   81.82

10:11:14 AM  CPU    %usr   %nice    %sys %iowait    %irq   %soft  %steal  %guest  %gnice   %idle
10:11:15 AM    0   18.18    0.00    0.00    0.00    0.00    0.00    0.00    0.00    0.00   81.82
10:11:15 AM    1   22.22    0.00    0.00    0.00    0.00    0.00    0.00    0.00    0.00   77.78

10:11:15 AM  CPU    %usr   %nice    %sys %iowait    %irq   %soft  %steal  %guest  %gnice   %idle
10:11:16 AM    0   21.21    0.00    0.00    0.00    0.00    0.00    0.00    0.00    0.00   78.79
10:11:16 AM    1   18.18    0.00    0.00    0.00    0.00    0.00    0.00    0.00    0.00   81.82

10:11:16 AM  CPU    %usr   %nice    %sys %iowait    %irq   %soft  %steal  %guest  %gnice   %idle
10:11:17 AM    0   17.00    0.00    0.00    1.00    0.00    0.00    0.00    0.00    0.00   82.00
10:11:17 AM    1   18.00    0.00    0.00    0.00    0.00    0.00    0.00    0.00    0.00   82.00

10:11:17 AM  CPU    %usr   %nice    %sys %iowait    %irq   %soft  %steal  %guest  %gnice   %idle
10:11:18 AM    0   20.41    0.00    0.00    0.00    0.00    0.00    0.00    0.00    0.00   79.59
10:11:18 AM    1   23.00    0.00    0.00    0.00    0.00    0.00    0.00    0.00    0.00   77.00

10:11:18 AM  CPU    %usr   %nice    %sys %iowait    %irq   %soft  %steal  %guest  %gnice   %idle
10:11:19 AM    0   21.00    0.00    0.00    1.00    0.00    0.00    0.00    0.00    0.00   78.00
10:11:19 AM    1   20.00    0.00    0.00    0.00    0.00    0.00    0.00    0.00    0.00   80.00

Average:     CPU    %usr   %nice    %sys %iowait    %irq   %soft  %steal  %guest  %gnice   %idle
Average:       0   19.85    0.00    0.07    0.20    0.00    0.00    0.00    0.00    0.00   79.89
Average:       1   19.82    0.00    0.03    0.00    0.00    0.00    0.00    0.00    0.00   80.15
