Linux 5.15.0-121-generic (NEU) 	09/15/2024 	_x86_64_	(16 CPU)

05:48:13 PM   UID       PID   cswch/s nvcswch/s  Command
05:48:14 PM  1000      5501      0.00    314.00  two_node_pipeli
05:48:15 PM  1000      5501      1.00    248.00  two_node_pipeli
05:48:16 PM  1000      5501      0.00    114.00  two_node_pipeli
05:48:17 PM  1000      5501      0.00     82.00  two_node_pipeli
05:48:18 PM  1000      5501      0.00     32.00  two_node_pipeli
05:48:19 PM  1000      5501      0.00     36.00  two_node_pipeli
05:48:20 PM  1000      5501      0.00     53.47  two_node_pipeli
05:48:21 PM  1000      5501      0.00     83.00  two_node_pipeli
05:48:22 PM  1000      5501      0.00    102.00  two_node_pipeli
05:48:23 PM  1000      5501      1.00    166.00  two_node_pipeli
05:48:24 PM  1000      5501      4.00    274.00  two_node_pipeli
05:48:25 PM  1000      5501      0.00    664.00  two_node_pipeli
05:48:26 PM  1000      5501      1.00    720.00  two_node_pipeli
05:48:27 PM  1000      5501      1.00    768.00  two_node_pipeli
05:48:28 PM  1000      5501      1.00    832.00  two_node_pipeli
05:48:29 PM  1000      5501      0.00    351.49  two_node_pipeli
05:48:30 PM  1000      5501      0.00    235.00  two_node_pipeli
05:48:31 PM  1000      5501      0.00    161.39  two_node_pipeli
05:48:32 PM  1000      5501      0.00    199.00  two_node_pipeli
05:48:33 PM  1000      5501      0.00    241.00  two_node_pipeli
05:48:34 PM  1000      5501      1.00    113.00  two_node_pipeli
05:48:35 PM  1000      5501      0.00    173.00  two_node_pipeli
05:48:36 PM  1000      5501      1.00    331.00  two_node_pipeli
05:48:37 PM  1000      5501      0.00    348.00  two_node_pipeli
05:48:38 PM  1000      5501      0.00    457.00  two_node_pipeli
05:48:39 PM  1000      5501      0.00    427.00  two_node_pipeli
05:48:40 PM  1000      5501      0.00    395.00  two_node_pipeli
05:48:41 PM  1000      5501      1.00    395.00  two_node_pipeli
05:48:42 PM  1000      5501      0.00    406.00  two_node_pipeli
05:48:43 PM  1000      5501      3.00    383.00  two_node_pipeli
05:48:44 PM  1000      5501     13.00    192.00  two_node_pipeli
05:48:45 PM  1000      5501     10.00    267.00  two_node_pipeli
05:48:46 PM  1000      5501     10.00    294.00  two_node_pipeli
05:48:47 PM  1000      5501     11.00    446.00  two_node_pipeli
05:48:48 PM  1000      5501      1.00    465.00  two_node_pipeli
05:48:49 PM  1000      5501      1.00    508.00  two_node_pipeli
05:48:50 PM  1000      5501     14.00    367.00  two_node_pipeli
05:48:51 PM  1000      5501     13.00    311.00  two_node_pipeli
05:48:52 PM  1000      5501     10.00    207.00  two_node_pipeli
05:48:53 PM  1000      5501     12.00    341.00  two_node_pipeli
05:48:54 PM  1000      5501     14.00     93.00  two_node_pipeli
05:48:55 PM  1000      5501     15.00    274.00  two_node_pipeli
05:48:56 PM  1000      5501     20.00    173.00  two_node_pipeli
05:48:57 PM  1000      5501      8.00    395.00  two_node_pipeli
05:48:58 PM  1000      5501      0.00    203.00  two_node_pipeli
05:48:59 PM  1000      5501      3.96    204.95  two_node_pipeli
05:49:00 PM  1000      5501      9.00    362.00  two_node_pipeli
05:49:01 PM  1000      5501     11.00    346.00  two_node_pipeli
05:49:02 PM  1000      5501     10.00    191.00  two_node_pipeli
05:49:03 PM  1000      5501     17.00    288.00  two_node_pipeli
05:49:04 PM  1000      5501     17.00    277.00  two_node_pipeli
05:49:05 PM  1000      5501      0.00    794.00  two_node_pipeli
05:49:06 PM  1000      5501      0.00    587.00  two_node_pipeli
05:49:07 PM  1000      5501      1.00    638.00  two_node_pipeli
05:49:08 PM  1000      5501      0.00    695.00  two_node_pipeli
05:49:09 PM  1000      5501      0.99    396.04  two_node_pipeli
05:49:10 PM  1000      5501      5.00    346.00  two_node_pipeli
05:49:11 PM  1000      5501      9.00    475.00  two_node_pipeli
05:49:12 PM  1000      5501     10.00    404.00  two_node_pipeli
05:49:13 PM  1000      5501      0.00    755.00  two_node_pipeli
05:49:14 PM  1000      5501     11.00    376.00  two_node_pipeli
05:49:15 PM  1000      5501      8.00    578.00  two_node_pipeli
05:49:16 PM  1000      5501     18.00    424.00  two_node_pipeli
05:49:17 PM  1000      5501     10.00    298.00  two_node_pipeli
05:49:18 PM  1000      5501      0.00    596.00  two_node_pipeli
05:49:19 PM  1000      5501      0.00    584.16  two_node_pipeli
05:49:20 PM  1000      5501      0.00    858.00  two_node_pipeli
05:49:21 PM  1000      5501      0.00   1275.00  two_node_pipeli
05:49:22 PM  1000      5501      1.00    971.00  two_node_pipeli
05:49:23 PM  1000      5501      0.00    602.00  two_node_pipeli
05:49:24 PM  1000      5501      2.00    395.00  two_node_pipeli
05:49:25 PM  1000      5501      0.00    477.00  two_node_pipeli
05:49:26 PM  1000      5501      0.00    615.00  two_node_pipeli
05:49:27 PM  1000      5501      0.00    560.00  two_node_pipeli
05:49:28 PM  1000      5501      2.00    524.00  two_node_pipeli
05:49:29 PM  1000      5501      8.00    314.00  two_node_pipeli
05:49:30 PM  1000      5501     11.00    246.00  two_node_pipeli
05:49:31 PM  1000      5501     10.00    369.00  two_node_pipeli
05:49:32 PM  1000      5501     10.00    216.00  two_node_pipeli
05:49:33 PM  1000      5501      9.00    175.00  two_node_pipeli
05:49:34 PM  1000      5501     12.00    226.00  two_node_pipeli
05:49:35 PM  1000      5501      8.00    225.00  two_node_pipeli
05:49:36 PM  1000      5501     12.00    279.00  two_node_pipeli
05:49:37 PM  1000      5501     15.00    144.00  two_node_pipeli
05:49:38 PM  1000      5501     13.00    212.00  two_node_pipeli
05:49:39 PM  1000      5501     10.00    252.00  two_node_pipeli
05:49:40 PM  1000      5501     14.00     94.00  two_node_pipeli
05:49:41 PM  1000      5501     14.00    260.00  two_node_pipeli
05:49:42 PM  1000      5501     12.00    278.00  two_node_pipeli
05:49:43 PM  1000      5501     13.00    257.00  two_node_pipeli
05:49:44 PM  1000      5501     11.00    235.00  two_node_pipeli
05:49:45 PM  1000      5501     12.00    217.00  two_node_pipeli
05:49:46 PM  1000      5501     14.00    272.00  two_node_pipeli
05:49:47 PM  1000      5501     15.00    200.00  two_node_pipeli
05:49:48 PM  1000      5501     12.00    195.00  two_node_pipeli
05:49:49 PM  1000      5501     11.00    138.00  two_node_pipeli
05:49:50 PM  1000      5501     14.00    225.00  two_node_pipeli
05:49:51 PM  1000      5501     13.00    257.00  two_node_pipeli
05:49:52 PM  1000      5501     11.00    170.00  two_node_pipeli
05:49:53 PM  1000      5501     12.00    184.00  two_node_pipeli
05:49:54 PM  1000      5501     11.00    201.00  two_node_pipeli
05:49:55 PM  1000      5501     12.00    181.00  two_node_pipeli
05:49:56 PM  1000      5501     13.00    282.00  two_node_pipeli
05:49:57 PM  1000      5501     15.00    162.00  two_node_pipeli
05:49:58 PM  1000      5501     11.00    228.00  two_node_pipeli
05:49:59 PM  1000      5501     14.00    151.00  two_node_pipeli
05:50:00 PM  1000      5501     12.00    347.00  two_node_pipeli
05:50:01 PM  1000      5501     12.00    187.00  two_node_pipeli
05:50:02 PM  1000      5501     14.00    239.00  two_node_pipeli
05:50:03 PM  1000      5501     14.00    267.00  two_node_pipeli
05:50:04 PM  1000      5501     12.00    336.00  two_node_pipeli
05:50:05 PM  1000      5501     12.00    331.00  two_node_pipeli
05:50:06 PM  1000      5501     12.00    172.00  two_node_pipeli
05:50:07 PM  1000      5501     15.00    142.00  two_node_pipeli
05:50:08 PM  1000      5501     18.00    146.00  two_node_pipeli
05:50:09 PM  1000      5501     17.00    274.00  two_node_pipeli
05:50:10 PM  1000      5501     12.00    267.00  two_node_pipeli
05:50:11 PM  1000      5501     12.00    245.00  two_node_pipeli
05:50:13 PM  1000      5501     12.00    144.00  two_node_pipeli
05:50:14 PM  1000      5501      9.00    439.00  two_node_pipeli
05:50:15 PM  1000      5501     11.00    193.00  two_node_pipeli
05:50:16 PM  1000      5501     15.00    195.00  two_node_pipeli
05:50:17 PM  1000      5501     14.00    195.00  two_node_pipeli
05:50:18 PM  1000      5501     17.00    289.00  two_node_pipeli
05:50:19 PM  1000      5501     13.00    249.00  two_node_pipeli
05:50:20 PM  1000      5501      8.00    282.00  two_node_pipeli
05:50:21 PM  1000      5501     16.00    205.00  two_node_pipeli
05:50:22 PM  1000      5501     11.00    237.00  two_node_pipeli
05:50:23 PM  1000      5501      5.00    178.00  two_node_pipeli
05:50:24 PM  1000      5501      8.00    192.00  two_node_pipeli
05:50:25 PM  1000      5501     12.00    223.00  two_node_pipeli
05:50:26 PM  1000      5501     17.00    223.00  two_node_pipeli
05:50:27 PM  1000      5501     12.00    279.00  two_node_pipeli
05:50:28 PM  1000      5501     14.00    306.00  two_node_pipeli
05:50:29 PM  1000      5501     11.00    298.00  two_node_pipeli
05:50:30 PM  1000      5501      9.00    162.00  two_node_pipeli
05:50:31 PM  1000      5501     17.00    239.00  two_node_pipeli
05:50:32 PM  1000      5501      8.00    356.00  two_node_pipeli
05:50:33 PM  1000      5501     13.00    346.00  two_node_pipeli
05:50:34 PM  1000      5501     17.00    188.00  two_node_pipeli
05:50:35 PM  1000      5501     13.00    279.00  two_node_pipeli
05:50:36 PM  1000      5501     10.00    235.00  two_node_pipeli
05:50:37 PM  1000      5501     11.88    188.12  two_node_pipeli
05:50:38 PM  1000      5501     11.00    232.00  two_node_pipeli
05:50:39 PM  1000      5501     14.00    246.00  two_node_pipeli
05:50:40 PM  1000      5501     11.00    255.00  two_node_pipeli
05:50:41 PM  1000      5501     11.00    247.00  two_node_pipeli
05:50:42 PM  1000      5501     15.00    184.00  two_node_pipeli
05:50:43 PM  1000      5501     13.00    156.00  two_node_pipeli
05:50:44 PM  1000      5501     13.00    166.00  two_node_pipeli
05:50:45 PM  1000      5501     14.00    332.00  two_node_pipeli
05:50:46 PM  1000      5501     15.00    203.00  two_node_pipeli
05:50:47 PM  1000      5501     13.00    316.00  two_node_pipeli
05:50:48 PM  1000      5501      8.00    224.00  two_node_pipeli
05:50:49 PM  1000      5501     14.00    297.00  two_node_pipeli
05:50:50 PM  1000      5501     13.00    310.00  two_node_pipeli
05:50:51 PM  1000      5501     13.00    215.00  two_node_pipeli
05:50:52 PM  1000      5501     18.00    157.00  two_node_pipeli
05:50:53 PM  1000      5501     17.00    127.00  two_node_pipeli
05:50:54 PM  1000      5501     11.00    228.00  two_node_pipeli
05:50:55 PM  1000      5501     12.00    264.00  two_node_pipeli
05:50:56 PM  1000      5501     17.00    177.00  two_node_pipeli
05:50:57 PM  1000      5501     10.00    117.00  two_node_pipeli
05:50:58 PM  1000      5501     13.00    200.00  two_node_pipeli
05:50:59 PM  1000      5501     12.00    196.00  two_node_pipeli
05:51:00 PM  1000      5501     10.00    188.00  two_node_pipeli
05:51:01 PM  1000      5501     13.86    386.14  two_node_pipeli
05:51:02 PM  1000      5501      9.00    248.00  two_node_pipeli
05:51:03 PM  1000      5501     17.00    316.00  two_node_pipeli
05:51:04 PM  1000      5501     15.00    287.00  two_node_pipeli
05:51:05 PM  1000      5501     16.00    299.00  two_node_pipeli
05:51:06 PM  1000      5501     13.00    238.00  two_node_pipeli
05:51:07 PM  1000      5501     13.00    158.00  two_node_pipeli
05:51:08 PM  1000      5501     13.00    344.00  two_node_pipeli
05:51:09 PM  1000      5501     11.00    316.00  two_node_pipeli
05:51:10 PM  1000      5501     12.00    248.00  two_node_pipeli
05:51:11 PM  1000      5501     10.00    208.00  two_node_pipeli
05:51:12 PM  1000      5501      8.00    206.00  two_node_pipeli
05:51:13 PM  1000      5501     13.00    180.00  two_node_pipeli
05:51:14 PM  1000      5501     12.00    225.00  two_node_pipeli
Average:     1000      5501      9.02    300.81  two_node_pipeli
