Linux 5.10.216-tegra (neu-desktop) 	11/05/2024 	_aarch64_	(12 CPU)

09:27:49 PM   UID       PID    %usr %system  %guest   %wait    %CPU   CPU  Command
09:27:50 PM  1000     24693  137.00    0.00    0.00    0.00  137.00     7  two_node_pipeli
09:27:51 PM  1000     24693  133.00    0.00    0.00    0.00  133.00     7  two_node_pipeli
09:27:52 PM  1000     24693  135.00    1.00    0.00    0.00  136.00     7  two_node_pipeli
09:27:53 PM  1000     24693  134.00    1.00    0.00    0.00  135.00     7  two_node_pipeli
09:27:54 PM  1000     24693  134.00    1.00    0.00    0.00  135.00     7  two_node_pipeli
09:27:55 PM  1000     24693  133.00    0.00    0.00    0.00  133.00     7  two_node_pipeli
09:27:56 PM  1000     24693  135.00    1.00    0.00    0.00  136.00     7  two_node_pipeli
09:27:57 PM  1000     24693  132.00    1.00    0.00    0.00  133.00     7  two_node_pipeli
09:27:58 PM  1000     24693  131.00    2.00    0.00    0.00  133.00     7  two_node_pipeli
09:27:59 PM  1000     24693  131.00    0.00    0.00    0.00  131.00     7  two_node_pipeli
09:28:00 PM  1000     24693  135.00    1.00    0.00    0.00  136.00     7  two_node_pipeli
09:28:01 PM  1000     24693  133.00    1.00    0.00    0.00  134.00     7  two_node_pipeli
09:28:02 PM  1000     24693  133.00    0.00    0.00    0.00  133.00     7  two_node_pipeli
09:28:03 PM  1000     24693  132.00    1.00    0.00    0.00  133.00     7  two_node_pipeli
09:28:04 PM  1000     24693  134.00    1.00    0.00    0.00  135.00     7  two_node_pipeli
09:28:05 PM  1000     24693  133.00    1.00    0.00    0.00  134.00     7  two_node_pipeli
09:28:06 PM  1000     24693  132.00    2.00    0.00    0.00  134.00     7  two_node_pipeli
09:28:07 PM  1000     24693  132.00    1.00    0.00    0.00  133.00     7  two_node_pipeli
09:28:08 PM  1000     24693  134.00    1.00    0.00    0.00  135.00     7  two_node_pipeli
09:28:09 PM  1000     24693  132.00    1.00    0.00    0.00  133.00     7  two_node_pipeli
09:28:10 PM  1000     24693  128.71    1.98    0.00    0.00  130.69     7  two_node_pipeli
09:28:11 PM  1000     24693  131.00    2.00    0.00    0.00  133.00     7  two_node_pipeli
09:28:12 PM  1000     24693  134.00    1.00    0.00    0.00  135.00     7  two_node_pipeli
09:28:13 PM  1000     24693  134.00    1.00    0.00    0.00  135.00     7  two_node_pipeli
09:28:14 PM  1000     24693  132.00    2.00    0.00    0.00  134.00     7  two_node_pipeli
09:28:15 PM  1000     24693  132.00    1.00    0.00    0.00  133.00     7  two_node_pipeli
09:28:16 PM  1000     24693  134.00    2.00    0.00    0.00  136.00     7  two_node_pipeli
09:28:17 PM  1000     24693  133.00    1.00    0.00    0.00  134.00     7  two_node_pipeli
09:28:18 PM  1000     24693  131.00    2.00    0.00    0.00  133.00     7  two_node_pipeli
09:28:19 PM  1000     24693  132.00    1.00    0.00    0.00  133.00     7  two_node_pipeli
09:28:20 PM  1000     24693  134.00    1.00    0.00    0.00  135.00     7  two_node_pipeli
09:28:21 PM  1000     24693  132.00    1.00    0.00    0.00  133.00     7  two_node_pipeli
09:28:22 PM  1000     24693  132.00    0.00    0.00    0.00  132.00     7  two_node_pipeli
09:28:23 PM  1000     24693  132.00    1.00    0.00    0.00  133.00     7  two_node_pipeli
09:28:24 PM  1000     24693  133.00    2.00    0.00    0.00  135.00     7  two_node_pipeli
09:28:25 PM  1000     24693  134.00    0.00    0.00    0.00  134.00     7  two_node_pipeli
09:28:26 PM  1000     24693  131.00    3.00    0.00    0.00  134.00     7  two_node_pipeli
09:28:27 PM  1000     24693  132.00    1.00    0.00    0.00  133.00     7  two_node_pipeli
09:28:28 PM  1000     24693  134.00    1.00    0.00    0.00  135.00     7  two_node_pipeli
09:28:29 PM  1000     24693  132.00    2.00    0.00    0.00  134.00     7  two_node_pipeli
09:28:30 PM  1000     24693  130.00    2.00    0.00    0.00  132.00     7  two_node_pipeli
09:28:31 PM  1000     24693  133.00    1.00    0.00    0.00  134.00     7  two_node_pipeli
09:28:32 PM  1000     24693  133.00    1.00    0.00    0.00  134.00     7  two_node_pipeli
09:28:33 PM  1000     24693  134.00    1.00    0.00    0.00  135.00     7  two_node_pipeli
09:28:34 PM  1000     24693  130.00    2.00    0.00    0.00  132.00     7  two_node_pipeli
09:28:35 PM  1000     24693  134.00    1.00    0.00    0.00  135.00     7  two_node_pipeli
09:28:36 PM  1000     24693  136.00    0.00    0.00    0.00  136.00     7  two_node_pipeli
09:28:37 PM  1000     24693  134.00    1.00    0.00    0.00  135.00     7  two_node_pipeli
09:28:38 PM  1000     24693  134.00    0.00    0.00    0.00  134.00     7  two_node_pipeli
09:28:39 PM  1000     24693  132.00    1.00    0.00    0.00  133.00     7  two_node_pipeli
09:28:40 PM  1000     24693  135.00    1.00    0.00    0.00  136.00     7  two_node_pipeli
09:28:41 PM  1000     24693  135.00    0.00    0.00    0.00  135.00     7  two_node_pipeli
09:28:42 PM  1000     24693  133.00    1.00    0.00    0.00  134.00     7  two_node_pipeli
09:28:43 PM  1000     24693  132.00    0.00    0.00    0.00  132.00     7  two_node_pipeli
09:28:44 PM  1000     24693  135.00    2.00    0.00    0.00  137.00     7  two_node_pipeli
09:28:45 PM  1000     24693  134.00    0.00    0.00    0.00  134.00     7  two_node_pipeli
09:28:46 PM  1000     24693  132.00    1.00    0.00    0.00  133.00     7  two_node_pipeli
09:28:47 PM  1000     24693  131.00    2.00    0.00    0.00  133.00     7  two_node_pipeli
09:28:48 PM  1000     24693  135.00    1.00    0.00    0.00  136.00     7  two_node_pipeli
09:28:49 PM  1000     24693  134.00    0.00    0.00    0.00  134.00     7  two_node_pipeli
09:28:50 PM  1000     24693  136.00    1.00    0.00    0.00  137.00     7  two_node_pipeli
09:28:51 PM  1000     24693  132.00    0.00    0.00    0.00  132.00     7  two_node_pipeli
09:28:52 PM  1000     24693  135.00    0.00    0.00    0.00  135.00     7  two_node_pipeli
09:28:53 PM  1000     24693  135.00    0.00    0.00    0.00  135.00     7  two_node_pipeli
09:28:54 PM  1000     24693  133.00    1.00    0.00    0.00  134.00     7  two_node_pipeli
09:28:55 PM  1000     24693  135.00    0.00    0.00    0.00  135.00     7  two_node_pipeli
09:28:56 PM  1000     24693  135.00    0.00    0.00    0.00  135.00     7  two_node_pipeli
09:28:57 PM  1000     24693  133.00    0.00    0.00    0.00  133.00     7  two_node_pipeli
09:28:58 PM  1000     24693  136.00    0.00    0.00    0.00  136.00     7  two_node_pipeli
09:28:59 PM  1000     24693  132.00    1.00    0.00    0.00  133.00     7  two_node_pipeli
09:29:00 PM  1000     24693  135.00    1.00    0.00    0.00  136.00     7  two_node_pipeli
09:29:01 PM  1000     24693  134.00    1.00    0.00    0.00  135.00     7  two_node_pipeli
09:29:02 PM  1000     24693  134.00    1.00    0.00    0.00  135.00     7  two_node_pipeli
09:29:03 PM  1000     24693  133.00    0.00    0.00    0.00  133.00     7  two_node_pipeli
09:29:04 PM  1000     24693  136.00    0.00    0.00    0.00  136.00     7  two_node_pipeli
09:29:05 PM  1000     24693  134.00    0.00    0.00    0.00  134.00     7  two_node_pipeli
09:29:06 PM  1000     24693  133.00    1.00    0.00    0.00  134.00     7  two_node_pipeli
09:29:07 PM  1000     24693  133.00    0.00    0.00    0.00  133.00     7  two_node_pipeli
09:29:08 PM  1000     24693  136.00    1.00    0.00    0.00  137.00     7  two_node_pipeli
09:29:09 PM  1000     24693  134.00    0.00    0.00    0.00  134.00     7  two_node_pipeli
09:29:10 PM  1000     24693  134.00    0.00    0.00    0.00  134.00     7  two_node_pipeli
09:29:11 PM  1000     24693  133.00    0.00    0.00    0.00  133.00     7  two_node_pipeli
09:29:12 PM  1000     24693  138.00    0.00    0.00    0.00  138.00     7  two_node_pipeli
09:29:13 PM  1000     24693  135.00    0.00    0.00    0.00  135.00     7  two_node_pipeli
09:29:14 PM  1000     24693  134.00    2.00    0.00    0.00  136.00     7  two_node_pipeli
09:29:15 PM  1000     24693  134.00    0.00    0.00    0.00  134.00     7  two_node_pipeli
09:29:16 PM  1000     24693  136.00    0.00    0.00    0.00  136.00     7  two_node_pipeli
09:29:17 PM  1000     24693  134.00    1.00    0.00    0.00  135.00     7  two_node_pipeli
09:29:18 PM  1000     24693  134.00    1.00    0.00    0.00  135.00     7  two_node_pipeli
09:29:19 PM  1000     24693  134.00    1.00    0.00    0.00  135.00     7  two_node_pipeli
09:29:20 PM  1000     24693  135.00    0.00    0.00    0.00  135.00     7  two_node_pipeli
09:29:21 PM  1000     24693  136.00    1.00    0.00    0.00  137.00     7  two_node_pipeli
09:29:22 PM  1000     24693  134.00    0.00    0.00    0.00  134.00     7  two_node_pipeli
09:29:23 PM  1000     24693  136.00    1.00    0.00    0.00  137.00     7  two_node_pipeli
09:29:24 PM  1000     24693  134.65    0.00    0.00    0.00  134.65     7  two_node_pipeli
09:29:25 PM  1000     24693  134.00    0.00    0.00    0.00  134.00     7  two_node_pipeli
09:29:26 PM  1000     24693  134.00    0.00    0.00    0.00  134.00     7  two_node_pipeli
09:29:27 PM  1000     24693  133.00    0.00    0.00    0.00  133.00     7  two_node_pipeli
09:29:28 PM  1000     24693  135.00    1.00    0.00    0.00  136.00     7  two_node_pipeli
09:29:29 PM  1000     24693  135.00    0.00    0.00    0.00  135.00     7  two_node_pipeli
Average:     1000     24693  133.55    0.78    0.00    0.00  134.33     -  two_node_pipeli
