Linux 5.10.216-tegra (neu-desktop) 	11/06/2024 	_aarch64_	(12 CPU)

10:08:40 AM   UID       PID    %usr %system  %guest   %wait    %CPU   CPU  Command
10:08:41 AM  1000     22711  133.00    1.00    0.00    0.00  134.00     4  two_node_pipeli
10:08:42 AM  1000     22711  132.00    1.00    0.00    0.00  133.00     4  two_node_pipeli
10:08:43 AM  1000     22711  134.00    1.00    0.00    0.00  135.00     4  two_node_pipeli
10:08:44 AM  1000     22711  134.00    2.00    0.00    0.00  136.00     4  two_node_pipeli
10:08:45 AM  1000     22711  134.00    0.00    0.00    0.00  134.00     4  two_node_pipeli
10:08:46 AM  1000     22711  132.00    2.00    0.00    0.00  134.00     4  two_node_pipeli
10:08:47 AM  1000     22711  133.00    1.00    0.00    0.00  134.00     4  two_node_pipeli
10:08:48 AM  1000     22711  136.00    1.00    0.00    0.00  137.00     4  two_node_pipeli
10:08:49 AM  1000     22711  134.00    0.00    0.00    0.00  134.00     4  two_node_pipeli
10:08:50 AM  1000     22711  134.00    0.00    0.00    0.00  134.00     4  two_node_pipeli
10:08:51 AM  1000     22711  134.00    0.00    0.00    0.00  134.00     4  two_node_pipeli
10:08:52 AM  1000     22711  135.00    0.00    0.00    0.00  135.00     4  two_node_pipeli
10:08:53 AM  1000     22711  133.00    1.00    0.00    0.00  134.00     4  two_node_pipeli
10:08:54 AM  1000     22711  133.00    0.00    0.00    0.00  133.00     4  two_node_pipeli
10:08:55 AM  1000     22711  133.00    0.00    0.00    0.00  133.00     4  two_node_pipeli
10:08:56 AM  1000     22711  135.00    1.00    0.00    0.00  136.00     4  two_node_pipeli
10:08:57 AM  1000     22711  131.00    1.00    0.00    0.00  132.00     4  two_node_pipeli
10:08:58 AM  1000     22711  133.00    1.00    0.00    0.00  134.00     4  two_node_pipeli
10:08:59 AM  1000     22711  133.00    0.00    0.00    0.00  133.00     4  two_node_pipeli
10:09:00 AM  1000     22711  134.00    1.00    0.00    0.00  135.00     4  two_node_pipeli
10:09:01 AM  1000     22711  133.00    1.00    0.00    0.00  134.00     4  two_node_pipeli
10:09:02 AM  1000     22711  132.00    2.00    0.00    0.00  134.00     4  two_node_pipeli
10:09:03 AM  1000     22711  134.00    1.00    0.00    0.00  135.00     4  two_node_pipeli
10:09:04 AM  1000     22711  134.00    1.00    0.00    0.00  135.00     4  two_node_pipeli
10:09:05 AM  1000     22711  133.00    1.00    0.00    0.00  134.00     4  two_node_pipeli
10:09:06 AM  1000     22711  132.00    0.00    0.00    0.00  132.00     4  two_node_pipeli
10:09:07 AM  1000     22711  133.00    1.00    0.00    0.00  134.00     4  two_node_pipeli
10:09:08 AM  1000     22711  134.00    1.00    0.00    0.00  135.00     4  two_node_pipeli
10:09:09 AM  1000     22711  132.00    1.00    0.00    0.00  133.00     4  two_node_pipeli
10:09:10 AM  1000     22711  132.00    1.00    0.00    0.00  133.00     4  two_node_pipeli
10:09:11 AM  1000     22711  132.00    2.00    0.00    0.00  134.00     4  two_node_pipeli
10:09:12 AM  1000     22711  133.00    1.00    0.00    0.00  134.00     4  two_node_pipeli
10:09:13 AM  1000     22711  131.00    1.00    0.00    0.00  132.00     4  two_node_pipeli
10:09:14 AM  1000     22711  133.00    1.00    0.00    0.00  134.00     4  two_node_pipeli
10:09:15 AM  1000     22711  132.00    1.00    0.00    0.00  133.00     4  two_node_pipeli
10:09:16 AM  1000     22711  134.00    1.00    0.00    0.00  135.00     4  two_node_pipeli
10:09:17 AM  1000     22711  132.00    0.00    0.00    0.00  132.00     4  two_node_pipeli
10:09:18 AM  1000     22711  131.00    2.00    0.00    0.00  133.00     4  two_node_pipeli
10:09:19 AM  1000     22711  133.00    1.00    0.00    0.00  134.00     4  two_node_pipeli
10:09:20 AM  1000     22711  134.00    1.00    0.00    0.00  135.00     4  two_node_pipeli
10:09:21 AM  1000     22711  132.00    0.00    0.00    0.00  132.00     4  two_node_pipeli
10:09:22 AM  1000     22711  132.00    2.00    0.00    0.00  134.00     4  two_node_pipeli
10:09:23 AM  1000     22711  132.00    0.00    0.00    0.00  132.00     4  two_node_pipeli
10:09:24 AM  1000     22711  134.00    2.00    0.00    0.00  136.00     4  two_node_pipeli
10:09:25 AM  1000     22711  133.00    1.00    0.00    0.00  134.00     4  two_node_pipeli
10:09:26 AM  1000     22711  132.00    0.00    0.00    0.00  132.00     4  two_node_pipeli
10:09:27 AM  1000     22711  134.00    0.00    0.00    0.00  134.00     4  two_node_pipeli
10:09:28 AM  1000     22711  134.00    1.00    0.00    0.00  135.00     4  two_node_pipeli
10:09:29 AM  1000     22711  131.00    1.00    0.00    0.00  132.00     4  two_node_pipeli
10:09:30 AM  1000     22711  133.00    1.00    0.00    0.00  134.00     4  two_node_pipeli
10:09:31 AM  1000     22711  135.00    0.00    0.00    0.00  135.00     4  two_node_pipeli
10:09:32 AM  1000     22711  135.00    0.00    0.00    0.00  135.00     4  two_node_pipeli
10:09:33 AM  1000     22711  133.00    1.00    0.00    0.00  134.00     4  two_node_pipeli
10:09:34 AM  1000     22711  133.00    0.00    0.00    0.00  133.00     4  two_node_pipeli
10:09:35 AM  1000     22711  134.00    0.00    0.00    0.00  134.00     4  two_node_pipeli
10:09:36 AM  1000     22711  133.00    2.00    0.00    0.00  135.00     4  two_node_pipeli
10:09:37 AM  1000     22711  135.00    0.00    0.00    0.00  135.00     4  two_node_pipeli
10:09:38 AM  1000     22711  133.00    0.00    0.00    0.00  133.00     4  two_node_pipeli
10:09:39 AM  1000     22711  134.00    1.00    0.00    0.00  135.00     4  two_node_pipeli
10:09:40 AM  1000     22711  136.00    0.00    0.00    0.00  136.00     4  two_node_pipeli
10:09:41 AM  1000     22711  133.00    1.00    0.00    0.00  134.00     4  two_node_pipeli
10:09:42 AM  1000     22711  133.00    0.00    0.00    0.00  133.00     4  two_node_pipeli
10:09:43 AM  1000     22711  134.00    1.00    0.00    0.00  135.00     4  two_node_pipeli
10:09:44 AM  1000     22711  136.00    1.00    0.00    0.00  137.00     4  two_node_pipeli
10:09:45 AM  1000     22711  134.00    0.00    0.00    0.00  134.00     4  two_node_pipeli
10:09:46 AM  1000     22711  133.00    0.00    0.00    0.00  133.00     4  two_node_pipeli
10:09:47 AM  1000     22711  135.00    0.00    0.00    0.00  135.00     4  two_node_pipeli
10:09:48 AM  1000     22711  135.00    0.00    0.00    0.00  135.00     4  two_node_pipeli
10:09:49 AM  1000     22711  133.00    1.00    0.00    0.00  134.00     4  two_node_pipeli
10:09:50 AM  1000     22711  133.00    0.00    0.00    0.00  133.00     4  two_node_pipeli
10:09:51 AM  1000     22711  133.00    1.00    0.00    0.00  134.00     4  two_node_pipeli
10:09:52 AM  1000     22711  135.00    0.00    0.00    0.00  135.00     4  two_node_pipeli
10:09:53 AM  1000     22711  134.00    0.00    0.00    0.00  134.00     4  two_node_pipeli
10:09:54 AM  1000     22711  132.00    1.00    0.00    0.00  133.00     4  two_node_pipeli
10:09:55 AM  1000     22711  135.00    0.00    0.00    0.00  135.00     4  two_node_pipeli
10:09:56 AM  1000     22711  135.00    1.00    0.00    0.00  136.00     4  two_node_pipeli
10:09:57 AM  1000     22711  132.00    1.00    0.00    0.00  133.00     4  two_node_pipeli
10:09:58 AM  1000     22711  134.00    0.00    0.00    0.00  134.00     4  two_node_pipeli
10:09:59 AM  1000     22711  134.00    1.00    0.00    0.00  135.00     4  two_node_pipeli
10:10:00 AM  1000     22711  135.00    0.00    0.00    0.00  135.00     4  two_node_pipeli
10:10:01 AM  1000     22711  134.00    0.00    0.00    0.00  134.00     4  two_node_pipeli
10:10:02 AM  1000     22711  132.00    1.00    0.00    0.00  133.00     4  two_node_pipeli
10:10:03 AM  1000     22711  134.00    0.00    0.00    0.00  134.00     4  two_node_pipeli
10:10:04 AM  1000     22711  135.00    1.00    0.00    0.00  136.00     4  two_node_pipeli
10:10:05 AM  1000     22711  133.00    0.00    0.00    0.00  133.00     4  two_node_pipeli
10:10:06 AM  1000     22711  133.00    1.00    0.00    0.00  134.00     4  two_node_pipeli
10:10:07 AM  1000     22711  132.00    1.00    0.00    0.00  133.00     4  two_node_pipeli
10:10:08 AM  1000     22711  135.00    0.00    0.00    0.00  135.00     4  two_node_pipeli
10:10:09 AM  1000     22711  133.00    1.00    0.00    0.00  134.00     4  two_node_pipeli
10:10:10 AM  1000     22711  132.00    0.00    0.00    0.00  132.00     4  two_node_pipeli
10:10:11 AM  1000     22711  134.00    1.00    0.00    0.00  135.00     4  two_node_pipeli
10:10:12 AM  1000     22711  133.00    0.00    0.00    0.00  133.00     4  two_node_pipeli
10:10:13 AM  1000     22711  133.00    1.00    0.00    0.00  134.00     4  two_node_pipeli
10:10:14 AM  1000     22711  132.00    0.00    0.00    0.00  132.00     4  two_node_pipeli
10:10:15 AM  1000     22711  133.00    1.00    0.00    0.00  134.00     4  two_node_pipeli
10:10:16 AM  1000     22711  135.00    0.00    0.00    0.00  135.00     4  two_node_pipeli
10:10:17 AM  1000     22711  131.68    0.00    0.00    0.00  131.68     4  two_node_pipeli
10:10:18 AM  1000     22711  133.00    0.00    0.00    0.00  133.00     4  two_node_pipeli
10:10:19 AM  1000     22711  133.00    0.00    0.00    0.00  133.00     4  two_node_pipeli
10:10:20 AM  1000     22711  134.00    1.00    0.00    0.00  135.00     4  two_node_pipeli
Average:     1000     22711  133.35    0.65    0.00    0.00  134.00     -  two_node_pipeli
