Linux 5.10.216-tegra (neu-desktop) 	11/04/2024 	_aarch64_	(12 CPU)

08:41:41 PM   UID       PID    %usr %system  %guest   %wait    %CPU   CPU  Command
08:41:42 PM  1000     80523    6.00    1.00    0.00    1.00    7.00     4  two_node_pipeli
08:41:43 PM  1000     80523    5.00    3.00    0.00    0.00    8.00     6  two_node_pipeli
08:41:44 PM  1000     80523    5.00    2.00    0.00    1.00    7.00     4  two_node_pipeli
08:41:45 PM  1000     80523    6.00    2.00    0.00    1.00    8.00     4  two_node_pipeli
08:41:46 PM  1000     80523    5.00    2.00    0.00    1.00    7.00     7  two_node_pipeli
08:41:47 PM  1000     80523    3.00    4.00    0.00    1.00    7.00     7  two_node_pipeli
08:41:48 PM  1000     80523    7.00    3.00    0.00    0.00   10.00     5  two_node_pipeli
08:41:49 PM  1000     80523    7.00    3.00    0.00    1.00   10.00     5  two_node_pipeli
08:41:50 PM  1000     80523    7.00    3.00    0.00    2.00   10.00     7  two_node_pipeli
08:41:51 PM  1000     80523    5.00    3.00    0.00    0.00    8.00     6  two_node_pipeli
08:41:52 PM  1000     80523    8.00    3.00    0.00    2.00   11.00     4  two_node_pipeli
08:41:53 PM  1000     80523    6.00    4.00    0.00    1.00   10.00     4  two_node_pipeli
08:41:54 PM  1000     80523    5.00    4.00    0.00    1.00    9.00     6  two_node_pipeli
08:41:55 PM  1000     80523    7.00    2.00    0.00    0.00    9.00     5  two_node_pipeli
08:41:56 PM  1000     80523    8.00    4.00    0.00    1.00   12.00     4  two_node_pipeli
08:41:57 PM  1000     80523    7.00    4.00    0.00    2.00   11.00     7  two_node_pipeli
08:41:58 PM  1000     80523    5.00    3.00    0.00    1.00    8.00     7  two_node_pipeli
08:41:59 PM  1000     80523    4.00    2.00    0.00    0.00    6.00     4  two_node_pipeli
08:42:00 PM  1000     80523    7.00    1.00    0.00    1.00    8.00     5  two_node_pipeli
08:42:01 PM  1000     80523    2.00    8.00    0.00    1.00   10.00     6  two_node_pipeli
08:42:02 PM  1000     80523    7.00    1.00    0.00    1.00    8.00     6  two_node_pipeli
08:42:03 PM  1000     80523    5.00    2.00    0.00    0.00    7.00     5  two_node_pipeli
08:42:04 PM  1000     80523    6.00    2.00    0.00    1.00    8.00     5  two_node_pipeli
08:42:05 PM  1000     80523    5.00    4.00    0.00    1.00    9.00     5  two_node_pipeli
08:42:06 PM  1000     80523    3.00    5.00    0.00    1.00    8.00     4  two_node_pipeli
08:42:07 PM  1000     80523    3.00    5.00    0.00    1.00    8.00     7  two_node_pipeli
08:42:08 PM  1000     80523    3.00    6.00    0.00    0.00    9.00     5  two_node_pipeli
08:42:09 PM  1000     80523    6.00    2.00    0.00    1.00    8.00     4  two_node_pipeli
08:42:10 PM  1000     80523    8.00    0.00    0.00    1.00    8.00     7  two_node_pipeli
08:42:11 PM  1000     80523    4.00    3.00    0.00    1.00    7.00     7  two_node_pipeli
08:42:12 PM  1000     80523    6.00    1.00    0.00    0.00    7.00     4  two_node_pipeli
08:42:13 PM  1000     80523    5.00    4.00    0.00    1.00    9.00     7  two_node_pipeli
08:42:14 PM  1000     80523    6.00    1.00    0.00    1.00    7.00     7  two_node_pipeli
08:42:15 PM  1000     80523    4.00    3.00    0.00    1.00    7.00     4  two_node_pipeli
08:42:16 PM  1000     80523    7.00    2.00    0.00    0.00    9.00     7  two_node_pipeli
08:42:17 PM  1000     80523    7.00    2.00    0.00    1.00    9.00     5  two_node_pipeli
08:42:18 PM  1000     80523    4.00    3.00    0.00    1.00    7.00     5  two_node_pipeli
08:42:19 PM  1000     80523    5.00    1.00    0.00    1.00    6.00     7  two_node_pipeli
08:42:20 PM  1000     80523    7.00    2.00    0.00    0.00    9.00     7  two_node_pipeli
08:42:21 PM  1000     80523    6.00    2.00    0.00    1.00    8.00     5  two_node_pipeli
08:42:22 PM  1000     80523    7.00    2.00    0.00    1.00    9.00     5  two_node_pipeli
08:42:23 PM  1000     80523    4.00    3.00    0.00    1.00    7.00     6  two_node_pipeli
08:42:24 PM  1000     80523    5.00    2.00    0.00    0.00    7.00     5  two_node_pipeli
08:42:25 PM  1000     80523    6.00    4.00    0.00    1.00   10.00     4  two_node_pipeli
08:42:26 PM  1000     80523    4.00    3.00    0.00    1.00    7.00     4  two_node_pipeli
08:42:27 PM  1000     80523    5.00    2.00    0.00    1.00    7.00     7  two_node_pipeli
08:42:28 PM  1000     80523    4.00    4.00    0.00    0.00    8.00     4  two_node_pipeli
08:42:29 PM  1000     80523    3.00    4.00    0.00    1.00    7.00     4  two_node_pipeli
08:42:30 PM  1000     80523    6.00    3.00    0.00    2.00    9.00     4  two_node_pipeli
08:42:31 PM  1000     80523    4.00    2.00    0.00    0.00    6.00     6  two_node_pipeli
08:42:32 PM  1000     80523    6.00    2.00    0.00    1.00    8.00     7  two_node_pipeli
08:42:33 PM  1000     80523    6.00    2.00    0.00    0.00    8.00     4  two_node_pipeli
08:42:34 PM  1000     80523    6.00    2.00    0.00    1.00    8.00     6  two_node_pipeli
08:42:35 PM  1000     80523    3.00    2.00    0.00    1.00    5.00     6  two_node_pipeli
08:42:36 PM  1000     80523    8.00    1.00    0.00    0.00    9.00     6  two_node_pipeli
08:42:37 PM  1000     80523    6.00    2.00    0.00    1.00    8.00     5  two_node_pipeli
08:42:38 PM  1000     80523    7.00    1.00    0.00    1.00    8.00     4  two_node_pipeli
08:42:39 PM  1000     80523    5.00    3.00    0.00    1.00    8.00     4  two_node_pipeli
08:42:40 PM  1000     80523    7.00    2.00    0.00    1.00    9.00     4  two_node_pipeli
08:42:41 PM  1000     80523    7.00    4.00    0.00    1.00   11.00     4  two_node_pipeli
08:42:42 PM  1000     80523    1.00    7.00    0.00    1.00    8.00     7  two_node_pipeli
08:42:43 PM  1000     80523    4.00    3.00    0.00    0.00    7.00     4  two_node_pipeli
08:42:44 PM  1000     80523    7.00    2.00    0.00    1.00    9.00     6  two_node_pipeli
08:42:45 PM  1000     80523    0.00    8.00    0.00    1.00    8.00     5  two_node_pipeli
08:42:46 PM  1000     80523    2.00    6.00    0.00    1.00    8.00     7  two_node_pipeli
08:42:47 PM  1000     80523    3.00    4.00    0.00    0.00    7.00     7  two_node_pipeli
08:42:48 PM  1000     80523    8.00    1.00    0.00    1.00    9.00     7  two_node_pipeli
08:42:49 PM  1000     80523    6.00    0.00    0.00    1.00    6.00     6  two_node_pipeli
08:42:50 PM  1000     80523    6.00    2.00    0.00    0.00    8.00     5  two_node_pipeli
08:42:51 PM  1000     80523    2.00    4.00    0.00    1.00    6.00     5  two_node_pipeli
08:42:52 PM  1000     80523    3.00    6.00    0.00    1.00    9.00     4  two_node_pipeli
08:42:53 PM  1000     80523    3.00    5.00    0.00    1.00    8.00     5  two_node_pipeli
08:42:54 PM  1000     80523    5.00    2.00    0.00    0.00    7.00     6  two_node_pipeli
08:42:55 PM  1000     80523    5.00    1.00    0.00    1.00    6.00     5  two_node_pipeli
08:42:56 PM  1000     80523    4.00    4.00    0.00    1.00    8.00     5  two_node_pipeli
08:42:57 PM  1000     80523    6.00    2.00    0.00    1.00    8.00     7  two_node_pipeli
08:42:58 PM  1000     80523    6.00    3.00    0.00    1.00    9.00     6  two_node_pipeli
08:42:59 PM  1000     80523    4.00    3.00    0.00    0.00    7.00     6  two_node_pipeli
08:43:00 PM  1000     80523    7.00    5.00    0.00    1.00   12.00     4  two_node_pipeli
08:43:01 PM  1000     80523    3.00    7.00    0.00    2.00   10.00     6  two_node_pipeli
08:43:02 PM  1000     80523    8.00    0.00    0.00    1.00    8.00     6  two_node_pipeli
08:43:03 PM  1000     80523    4.00    4.00    0.00    0.00    8.00     5  two_node_pipeli
08:43:04 PM  1000     80523    6.00    3.00    0.00    1.00    9.00     6  two_node_pipeli
08:43:05 PM  1000     80523    8.00    1.00    0.00    1.00    9.00     4  two_node_pipeli
08:43:06 PM  1000     80523    7.00    1.00    0.00    1.00    8.00     7  two_node_pipeli
08:43:07 PM  1000     80523    4.00    3.00    0.00    1.00    7.00     5  two_node_pipeli
08:43:08 PM  1000     80523    6.00    3.00    0.00    1.00    9.00     7  two_node_pipeli
08:43:09 PM  1000     80523    2.00    6.00    0.00    1.00    8.00     4  two_node_pipeli
08:43:10 PM  1000     80523    3.00    3.00    0.00    1.00    6.00     7  two_node_pipeli
08:43:11 PM  1000     80523    5.00    2.00    0.00    0.00    7.00     4  two_node_pipeli
08:43:12 PM  1000     80523    0.00    9.00    0.00    1.00    9.00     6  two_node_pipeli
08:43:13 PM  1000     80523    6.00    2.00    0.00    1.00    8.00     7  two_node_pipeli
08:43:14 PM  1000     80523    7.00    1.00    0.00    1.00    8.00     5  two_node_pipeli
08:43:15 PM  1000     80523    4.00    3.00    0.00    0.00    7.00     7  two_node_pipeli
08:43:16 PM  1000     80523    7.00    2.00    0.00    1.00    9.00     4  two_node_pipeli
08:43:17 PM  1000     80523    6.00    3.00    0.00    1.00    9.00     5  two_node_pipeli
08:43:18 PM  1000     80523    6.00    2.00    0.00    1.00    8.00     7  two_node_pipeli
08:43:19 PM  1000     80523    6.00    1.00    0.00    1.00    7.00     4  two_node_pipeli
08:43:20 PM  1000     80523    2.00    6.00    0.00    1.00    8.00     7  two_node_pipeli
08:43:21 PM  1000     80523    8.00    2.00    0.00    1.00   10.00     6  two_node_pipeli
08:43:22 PM  1000     80523    1.00    7.00    0.00    0.00    8.00     7  two_node_pipeli
08:43:23 PM  1000     80523    5.00    2.00    0.00    1.00    7.00     6  two_node_pipeli
08:43:24 PM  1000     80523    4.00    3.00    0.00    1.00    7.00     4  two_node_pipeli
08:43:25 PM  1000     80523    9.00    1.00    0.00    1.00   10.00     7  two_node_pipeli
08:43:26 PM  1000     80523    0.00    9.00    0.00    1.00    9.00     5  two_node_pipeli
08:43:27 PM  1000     80523    5.00    3.00    0.00    1.00    8.00     4  two_node_pipeli
08:43:28 PM  1000     80523    9.00    3.00    0.00    1.00   12.00     5  two_node_pipeli
08:43:29 PM  1000     80523    8.00    1.00    0.00    1.00    9.00     5  two_node_pipeli
08:43:30 PM  1000     80523    6.00    3.00    0.00    1.00    9.00     5  two_node_pipeli
08:43:31 PM  1000     80523    4.00    6.00    0.00    1.00   10.00     4  two_node_pipeli
08:43:32 PM  1000     80523    8.00    2.00    0.00    1.00   10.00     5  two_node_pipeli
08:43:33 PM  1000     80523    4.00    4.00    0.00    1.00    8.00     4  two_node_pipeli
08:43:34 PM  1000     80523    5.94    1.98    0.00    0.00    7.92     7  two_node_pipeli
08:43:35 PM  1000     80523    3.00    3.00    0.00    1.00    6.00     4  two_node_pipeli
08:43:36 PM  1000     80523    4.00    5.00    0.00    1.00    9.00     4  two_node_pipeli
08:43:37 PM  1000     80523    4.00    5.00    0.00    1.00    9.00     6  two_node_pipeli
08:43:38 PM  1000     80523    3.00    4.00    0.00    0.00    7.00     6  two_node_pipeli
08:43:39 PM  1000     80523    4.00    3.00    0.00    1.00    7.00     4  two_node_pipeli
08:43:40 PM  1000     80523    3.00    5.00    0.00    1.00    8.00     4  two_node_pipeli
08:43:41 PM  1000     80523    5.00    4.00    0.00    1.00    9.00     5  two_node_pipeli
Average:     1000     80523    5.13    3.07    0.00    0.82    8.21     -  two_node_pipeli
