Linux 5.15.0-121-generic (NEU) 	09/16/2024 	_x86_64_	(16 CPU)

01:15:12 PM   UID       PID    %usr %system  %guest   %wait    %CPU   CPU  Command
01:15:13 PM  1000     16909   81.00    0.00    0.00   50.00   81.00     6  two_node_pipeli
01:15:14 PM  1000     16909   58.00    1.00    0.00   69.00   59.00     6  two_node_pipeli
01:15:15 PM  1000     16909   41.00    0.00    0.00   79.00   41.00     6  two_node_pipeli
01:15:16 PM  1000     16909   40.00    0.00    0.00   83.00   40.00     6  two_node_pipeli
01:15:17 PM  1000     16909   40.00    0.00    0.00   86.00   40.00     6  two_node_pipeli
01:15:18 PM  1000     16909   42.00    0.00    0.00   90.00   42.00     7  two_node_pipeli
01:15:19 PM  1000     16909   69.00    0.00    0.00   81.00   69.00     7  two_node_pipeli
01:15:20 PM  1000     16909   62.00    0.00    0.00   84.00   62.00     7  two_node_pipeli
01:15:21 PM  1000     16909   85.00    0.00    0.00   79.00   85.00     7  two_node_pipeli
01:15:22 PM  1000     16909   54.00    1.00    0.00   87.00   55.00     6  two_node_pipeli
01:15:23 PM  1000     16909   72.00    4.00    0.00   84.00   76.00     6  two_node_pipeli
01:15:24 PM  1000     16909  109.00    0.00    0.00   73.00  109.00     7  two_node_pipeli
01:15:25 PM  1000     16909  146.00    1.00    0.00   60.00  147.00     7  two_node_pipeli
01:15:26 PM  1000     16909  134.00    0.00    0.00   59.00  134.00     7  two_node_pipeli
01:15:27 PM  1000     16909   95.00    0.00    0.00   33.00   95.00     6  two_node_pipeli
01:15:28 PM  1000     16909   85.00    0.00    0.00   30.00   85.00     7  two_node_pipeli
01:15:29 PM  1000     16909   93.00    0.00    0.00   32.00   93.00     7  two_node_pipeli
01:15:30 PM  1000     16909   89.00    0.00    0.00   21.00   89.00     7  two_node_pipeli
01:15:31 PM  1000     16909   81.00    0.00    0.00   31.00   81.00     6  two_node_pipeli
01:15:32 PM  1000     16909   97.00    0.00    0.00   11.00   97.00     6  two_node_pipeli
01:15:33 PM  1000     16909   88.00    1.00    0.00   14.00   89.00     6  two_node_pipeli
01:15:34 PM  1000     16909   90.00    0.00    0.00   10.00   90.00     6  two_node_pipeli
01:15:35 PM  1000     16909   89.00    0.00    0.00   11.00   89.00     6  two_node_pipeli
01:15:36 PM  1000     16909   89.00    0.00    0.00   11.00   89.00     6  two_node_pipeli
01:15:37 PM  1000     16909   89.00    0.00    0.00   11.00   89.00     7  two_node_pipeli
01:15:38 PM  1000     16909   89.00    0.00    0.00   16.00   89.00     6  two_node_pipeli
01:15:39 PM  1000     16909   89.00    1.00    0.00   13.00   90.00     6  two_node_pipeli
01:15:40 PM  1000     16909   89.00    0.00    0.00   33.00   89.00     7  two_node_pipeli
01:15:41 PM  1000     16909   89.00    0.00    0.00   18.00   89.00     6  two_node_pipeli
01:15:42 PM  1000     16909   89.00    0.00    0.00   12.00   89.00     6  two_node_pipeli
01:15:43 PM  1000     16909   89.00    1.00    0.00   18.00   90.00     6  two_node_pipeli
01:15:44 PM  1000     16909   89.00    0.00    0.00   12.00   89.00     6  two_node_pipeli
01:15:45 PM  1000     16909   89.00    0.00    0.00   12.00   89.00     6  two_node_pipeli
01:15:46 PM  1000     16909   89.00    0.00    0.00   10.00   89.00     6  two_node_pipeli
01:15:47 PM  1000     16909   88.00    1.00    0.00   11.00   89.00     6  two_node_pipeli
01:15:48 PM  1000     16909   89.00    1.00    0.00   10.00   90.00     6  two_node_pipeli
01:15:49 PM  1000     16909   89.00    0.00    0.00   17.00   89.00     6  two_node_pipeli
01:15:50 PM  1000     16909   89.00    0.00    0.00   17.00   89.00     7  two_node_pipeli
01:15:51 PM  1000     16909   89.00    0.00    0.00   14.00   89.00     6  two_node_pipeli
01:15:52 PM  1000     16909   89.00    1.00    0.00   18.00   90.00     7  two_node_pipeli
01:15:53 PM  1000     16909   89.00    0.00    0.00   17.00   89.00     7  two_node_pipeli
01:15:54 PM  1000     16909   89.00    0.00    0.00   15.00   89.00     6  two_node_pipeli
01:15:55 PM  1000     16909   89.00    0.00    0.00   11.00   89.00     6  two_node_pipeli
01:15:56 PM  1000     16909   89.00    0.00    0.00   12.00   89.00     6  two_node_pipeli
01:15:57 PM  1000     16909   89.00    0.00    0.00   14.00   89.00     7  two_node_pipeli
01:15:58 PM  1000     16909   89.00    1.00    0.00   17.00   90.00     7  two_node_pipeli
01:15:59 PM  1000     16909   89.00    0.00    0.00   15.00   89.00     7  two_node_pipeli
01:16:00 PM  1000     16909   89.00    0.00    0.00   11.00   89.00     7  two_node_pipeli
01:16:01 PM  1000     16909   89.00    0.00    0.00   12.00   89.00     6  two_node_pipeli
01:16:02 PM  1000     16909   90.00    0.00    0.00   13.00   90.00     6  two_node_pipeli
01:16:03 PM  1000     16909   89.00    0.00    0.00   12.00   89.00     7  two_node_pipeli
01:16:04 PM  1000     16909   88.00    1.00    0.00   14.00   89.00     7  two_node_pipeli
01:16:05 PM  1000     16909   89.00    0.00    0.00   11.00   89.00     6  two_node_pipeli
01:16:06 PM  1000     16909   89.00    1.00    0.00   13.00   90.00     7  two_node_pipeli
01:16:07 PM  1000     16909   88.00    1.00    0.00   12.00   89.00     6  two_node_pipeli
01:16:08 PM  1000     16909   89.00    0.00    0.00   16.00   89.00     7  two_node_pipeli
01:16:09 PM  1000     16909   88.00    1.00    0.00   15.00   89.00     7  two_node_pipeli
01:16:10 PM  1000     16909   89.00    0.00    0.00   14.00   89.00     7  two_node_pipeli
01:16:11 PM  1000     16909   89.00    0.00    0.00   15.00   89.00     6  two_node_pipeli
01:16:12 PM  1000     16909   90.00    0.00    0.00   12.00   90.00     6  two_node_pipeli
01:16:13 PM  1000     16909   88.00    1.00    0.00   13.00   89.00     7  two_node_pipeli
01:16:14 PM  1000     16909   89.00    0.00    0.00   16.00   89.00     6  two_node_pipeli
01:16:15 PM  1000     16909   88.00    1.00    0.00   12.00   89.00     6  two_node_pipeli
01:16:16 PM  1000     16909   89.00    0.00    0.00   14.00   89.00     7  two_node_pipeli
01:16:17 PM  1000     16909   89.00    1.00    0.00   15.00   90.00     6  two_node_pipeli
01:16:18 PM  1000     16909   89.00    0.00    0.00   13.00   89.00     7  two_node_pipeli
01:16:19 PM  1000     16909   89.00    0.00    0.00   10.00   89.00     7  two_node_pipeli
01:16:20 PM  1000     16909   89.00    0.00    0.00   13.00   89.00     7  two_node_pipeli
01:16:21 PM  1000     16909   89.00    0.00    0.00   12.00   89.00     6  two_node_pipeli
01:16:22 PM  1000     16909   88.00    2.00    0.00   17.00   90.00     6  two_node_pipeli
01:16:23 PM  1000     16909   89.00    0.00    0.00   12.00   89.00     6  two_node_pipeli
01:16:24 PM  1000     16909   89.00    0.00    0.00   13.00   89.00     7  two_node_pipeli
01:16:25 PM  1000     16909   89.00    1.00    0.00   10.00   90.00     6  two_node_pipeli
01:16:26 PM  1000     16909   89.00    0.00    0.00   16.00   89.00     6  two_node_pipeli
01:16:27 PM  1000     16909   89.00    0.00    0.00   12.00   89.00     6  two_node_pipeli
01:16:28 PM  1000     16909   87.13    0.99    0.00   13.86   88.12     6  two_node_pipeli
01:16:29 PM  1000     16909   88.00    1.00    0.00   13.00   89.00     6  two_node_pipeli
01:16:30 PM  1000     16909   89.00    0.00    0.00   14.00   89.00     6  two_node_pipeli
01:16:31 PM  1000     16909   89.00    0.00    0.00    7.00   89.00     7  two_node_pipeli
01:16:32 PM  1000     16909   89.00    0.00    0.00   12.00   89.00     6  two_node_pipeli
01:16:33 PM  1000     16909   88.00    1.00    0.00   13.00   89.00     7  two_node_pipeli
01:16:34 PM  1000     16909   90.00    0.00    0.00   10.00   90.00     6  two_node_pipeli
01:16:35 PM  1000     16909   89.00    0.00    0.00   14.00   89.00     7  two_node_pipeli
01:16:36 PM  1000     16909   89.00    0.00    0.00   19.00   89.00     6  two_node_pipeli
01:16:37 PM  1000     16909   88.00    1.00    0.00   12.00   89.00     7  two_node_pipeli
01:16:38 PM  1000     16909   89.00    0.00    0.00   12.00   89.00     6  two_node_pipeli
01:16:39 PM  1000     16909   89.00    0.00    0.00   12.00   89.00     6  two_node_pipeli
01:16:40 PM  1000     16909   89.00    1.00    0.00   12.00   90.00     7  two_node_pipeli
01:16:41 PM  1000     16909   89.00    0.00    0.00   11.00   89.00     7  two_node_pipeli
01:16:42 PM  1000     16909   90.00    0.00    0.00   13.00   90.00     7  two_node_pipeli
01:16:43 PM  1000     16909   89.00    0.00    0.00   10.00   89.00     6  two_node_pipeli
01:16:44 PM  1000     16909   89.00    0.00    0.00    8.00   89.00     6  two_node_pipeli
01:16:45 PM  1000     16909   88.00    0.00    0.00   17.00   88.00     6  two_node_pipeli
01:16:46 PM  1000     16909   89.00    1.00    0.00   12.00   90.00     7  two_node_pipeli
01:16:47 PM  1000     16909   89.00    0.00    0.00   16.00   89.00     6  two_node_pipeli
01:16:48 PM  1000     16909   89.00    1.00    0.00   12.00   90.00     7  two_node_pipeli
01:16:49 PM  1000     16909   88.00    0.00    0.00   17.00   88.00     6  two_node_pipeli
01:16:50 PM  1000     16909   89.00    0.00    0.00   14.00   89.00     7  two_node_pipeli
01:16:51 PM  1000     16909   89.00    0.00    0.00   12.00   89.00     6  two_node_pipeli
01:16:52 PM  1000     16909   89.00    1.00    0.00   15.00   90.00     6  two_node_pipeli
01:16:53 PM  1000     16909   89.00    0.00    0.00   11.00   89.00     6  two_node_pipeli
01:16:54 PM  1000     16909   88.00    1.00    0.00   14.00   89.00     6  two_node_pipeli
01:16:55 PM  1000     16909   88.00    2.00    0.00   14.00   90.00     7  two_node_pipeli
01:16:56 PM  1000     16909   89.00    0.00    0.00   12.00   89.00     7  two_node_pipeli
01:16:57 PM  1000     16909   89.00    0.00    0.00   11.00   89.00     6  two_node_pipeli
01:16:58 PM  1000     16909   89.00    1.00    0.00   12.00   90.00     6  two_node_pipeli
01:16:59 PM  1000     16909   89.00    0.00    0.00   15.00   89.00     6  two_node_pipeli
01:17:00 PM  1000     16909   88.00    0.00    0.00   13.00   88.00     6  two_node_pipeli
01:17:01 PM  1000     16909   89.00    0.00    0.00   17.00   89.00     7  two_node_pipeli
01:17:02 PM  1000     16909   89.00    0.00    0.00   10.00   89.00     6  two_node_pipeli
01:17:03 PM  1000     16909   89.00    1.00    0.00   16.00   90.00     7  two_node_pipeli
01:17:04 PM  1000     16909   88.00    0.00    0.00   13.00   88.00     6  two_node_pipeli
01:17:05 PM  1000     16909   89.00    1.00    0.00   12.00   90.00     6  two_node_pipeli
01:17:06 PM  1000     16909   89.00    0.00    0.00   18.00   89.00     6  two_node_pipeli
01:17:07 PM  1000     16909   89.00    0.00    0.00   11.00   89.00     7  two_node_pipeli
01:17:08 PM  1000     16909   90.00    0.00    0.00   10.00   90.00     7  two_node_pipeli
01:17:09 PM  1000     16909   89.00    0.00    0.00   16.00   89.00     6  two_node_pipeli
01:17:10 PM  1000     16909   87.00    2.00    0.00   13.00   89.00     7  two_node_pipeli
01:17:11 PM  1000     16909   90.00    0.00    0.00   13.00   90.00     6  two_node_pipeli
01:17:12 PM  1000     16909   88.00    1.00    0.00   12.00   89.00     6  two_node_pipeli
01:17:13 PM  1000     16909   89.00    0.00    0.00   13.00   89.00     6  two_node_pipeli
01:17:14 PM  1000     16909   88.00    0.00    0.00   12.00   88.00     6  two_node_pipeli
01:17:15 PM  1000     16909   89.00    1.00    0.00    9.00   90.00     6  two_node_pipeli
01:17:16 PM  1000     16909   89.00    0.00    0.00   13.00   89.00     6  two_node_pipeli
01:17:17 PM  1000     16909   89.00    0.00    0.00   12.00   89.00     7  two_node_pipeli
01:17:18 PM  1000     16909   89.00    0.00    0.00   12.00   89.00     7  two_node_pipeli
01:17:19 PM  1000     16909   90.00    0.00    0.00    8.00   90.00     6  two_node_pipeli
01:17:20 PM  1000     16909   89.00    0.00    0.00   12.00   89.00     6  two_node_pipeli
01:17:21 PM  1000     16909   89.00    0.00    0.00    9.00   89.00     7  two_node_pipeli
01:17:22 PM  1000     16909   89.00    0.00    0.00   13.00   89.00     7  two_node_pipeli
01:17:23 PM  1000     16909   89.00    0.00    0.00   11.00   89.00     6  two_node_pipeli
01:17:24 PM  1000     16909   89.00    1.00    0.00   15.00   90.00     6  two_node_pipeli
01:17:25 PM  1000     16909   88.00    0.00    0.00   11.00   88.00     6  two_node_pipeli
01:17:26 PM  1000     16909   90.00    0.00    0.00   13.00   90.00     6  two_node_pipeli
01:17:27 PM  1000     16909   89.00    0.00    0.00   13.00   89.00     6  two_node_pipeli
01:17:28 PM  1000     16909   89.00    1.00    0.00   15.00   90.00     6  two_node_pipeli
01:17:29 PM  1000     16909   89.00    0.00    0.00   11.00   89.00     6  two_node_pipeli
01:17:30 PM  1000     16909   89.00    0.00    0.00   16.00   89.00     6  two_node_pipeli
01:17:31 PM  1000     16909   89.00    0.00    0.00   13.00   89.00     7  two_node_pipeli
01:17:32 PM  1000     16909   89.00    0.00    0.00   30.00   89.00     7  two_node_pipeli
01:17:33 PM  1000     16909   89.00    0.00    0.00    7.00   89.00     6  two_node_pipeli
01:17:34 PM  1000     16909   89.00    0.00    0.00   16.00   89.00     7  two_node_pipeli
01:17:35 PM  1000     16909   88.00    1.00    0.00   10.00   89.00     6  two_node_pipeli
01:17:36 PM  1000     16909   90.00    0.00    0.00   11.00   90.00     7  two_node_pipeli
01:17:37 PM  1000     16909   88.00    0.00    0.00    7.00   88.00     7  two_node_pipeli
01:17:38 PM  1000     16909   89.00    1.00    0.00   12.00   90.00     7  two_node_pipeli
01:17:39 PM  1000     16909   90.00    0.00    0.00   10.00   90.00     6  two_node_pipeli
01:17:40 PM  1000     16909   88.00    0.00    0.00   10.00   88.00     7  two_node_pipeli
01:17:41 PM  1000     16909   89.00    1.00    0.00   12.00   90.00     7  two_node_pipeli
01:17:42 PM  1000     16909   88.00    1.00    0.00   11.00   89.00     6  two_node_pipeli
01:17:43 PM  1000     16909   88.00    0.00    0.00   13.00   88.00     7  two_node_pipeli
01:17:44 PM  1000     16909   88.00    2.00    0.00   14.00   90.00     6  two_node_pipeli
01:17:45 PM  1000     16909   89.00    0.00    0.00   14.00   89.00     6  two_node_pipeli
01:17:46 PM  1000     16909   89.00    0.00    0.00   13.00   89.00     7  two_node_pipeli
01:17:47 PM  1000     16909   89.00    0.00    0.00    8.00   89.00     6  two_node_pipeli
01:17:48 PM  1000     16909   88.00    1.00    0.00   12.00   89.00     7  two_node_pipeli
01:17:49 PM  1000     16909   89.00    1.00    0.00   12.00   90.00     7  two_node_pipeli
01:17:50 PM  1000     16909   89.00    0.00    0.00   12.00   89.00     6  two_node_pipeli
01:17:51 PM  1000     16909   89.00    0.00    0.00   13.00   89.00     7  two_node_pipeli
01:17:52 PM  1000     16909   89.00    0.00    0.00   11.00   89.00     7  two_node_pipeli
01:17:53 PM  1000     16909   89.00    0.00    0.00   12.00   89.00     7  two_node_pipeli
01:17:54 PM  1000     16909   89.00    1.00    0.00   13.00   90.00     7  two_node_pipeli
01:17:55 PM  1000     16909   89.00    0.00    0.00   12.00   89.00     6  two_node_pipeli
01:17:56 PM  1000     16909   89.00    0.00    0.00   16.00   89.00     6  two_node_pipeli
01:17:57 PM  1000     16909   88.00    1.00    0.00   13.00   89.00     6  two_node_pipeli
01:17:58 PM  1000     16909   89.00    0.00    0.00   14.00   89.00     6  two_node_pipeli
01:17:59 PM  1000     16909   90.00    0.00    0.00   16.00   90.00     6  two_node_pipeli
01:18:00 PM  1000     16909   89.00    0.00    0.00   11.00   89.00     7  two_node_pipeli
01:18:01 PM  1000     16909   89.00    0.00    0.00   10.00   89.00     7  two_node_pipeli
01:18:02 PM  1000     16909   89.00    0.00    0.00   14.00   89.00     6  two_node_pipeli
01:18:03 PM  1000     16909   89.00    1.00    0.00   13.00   90.00     6  two_node_pipeli
01:18:04 PM  1000     16909   88.00    1.00    0.00    8.00   89.00     7  two_node_pipeli
01:18:05 PM  1000     16909   89.00    0.00    0.00   10.00   89.00     7  two_node_pipeli
01:18:06 PM  1000     16909   89.00    0.00    0.00   13.00   89.00     6  two_node_pipeli
01:18:07 PM  1000     16909   89.00    1.00    0.00    5.00   90.00     7  two_node_pipeli
01:18:08 PM  1000     16909   88.00    1.00    0.00    9.00   89.00     6  two_node_pipeli
01:18:09 PM  1000     16909   89.00    0.00    0.00   13.00   89.00     7  two_node_pipeli
01:18:10 PM  1000     16909   89.00    0.00    0.00   13.00   89.00     6  two_node_pipeli
01:18:11 PM  1000     16909   90.00    0.00    0.00   10.00   90.00     6  two_node_pipeli
01:18:12 PM  1000     16909   89.00    0.00    0.00   16.00   89.00     6  two_node_pipeli
Average:     1000     16909   87.73    0.32    0.00   18.29   88.06     -  two_node_pipeli
