Linux 5.15.0-122-generic (NEU) 	09/20/2024 	_x86_64_	(16 CPU)

03:32:01 PM  CPU    %usr   %nice    %sys %iowait    %irq   %soft  %steal  %guest  %gnice   %idle
03:32:02 PM    0   31.31    0.00    0.00    0.00    0.00    0.00    0.00    0.00    0.00   68.69
03:32:02 PM    1   33.00    0.00    0.00    0.00    0.00    0.00    0.00    0.00    0.00   67.00

03:32:02 PM  CPU    %usr   %nice    %sys %iowait    %irq   %soft  %steal  %guest  %gnice   %idle
03:32:03 PM    0   68.32    0.00    0.00    0.00    0.00    0.00    0.00    0.00    0.00   31.68
03:32:03 PM    1   67.33    0.00    0.00    0.00    0.00    0.00    0.00    0.00    0.00   32.67

03:32:03 PM  CPU    %usr   %nice    %sys %iowait    %irq   %soft  %steal  %guest  %gnice   %idle
03:32:04 PM    0   93.00    0.00    0.00    0.00    0.00    0.00    0.00    0.00    0.00    7.00
03:32:04 PM    1   93.00    0.00    0.00    0.00    0.00    0.00    0.00    0.00    0.00    7.00

03:32:04 PM  CPU    %usr   %nice    %sys %iowait    %irq   %soft  %steal  %guest  %gnice   %idle
03:32:05 PM    0   80.81    0.00    0.00    1.01    0.00    0.00    0.00    0.00    0.00   18.18
03:32:05 PM    1   76.00    0.00    0.00    0.00    0.00    0.00    0.00    0.00    0.00   24.00

03:32:05 PM  CPU    %usr   %nice    %sys %iowait    %irq   %soft  %steal  %guest  %gnice   %idle
03:32:06 PM    0   77.78    0.00    0.00    0.00    0.00    0.00    0.00    0.00    0.00   22.22
03:32:06 PM    1   76.77    0.00    0.00    0.00    0.00    0.00    0.00    0.00    0.00   23.23

03:32:06 PM  CPU    %usr   %nice    %sys %iowait    %irq   %soft  %steal  %guest  %gnice   %idle
03:32:07 PM    0   80.00    0.00    0.00    0.00    0.00    0.00    0.00    0.00    0.00   20.00
03:32:07 PM    1   77.00    0.00    0.00    0.00    0.00    0.00    0.00    0.00    0.00   23.00

03:32:07 PM  CPU    %usr   %nice    %sys %iowait    %irq   %soft  %steal  %guest  %gnice   %idle
03:32:08 PM    0   79.00    0.00    0.00    0.00    0.00    0.00    0.00    0.00    0.00   21.00
03:32:08 PM    1   76.24    0.00    0.00    0.00    0.00    0.00    0.00    0.00    0.00   23.76

03:32:08 PM  CPU    %usr   %nice    %sys %iowait    %irq   %soft  %steal  %guest  %gnice   %idle
03:32:09 PM    0   90.00    0.00    1.00    0.00    0.00    0.00    0.00    0.00    0.00    9.00
03:32:09 PM    1   94.00    0.00    0.00    0.00    0.00    0.00    0.00    0.00    0.00    6.00

03:32:09 PM  CPU    %usr   %nice    %sys %iowait    %irq   %soft  %steal  %guest  %gnice   %idle
03:32:10 PM    0   74.00    0.00    0.00    1.00    0.00    0.00    0.00    0.00    0.00   25.00
03:32:10 PM    1   72.45    0.00    0.00    0.00    0.00    0.00    0.00    0.00    0.00   27.55

03:32:10 PM  CPU    %usr   %nice    %sys %iowait    %irq   %soft  %steal  %guest  %gnice   %idle
03:32:11 PM    0   81.00    0.00    0.00    1.00    0.00    0.00    0.00    0.00    0.00   18.00
03:32:11 PM    1   78.22    0.00    0.00    0.00    0.00    0.00    0.00    0.00    0.00   21.78

03:32:11 PM  CPU    %usr   %nice    %sys %iowait    %irq   %soft  %steal  %guest  %gnice   %idle
03:32:12 PM    0   77.78    0.00    0.00    1.01    0.00    0.00    0.00    0.00    0.00   21.21
03:32:12 PM    1   75.76    0.00    0.00    0.00    0.00    0.00    0.00    0.00    0.00   24.24

03:32:12 PM  CPU    %usr   %nice    %sys %iowait    %irq   %soft  %steal  %guest  %gnice   %idle
03:32:13 PM    0   78.79    0.00    0.00    0.00    0.00    0.00    0.00    0.00    0.00   21.21
03:32:13 PM    1   74.00    0.00    1.00    0.00    0.00    0.00    0.00    0.00    0.00   25.00

03:32:13 PM  CPU    %usr   %nice    %sys %iowait    %irq   %soft  %steal  %guest  %gnice   %idle
03:32:14 PM    0   73.00    0.00    0.00    0.00    0.00    0.00    0.00    0.00    0.00   27.00
03:32:14 PM    1   70.00    0.00    0.00    0.00    0.00    0.00    0.00    0.00    0.00   30.00

03:32:14 PM  CPU    %usr   %nice    %sys %iowait    %irq   %soft  %steal  %guest  %gnice   %idle
03:32:15 PM    0   77.00    0.00    0.00    1.00    0.00    0.00    0.00    0.00    0.00   22.00
03:32:15 PM    1   75.00    0.00    1.00    0.00    0.00    0.00    0.00    0.00    0.00   24.00

03:32:15 PM  CPU    %usr   %nice    %sys %iowait    %irq   %soft  %steal  %guest  %gnice   %idle
03:32:16 PM    0   72.73    0.00    0.00    1.01    0.00    0.00    0.00    0.00    0.00   26.26
03:32:16 PM    1   71.00    0.00    0.00    0.00    0.00    0.00    0.00    0.00    0.00   29.00

03:32:16 PM  CPU    %usr   %nice    %sys %iowait    %irq   %soft  %steal  %guest  %gnice   %idle
03:32:17 PM    0   77.78    0.00    0.00    0.00    0.00    0.00    0.00    0.00    0.00   22.22
03:32:17 PM    1   74.00    0.00    0.00    0.00    0.00    0.00    0.00    0.00    0.00   26.00

03:32:17 PM  CPU    %usr   %nice    %sys %iowait    %irq   %soft  %steal  %guest  %gnice   %idle
03:32:18 PM    0   78.00    0.00    0.00    0.00    0.00    0.00    0.00    0.00    0.00   22.00
03:32:18 PM    1   76.00    0.00    0.00    0.00    0.00    0.00    0.00    0.00    0.00   24.00

03:32:18 PM  CPU    %usr   %nice    %sys %iowait    %irq   %soft  %steal  %guest  %gnice   %idle
03:32:19 PM    0   72.73    0.00    0.00    1.01    0.00    0.00    0.00    0.00    0.00   26.26
03:32:19 PM    1   70.00    0.00    0.00    0.00    0.00    0.00    0.00    0.00    0.00   30.00

03:32:19 PM  CPU    %usr   %nice    %sys %iowait    %irq   %soft  %steal  %guest  %gnice   %idle
03:32:20 PM    0   81.19    0.00    0.00    0.99    0.00    0.00    0.00    0.00    0.00   17.82
03:32:20 PM    1   78.00    0.00    0.00    0.00    0.00    0.00    0.00    0.00    0.00   22.00

03:32:20 PM  CPU    %usr   %nice    %sys %iowait    %irq   %soft  %steal  %guest  %gnice   %idle
03:32:21 PM    0   80.81    0.00    0.00    0.00    0.00    0.00    0.00    0.00    0.00   19.19
03:32:21 PM    1   77.78    0.00    0.00    0.00    0.00    0.00    0.00    0.00    0.00   22.22

03:32:21 PM  CPU    %usr   %nice    %sys %iowait    %irq   %soft  %steal  %guest  %gnice   %idle
03:32:22 PM    0   74.00    0.00    0.00    0.00    0.00    0.00    0.00    0.00    0.00   26.00
03:32:22 PM    1   69.70    0.00    1.01    0.00    0.00    0.00    0.00    0.00    0.00   29.29

03:32:22 PM  CPU    %usr   %nice    %sys %iowait    %irq   %soft  %steal  %guest  %gnice   %idle
03:32:23 PM    0   78.00    0.00    0.00    0.00    0.00    0.00    0.00    0.00    0.00   22.00
03:32:23 PM    1   73.27    0.00    0.99    0.00    0.00    0.00    0.00    0.00    0.00   25.74

03:32:23 PM  CPU    %usr   %nice    %sys %iowait    %irq   %soft  %steal  %guest  %gnice   %idle
03:32:24 PM    0   76.53    0.00    0.00    0.00    0.00    0.00    0.00    0.00    0.00   23.47
03:32:24 PM    1   74.75    0.00    0.00    0.00    0.00    0.00    0.00    0.00    0.00   25.25

03:32:24 PM  CPU    %usr   %nice    %sys %iowait    %irq   %soft  %steal  %guest  %gnice   %idle
03:32:25 PM    0   80.00    0.00    0.00    0.00    0.00    0.00    0.00    0.00    0.00   20.00
03:32:25 PM    1   77.23    0.00    0.00    0.00    0.00    0.00    0.00    0.00    0.00   22.77

03:32:25 PM  CPU    %usr   %nice    %sys %iowait    %irq   %soft  %steal  %guest  %gnice   %idle
03:32:26 PM    0   71.72    0.00    0.00    0.00    0.00    0.00    0.00    0.00    0.00   28.28
03:32:26 PM    1   67.68    0.00    0.00    0.00    0.00    0.00    0.00    0.00    0.00   32.32

03:32:26 PM  CPU    %usr   %nice    %sys %iowait    %irq   %soft  %steal  %guest  %gnice   %idle
03:32:27 PM    0   79.00    0.00    0.00    0.00    0.00    0.00    0.00    0.00    0.00   21.00
03:32:27 PM    1   77.00    0.00    0.00    0.00    0.00    0.00    0.00    0.00    0.00   23.00

03:32:27 PM  CPU    %usr   %nice    %sys %iowait    %irq   %soft  %steal  %guest  %gnice   %idle
03:32:28 PM    0   73.74    0.00    0.00    1.01    0.00    0.00    0.00    0.00    0.00   25.25
03:32:28 PM    1   71.72    0.00    0.00    0.00    0.00    0.00    0.00    0.00    0.00   28.28

03:32:28 PM  CPU    %usr   %nice    %sys %iowait    %irq   %soft  %steal  %guest  %gnice   %idle
03:32:29 PM    0   82.00    0.00    0.00    0.00    0.00    0.00    0.00    0.00    0.00   18.00
03:32:29 PM    1   80.00    0.00    0.00    0.00    0.00    0.00    0.00    0.00    0.00   20.00

03:32:29 PM  CPU    %usr   %nice    %sys %iowait    %irq   %soft  %steal  %guest  %gnice   %idle
03:32:30 PM    0   74.00    0.00    0.00    0.00    0.00    0.00    0.00    0.00    0.00   26.00
03:32:30 PM    1   70.71    0.00    0.00    0.00    0.00    0.00    0.00    0.00    0.00   29.29

03:32:30 PM  CPU    %usr   %nice    %sys %iowait    %irq   %soft  %steal  %guest  %gnice   %idle
03:32:31 PM    0   72.73    0.00    0.00    0.00    0.00    0.00    0.00    0.00    0.00   27.27
03:32:31 PM    1   70.00    0.00    0.00    0.00    0.00    0.00    0.00    0.00    0.00   30.00

03:32:31 PM  CPU    %usr   %nice    %sys %iowait    %irq   %soft  %steal  %guest  %gnice   %idle
03:32:32 PM    0   84.85    0.00    0.00    0.00    0.00    0.00    0.00    0.00    0.00   15.15
03:32:32 PM    1   80.20    0.00    0.99    0.00    0.00    0.00    0.00    0.00    0.00   18.81

03:32:32 PM  CPU    %usr   %nice    %sys %iowait    %irq   %soft  %steal  %guest  %gnice   %idle
03:32:33 PM    0   74.75    0.00    0.00    1.01    0.00    0.00    0.00    0.00    0.00   24.24
03:32:33 PM    1   72.73    0.00    0.00    0.00    0.00    0.00    0.00    0.00    0.00   27.27

03:32:33 PM  CPU    %usr   %nice    %sys %iowait    %irq   %soft  %steal  %guest  %gnice   %idle
03:32:34 PM    0   77.78    0.00    0.00    0.00    0.00    0.00    0.00    0.00    0.00   22.22
03:32:34 PM    1   74.00    0.00    1.00    0.00    0.00    0.00    0.00    0.00    0.00   25.00

03:32:34 PM  CPU    %usr   %nice    %sys %iowait    %irq   %soft  %steal  %guest  %gnice   %idle
03:32:35 PM    0   73.27    0.00    0.00    0.00    0.00    0.00    0.00    0.00    0.00   26.73
03:32:35 PM    1   70.00    0.00    0.00    0.00    0.00    0.00    0.00    0.00    0.00   30.00

03:32:35 PM  CPU    %usr   %nice    %sys %iowait    %irq   %soft  %steal  %guest  %gnice   %idle
03:32:36 PM    0   76.00    0.00    0.00    1.00    0.00    0.00    0.00    0.00    0.00   23.00
03:32:36 PM    1   75.00    0.00    0.00    0.00    0.00    0.00    0.00    0.00    0.00   25.00

03:32:36 PM  CPU    %usr   %nice    %sys %iowait    %irq   %soft  %steal  %guest  %gnice   %idle
03:32:37 PM    0   78.79    0.00    0.00    0.00    0.00    0.00    0.00    0.00    0.00   21.21
03:32:37 PM    1   75.76    0.00    0.00    0.00    0.00    0.00    0.00    0.00    0.00   24.24

03:32:37 PM  CPU    %usr   %nice    %sys %iowait    %irq   %soft  %steal  %guest  %gnice   %idle
03:32:38 PM    0   71.43    0.00    0.00    0.00    0.00    0.00    0.00    0.00    0.00   28.57
03:32:38 PM    1   67.68    0.00    0.00    0.00    0.00    0.00    0.00    0.00    0.00   32.32

03:32:38 PM  CPU    %usr   %nice    %sys %iowait    %irq   %soft  %steal  %guest  %gnice   %idle
03:32:39 PM    0   82.00    0.00    0.00    1.00    0.00    0.00    0.00    0.00    0.00   17.00
03:32:39 PM    1   79.80    0.00    0.00    0.00    0.00    0.00    0.00    0.00    0.00   20.20

03:32:39 PM  CPU    %usr   %nice    %sys %iowait    %irq   %soft  %steal  %guest  %gnice   %idle
03:32:40 PM    0   73.00    0.00    0.00    0.00    0.00    0.00    0.00    0.00    0.00   27.00
03:32:40 PM    1   71.00    0.00    0.00    0.00    0.00    0.00    0.00    0.00    0.00   29.00

03:32:40 PM  CPU    %usr   %nice    %sys %iowait    %irq   %soft  %steal  %guest  %gnice   %idle
03:32:41 PM    0   80.81    0.00    0.00    0.00    0.00    0.00    0.00    0.00    0.00   19.19
03:32:41 PM    1   78.00    0.00    0.00    0.00    0.00    0.00    0.00    0.00    0.00   22.00

03:32:41 PM  CPU    %usr   %nice    %sys %iowait    %irq   %soft  %steal  %guest  %gnice   %idle
03:32:42 PM    0   72.73    0.00    0.00    0.00    0.00    0.00    0.00    0.00    0.00   27.27
03:32:42 PM    1   69.70    0.00    0.00    0.00    0.00    0.00    0.00    0.00    0.00   30.30

03:32:42 PM  CPU    %usr   %nice    %sys %iowait    %irq   %soft  %steal  %guest  %gnice   %idle
03:32:43 PM    0   74.00    0.00    0.00    0.00    0.00    0.00    0.00    0.00    0.00   26.00
03:32:43 PM    1   71.00    0.00    0.00    0.00    0.00    0.00    0.00    0.00    0.00   29.00

03:32:43 PM  CPU    %usr   %nice    %sys %iowait    %irq   %soft  %steal  %guest  %gnice   %idle
03:32:44 PM    0   84.85    0.00    0.00    0.00    0.00    0.00    0.00    0.00    0.00   15.15
03:32:44 PM    1   81.00    0.00    0.00    0.00    0.00    0.00    0.00    0.00    0.00   19.00

03:32:44 PM  CPU    %usr   %nice    %sys %iowait    %irq   %soft  %steal  %guest  %gnice   %idle
03:32:45 PM    0   75.76    0.00    0.00    0.00    0.00    0.00    0.00    0.00    0.00   24.24
03:32:45 PM    1   72.73    0.00    0.00    0.00    0.00    0.00    0.00    0.00    0.00   27.27

03:32:45 PM  CPU    %usr   %nice    %sys %iowait    %irq   %soft  %steal  %guest  %gnice   %idle
03:32:46 PM    0   76.24    0.00    0.00    1.98    0.00    0.00    0.00    0.00    0.00   21.78
03:32:46 PM    1   74.75    0.00    0.00    0.00    0.00    0.00    0.00    0.00    0.00   25.25

03:32:46 PM  CPU    %usr   %nice    %sys %iowait    %irq   %soft  %steal  %guest  %gnice   %idle
03:32:47 PM    0   74.75    0.00    0.00    0.00    0.00    0.00    0.00    0.00    0.00   25.25
03:32:47 PM    1   69.00    0.00    1.00    0.00    0.00    0.00    0.00    0.00    0.00   30.00

03:32:47 PM  CPU    %usr   %nice    %sys %iowait    %irq   %soft  %steal  %guest  %gnice   %idle
03:32:48 PM    0   76.00    0.00    0.00    0.00    0.00    0.00    0.00    0.00    0.00   24.00
03:32:48 PM    1   75.00    0.00    0.00    0.00    0.00    0.00    0.00    0.00    0.00   25.00

03:32:48 PM  CPU    %usr   %nice    %sys %iowait    %irq   %soft  %steal  %guest  %gnice   %idle
03:32:49 PM    0   76.77    0.00    0.00    0.00    0.00    0.00    0.00    0.00    0.00   23.23
03:32:49 PM    1   75.00    0.00    0.00    0.00    0.00    0.00    0.00    0.00    0.00   25.00

03:32:49 PM  CPU    %usr   %nice    %sys %iowait    %irq   %soft  %steal  %guest  %gnice   %idle
03:32:50 PM    0   76.24    0.00    0.99    0.00    0.00    0.00    0.00    0.00    0.00   22.77
03:32:50 PM    1   74.00    0.00    0.00    0.00    0.00    0.00    0.00    0.00    0.00   26.00

03:32:50 PM  CPU    %usr   %nice    %sys %iowait    %irq   %soft  %steal  %guest  %gnice   %idle
03:32:51 PM    0   77.78    0.00    0.00    1.01    0.00    0.00    0.00    0.00    0.00   21.21
03:32:51 PM    1   74.00    0.00    0.00    0.00    0.00    0.00    0.00    0.00    0.00   26.00

03:32:51 PM  CPU    %usr   %nice    %sys %iowait    %irq   %soft  %steal  %guest  %gnice   %idle
03:32:52 PM    0   73.00    0.00    0.00    1.00    0.00    0.00    0.00    0.00    0.00   26.00
03:32:52 PM    1   71.00    0.00    0.00    0.00    0.00    0.00    0.00    0.00    0.00   29.00

03:32:52 PM  CPU    %usr   %nice    %sys %iowait    %irq   %soft  %steal  %guest  %gnice   %idle
03:32:53 PM    0   82.83    0.00    0.00    0.00    0.00    0.00    0.00    0.00    0.00   17.17
03:32:53 PM    1   79.59    0.00    0.00    0.00    0.00    0.00    0.00    0.00    0.00   20.41

03:32:53 PM  CPU    %usr   %nice    %sys %iowait    %irq   %soft  %steal  %guest  %gnice   %idle
03:32:54 PM    0   70.71    0.00    0.00    0.00    0.00    0.00    0.00    0.00    0.00   29.29
03:32:54 PM    1   68.00    0.00    0.00    0.00    0.00    0.00    0.00    0.00    0.00   32.00

03:32:54 PM  CPU    %usr   %nice    %sys %iowait    %irq   %soft  %steal  %guest  %gnice   %idle
03:32:55 PM    0   77.00    0.00    0.00    2.00    0.00    0.00    0.00    0.00    0.00   21.00
03:32:55 PM    1   75.00    0.00    0.00    0.00    0.00    0.00    0.00    0.00    0.00   25.00

03:32:55 PM  CPU    %usr   %nice    %sys %iowait    %irq   %soft  %steal  %guest  %gnice   %idle
03:32:56 PM    0   82.00    0.00    1.00    1.00    0.00    0.00    0.00    0.00    0.00   16.00
03:32:56 PM    1   79.00    0.00    0.00    0.00    0.00    0.00    0.00    0.00    0.00   21.00

03:32:56 PM  CPU    %usr   %nice    %sys %iowait    %irq   %soft  %steal  %guest  %gnice   %idle
03:32:57 PM    0   80.00    0.00    0.00    0.00    0.00    0.00    0.00    0.00    0.00   20.00
03:32:57 PM    1   76.77    0.00    1.01    0.00    0.00    0.00    0.00    0.00    0.00   22.22

03:32:57 PM  CPU    %usr   %nice    %sys %iowait    %irq   %soft  %steal  %guest  %gnice   %idle
03:32:58 PM    0   72.00    0.00    0.00    2.00    0.00    0.00    0.00    0.00    0.00   26.00
03:32:58 PM    1   70.00    0.00    0.00    0.00    0.00    0.00    0.00    0.00    0.00   30.00

03:32:58 PM  CPU    %usr   %nice    %sys %iowait    %irq   %soft  %steal  %guest  %gnice   %idle
03:32:59 PM    0   74.49    0.00    0.00    1.02    0.00    0.00    0.00    0.00    0.00   24.49
03:32:59 PM    1   69.00    0.00    0.00    0.00    0.00    0.00    0.00    0.00    0.00   31.00

03:32:59 PM  CPU    %usr   %nice    %sys %iowait    %irq   %soft  %steal  %guest  %gnice   %idle
03:33:00 PM    0   78.00    0.00    0.00    0.00    0.00    0.00    0.00    0.00    0.00   22.00
03:33:00 PM    1   76.77    0.00    0.00    0.00    0.00    0.00    0.00    0.00    0.00   23.23

03:33:00 PM  CPU    %usr   %nice    %sys %iowait    %irq   %soft  %steal  %guest  %gnice   %idle
03:33:01 PM    0   77.78    0.00    0.00    0.00    0.00    0.00    0.00    0.00    0.00   22.22
03:33:01 PM    1   74.00    0.00    1.00    0.00    0.00    0.00    0.00    0.00    0.00   25.00

03:33:01 PM  CPU    %usr   %nice    %sys %iowait    %irq   %soft  %steal  %guest  %gnice   %idle
03:33:02 PM    0   78.79    0.00    0.00    1.01    0.00    0.00    0.00    0.00    0.00   20.20
03:33:02 PM    1   74.75    0.00    0.00    0.00    0.00    0.00    0.00    0.00    0.00   25.25

03:33:02 PM  CPU    %usr   %nice    %sys %iowait    %irq   %soft  %steal  %guest  %gnice   %idle
03:33:03 PM    0   76.00    0.00    0.00    0.00    0.00    0.00    0.00    0.00    0.00   24.00
03:33:03 PM    1   73.00    0.00    0.00    0.00    0.00    0.00    0.00    0.00    0.00   27.00

03:33:03 PM  CPU    %usr   %nice    %sys %iowait    %irq   %soft  %steal  %guest  %gnice   %idle
03:33:04 PM    0   74.00    0.00    0.00    0.00    0.00    0.00    0.00    0.00    0.00   26.00
03:33:04 PM    1   71.00    0.00    0.00    0.00    0.00    0.00    0.00    0.00    0.00   29.00

03:33:04 PM  CPU    %usr   %nice    %sys %iowait    %irq   %soft  %steal  %guest  %gnice   %idle
03:33:05 PM    0   81.82    0.00    0.00    0.00    0.00    0.00    0.00    0.00    0.00   18.18
03:33:05 PM    1   79.80    0.00    0.00    0.00    0.00    0.00    0.00    0.00    0.00   20.20

03:33:05 PM  CPU    %usr   %nice    %sys %iowait    %irq   %soft  %steal  %guest  %gnice   %idle
03:33:06 PM    0   68.69    0.00    0.00    0.00    0.00    0.00    0.00    0.00    0.00   31.31
03:33:06 PM    1   66.00    0.00    1.00    0.00    0.00    0.00    0.00    0.00    0.00   33.00

03:33:06 PM  CPU    %usr   %nice    %sys %iowait    %irq   %soft  %steal  %guest  %gnice   %idle
03:33:07 PM    0   79.80    0.00    0.00    0.00    0.00    0.00    0.00    0.00    0.00   20.20
03:33:07 PM    1   77.00    0.00    0.00    0.00    0.00    0.00    0.00    0.00    0.00   23.00

03:33:07 PM  CPU    %usr   %nice    %sys %iowait    %irq   %soft  %steal  %guest  %gnice   %idle
03:33:08 PM    0   80.00    0.00    0.00    1.00    0.00    0.00    0.00    0.00    0.00   19.00
03:33:08 PM    1   75.76    0.00    0.00    0.00    0.00    0.00    0.00    0.00    0.00   24.24

03:33:08 PM  CPU    %usr   %nice    %sys %iowait    %irq   %soft  %steal  %guest  %gnice   %idle
03:33:09 PM    0   78.22    0.00    0.99    0.00    0.00    0.00    0.00    0.00    0.00   20.79
03:33:09 PM    1   77.00    0.00    0.00    0.00    0.00    0.00    0.00    0.00    0.00   23.00

03:33:09 PM  CPU    %usr   %nice    %sys %iowait    %irq   %soft  %steal  %guest  %gnice   %idle
03:33:10 PM    0   71.72    0.00    0.00    0.00    0.00    0.00    0.00    0.00    0.00   28.28
03:33:10 PM    1   69.70    0.00    0.00    0.00    0.00    0.00    0.00    0.00    0.00   30.30

03:33:10 PM  CPU    %usr   %nice    %sys %iowait    %irq   %soft  %steal  %guest  %gnice   %idle
03:33:11 PM    0   77.00    0.00    0.00    0.00    0.00    0.00    0.00    0.00    0.00   23.00
03:33:11 PM    1   73.74    0.00    0.00    0.00    0.00    0.00    0.00    0.00    0.00   26.26

03:33:11 PM  CPU    %usr   %nice    %sys %iowait    %irq   %soft  %steal  %guest  %gnice   %idle
03:33:12 PM    0   81.82    0.00    0.00    2.02    0.00    0.00    0.00    0.00    0.00   16.16
03:33:12 PM    1   77.00    0.00    1.00    0.00    0.00    0.00    0.00    0.00    0.00   22.00

03:33:12 PM  CPU    %usr   %nice    %sys %iowait    %irq   %soft  %steal  %guest  %gnice   %idle
03:33:13 PM    0   72.00    0.00    1.00    0.00    0.00    0.00    0.00    0.00    0.00   27.00
03:33:13 PM    1   70.00    0.00    0.00    0.00    0.00    0.00    0.00    0.00    0.00   30.00

03:33:13 PM  CPU    %usr   %nice    %sys %iowait    %irq   %soft  %steal  %guest  %gnice   %idle
03:33:14 PM    0   76.00    0.00    0.00    1.00    0.00    0.00    0.00    0.00    0.00   23.00
03:33:14 PM    1   73.74    0.00    0.00    0.00    0.00    0.00    0.00    0.00    0.00   26.26

03:33:14 PM  CPU    %usr   %nice    %sys %iowait    %irq   %soft  %steal  %guest  %gnice   %idle
03:33:15 PM    0   74.75    0.00    0.00    0.00    0.00    0.00    0.00    0.00    0.00   25.25
03:33:15 PM    1   71.00    0.00    1.00    0.00    0.00    0.00    0.00    0.00    0.00   28.00

03:33:15 PM  CPU    %usr   %nice    %sys %iowait    %irq   %soft  %steal  %guest  %gnice   %idle
03:33:16 PM    0   76.00    0.00    0.00    1.00    0.00    0.00    0.00    0.00    0.00   23.00
03:33:16 PM    1   74.00    0.00    0.00    0.00    0.00    0.00    0.00    0.00    0.00   26.00

03:33:16 PM  CPU    %usr   %nice    %sys %iowait    %irq   %soft  %steal  %guest  %gnice   %idle
03:33:17 PM    0   79.80    0.00    0.00    1.01    0.00    0.00    0.00    0.00    0.00   19.19
03:33:17 PM    1   75.76    0.00    0.00    0.00    0.00    0.00    0.00    0.00    0.00   24.24

03:33:17 PM  CPU    %usr   %nice    %sys %iowait    %irq   %soft  %steal  %guest  %gnice   %idle
03:33:18 PM    0   75.00    0.00    0.00    0.00    0.00    0.00    0.00    0.00    0.00   25.00
03:33:18 PM    1   74.00    0.00    0.00    0.00    0.00    0.00    0.00    0.00    0.00   26.00

03:33:18 PM  CPU    %usr   %nice    %sys %iowait    %irq   %soft  %steal  %guest  %gnice   %idle
03:33:19 PM    0   74.00    0.00    0.00    0.00    0.00    0.00    0.00    0.00    0.00   26.00
03:33:19 PM    1   71.00    0.00    0.00    0.00    0.00    0.00    0.00    0.00    0.00   29.00

03:33:19 PM  CPU    %usr   %nice    %sys %iowait    %irq   %soft  %steal  %guest  %gnice   %idle
03:33:20 PM    0   79.59    0.00    0.00    0.00    0.00    0.00    0.00    0.00    0.00   20.41
03:33:20 PM    1   75.76    0.00    0.00    0.00    0.00    0.00    0.00    0.00    0.00   24.24

03:33:20 PM  CPU    %usr   %nice    %sys %iowait    %irq   %soft  %steal  %guest  %gnice   %idle
03:33:21 PM    0   81.19    0.00    0.00    0.00    0.00    0.00    0.00    0.00    0.00   18.81
03:33:21 PM    1   79.00    0.00    0.00    0.00    0.00    0.00    0.00    0.00    0.00   21.00

03:33:21 PM  CPU    %usr   %nice    %sys %iowait    %irq   %soft  %steal  %guest  %gnice   %idle
03:33:22 PM    0   71.00    0.00    0.00    1.00    0.00    0.00    0.00    0.00    0.00   28.00
03:33:22 PM    1   68.69    0.00    0.00    0.00    0.00    0.00    0.00    0.00    0.00   31.31

03:33:22 PM  CPU    %usr   %nice    %sys %iowait    %irq   %soft  %steal  %guest  %gnice   %idle
03:33:23 PM    0   75.76    0.00    0.00    0.00    0.00    0.00    0.00    0.00    0.00   24.24
03:33:23 PM    1   73.00    0.00    0.00    0.00    0.00    0.00    0.00    0.00    0.00   27.00

03:33:23 PM  CPU    %usr   %nice    %sys %iowait    %irq   %soft  %steal  %guest  %gnice   %idle
03:33:24 PM    0   79.59    0.00    0.00    0.00    0.00    0.00    0.00    0.00    0.00   20.41
03:33:24 PM    1   76.24    0.00    0.99    0.00    0.00    0.00    0.00    0.00    0.00   22.77

03:33:24 PM  CPU    %usr   %nice    %sys %iowait    %irq   %soft  %steal  %guest  %gnice   %idle
03:33:25 PM    0   76.00    0.00    1.00    0.00    0.00    0.00    0.00    0.00    0.00   23.00
03:33:25 PM    1   72.73    0.00    0.00    0.00    0.00    0.00    0.00    0.00    0.00   27.27

03:33:25 PM  CPU    %usr   %nice    %sys %iowait    %irq   %soft  %steal  %guest  %gnice   %idle
03:33:26 PM    0   76.77    0.00    0.00    0.00    0.00    0.00    0.00    0.00    0.00   23.23
03:33:26 PM    1   73.00    0.00    0.00    0.00    0.00    0.00    0.00    0.00    0.00   27.00

03:33:26 PM  CPU    %usr   %nice    %sys %iowait    %irq   %soft  %steal  %guest  %gnice   %idle
03:33:27 PM    0   73.27    0.00    0.00    1.98    0.00    0.00    0.00    0.00    0.00   24.75
03:33:27 PM    1   71.72    0.00    0.00    0.00    0.00    0.00    0.00    0.00    0.00   28.28

03:33:27 PM  CPU    %usr   %nice    %sys %iowait    %irq   %soft  %steal  %guest  %gnice   %idle
03:33:28 PM    0   78.79    0.00    0.00    0.00    0.00    0.00    0.00    0.00    0.00   21.21
03:33:28 PM    1   76.24    0.00    0.99    0.00    0.00    0.00    0.00    0.00    0.00   22.77

03:33:28 PM  CPU    %usr   %nice    %sys %iowait    %irq   %soft  %steal  %guest  %gnice   %idle
03:33:29 PM    0   79.80    0.00    0.00    0.00    0.00    0.00    0.00    0.00    0.00   20.20
03:33:29 PM    1   75.76    0.00    0.00    0.00    0.00    0.00    0.00    0.00    0.00   24.24

03:33:29 PM  CPU    %usr   %nice    %sys %iowait    %irq   %soft  %steal  %guest  %gnice   %idle
03:33:30 PM    0   76.77    0.00    0.00    0.00    0.00    0.00    0.00    0.00    0.00   23.23
03:33:30 PM    1   73.27    0.00    0.99    0.00    0.00    0.00    0.00    0.00    0.00   25.74

03:33:30 PM  CPU    %usr   %nice    %sys %iowait    %irq   %soft  %steal  %guest  %gnice   %idle
03:33:31 PM    0   72.28    0.00    0.99    0.00    0.00    0.00    0.00    0.00    0.00   26.73
03:33:31 PM    1   70.71    0.00    0.00    0.00    0.00    0.00    0.00    0.00    0.00   29.29

03:33:31 PM  CPU    %usr   %nice    %sys %iowait    %irq   %soft  %steal  %guest  %gnice   %idle
03:33:32 PM    0   80.81    0.00    0.00    0.00    0.00    0.00    0.00    0.00    0.00   19.19
03:33:32 PM    1   77.23    0.00    0.00    0.00    0.00    0.00    0.00    0.00    0.00   22.77

03:33:32 PM  CPU    %usr   %nice    %sys %iowait    %irq   %soft  %steal  %guest  %gnice   %idle
03:33:33 PM    0   82.83    0.00    0.00    1.01    0.00    0.00    0.00    0.00    0.00   16.16
03:33:33 PM    1   77.78    0.00    1.01    0.00    0.00    0.00    0.00    0.00    0.00   21.21

03:33:33 PM  CPU    %usr   %nice    %sys %iowait    %irq   %soft  %steal  %guest  %gnice   %idle
03:33:34 PM    0   70.00    0.00    0.00    0.00    0.00    0.00    0.00    0.00    0.00   30.00
03:33:34 PM    1   67.68    0.00    0.00    0.00    0.00    0.00    0.00    0.00    0.00   32.32

03:33:34 PM  CPU    %usr   %nice    %sys %iowait    %irq   %soft  %steal  %guest  %gnice   %idle
03:33:35 PM    0   78.79    0.00    0.00    0.00    0.00    0.00    0.00    0.00    0.00   21.21
03:33:35 PM    1   75.76    0.00    0.00    0.00    0.00    0.00    0.00    0.00    0.00   24.24

03:33:35 PM  CPU    %usr   %nice    %sys %iowait    %irq   %soft  %steal  %guest  %gnice   %idle
03:33:36 PM    0   78.00    0.00    0.00    0.00    0.00    0.00    0.00    0.00    0.00   22.00
03:33:36 PM    1   76.00    0.00    0.00    0.00    0.00    0.00    0.00    0.00    0.00   24.00

03:33:36 PM  CPU    %usr   %nice    %sys %iowait    %irq   %soft  %steal  %guest  %gnice   %idle
03:33:37 PM    0   77.78    0.00    0.00    0.00    0.00    0.00    0.00    0.00    0.00   22.22
03:33:37 PM    1   75.00    0.00    0.00    0.00    0.00    0.00    0.00    0.00    0.00   25.00

03:33:37 PM  CPU    %usr   %nice    %sys %iowait    %irq   %soft  %steal  %guest  %gnice   %idle
03:33:38 PM    0   73.47    0.00    0.00    1.02    0.00    0.00    0.00    0.00    0.00   25.51
03:33:38 PM    1   69.70    0.00    0.00    0.00    0.00    0.00    0.00    0.00    0.00   30.30

03:33:38 PM  CPU    %usr   %nice    %sys %iowait    %irq   %soft  %steal  %guest  %gnice   %idle
03:33:39 PM    0   78.00    0.00    0.00    0.00    0.00    0.00    0.00    0.00    0.00   22.00
03:33:39 PM    1   76.00    0.00    0.00    0.00    0.00    0.00    0.00    0.00    0.00   24.00

03:33:39 PM  CPU    %usr   %nice    %sys %iowait    %irq   %soft  %steal  %guest  %gnice   %idle
03:33:40 PM    0   73.00    0.00    0.00    0.00    0.00    0.00    0.00    0.00    0.00   27.00
03:33:40 PM    1   72.00    0.00    0.00    0.00    0.00    0.00    0.00    0.00    0.00   28.00

03:33:40 PM  CPU    %usr   %nice    %sys %iowait    %irq   %soft  %steal  %guest  %gnice   %idle
03:33:41 PM    0   77.78    0.00    0.00    0.00    0.00    0.00    0.00    0.00    0.00   22.22
03:33:41 PM    1   73.00    0.00    1.00    0.00    0.00    0.00    0.00    0.00    0.00   26.00

03:33:41 PM  CPU    %usr   %nice    %sys %iowait    %irq   %soft  %steal  %guest  %gnice   %idle
03:33:42 PM    0   78.00    0.00    0.00    1.00    0.00    0.00    0.00    0.00    0.00   21.00
03:33:42 PM    1   75.76    0.00    0.00    0.00    0.00    0.00    0.00    0.00    0.00   24.24

03:33:42 PM  CPU    %usr   %nice    %sys %iowait    %irq   %soft  %steal  %guest  %gnice   %idle
03:33:43 PM    0   73.00    0.00    0.00    0.00    0.00    0.00    0.00    0.00    0.00   27.00
03:33:43 PM    1   70.30    0.00    0.00    0.00    0.00    0.00    0.00    0.00    0.00   29.70

03:33:43 PM  CPU    %usr   %nice    %sys %iowait    %irq   %soft  %steal  %guest  %gnice   %idle
03:33:44 PM    0   81.00    0.00    0.00    1.00    0.00    0.00    0.00    0.00    0.00   18.00
03:33:44 PM    1   76.77    0.00    1.01    0.00    0.00    0.00    0.00    0.00    0.00   22.22

03:33:44 PM  CPU    %usr   %nice    %sys %iowait    %irq   %soft  %steal  %guest  %gnice   %idle
03:33:45 PM    0   81.82    0.00    0.00    0.00    0.00    0.00    0.00    0.00    0.00   18.18
03:33:45 PM    1   76.77    0.00    1.01    0.00    0.00    0.00    0.00    0.00    0.00   22.22

03:33:45 PM  CPU    %usr   %nice    %sys %iowait    %irq   %soft  %steal  %guest  %gnice   %idle
03:33:46 PM    0   74.75    0.00    0.00    0.00    0.00    0.00    0.00    0.00    0.00   25.25
03:33:46 PM    1   71.72    0.00    0.00    0.00    0.00    0.00    0.00    0.00    0.00   28.28

03:33:46 PM  CPU    %usr   %nice    %sys %iowait    %irq   %soft  %steal  %guest  %gnice   %idle
03:33:47 PM    0   77.23    0.00    0.00    1.98    0.00    0.00    0.00    0.00    0.00   20.79
03:33:47 PM    1   73.27    0.00    0.00    0.00    0.00    0.00    0.00    0.00    0.00   26.73

03:33:47 PM  CPU    %usr   %nice    %sys %iowait    %irq   %soft  %steal  %guest  %gnice   %idle
03:33:48 PM    0   75.76    0.00    0.00    0.00    0.00    0.00    0.00    0.00    0.00   24.24
03:33:48 PM    1   75.00    0.00    0.00    0.00    0.00    0.00    0.00    0.00    0.00   25.00

03:33:48 PM  CPU    %usr   %nice    %sys %iowait    %irq   %soft  %steal  %guest  %gnice   %idle
03:33:49 PM    0   80.00    0.00    0.00    0.00    0.00    0.00    0.00    0.00    0.00   20.00
03:33:49 PM    1   77.55    0.00    0.00    0.00    0.00    0.00    0.00    0.00    0.00   22.45

03:33:49 PM  CPU    %usr   %nice    %sys %iowait    %irq   %soft  %steal  %guest  %gnice   %idle
03:33:50 PM    0   71.72    0.00    0.00    1.01    0.00    0.00    0.00    0.00    0.00   27.27
03:33:50 PM    1   67.00    0.00    1.00    0.00    0.00    0.00    0.00    0.00    0.00   32.00

03:33:50 PM  CPU    %usr   %nice    %sys %iowait    %irq   %soft  %steal  %guest  %gnice   %idle
03:33:51 PM    0   78.22    0.00    0.00    0.99    0.00    0.00    0.00    0.00    0.00   20.79
03:33:51 PM    1   77.00    0.00    0.00    0.00    0.00    0.00    0.00    0.00    0.00   23.00

03:33:51 PM  CPU    %usr   %nice    %sys %iowait    %irq   %soft  %steal  %guest  %gnice   %idle
03:33:52 PM    0   74.49    0.00    0.00    1.02    0.00    0.00    0.00    0.00    0.00   24.49
03:33:52 PM    1   70.00    0.00    1.00    0.00    0.00    0.00    0.00    0.00    0.00   29.00

03:33:52 PM  CPU    %usr   %nice    %sys %iowait    %irq   %soft  %steal  %guest  %gnice   %idle
03:33:53 PM    0   82.00    0.00    0.00    2.00    0.00    0.00    0.00    0.00    0.00   16.00
03:33:53 PM    1   79.21    0.00    0.00    0.00    0.00    0.00    0.00    0.00    0.00   20.79

03:33:53 PM  CPU    %usr   %nice    %sys %iowait    %irq   %soft  %steal  %guest  %gnice   %idle
03:33:54 PM    0   73.00    0.00    1.00    3.00    0.00    0.00    0.00    0.00    0.00   23.00
03:33:54 PM    1   70.71    0.00    0.00    0.00    0.00    0.00    0.00    0.00    0.00   29.29

03:33:54 PM  CPU    %usr   %nice    %sys %iowait    %irq   %soft  %steal  %guest  %gnice   %idle
03:33:55 PM    0   73.00    0.00    0.00    0.00    0.00    0.00    0.00    0.00    0.00   27.00
03:33:55 PM    1   70.71    0.00    0.00    0.00    0.00    0.00    0.00    0.00    0.00   29.29

03:33:55 PM  CPU    %usr   %nice    %sys %iowait    %irq   %soft  %steal  %guest  %gnice   %idle
03:33:56 PM    0   84.85    0.00    0.00    0.00    0.00    0.00    0.00    0.00    0.00   15.15
03:33:56 PM    1   80.81    0.00    0.00    0.00    0.00    0.00    0.00    0.00    0.00   19.19

03:33:56 PM  CPU    %usr   %nice    %sys %iowait    %irq   %soft  %steal  %guest  %gnice   %idle
03:33:57 PM    0   74.75    0.00    0.00    1.01    0.00    0.00    0.00    0.00    0.00   24.24
03:33:57 PM    1   72.73    0.00    0.00    0.00    0.00    0.00    0.00    0.00    0.00   27.27

03:33:57 PM  CPU    %usr   %nice    %sys %iowait    %irq   %soft  %steal  %guest  %gnice   %idle
03:33:58 PM    0   77.00    0.00    0.00    1.00    0.00    0.00    0.00    0.00    0.00   22.00
03:33:58 PM    1   74.00    0.00    1.00    0.00    0.00    0.00    0.00    0.00    0.00   25.00

03:33:58 PM  CPU    %usr   %nice    %sys %iowait    %irq   %soft  %steal  %guest  %gnice   %idle
03:33:59 PM    0   74.00    0.00    0.00    0.00    0.00    0.00    0.00    0.00    0.00   26.00
03:33:59 PM    1   69.00    0.00    0.00    0.00    0.00    0.00    0.00    0.00    0.00   31.00

03:33:59 PM  CPU    %usr   %nice    %sys %iowait    %irq   %soft  %steal  %guest  %gnice   %idle
03:34:00 PM    0   76.77    0.00    0.00    1.01    0.00    0.00    0.00    0.00    0.00   22.22
03:34:00 PM    1   75.76    0.00    0.00    0.00    0.00    0.00    0.00    0.00    0.00   24.24

03:34:00 PM  CPU    %usr   %nice    %sys %iowait    %irq   %soft  %steal  %guest  %gnice   %idle
03:34:01 PM    0   79.00    0.00    0.00    0.00    0.00    0.00    0.00    0.00    0.00   21.00
03:34:01 PM    1   76.53    0.00    0.00    0.00    0.00    0.00    0.00    0.00    0.00   23.47

03:34:01 PM  CPU    %usr   %nice    %sys %iowait    %irq   %soft  %steal  %guest  %gnice   %idle
03:34:02 PM    0   70.71    0.00    0.00    0.00    0.00    0.00    0.00    0.00    0.00   29.29
03:34:02 PM    1   66.00    0.00    0.00    0.00    0.00    0.00    0.00    0.00    0.00   34.00

03:34:02 PM  CPU    %usr   %nice    %sys %iowait    %irq   %soft  %steal  %guest  %gnice   %idle
03:34:03 PM    0   82.00    0.00    0.00    0.00    0.00    0.00    0.00    0.00    0.00   18.00
03:34:03 PM    1   79.80    0.00    0.00    0.00    0.00    0.00    0.00    0.00    0.00   20.20

03:34:03 PM  CPU    %usr   %nice    %sys %iowait    %irq   %soft  %steal  %guest  %gnice   %idle
03:34:04 PM    0   72.73    0.00    0.00    0.00    0.00    0.00    0.00    0.00    0.00   27.27
03:34:04 PM    1   69.31    0.00    0.99    0.00    0.00    0.00    0.00    0.00    0.00   29.70

03:34:04 PM  CPU    %usr   %nice    %sys %iowait    %irq   %soft  %steal  %guest  %gnice   %idle
03:34:05 PM    0   80.81    0.00    0.00    1.01    0.00    0.00    0.00    0.00    0.00   18.18
03:34:05 PM    1   78.79    0.00    0.00    0.00    0.00    0.00    0.00    0.00    0.00   21.21

03:34:05 PM  CPU    %usr   %nice    %sys %iowait    %irq   %soft  %steal  %guest  %gnice   %idle
03:34:06 PM    0   73.00    0.00    0.00    0.00    0.00    0.00    0.00    0.00    0.00   27.00
03:34:06 PM    1   69.70    0.00    0.00    0.00    0.00    0.00    0.00    0.00    0.00   30.30

03:34:06 PM  CPU    %usr   %nice    %sys %iowait    %irq   %soft  %steal  %guest  %gnice   %idle
03:34:07 PM    0   73.00    0.00    0.00    0.00    0.00    0.00    0.00    0.00    0.00   27.00
03:34:07 PM    1   70.71    0.00    0.00    0.00    0.00    0.00    0.00    0.00    0.00   29.29

03:34:07 PM  CPU    %usr   %nice    %sys %iowait    %irq   %soft  %steal  %guest  %gnice   %idle
03:34:08 PM    0   84.00    0.00    0.00    0.00    0.00    0.00    0.00    0.00    0.00   16.00
03:34:08 PM    1   81.00    0.00    0.00    0.00    0.00    0.00    0.00    0.00    0.00   19.00

03:34:08 PM  CPU    %usr   %nice    %sys %iowait    %irq   %soft  %steal  %guest  %gnice   %idle
03:34:09 PM    0   76.77    0.00    0.00    0.00    0.00    0.00    0.00    0.00    0.00   23.23
03:34:09 PM    1   72.73    0.00    0.00    0.00    0.00    0.00    0.00    0.00    0.00   27.27

03:34:09 PM  CPU    %usr   %nice    %sys %iowait    %irq   %soft  %steal  %guest  %gnice   %idle
03:34:10 PM    0   76.24    0.00    0.00    0.99    0.00    0.00    0.00    0.00    0.00   22.77
03:34:10 PM    1   75.00    0.00    0.00    0.00    0.00    0.00    0.00    0.00    0.00   25.00

03:34:10 PM  CPU    %usr   %nice    %sys %iowait    %irq   %soft  %steal  %guest  %gnice   %idle
03:34:11 PM    0   75.51    0.00    0.00    0.00    0.00    0.00    0.00    0.00    0.00   24.49
03:34:11 PM    1   69.00    0.00    1.00    0.00    0.00    0.00    0.00    0.00    0.00   30.00

03:34:11 PM  CPU    %usr   %nice    %sys %iowait    %irq   %soft  %steal  %guest  %gnice   %idle
03:34:12 PM    0   76.00    0.00    0.00    2.00    0.00    0.00    0.00    0.00    0.00   22.00
03:34:12 PM    1   75.76    0.00    0.00    0.00    0.00    0.00    0.00    0.00    0.00   24.24

03:34:12 PM  CPU    %usr   %nice    %sys %iowait    %irq   %soft  %steal  %guest  %gnice   %idle
03:34:13 PM    0   77.78    0.00    0.00    2.02    0.00    0.00    0.00    0.00    0.00   20.20
03:34:13 PM    1   75.00    0.00    0.00    0.00    0.00    0.00    0.00    0.00    0.00   25.00

03:34:13 PM  CPU    %usr   %nice    %sys %iowait    %irq   %soft  %steal  %guest  %gnice   %idle
03:34:14 PM    0   78.00    0.00    0.00    0.00    0.00    0.00    0.00    0.00    0.00   22.00
03:34:14 PM    1   74.00    0.00    0.00    0.00    0.00    0.00    0.00    0.00    0.00   26.00

03:34:14 PM  CPU    %usr   %nice    %sys %iowait    %irq   %soft  %steal  %guest  %gnice   %idle
03:34:15 PM    0   77.00    0.00    0.00    1.00    0.00    0.00    0.00    0.00    0.00   22.00
03:34:15 PM    1   74.49    0.00    0.00    0.00    0.00    0.00    0.00    0.00    0.00   25.51

03:34:15 PM  CPU    %usr   %nice    %sys %iowait    %irq   %soft  %steal  %guest  %gnice   %idle
03:34:16 PM    0   73.74    0.00    0.00    0.00    0.00    0.00    0.00    0.00    0.00   26.26
03:34:16 PM    1   70.30    0.00    0.00    0.00    0.00    0.00    0.00    0.00    0.00   29.70

03:34:16 PM  CPU    %usr   %nice    %sys %iowait    %irq   %soft  %steal  %guest  %gnice   %idle
03:34:17 PM    0   81.00    0.00    0.00    1.00    0.00    0.00    0.00    0.00    0.00   18.00
03:34:17 PM    1   79.80    0.00    0.00    0.00    0.00    0.00    0.00    0.00    0.00   20.20

03:34:17 PM  CPU    %usr   %nice    %sys %iowait    %irq   %soft  %steal  %guest  %gnice   %idle
03:34:18 PM    0   70.71    0.00    0.00    0.00    0.00    0.00    0.00    0.00    0.00   29.29
03:34:18 PM    1   67.00    0.00    1.00    0.00    0.00    0.00    0.00    0.00    0.00   32.00

03:34:18 PM  CPU    %usr   %nice    %sys %iowait    %irq   %soft  %steal  %guest  %gnice   %idle
03:34:19 PM    0   77.78    0.00    0.00    0.00    0.00    0.00    0.00    0.00    0.00   22.22
03:34:19 PM    1   75.00    0.00    0.00    0.00    0.00    0.00    0.00    0.00    0.00   25.00

03:34:19 PM  CPU    %usr   %nice    %sys %iowait    %irq   %soft  %steal  %guest  %gnice   %idle
03:34:20 PM    0   82.00    0.00    0.00    2.00    0.00    0.00    0.00    0.00    0.00   16.00
03:34:20 PM    1   78.79    0.00    0.00    0.00    0.00    0.00    0.00    0.00    0.00   21.21

03:34:20 PM  CPU    %usr   %nice    %sys %iowait    %irq   %soft  %steal  %guest  %gnice   %idle
03:34:21 PM    0   80.81    0.00    0.00    0.00    0.00    0.00    0.00    0.00    0.00   19.19
03:34:21 PM    1   77.00    0.00    0.00    0.00    0.00    0.00    0.00    0.00    0.00   23.00

03:34:21 PM  CPU    %usr   %nice    %sys %iowait    %irq   %soft  %steal  %guest  %gnice   %idle
03:34:22 PM    0   73.00    0.00    0.00    1.00    0.00    0.00    0.00    0.00    0.00   26.00
03:34:22 PM    1   71.00    0.00    0.00    0.00    0.00    0.00    0.00    0.00    0.00   29.00

03:34:22 PM  CPU    %usr   %nice    %sys %iowait    %irq   %soft  %steal  %guest  %gnice   %idle
03:34:23 PM    0   73.74    0.00    0.00    0.00    0.00    0.00    0.00    0.00    0.00   26.26
03:34:23 PM    1   68.69    0.00    1.01    0.00    0.00    0.00    0.00    0.00    0.00   30.30

03:34:23 PM  CPU    %usr   %nice    %sys %iowait    %irq   %soft  %steal  %guest  %gnice   %idle
03:34:24 PM    0   79.00    0.00    0.00    0.00    0.00    0.00    0.00    0.00    0.00   21.00
03:34:24 PM    1   76.77    0.00    0.00    0.00    0.00    0.00    0.00    0.00    0.00   23.23

03:34:24 PM  CPU    %usr   %nice    %sys %iowait    %irq   %soft  %steal  %guest  %gnice   %idle
03:34:25 PM    0   77.00    0.00    0.00    1.00    0.00    0.00    0.00    0.00    0.00   22.00
03:34:25 PM    1   75.25    0.00    0.00    0.00    0.00    0.00    0.00    0.00    0.00   24.75

03:34:25 PM  CPU    %usr   %nice    %sys %iowait    %irq   %soft  %steal  %guest  %gnice   %idle
03:34:26 PM    0   78.79    0.00    0.00    0.00    0.00    0.00    0.00    0.00    0.00   21.21
03:34:26 PM    1   74.75    0.00    0.00    0.00    0.00    0.00    0.00    0.00    0.00   25.25

03:34:26 PM  CPU    %usr   %nice    %sys %iowait    %irq   %soft  %steal  %guest  %gnice   %idle
03:34:27 PM    0   76.53    0.00    0.00    0.00    0.00    0.00    0.00    0.00    0.00   23.47
03:34:27 PM    1   73.00    0.00    0.00    0.00    0.00    0.00    0.00    0.00    0.00   27.00

03:34:27 PM  CPU    %usr   %nice    %sys %iowait    %irq   %soft  %steal  %guest  %gnice   %idle
03:34:28 PM    0   72.55    0.00    0.98    0.98    0.00    0.00    0.00    0.00    0.00   25.49
03:34:28 PM    1   70.00    0.00    1.00    0.00    0.00    0.00    0.00    0.00    0.00   29.00

03:34:28 PM  CPU    %usr   %nice    %sys %iowait    %irq   %soft  %steal  %guest  %gnice   %idle
03:34:29 PM    0   80.81    0.00    0.00    1.01    0.00    0.00    0.00    0.00    0.00   18.18
03:34:29 PM    1   78.79    0.00    0.00    0.00    0.00    0.00    0.00    0.00    0.00   21.21

03:34:29 PM  CPU    %usr   %nice    %sys %iowait    %irq   %soft  %steal  %guest  %gnice   %idle
03:34:30 PM    0   69.00    0.00    0.00    1.00    0.00    0.00    0.00    0.00    0.00   30.00
03:34:30 PM    1   67.68    0.00    0.00    0.00    0.00    0.00    0.00    0.00    0.00   32.32

03:34:30 PM  CPU    %usr   %nice    %sys %iowait    %irq   %soft  %steal  %guest  %gnice   %idle
03:34:31 PM    0   79.59    0.00    0.00    0.00    0.00    0.00    0.00    0.00    0.00   20.41
03:34:31 PM    1   77.00    0.00    0.00    0.00    0.00    0.00    0.00    0.00    0.00   23.00

03:34:31 PM  CPU    %usr   %nice    %sys %iowait    %irq   %soft  %steal  %guest  %gnice   %idle
03:34:32 PM    0   80.00    0.00    0.00    0.00    0.00    0.00    0.00    0.00    0.00   20.00
03:34:32 PM    1   76.00    0.00    0.00    0.00    0.00    0.00    0.00    0.00    0.00   24.00

03:34:32 PM  CPU    %usr   %nice    %sys %iowait    %irq   %soft  %steal  %guest  %gnice   %idle
03:34:33 PM    0   79.21    0.00    0.00    0.00    0.00    0.00    0.00    0.00    0.00   20.79
03:34:33 PM    1   77.00    0.00    0.00    0.00    0.00    0.00    0.00    0.00    0.00   23.00

03:34:33 PM  CPU    %usr   %nice    %sys %iowait    %irq   %soft  %steal  %guest  %gnice   %idle
03:34:34 PM    0   71.72    0.00    0.00    0.00    0.00    0.00    0.00    0.00    0.00   28.28
03:34:34 PM    1   68.69    0.00    0.00    0.00    0.00    0.00    0.00    0.00    0.00   31.31

03:34:34 PM  CPU    %usr   %nice    %sys %iowait    %irq   %soft  %steal  %guest  %gnice   %idle
03:34:35 PM    0   77.78    0.00    0.00    1.01    0.00    0.00    0.00    0.00    0.00   21.21
03:34:35 PM    1   73.00    0.00    1.00    0.00    0.00    0.00    0.00    0.00    0.00   26.00

03:34:35 PM  CPU    %usr   %nice    %sys %iowait    %irq   %soft  %steal  %guest  %gnice   %idle
03:34:36 PM    0   81.63    0.00    0.00    0.00    0.00    0.00    0.00    0.00    0.00   18.37
03:34:36 PM    1   78.79    0.00    0.00    0.00    0.00    0.00    0.00    0.00    0.00   21.21

03:34:36 PM  CPU    %usr   %nice    %sys %iowait    %irq   %soft  %steal  %guest  %gnice   %idle
03:34:37 PM    0   73.74    0.00    0.00    0.00    0.00    0.00    0.00    0.00    0.00   26.26
03:34:37 PM    1   71.00    0.00    0.00    0.00    0.00    0.00    0.00    0.00    0.00   29.00

03:34:37 PM  CPU    %usr   %nice    %sys %iowait    %irq   %soft  %steal  %guest  %gnice   %idle
03:34:38 PM    0   75.76    0.00    0.00    0.00    0.00    0.00    0.00    0.00    0.00   24.24
03:34:38 PM    1   73.00    0.00    0.00    0.00    0.00    0.00    0.00    0.00    0.00   27.00

03:34:38 PM  CPU    %usr   %nice    %sys %iowait    %irq   %soft  %steal  %guest  %gnice   %idle
03:34:39 PM    0   75.00    0.00    0.00    0.00    0.00    0.00    0.00    0.00    0.00   25.00
03:34:39 PM    1   73.00    0.00    0.00    0.00    0.00    0.00    0.00    0.00    0.00   27.00

03:34:39 PM  CPU    %usr   %nice    %sys %iowait    %irq   %soft  %steal  %guest  %gnice   %idle
03:34:40 PM    0   76.24    0.00    0.00    0.99    0.00    0.00    0.00    0.00    0.00   22.77
03:34:40 PM    1   74.00    0.00    0.00    0.00    0.00    0.00    0.00    0.00    0.00   26.00

03:34:40 PM  CPU    %usr   %nice    %sys %iowait    %irq   %soft  %steal  %guest  %gnice   %idle
03:34:41 PM    0   78.79    0.00    0.00    0.00    0.00    0.00    0.00    0.00    0.00   21.21
03:34:41 PM    1   76.53    0.00    0.00    0.00    0.00    0.00    0.00    0.00    0.00   23.47

03:34:41 PM  CPU    %usr   %nice    %sys %iowait    %irq   %soft  %steal  %guest  %gnice   %idle
03:34:42 PM    0   75.76    0.00    0.00    1.01    0.00    0.00    0.00    0.00    0.00   23.23
03:34:42 PM    1   73.27    0.00    0.00    0.00    0.00    0.00    0.00    0.00    0.00   26.73

03:34:42 PM  CPU    %usr   %nice    %sys %iowait    %irq   %soft  %steal  %guest  %gnice   %idle
03:34:43 PM    0   74.00    0.00    0.00    0.00    0.00    0.00    0.00    0.00    0.00   26.00
03:34:43 PM    1   72.00    0.00    0.00    0.00    0.00    0.00    0.00    0.00    0.00   28.00

03:34:43 PM  CPU    %usr   %nice    %sys %iowait    %irq   %soft  %steal  %guest  %gnice   %idle
03:34:44 PM    0   79.80    0.00    0.00    0.00    0.00    0.00    0.00    0.00    0.00   20.20
03:34:44 PM    1   75.76    0.00    0.00    0.00    0.00    0.00    0.00    0.00    0.00   24.24

03:34:44 PM  CPU    %usr   %nice    %sys %iowait    %irq   %soft  %steal  %guest  %gnice   %idle
03:34:45 PM    0   81.82    0.00    0.00    0.00    0.00    0.00    0.00    0.00    0.00   18.18
03:34:45 PM    1   77.78    0.00    1.01    0.00    0.00    0.00    0.00    0.00    0.00   21.21

03:34:45 PM  CPU    %usr   %nice    %sys %iowait    %irq   %soft  %steal  %guest  %gnice   %idle
03:34:46 PM    0   71.00    0.00    0.00    0.00    0.00    0.00    0.00    0.00    0.00   29.00
03:34:46 PM    1   68.32    0.00    0.00    0.00    0.00    0.00    0.00    0.00    0.00   31.68

03:34:46 PM  CPU    %usr   %nice    %sys %iowait    %irq   %soft  %steal  %guest  %gnice   %idle
03:34:47 PM    0   74.00    0.00    1.00    0.00    0.00    0.00    0.00    0.00    0.00   25.00
03:34:47 PM    1   73.74    0.00    0.00    0.00    0.00    0.00    0.00    0.00    0.00   26.26

03:34:47 PM  CPU    %usr   %nice    %sys %iowait    %irq   %soft  %steal  %guest  %gnice   %idle
03:34:48 PM    0   80.81    0.00    0.00    1.01    0.00    0.00    0.00    0.00    0.00   18.18
03:34:48 PM    1   77.78    0.00    0.00    0.00    0.00    0.00    0.00    0.00    0.00   22.22

03:34:48 PM  CPU    %usr   %nice    %sys %iowait    %irq   %soft  %steal  %guest  %gnice   %idle
03:34:49 PM    0   76.77    0.00    0.00    0.00    0.00    0.00    0.00    0.00    0.00   23.23
03:34:49 PM    1   71.00    0.00    1.00    0.00    0.00    0.00    0.00    0.00    0.00   28.00

03:34:49 PM  CPU    %usr   %nice    %sys %iowait    %irq   %soft  %steal  %guest  %gnice   %idle
03:34:50 PM    0   76.00    0.00    0.00    0.00    0.00    0.00    0.00    0.00    0.00   24.00
03:34:50 PM    1   73.00    0.00    0.00    0.00    0.00    0.00    0.00    0.00    0.00   27.00

03:34:50 PM  CPU    %usr   %nice    %sys %iowait    %irq   %soft  %steal  %guest  %gnice   %idle
03:34:51 PM    0   74.75    0.00    0.00    0.00    0.00    0.00    0.00    0.00    0.00   25.25
03:34:51 PM    1   72.73    0.00    0.00    0.00    0.00    0.00    0.00    0.00    0.00   27.27

03:34:51 PM  CPU    %usr   %nice    %sys %iowait    %irq   %soft  %steal  %guest  %gnice   %idle
03:34:52 PM    0   78.00    0.00    0.00    2.00    0.00    0.00    0.00    0.00    0.00   20.00
03:34:52 PM    1   76.00    0.00    0.00    0.00    0.00    0.00    0.00    0.00    0.00   24.00

03:34:52 PM  CPU    %usr   %nice    %sys %iowait    %irq   %soft  %steal  %guest  %gnice   %idle
03:34:53 PM    0   78.79    0.00    0.00    0.00    0.00    0.00    0.00    0.00    0.00   21.21
03:34:53 PM    1   75.00    0.00    0.00    0.00    0.00    0.00    0.00    0.00    0.00   25.00

03:34:53 PM  CPU    %usr   %nice    %sys %iowait    %irq   %soft  %steal  %guest  %gnice   %idle
03:34:54 PM    0   76.77    0.00    0.00    1.01    0.00    0.00    0.00    0.00    0.00   22.22
03:34:54 PM    1   73.74    0.00    1.01    0.00    0.00    0.00    0.00    0.00    0.00   25.25

03:34:54 PM  CPU    %usr   %nice    %sys %iowait    %irq   %soft  %steal  %guest  %gnice   %idle
03:34:55 PM    0   73.00    0.00    0.00    0.00    0.00    0.00    0.00    0.00    0.00   27.00
03:34:55 PM    1   69.70    0.00    0.00    0.00    0.00    0.00    0.00    0.00    0.00   30.30

03:34:55 PM  CPU    %usr   %nice    %sys %iowait    %irq   %soft  %steal  %guest  %gnice   %idle
03:34:56 PM    0   80.00    0.00    0.00    0.00    0.00    0.00    0.00    0.00    0.00   20.00
03:34:56 PM    1   76.24    0.00    0.99    0.00    0.00    0.00    0.00    0.00    0.00   22.77

03:34:56 PM  CPU    %usr   %nice    %sys %iowait    %irq   %soft  %steal  %guest  %gnice   %idle
03:34:57 PM    0   82.00    0.00    0.00    0.00    0.00    0.00    0.00    0.00    0.00   18.00
03:34:57 PM    1   78.57    0.00    0.00    0.00    0.00    0.00    0.00    0.00    0.00   21.43

03:34:57 PM  CPU    %usr   %nice    %sys %iowait    %irq   %soft  %steal  %guest  %gnice   %idle
03:34:58 PM    0   70.71    0.00    0.00    0.00    0.00    0.00    0.00    0.00    0.00   29.29
03:34:58 PM    1   67.00    0.00    1.00    0.00    0.00    0.00    0.00    0.00    0.00   32.00

03:34:58 PM  CPU    %usr   %nice    %sys %iowait    %irq   %soft  %steal  %guest  %gnice   %idle
03:34:59 PM    0   78.00    0.00    0.00    0.00    0.00    0.00    0.00    0.00    0.00   22.00
03:34:59 PM    1   75.00    0.00    0.00    0.00    0.00    0.00    0.00    0.00    0.00   25.00

03:34:59 PM  CPU    %usr   %nice    %sys %iowait    %irq   %soft  %steal  %guest  %gnice   %idle
03:35:00 PM    0   77.78    0.00    0.00    0.00    0.00    0.00    0.00    0.00    0.00   22.22
03:35:00 PM    1   76.00    0.00    0.00    0.00    0.00    0.00    0.00    0.00    0.00   24.00

03:35:00 PM  CPU    %usr   %nice    %sys %iowait    %irq   %soft  %steal  %guest  %gnice   %idle
03:35:01 PM    0   77.00    0.00    1.00    0.00    0.00    0.00    0.00    0.00    0.00   22.00
03:35:01 PM    1   74.00    0.00    1.00    0.00    0.00    0.00    0.00    0.00    0.00   25.00

Average:     CPU    %usr   %nice    %sys %iowait    %irq   %soft  %steal  %guest  %gnice   %idle
Average:       0   76.70    0.00    0.06    0.40    0.00    0.00    0.00    0.00    0.00   22.85
Average:       1   73.87    0.00    0.19    0.00    0.00    0.00    0.00    0.00    0.00   25.94
