Linux 5.15.0-121-generic (NEU) 	09/16/2024 	_x86_64_	(16 CPU)

03:43:53 PM   UID       PID   cswch/s nvcswch/s  Command
03:43:54 PM  1000      6765     68.00     52.00  two_node_pipeli
03:43:55 PM  1000      6765     75.00     41.00  two_node_pipeli
03:43:56 PM  1000      6765     68.00     81.00  two_node_pipeli
03:43:57 PM  1000      6765     67.00     46.00  two_node_pipeli
03:43:58 PM  1000      6765     76.00     50.00  two_node_pipeli
03:43:59 PM  1000      6765     75.00     62.00  two_node_pipeli
03:44:00 PM  1000      6765     67.00     67.00  two_node_pipeli
03:44:01 PM  1000      6765     67.00     58.00  two_node_pipeli
03:44:02 PM  1000      6765     72.00     69.00  two_node_pipeli
03:44:03 PM  1000      6765     68.00     58.00  two_node_pipeli
03:44:04 PM  1000      6765     79.00     47.00  two_node_pipeli
03:44:05 PM  1000      6765     75.00     55.00  two_node_pipeli
03:44:06 PM  1000      6765     69.00     49.00  two_node_pipeli
03:44:07 PM  1000      6765     74.00     52.00  two_node_pipeli
03:44:08 PM  1000      6765     78.00     57.00  two_node_pipeli
03:44:09 PM  1000      6765     77.00     48.00  two_node_pipeli
03:44:10 PM  1000      6765     67.00     72.00  two_node_pipeli
03:44:11 PM  1000      6765     76.00     57.00  two_node_pipeli
03:44:12 PM  1000      6765     71.00     60.00  two_node_pipeli
03:44:13 PM  1000      6765     71.00     55.00  two_node_pipeli
03:44:14 PM  1000      6765     78.00     53.00  two_node_pipeli
03:44:15 PM  1000      6765     69.00     55.00  two_node_pipeli
03:44:16 PM  1000      6765     75.00     51.00  two_node_pipeli
03:44:17 PM  1000      6765     81.00     65.00  two_node_pipeli
03:44:18 PM  1000      6765     73.00     53.00  two_node_pipeli
03:44:19 PM  1000      6765     73.00     34.00  two_node_pipeli
03:44:20 PM  1000      6765     81.00     57.00  two_node_pipeli
03:44:21 PM  1000      6765     72.00     73.00  two_node_pipeli
03:44:22 PM  1000      6765     73.00     54.00  two_node_pipeli
03:44:23 PM  1000      6765     74.00     60.00  two_node_pipeli
03:44:24 PM  1000      6765     76.00     70.00  two_node_pipeli
03:44:25 PM  1000      6765     77.00     55.00  two_node_pipeli
03:44:26 PM  1000      6765     76.00     45.00  two_node_pipeli
03:44:27 PM  1000      6765     77.00     57.00  two_node_pipeli
03:44:28 PM  1000      6765     75.00     70.00  two_node_pipeli
03:44:29 PM  1000      6765     76.00     53.00  two_node_pipeli
03:44:30 PM  1000      6765     71.00     57.00  two_node_pipeli
03:44:31 PM  1000      6765     69.00     59.00  two_node_pipeli
03:44:32 PM  1000      6765     70.00     56.00  two_node_pipeli
03:44:33 PM  1000      6765     77.00     44.00  two_node_pipeli
03:44:34 PM  1000      6765     69.00     60.00  two_node_pipeli
03:44:35 PM  1000      6765     85.00     55.00  two_node_pipeli
03:44:36 PM  1000      6765     68.00     61.00  two_node_pipeli
03:44:37 PM  1000      6765     74.00     46.00  two_node_pipeli
03:44:38 PM  1000      6765     82.00     67.00  two_node_pipeli
03:44:39 PM  1000      6765     75.00     63.00  two_node_pipeli
03:44:40 PM  1000      6765     71.00     61.00  two_node_pipeli
03:44:41 PM  1000      6765     77.00     59.00  two_node_pipeli
03:44:42 PM  1000      6765     68.00     56.00  two_node_pipeli
03:44:43 PM  1000      6765     72.00     45.00  two_node_pipeli
03:44:44 PM  1000      6765     76.00     59.00  two_node_pipeli
03:44:45 PM  1000      6765     70.00     48.00  two_node_pipeli
03:44:46 PM  1000      6765     71.00     59.00  two_node_pipeli
03:44:47 PM  1000      6765     76.00     62.00  two_node_pipeli
03:44:48 PM  1000      6765     72.00     70.00  two_node_pipeli
03:44:49 PM  1000      6765     71.00     57.00  two_node_pipeli
03:44:50 PM  1000      6765     79.00     50.00  two_node_pipeli
03:44:51 PM  1000      6765     75.00     68.00  two_node_pipeli
03:44:52 PM  1000      6765     74.00     53.00  two_node_pipeli
03:44:53 PM  1000      6765     79.00     55.00  two_node_pipeli
03:44:54 PM  1000      6765     70.00     60.00  two_node_pipeli
03:44:55 PM  1000      6765     69.00     56.00  two_node_pipeli
03:44:56 PM  1000      6765     76.24     55.45  two_node_pipeli
03:44:57 PM  1000      6765     73.00     56.00  two_node_pipeli
03:44:58 PM  1000      6765     74.00     41.00  two_node_pipeli
03:44:59 PM  1000      6765     77.00     66.00  two_node_pipeli
03:45:00 PM  1000      6765     79.00     73.00  two_node_pipeli
03:45:01 PM  1000      6765     68.00     59.00  two_node_pipeli
03:45:02 PM  1000      6765     80.00     59.00  two_node_pipeli
03:45:03 PM  1000      6765     75.00     52.00  two_node_pipeli
03:45:04 PM  1000      6765     73.00     71.00  two_node_pipeli
03:45:05 PM  1000      6765     74.00     61.00  two_node_pipeli
03:45:06 PM  1000      6765     71.00     64.00  two_node_pipeli
03:45:07 PM  1000      6765     72.00     69.00  two_node_pipeli
03:45:08 PM  1000      6765     81.00     50.00  two_node_pipeli
03:45:09 PM  1000      6765     68.00     55.00  two_node_pipeli
03:45:10 PM  1000      6765     73.00     58.00  two_node_pipeli
03:45:11 PM  1000      6765     74.00     62.00  two_node_pipeli
03:45:12 PM  1000      6765     80.00     50.00  two_node_pipeli
03:45:13 PM  1000      6765     75.00     48.00  two_node_pipeli
03:45:14 PM  1000      6765     83.00     53.00  two_node_pipeli
03:45:15 PM  1000      6765     76.00     52.00  two_node_pipeli
03:45:16 PM  1000      6765     76.00     44.00  two_node_pipeli
03:45:17 PM  1000      6765     78.00     43.00  two_node_pipeli
03:45:18 PM  1000      6765     75.00     59.00  two_node_pipeli
03:45:19 PM  1000      6765     74.00     58.00  two_node_pipeli
03:45:20 PM  1000      6765     77.00     50.00  two_node_pipeli
03:45:21 PM  1000      6765     73.00     60.00  two_node_pipeli
03:45:22 PM  1000      6765     72.00     53.00  two_node_pipeli
03:45:23 PM  1000      6765     73.00     61.00  two_node_pipeli
03:45:24 PM  1000      6765     70.00     52.00  two_node_pipeli
03:45:25 PM  1000      6765     72.00     51.00  two_node_pipeli
03:45:26 PM  1000      6765     76.00     65.00  two_node_pipeli
03:45:27 PM  1000      6765     82.00     46.00  two_node_pipeli
03:45:28 PM  1000      6765     75.00     51.00  two_node_pipeli
03:45:29 PM  1000      6765     80.00     41.00  two_node_pipeli
03:45:30 PM  1000      6765     69.00     52.00  two_node_pipeli
03:45:31 PM  1000      6765     71.00     52.00  two_node_pipeli
03:45:32 PM  1000      6765     76.00     60.00  two_node_pipeli
03:45:33 PM  1000      6765     70.00     62.00  two_node_pipeli
03:45:34 PM  1000      6765     69.00     52.00  two_node_pipeli
03:45:35 PM  1000      6765     76.00     56.00  two_node_pipeli
03:45:36 PM  1000      6765     72.00     44.00  two_node_pipeli
03:45:37 PM  1000      6765     72.00     51.00  two_node_pipeli
03:45:38 PM  1000      6765     76.00     48.00  two_node_pipeli
03:45:39 PM  1000      6765     72.00     64.00  two_node_pipeli
03:45:40 PM  1000      6765     67.00     56.00  two_node_pipeli
03:45:41 PM  1000      6765     78.00     57.00  two_node_pipeli
03:45:42 PM  1000      6765     75.00     66.00  two_node_pipeli
03:45:43 PM  1000      6765     76.00     48.00  two_node_pipeli
03:45:44 PM  1000      6765     72.00     60.00  two_node_pipeli
03:45:45 PM  1000      6765     74.00     57.00  two_node_pipeli
03:45:46 PM  1000      6765     72.00     51.00  two_node_pipeli
03:45:47 PM  1000      6765     73.00     50.00  two_node_pipeli
03:45:48 PM  1000      6765     72.00     61.00  two_node_pipeli
03:45:49 PM  1000      6765     70.00     47.00  two_node_pipeli
03:45:50 PM  1000      6765     77.00     49.00  two_node_pipeli
03:45:51 PM  1000      6765     75.00     63.00  two_node_pipeli
03:45:52 PM  1000      6765     71.00     68.00  two_node_pipeli
03:45:53 PM  1000      6765     76.00     64.00  two_node_pipeli
03:45:54 PM  1000      6765     74.00     55.00  two_node_pipeli
03:45:55 PM  1000      6765     71.00     55.00  two_node_pipeli
03:45:56 PM  1000      6765     75.00     47.00  two_node_pipeli
03:45:57 PM  1000      6765     71.00     62.00  two_node_pipeli
03:45:58 PM  1000      6765     70.00     55.00  two_node_pipeli
03:45:59 PM  1000      6765     72.00     66.00  two_node_pipeli
03:46:00 PM  1000      6765     64.00     60.00  two_node_pipeli
03:46:01 PM  1000      6765     71.00     55.00  two_node_pipeli
03:46:02 PM  1000      6765     79.00     66.00  two_node_pipeli
03:46:03 PM  1000      6765     70.00     58.00  two_node_pipeli
03:46:04 PM  1000      6765     68.00     58.00  two_node_pipeli
03:46:05 PM  1000      6765     83.00     52.00  two_node_pipeli
03:46:06 PM  1000      6765     70.00     48.00  two_node_pipeli
03:46:07 PM  1000      6765     72.00     54.00  two_node_pipeli
03:46:08 PM  1000      6765     73.00     51.00  two_node_pipeli
03:46:09 PM  1000      6765     79.00     58.00  two_node_pipeli
03:46:10 PM  1000      6765     75.00     43.00  two_node_pipeli
03:46:11 PM  1000      6765     78.00     50.00  two_node_pipeli
03:46:12 PM  1000      6765     71.00     66.00  two_node_pipeli
03:46:13 PM  1000      6765     71.00     51.00  two_node_pipeli
03:46:14 PM  1000      6765     75.00     53.00  two_node_pipeli
03:46:15 PM  1000      6765     72.00     50.00  two_node_pipeli
03:46:16 PM  1000      6765     69.00     54.00  two_node_pipeli
03:46:17 PM  1000      6765     75.00     52.00  two_node_pipeli
03:46:18 PM  1000      6765     74.00     40.00  two_node_pipeli
03:46:19 PM  1000      6765     73.00     49.00  two_node_pipeli
03:46:20 PM  1000      6765     79.00     49.00  two_node_pipeli
03:46:21 PM  1000      6765     73.00     41.00  two_node_pipeli
03:46:22 PM  1000      6765     72.00     48.00  two_node_pipeli
03:46:23 PM  1000      6765     76.00     59.00  two_node_pipeli
03:46:24 PM  1000      6765     72.00     64.00  two_node_pipeli
03:46:25 PM  1000      6765     70.00     49.00  two_node_pipeli
03:46:26 PM  1000      6765     73.27     65.35  two_node_pipeli
03:46:27 PM  1000      6765     77.00     53.00  two_node_pipeli
03:46:28 PM  1000      6765     70.00     46.00  two_node_pipeli
03:46:29 PM  1000      6765     80.00     51.00  two_node_pipeli
03:46:30 PM  1000      6765     72.00     57.00  two_node_pipeli
03:46:31 PM  1000      6765     73.00     42.00  two_node_pipeli
03:46:32 PM  1000      6765     77.00     53.00  two_node_pipeli
03:46:33 PM  1000      6765     65.00     69.00  two_node_pipeli
03:46:34 PM  1000      6765     68.00     40.00  two_node_pipeli
03:46:35 PM  1000      6765     77.00     55.00  two_node_pipeli
03:46:36 PM  1000      6765     68.00     60.00  two_node_pipeli
03:46:37 PM  1000      6765     76.00     72.00  two_node_pipeli
03:46:38 PM  1000      6765     80.00     58.00  two_node_pipeli
03:46:39 PM  1000      6765     73.00     58.00  two_node_pipeli
03:46:40 PM  1000      6765     70.00     56.00  two_node_pipeli
03:46:41 PM  1000      6765     75.00     62.00  two_node_pipeli
03:46:42 PM  1000      6765     72.00     62.00  two_node_pipeli
03:46:43 PM  1000      6765     73.00     44.00  two_node_pipeli
03:46:44 PM  1000      6765     76.00     49.00  two_node_pipeli
03:46:45 PM  1000      6765     67.00     69.00  two_node_pipeli
03:46:46 PM  1000      6765     69.00     61.00  two_node_pipeli
03:46:47 PM  1000      6765     73.00     58.00  two_node_pipeli
03:46:48 PM  1000      6765     67.00     75.00  two_node_pipeli
03:46:49 PM  1000      6765     71.00     57.00  two_node_pipeli
03:46:50 PM  1000      6765     75.00     52.00  two_node_pipeli
03:46:51 PM  1000      6765     78.00     52.00  two_node_pipeli
03:46:52 PM  1000      6765     71.00     45.00  two_node_pipeli
03:46:53 PM  1000      6765     76.00     51.00  two_node_pipeli
Average:     1000      6765     73.56     55.80  two_node_pipeli
