Linux 5.15.0-121-generic (NEU) 	09/16/2024 	_x86_64_	(16 CPU)

03:48:00 PM   UID       PID    %usr %system  %guest   %wait    %CPU   CPU  Command
03:48:01 PM  1000      6908  199.00    0.00    0.00    1.00  199.00     7  two_node_pipeli
03:48:02 PM  1000      6908  200.00    0.00    0.00    0.00  200.00     7  two_node_pipeli
03:48:03 PM  1000      6908  200.00    0.00    0.00    0.00  200.00     7  two_node_pipeli
03:48:04 PM  1000      6908  199.00    0.00    0.00    0.00  199.00     7  two_node_pipeli
03:48:05 PM  1000      6908  196.00    1.00    0.00    2.00  197.00     7  two_node_pipeli
03:48:06 PM  1000      6908  189.00    4.00    0.00    5.00  193.00     7  two_node_pipeli
03:48:07 PM  1000      6908  189.00    0.00    0.00    9.00  189.00     5  two_node_pipeli
03:48:08 PM  1000      6908  197.00    1.00    0.00    0.00  198.00     6  two_node_pipeli
03:48:09 PM  1000      6908  197.00    2.00    0.00    1.00  199.00     5  two_node_pipeli
03:48:10 PM  1000      6908  195.00    0.00    0.00    6.00  195.00     7  two_node_pipeli
03:48:11 PM  1000      6908  199.00    1.00    0.00   17.00  200.00     7  two_node_pipeli
03:48:12 PM  1000      6908  194.00    4.00    0.00    7.00  198.00     6  two_node_pipeli
03:48:13 PM  1000      6908  200.00    0.00    0.00    0.00  200.00     6  two_node_pipeli
03:48:14 PM  1000      6908  201.00    0.00    0.00    0.00  201.00     6  two_node_pipeli
03:48:15 PM  1000      6908  198.02    0.00    0.00    0.00  198.02     6  two_node_pipeli
03:48:16 PM  1000      6908  199.00    0.00    0.00    0.00  199.00     6  two_node_pipeli
03:48:17 PM  1000      6908  201.00    0.00    0.00    0.00  201.00     6  two_node_pipeli
03:48:18 PM  1000      6908  200.00    1.00    0.00    0.00  201.00     6  two_node_pipeli
03:48:19 PM  1000      6908  200.00    0.00    0.00    0.00  200.00     6  two_node_pipeli
03:48:20 PM  1000      6908  200.00    0.00    0.00    0.00  200.00     6  two_node_pipeli
03:48:21 PM  1000      6908  200.00    0.00    0.00    0.00  200.00     6  two_node_pipeli
03:48:22 PM  1000      6908  200.00    1.00    0.00    0.00  201.00     6  two_node_pipeli
03:48:23 PM  1000      6908  201.00    0.00    0.00    0.00  201.00     6  two_node_pipeli
03:48:24 PM  1000      6908  200.00    0.00    0.00    0.00  200.00     6  two_node_pipeli
03:48:25 PM  1000      6908  200.00    0.00    0.00    0.00  200.00     6  two_node_pipeli
03:48:26 PM  1000      6908  200.00    0.00    0.00    1.00  200.00     6  two_node_pipeli
03:48:27 PM  1000      6908  200.00    0.00    0.00    0.00  200.00     6  two_node_pipeli
03:48:28 PM  1000      6908  200.00    0.00    0.00    0.00  200.00     6  two_node_pipeli
03:48:29 PM  1000      6908  201.00    0.00    0.00    0.00  201.00     6  two_node_pipeli
03:48:30 PM  1000      6908  199.00    1.00    0.00    0.00  200.00     6  two_node_pipeli
03:48:31 PM  1000      6908  201.00    0.00    0.00    0.00  201.00     6  two_node_pipeli
03:48:32 PM  1000      6908  199.00    1.00    0.00    0.00  200.00     6  two_node_pipeli
03:48:33 PM  1000      6908  201.00    0.00    0.00    0.00  201.00     6  two_node_pipeli
03:48:34 PM  1000      6908  200.00    0.00    0.00    0.00  200.00     6  two_node_pipeli
03:48:35 PM  1000      6908  200.00    1.00    0.00    0.00  201.00     6  two_node_pipeli
03:48:36 PM  1000      6908  199.00    1.00    0.00    0.00  200.00     6  two_node_pipeli
03:48:37 PM  1000      6908  200.00    0.00    0.00    0.00  200.00     6  two_node_pipeli
03:48:38 PM  1000      6908  200.00    0.00    0.00    0.00  200.00     6  two_node_pipeli
03:48:39 PM  1000      6908  201.00    0.00    0.00    0.00  201.00     6  two_node_pipeli
03:48:40 PM  1000      6908  184.00    0.00    0.00    9.00  184.00     7  two_node_pipeli
03:48:41 PM  1000      6908  199.00    0.00    0.00    0.00  199.00     7  two_node_pipeli
03:48:42 PM  1000      6908  201.00    0.00    0.00    0.00  201.00     7  two_node_pipeli
03:48:43 PM  1000      6908  200.00    0.00    0.00    0.00  200.00     7  two_node_pipeli
03:48:44 PM  1000      6908  200.00    1.00    0.00    0.00  201.00     7  two_node_pipeli
03:48:45 PM  1000      6908  199.00    0.00    0.00    0.00  199.00     7  two_node_pipeli
03:48:46 PM  1000      6908  199.00    1.00    0.00    0.00  200.00     7  two_node_pipeli
03:48:47 PM  1000      6908  200.00    0.00    0.00    0.00  200.00     7  two_node_pipeli
03:48:48 PM  1000      6908  200.00    0.00    0.00    0.00  200.00     7  two_node_pipeli
03:48:49 PM  1000      6908  201.00    0.00    0.00    0.00  201.00     7  two_node_pipeli
03:48:50 PM  1000      6908  200.00    0.00    0.00    0.00  200.00     7  two_node_pipeli
03:48:51 PM  1000      6908  200.00    0.00    0.00    0.00  200.00     6  two_node_pipeli
03:48:52 PM  1000      6908  200.00    0.00    0.00    0.00  200.00     6  two_node_pipeli
03:48:53 PM  1000      6908  200.00    1.00    0.00    0.00  201.00     6  two_node_pipeli
03:48:54 PM  1000      6908  200.00    0.00    0.00    1.00  200.00     6  two_node_pipeli
03:48:55 PM  1000      6908  201.00    0.00    0.00    0.00  201.00     6  two_node_pipeli
03:48:56 PM  1000      6908  199.00    0.00    0.00    0.00  199.00     6  two_node_pipeli
03:48:57 PM  1000      6908  199.00    0.00    0.00    0.00  199.00     6  two_node_pipeli
03:48:58 PM  1000      6908  200.00    0.00    0.00    0.00  200.00     6  two_node_pipeli
03:48:59 PM  1000      6908  200.00    1.00    0.00    0.00  201.00     6  two_node_pipeli
03:49:00 PM  1000      6908  200.00    0.00    0.00    0.00  200.00     6  two_node_pipeli
03:49:01 PM  1000      6908  201.00    0.00    0.00    1.00  201.00     6  two_node_pipeli
03:49:02 PM  1000      6908  200.00    0.00    0.00    0.00  200.00     6  two_node_pipeli
03:49:03 PM  1000      6908  200.00    0.00    0.00    0.00  200.00     7  two_node_pipeli
03:49:04 PM  1000      6908  200.00    0.00    0.00    0.00  200.00     7  two_node_pipeli
03:49:05 PM  1000      6908  200.00    1.00    0.00    0.00  201.00     7  two_node_pipeli
03:49:06 PM  1000      6908  200.00    0.00    0.00    0.00  200.00     7  two_node_pipeli
03:49:07 PM  1000      6908  200.00    0.00    0.00    0.00  200.00     7  two_node_pipeli
03:49:08 PM  1000      6908  201.00    0.00    0.00    0.00  201.00     7  two_node_pipeli
03:49:09 PM  1000      6908  200.00    1.00    0.00    0.00  201.00     7  two_node_pipeli
03:49:10 PM  1000      6908  199.00    0.00    0.00    0.00  199.00     7  two_node_pipeli
03:49:11 PM  1000      6908  200.00    0.00    0.00    0.00  200.00     7  two_node_pipeli
03:49:12 PM  1000      6908  201.00    0.00    0.00    0.00  201.00     7  two_node_pipeli
03:49:13 PM  1000      6908  200.00    0.00    0.00    0.00  200.00     7  two_node_pipeli
03:49:14 PM  1000      6908  201.00    0.00    0.00    0.00  201.00     7  two_node_pipeli
03:49:15 PM  1000      6908  200.00    0.00    0.00    0.00  200.00     7  two_node_pipeli
03:49:16 PM  1000      6908  200.00    1.00    0.00    0.00  201.00     7  two_node_pipeli
03:49:17 PM  1000      6908  200.00    1.00    0.00    0.00  201.00     7  two_node_pipeli
03:49:18 PM  1000      6908  200.00    0.00    0.00    0.00  200.00     7  two_node_pipeli
03:49:19 PM  1000      6908  200.00    0.00    0.00    0.00  200.00     7  two_node_pipeli
03:49:20 PM  1000      6908  186.00    0.00    0.00    2.00  186.00     6  two_node_pipeli
03:49:21 PM  1000      6908  200.00    0.00    0.00    1.00  200.00     6  two_node_pipeli
03:49:22 PM  1000      6908  199.00    0.00    0.00    1.00  199.00     6  two_node_pipeli
03:49:23 PM  1000      6908  200.00    0.00    0.00    0.00  200.00     7  two_node_pipeli
03:49:24 PM  1000      6908  200.00    0.00    0.00    0.00  200.00     7  two_node_pipeli
03:49:25 PM  1000      6908  201.00    0.00    0.00    1.00  201.00     7  two_node_pipeli
03:49:26 PM  1000      6908  200.00    0.00    0.00    0.00  200.00     7  two_node_pipeli
03:49:27 PM  1000      6908  201.00    0.00    0.00    0.00  201.00     7  two_node_pipeli
03:49:28 PM  1000      6908  199.00    1.00    0.00    0.00  200.00     6  two_node_pipeli
03:49:29 PM  1000      6908  200.00    1.00    0.00    0.00  201.00     6  two_node_pipeli
03:49:30 PM  1000      6908  200.00    0.00    0.00    0.00  200.00     6  two_node_pipeli
03:49:31 PM  1000      6908  200.00    0.00    0.00    0.00  200.00     6  two_node_pipeli
03:49:32 PM  1000      6908  200.00    0.00    0.00    0.00  200.00     6  two_node_pipeli
03:49:33 PM  1000      6908  201.00    0.00    0.00    0.00  201.00     6  two_node_pipeli
03:49:34 PM  1000      6908  200.00    0.00    0.00    0.00  200.00     6  two_node_pipeli
03:49:35 PM  1000      6908  201.00    0.00    0.00    0.00  201.00     6  two_node_pipeli
03:49:36 PM  1000      6908  200.00    0.00    0.00    0.00  200.00     6  two_node_pipeli
03:49:37 PM  1000      6908  200.00    0.00    0.00    0.00  200.00     6  two_node_pipeli
03:49:38 PM  1000      6908  200.00    1.00    0.00    0.00  201.00     6  two_node_pipeli
03:49:39 PM  1000      6908  200.00    0.00    0.00    0.00  200.00     6  two_node_pipeli
03:49:40 PM  1000      6908  200.00    1.00    0.00    0.00  201.00     6  two_node_pipeli
03:49:41 PM  1000      6908  200.00    0.00    0.00    0.00  200.00     6  two_node_pipeli
03:49:42 PM  1000      6908  200.00    0.00    0.00    0.00  200.00     6  two_node_pipeli
03:49:43 PM  1000      6908  200.00    0.00    0.00    0.00  200.00     6  two_node_pipeli
03:49:44 PM  1000      6908  201.00    0.00    0.00    0.00  201.00     6  two_node_pipeli
03:49:45 PM  1000      6908  200.00    1.00    0.00    0.00  201.00     6  two_node_pipeli
03:49:46 PM  1000      6908  200.00    0.00    0.00    0.00  200.00     6  two_node_pipeli
03:49:47 PM  1000      6908  200.00    0.00    0.00    0.00  200.00     6  two_node_pipeli
03:49:48 PM  1000      6908  200.00    0.00    0.00    0.00  200.00     6  two_node_pipeli
03:49:49 PM  1000      6908  201.00    0.00    0.00    0.00  201.00     6  two_node_pipeli
03:49:50 PM  1000      6908  200.00    0.00    0.00    0.00  200.00     6  two_node_pipeli
03:49:51 PM  1000      6908  201.00    0.00    0.00    0.00  201.00     6  two_node_pipeli
03:49:52 PM  1000      6908  200.00    0.00    0.00    0.00  200.00     6  two_node_pipeli
03:49:53 PM  1000      6908  200.00    1.00    0.00    0.00  201.00     6  two_node_pipeli
03:49:54 PM  1000      6908  199.00    1.00    0.00    0.00  200.00     6  two_node_pipeli
03:49:55 PM  1000      6908  200.00    0.00    0.00    0.00  200.00     6  two_node_pipeli
03:49:56 PM  1000      6908  201.00    0.00    0.00    0.00  201.00     6  two_node_pipeli
03:49:57 PM  1000      6908  200.00    1.00    0.00    0.00  201.00     6  two_node_pipeli
03:49:58 PM  1000      6908  200.00    0.00    0.00    0.00  200.00     6  two_node_pipeli
03:49:59 PM  1000      6908  200.00    0.00    0.00    1.00  200.00     6  two_node_pipeli
03:50:00 PM  1000      6908  200.00    0.00    0.00    0.00  200.00     6  two_node_pipeli
03:50:01 PM  1000      6908  201.00    0.00    0.00    0.00  201.00     6  two_node_pipeli
03:50:02 PM  1000      6908  200.00    0.00    0.00    0.00  200.00     6  two_node_pipeli
03:50:03 PM  1000      6908  200.00    1.00    0.00    0.00  201.00     6  two_node_pipeli
03:50:04 PM  1000      6908  200.00    0.00    0.00    0.00  200.00     6  two_node_pipeli
03:50:05 PM  1000      6908  200.00    0.00    0.00    0.00  200.00     6  two_node_pipeli
03:50:06 PM  1000      6908  201.00    0.00    0.00    0.00  201.00     6  two_node_pipeli
03:50:07 PM  1000      6908  200.00    1.00    0.00    0.00  201.00     6  two_node_pipeli
03:50:08 PM  1000      6908  199.00    0.00    0.00    0.00  199.00     7  two_node_pipeli
03:50:09 PM  1000      6908  200.00    0.00    0.00    0.00  200.00     7  two_node_pipeli
03:50:10 PM  1000      6908  200.00    0.00    0.00    0.00  200.00     7  two_node_pipeli
03:50:11 PM  1000      6908  201.00    0.00    0.00    0.00  201.00     7  two_node_pipeli
03:50:12 PM  1000      6908  200.00    0.00    0.00    0.00  200.00     7  two_node_pipeli
03:50:13 PM  1000      6908  200.00    0.00    0.00    0.00  200.00     7  two_node_pipeli
03:50:14 PM  1000      6908  200.00    1.00    0.00    0.00  201.00     7  two_node_pipeli
03:50:15 PM  1000      6908  200.00    1.00    0.00    0.00  201.00     7  two_node_pipeli
03:50:16 PM  1000      6908  201.00    0.00    0.00    0.00  201.00     7  two_node_pipeli
03:50:17 PM  1000      6908  201.00    0.00    0.00    0.00  201.00     7  two_node_pipeli
03:50:18 PM  1000      6908  200.00    0.00    0.00    0.00  200.00     7  two_node_pipeli
03:50:19 PM  1000      6908  200.00    0.00    0.00    0.00  200.00     7  two_node_pipeli
03:50:20 PM  1000      6908  200.00    0.00    0.00    0.00  200.00     7  two_node_pipeli
03:50:21 PM  1000      6908  191.00    0.00    0.00    1.00  191.00     7  two_node_pipeli
03:50:22 PM  1000      6908  200.00    0.00    0.00    0.00  200.00     7  two_node_pipeli
03:50:23 PM  1000      6908  201.00    0.00    0.00    0.00  201.00     7  two_node_pipeli
03:50:24 PM  1000      6908  200.00    0.00    0.00    0.00  200.00     7  two_node_pipeli
03:50:25 PM  1000      6908  200.00    0.00    0.00    0.00  200.00     7  two_node_pipeli
03:50:26 PM  1000      6908  200.00    1.00    0.00    0.00  201.00     7  two_node_pipeli
03:50:27 PM  1000      6908  200.00    0.00    0.00    0.00  200.00     7  two_node_pipeli
03:50:28 PM  1000      6908  200.00    1.00    0.00    0.00  201.00     7  two_node_pipeli
03:50:29 PM  1000      6908  200.00    0.00    0.00    0.00  200.00     7  two_node_pipeli
03:50:30 PM  1000      6908  200.00    0.00    0.00    0.00  200.00     7  two_node_pipeli
03:50:31 PM  1000      6908  200.00    1.00    0.00    0.00  201.00     7  two_node_pipeli
03:50:32 PM  1000      6908  200.00    0.00    0.00    0.00  200.00     7  two_node_pipeli
03:50:33 PM  1000      6908  200.00    0.00    0.00    0.00  200.00     7  two_node_pipeli
03:50:34 PM  1000      6908  200.00    1.00    0.00    0.00  201.00     7  two_node_pipeli
03:50:35 PM  1000      6908  200.00    0.00    0.00    0.00  200.00     7  two_node_pipeli
03:50:36 PM  1000      6908  199.00    1.00    0.00    0.00  200.00     7  two_node_pipeli
03:50:37 PM  1000      6908  200.00    1.00    0.00    0.00  201.00     7  two_node_pipeli
03:50:38 PM  1000      6908  199.00    0.00    0.00    0.00  199.00     6  two_node_pipeli
03:50:39 PM  1000      6908  200.00    1.00    0.00    0.00  201.00     6  two_node_pipeli
03:50:40 PM  1000      6908  200.00    0.00    0.00    0.00  200.00     6  two_node_pipeli
03:50:41 PM  1000      6908  200.00    1.00    0.00    0.00  201.00     6  two_node_pipeli
03:50:42 PM  1000      6908  200.00    0.00    0.00    0.00  200.00     6  two_node_pipeli
03:50:43 PM  1000      6908  201.00    0.00    0.00    0.00  201.00     6  two_node_pipeli
03:50:44 PM  1000      6908  200.00    0.00    0.00    0.00  200.00     6  two_node_pipeli
03:50:45 PM  1000      6908  201.00    0.00    0.00    0.00  201.00     6  two_node_pipeli
03:50:46 PM  1000      6908  200.00    0.00    0.00    0.00  200.00     6  two_node_pipeli
03:50:47 PM  1000      6908  200.00    0.00    0.00    0.00  200.00     6  two_node_pipeli
03:50:48 PM  1000      6908  200.00    0.00    0.00    0.00  200.00     6  two_node_pipeli
03:50:49 PM  1000      6908  201.00    0.00    0.00    0.00  201.00     6  two_node_pipeli
03:50:50 PM  1000      6908  200.00    0.00    0.00    0.00  200.00     6  two_node_pipeli
03:50:51 PM  1000      6908  200.00    0.00    0.00    0.00  200.00     6  two_node_pipeli
03:50:52 PM  1000      6908  201.00    0.00    0.00    0.00  201.00     6  two_node_pipeli
03:50:53 PM  1000      6908  200.00    0.00    0.00    0.00  200.00     6  two_node_pipeli
03:50:54 PM  1000      6908  200.00    0.00    0.00    1.00  200.00     6  two_node_pipeli
03:50:55 PM  1000      6908  200.00    0.00    0.00    0.00  200.00     6  two_node_pipeli
03:50:56 PM  1000      6908  201.00    0.00    0.00    0.00  201.00     6  two_node_pipeli
03:50:57 PM  1000      6908  200.00    0.00    0.00    0.00  200.00     6  two_node_pipeli
03:50:58 PM  1000      6908  200.00    0.00    0.00    0.00  200.00     6  two_node_pipeli
03:50:59 PM  1000      6908  197.03    1.98    0.00    0.00  199.01     6  two_node_pipeli
03:51:00 PM  1000      6908  200.00    0.00    0.00    0.00  200.00     6  two_node_pipeli
Average:     1000      6908  199.59    0.27    0.00    0.38  199.87     -  two_node_pipeli
