Linux 5.15.0-121-generic (NEU) 	09/17/2024 	_x86_64_	(16 CPU)

10:48:27 AM   UID       PID    %usr %system  %guest   %wait    %CPU   CPU  Command
10:48:28 AM  1000     10370   93.00    0.00    0.00    2.00   93.00     6  two_node_pipeli
10:48:29 AM  1000     10370   97.00    0.00    0.00    1.00   97.00     6  two_node_pipeli
10:48:30 AM  1000     10370   89.00    0.00    0.00    3.00   89.00     6  two_node_pipeli
10:48:31 AM  1000     10370   84.00    0.00    0.00    1.00   84.00     6  two_node_pipeli
10:48:32 AM  1000     10370   99.00    0.00    0.00   14.00   99.00     5  two_node_pipeli
10:48:33 AM  1000     10370   85.00    1.00    0.00    1.00   86.00     6  two_node_pipeli
10:48:34 AM  1000     10370   97.00    0.00    0.00    1.00   97.00     6  two_node_pipeli
10:48:35 AM  1000     10370   95.00    0.00    0.00    0.00   95.00     5  two_node_pipeli
10:48:36 AM  1000     10370   74.00    0.00    0.00    0.00   74.00     7  two_node_pipeli
10:48:37 AM  1000     10370   82.00    0.00    0.00    1.00   82.00     7  two_node_pipeli
10:48:38 AM  1000     10370  111.00    0.00    0.00    0.00  111.00     7  two_node_pipeli
10:48:39 AM  1000     10370   91.00    0.00    0.00    0.00   91.00     6  two_node_pipeli
10:48:40 AM  1000     10370   90.00    0.00    0.00    0.00   90.00     6  two_node_pipeli
10:48:41 AM  1000     10370   94.00    0.00    0.00    0.00   94.00     7  two_node_pipeli
10:48:42 AM  1000     10370   81.00    0.00    0.00    0.00   81.00     7  two_node_pipeli
10:48:43 AM  1000     10370   76.00    0.00    0.00    0.00   76.00     6  two_node_pipeli
10:48:44 AM  1000     10370  112.00    0.00    0.00    0.00  112.00     6  two_node_pipeli
10:48:45 AM  1000     10370   89.00    0.00    0.00    0.00   89.00     5  two_node_pipeli
10:48:46 AM  1000     10370   91.00    0.00    0.00    0.00   91.00     7  two_node_pipeli
10:48:47 AM  1000     10370   89.00    0.00    0.00    0.00   89.00     6  two_node_pipeli
10:48:48 AM  1000     10370   84.00    0.00    0.00    0.00   84.00     7  two_node_pipeli
10:48:49 AM  1000     10370   78.00    0.00    0.00    0.00   78.00     6  two_node_pipeli
10:48:50 AM  1000     10370  111.00    0.00    0.00    1.00  111.00     5  two_node_pipeli
10:48:51 AM  1000     10370   89.00    0.00    0.00    0.00   89.00     6  two_node_pipeli
10:48:52 AM  1000     10370   83.00    0.00    0.00    0.00   83.00     7  two_node_pipeli
10:48:53 AM  1000     10370   91.00    0.00    0.00    0.00   91.00     6  two_node_pipeli
10:48:54 AM  1000     10370   89.00    1.00    0.00    3.00   90.00     6  two_node_pipeli
10:48:55 AM  1000     10370   91.00    0.00    0.00    0.00   91.00     7  two_node_pipeli
10:48:56 AM  1000     10370   97.00    0.00    0.00    1.00   97.00     7  two_node_pipeli
10:48:57 AM  1000     10370   89.11    0.00    0.00    0.00   89.11     6  two_node_pipeli
10:48:58 AM  1000     10370   81.00    0.00    0.00    0.00   81.00     6  two_node_pipeli
10:48:59 AM  1000     10370   92.00    1.00    0.00    0.00   93.00     6  two_node_pipeli
10:49:00 AM  1000     10370   91.00    0.00    0.00    0.00   91.00     6  two_node_pipeli
10:49:01 AM  1000     10370   91.00    0.00    0.00    0.00   91.00     7  two_node_pipeli
10:49:02 AM  1000     10370   94.00    0.00    0.00    0.00   94.00     6  two_node_pipeli
10:49:03 AM  1000     10370   89.00    0.00    0.00    0.00   89.00     6  two_node_pipeli
10:49:04 AM  1000     10370   69.00    0.00    0.00    0.00   69.00     7  two_node_pipeli
10:49:05 AM  1000     10370  109.00    0.00    0.00    0.00  109.00     6  two_node_pipeli
10:49:06 AM  1000     10370   91.00    0.00    0.00    0.00   91.00     6  two_node_pipeli
10:49:07 AM  1000     10370   90.00    0.00    0.00    0.00   90.00     6  two_node_pipeli
10:49:08 AM  1000     10370   93.00    0.00    0.00    0.00   93.00     6  two_node_pipeli
10:49:09 AM  1000     10370   85.00    0.00    0.00    1.00   85.00     5  two_node_pipeli
10:49:10 AM  1000     10370   85.00    0.00    0.00    0.00   85.00     6  two_node_pipeli
10:49:11 AM  1000     10370   99.00    1.00    0.00    0.00  100.00     6  two_node_pipeli
10:49:12 AM  1000     10370   90.00    0.00    0.00    0.00   90.00     6  two_node_pipeli
10:49:13 AM  1000     10370   90.00    0.00    0.00    0.00   90.00     6  two_node_pipeli
10:49:14 AM  1000     10370   94.00    0.00    0.00    0.00   94.00     6  two_node_pipeli
10:49:15 AM  1000     10370   80.00    0.00    0.00    0.00   80.00     7  two_node_pipeli
10:49:16 AM  1000     10370   77.00    0.00    0.00    0.00   77.00     6  two_node_pipeli
10:49:17 AM  1000     10370  112.00    0.00    0.00    1.00  112.00     6  two_node_pipeli
10:49:18 AM  1000     10370   90.00    0.00    0.00    0.00   90.00     6  two_node_pipeli
10:49:19 AM  1000     10370   90.00    0.00    0.00    0.00   90.00     6  two_node_pipeli
10:49:20 AM  1000     10370   89.00    0.00    0.00    0.00   89.00     6  two_node_pipeli
10:49:21 AM  1000     10370   83.00    1.00    0.00    0.00   84.00     5  two_node_pipeli
10:49:22 AM  1000     10370   76.00    0.00    0.00    0.00   76.00     7  two_node_pipeli
10:49:23 AM  1000     10370  112.00    0.00    0.00    0.00  112.00     6  two_node_pipeli
10:49:24 AM  1000     10370   90.00    0.00    0.00    0.00   90.00     5  two_node_pipeli
10:49:25 AM  1000     10370   85.00    0.00    0.00    1.00   85.00     6  two_node_pipeli
10:49:26 AM  1000     10370   88.00    0.00    0.00    0.00   88.00     5  two_node_pipeli
10:49:27 AM  1000     10370   89.00    0.00    0.00    0.00   89.00     6  two_node_pipeli
10:49:28 AM  1000     10370   90.00    0.00    0.00    0.00   90.00     7  two_node_pipeli
10:49:29 AM  1000     10370   98.00    0.00    0.00    0.00   98.00     7  two_node_pipeli
10:49:30 AM  1000     10370   86.00    0.00    0.00    0.00   86.00     6  two_node_pipeli
10:49:31 AM  1000     10370   84.00    0.00    0.00    0.00   84.00     6  two_node_pipeli
10:49:32 AM  1000     10370   93.00    0.00    0.00    0.00   93.00     7  two_node_pipeli
10:49:33 AM  1000     10370   91.00    0.00    0.00    0.00   91.00     7  two_node_pipeli
10:49:34 AM  1000     10370   90.00    0.00    0.00    0.00   90.00     6  two_node_pipeli
10:49:35 AM  1000     10370   95.00    1.00    0.00    0.00   96.00     6  two_node_pipeli
10:49:36 AM  1000     10370   80.00    0.00    0.00    2.00   80.00     6  two_node_pipeli
10:49:37 AM  1000     10370   90.00    0.00    0.00    0.00   90.00     6  two_node_pipeli
10:49:38 AM  1000     10370   97.00    0.00    0.00    0.00   97.00     5  two_node_pipeli
10:49:39 AM  1000     10370   91.00    0.00    0.00    0.00   91.00     6  two_node_pipeli
10:49:40 AM  1000     10370   90.00    0.00    0.00    0.00   90.00     6  two_node_pipeli
10:49:41 AM  1000     10370   96.00    0.00    0.00    0.00   96.00     6  two_node_pipeli
10:49:42 AM  1000     10370   84.00    0.00    0.00    0.00   84.00     6  two_node_pipeli
10:49:43 AM  1000     10370   83.00    0.00    0.00    0.00   83.00     6  two_node_pipeli
10:49:44 AM  1000     10370   99.00    1.00    0.00    0.00  100.00     7  two_node_pipeli
10:49:45 AM  1000     10370   90.00    0.00    0.00    0.00   90.00     7  two_node_pipeli
10:49:46 AM  1000     10370   90.00    0.00    0.00    1.00   90.00     6  two_node_pipeli
10:49:47 AM  1000     10370   94.00    0.00    0.00    0.00   94.00     6  two_node_pipeli
10:49:48 AM  1000     10370   76.00    0.00    0.00    0.00   76.00     7  two_node_pipeli
10:49:49 AM  1000     10370   80.00    0.00    0.00    0.00   80.00     7  two_node_pipeli
10:49:50 AM  1000     10370  112.00    0.00    0.00    0.00  112.00     7  two_node_pipeli
10:49:51 AM  1000     10370   90.00    0.00    0.00    0.00   90.00     7  two_node_pipeli
10:49:52 AM  1000     10370   89.00    0.00    0.00    0.00   89.00     6  two_node_pipeli
10:49:53 AM  1000     10370   90.00    0.00    0.00    0.00   90.00     5  two_node_pipeli
10:49:54 AM  1000     10370   80.00    0.00    0.00    0.00   80.00     6  two_node_pipeli
10:49:55 AM  1000     10370   94.00    0.00    0.00    0.00   94.00     5  two_node_pipeli
10:49:56 AM  1000     10370   98.00    0.00    0.00    0.00   98.00     7  two_node_pipeli
10:49:57 AM  1000     10370   91.00    0.00    0.00    4.00   91.00     6  two_node_pipeli
10:49:58 AM  1000     10370   86.00    0.00    0.00    1.00   86.00     6  two_node_pipeli
10:49:59 AM  1000     10370   89.00    0.00    0.00    0.00   89.00     6  two_node_pipeli
10:50:00 AM  1000     10370   89.00    0.00    0.00    0.00   89.00     6  two_node_pipeli
10:50:01 AM  1000     10370   90.00    0.00    0.00    0.00   90.00     6  two_node_pipeli
10:50:02 AM  1000     10370   98.00    0.00    0.00    0.00   98.00     7  two_node_pipeli
10:50:03 AM  1000     10370   91.00    0.00    0.00    0.00   91.00     6  two_node_pipeli
10:50:04 AM  1000     10370   75.00    0.00    0.00    0.00   75.00     6  two_node_pipeli
10:50:05 AM  1000     10370   97.00    0.00    0.00    0.00   97.00     6  two_node_pipeli
10:50:06 AM  1000     10370   88.00    0.00    0.00    1.00   88.00     7  two_node_pipeli
10:50:07 AM  1000     10370   93.00    0.00    0.00    0.00   93.00     7  two_node_pipeli
10:50:08 AM  1000     10370   95.00    0.00    0.00    0.00   95.00     6  two_node_pipeli
10:50:09 AM  1000     10370   90.00    0.00    0.00    0.00   90.00     6  two_node_pipeli
10:50:10 AM  1000     10370   69.00    0.00    0.00    0.00   69.00     6  two_node_pipeli
10:50:11 AM  1000     10370  108.00    0.00    0.00    0.00  108.00     5  two_node_pipeli
10:50:12 AM  1000     10370   91.00    0.00    0.00    0.00   91.00     6  two_node_pipeli
10:50:13 AM  1000     10370   90.00    0.00    0.00    0.00   90.00     6  two_node_pipeli
10:50:14 AM  1000     10370   85.00    0.00    0.00    0.00   85.00     5  two_node_pipeli
10:50:15 AM  1000     10370   85.00    0.00    0.00    0.00   85.00     6  two_node_pipeli
10:50:16 AM  1000     10370   79.00    0.00    0.00    0.00   79.00     6  two_node_pipeli
10:50:17 AM  1000     10370  111.00    1.00    0.00    0.00  112.00     6  two_node_pipeli
10:50:18 AM  1000     10370   91.00    0.00    0.00    0.00   91.00     6  two_node_pipeli
10:50:19 AM  1000     10370   90.00    0.00    0.00    0.00   90.00     6  two_node_pipeli
10:50:20 AM  1000     10370   94.00    0.00    0.00    1.00   94.00     6  two_node_pipeli
10:50:21 AM  1000     10370   76.00    0.00    0.00    0.00   76.00     7  two_node_pipeli
10:50:22 AM  1000     10370   80.00    1.00    0.00    1.00   81.00     6  two_node_pipeli
10:50:23 AM  1000     10370  110.00    0.00    0.00    0.00  110.00     7  two_node_pipeli
10:50:24 AM  1000     10370   90.00    0.00    0.00    0.00   90.00     6  two_node_pipeli
10:50:25 AM  1000     10370   90.00    0.00    0.00    0.00   90.00     6  two_node_pipeli
10:50:26 AM  1000     10370   90.00    1.00    0.00    0.00   91.00     6  two_node_pipeli
10:50:27 AM  1000     10370   83.00    0.00    0.00    0.00   83.00     6  two_node_pipeli
10:50:28 AM  1000     10370   76.00    0.00    0.00    0.00   76.00     6  two_node_pipeli
10:50:29 AM  1000     10370  111.00    0.00    0.00    1.00  111.00     6  two_node_pipeli
10:50:30 AM  1000     10370   90.00    0.00    0.00    0.00   90.00     6  two_node_pipeli
10:50:31 AM  1000     10370   86.00    0.00    0.00    0.00   86.00     7  two_node_pipeli
10:50:32 AM  1000     10370   89.00    0.00    0.00    0.00   89.00     7  two_node_pipeli
10:50:33 AM  1000     10370   89.00    0.00    0.00    0.00   89.00     6  two_node_pipeli
10:50:34 AM  1000     10370   90.00    0.00    0.00    1.00   90.00     7  two_node_pipeli
10:50:35 AM  1000     10370   98.00    0.00    0.00    0.00   98.00     5  two_node_pipeli
10:50:36 AM  1000     10370   86.14    0.00    0.00    0.00   86.14     6  two_node_pipeli
10:50:37 AM  1000     10370   79.00    1.00    0.00    0.00   80.00     6  two_node_pipeli
10:50:38 AM  1000     10370   96.00    0.00    0.00    0.00   96.00     6  two_node_pipeli
10:50:39 AM  1000     10370   89.00    0.00    0.00    0.00   89.00     6  two_node_pipeli
10:50:40 AM  1000     10370   92.00    0.00    0.00    0.00   92.00     7  two_node_pipeli
10:50:41 AM  1000     10370   95.00    0.00    0.00    0.00   95.00     6  two_node_pipeli
10:50:42 AM  1000     10370   91.00    0.00    0.00    1.00   91.00     7  two_node_pipeli
10:50:43 AM  1000     10370   79.00    0.00    0.00    0.00   79.00     6  two_node_pipeli
10:50:44 AM  1000     10370   96.00    0.00    0.00    0.00   96.00     6  two_node_pipeli
10:50:45 AM  1000     10370   92.00    0.00    0.00    1.00   92.00     6  two_node_pipeli
10:50:46 AM  1000     10370   89.00    0.00    0.00    0.00   89.00     6  two_node_pipeli
10:50:47 AM  1000     10370   97.00    0.00    0.00    0.00   97.00     6  two_node_pipeli
10:50:48 AM  1000     10370   73.00    0.00    0.00    0.00   73.00     7  two_node_pipeli
10:50:49 AM  1000     10370   91.00    0.00    0.00    0.00   91.00     7  two_node_pipeli
10:50:50 AM  1000     10370  100.00    0.00    0.00    0.00  100.00     6  two_node_pipeli
10:50:51 AM  1000     10370   91.00    0.00    0.00    0.00   91.00     6  two_node_pipeli
10:50:52 AM  1000     10370   89.00    0.00    0.00    0.00   89.00     6  two_node_pipeli
10:50:53 AM  1000     10370   95.00    0.00    0.00    1.00   95.00     5  two_node_pipeli
10:50:54 AM  1000     10370   77.00    0.00    0.00    0.00   77.00     6  two_node_pipeli
10:50:55 AM  1000     10370   79.00    0.00    0.00    0.00   79.00     5  two_node_pipeli
10:50:56 AM  1000     10370  111.00    0.00    0.00    0.00  111.00     6  two_node_pipeli
10:50:57 AM  1000     10370   91.00    0.00    0.00    0.00   91.00     7  two_node_pipeli
10:50:58 AM  1000     10370   89.00    0.00    0.00    0.00   89.00     6  two_node_pipeli
10:50:59 AM  1000     10370   91.00    0.00    0.00    0.00   91.00     6  two_node_pipeli
10:51:00 AM  1000     10370   83.00    0.00    0.00    0.00   83.00     6  two_node_pipeli
10:51:01 AM  1000     10370   89.00    1.00    0.00    0.00   90.00     7  two_node_pipeli
10:51:02 AM  1000     10370   98.00    0.00    0.00    0.00   98.00     7  two_node_pipeli
10:51:03 AM  1000     10370   91.00    0.00    0.00    0.00   91.00     7  two_node_pipeli
10:51:04 AM  1000     10370   76.00    0.00    0.00    1.00   76.00     6  two_node_pipeli
10:51:05 AM  1000     10370   99.00    0.00    0.00    0.00   99.00     7  two_node_pipeli
10:51:06 AM  1000     10370   88.00    0.00    0.00    0.00   88.00     6  two_node_pipeli
10:51:07 AM  1000     10370   89.00    0.00    0.00    0.00   89.00     7  two_node_pipeli
10:51:08 AM  1000     10370   99.00    0.00    0.00    0.00   99.00     7  two_node_pipeli
10:51:09 AM  1000     10370   88.00    0.00    0.00    0.00   88.00     7  two_node_pipeli
10:51:10 AM  1000     10370   84.00    0.00    0.00    0.00   84.00     7  two_node_pipeli
10:51:11 AM  1000     10370   92.00    0.00    0.00    0.00   92.00     7  two_node_pipeli
10:51:12 AM  1000     10370   91.00    0.00    0.00    0.00   91.00     6  two_node_pipeli
10:51:13 AM  1000     10370   90.00    0.00    0.00    0.00   90.00     7  two_node_pipeli
10:51:14 AM  1000     10370   95.00    0.00    0.00    1.00   95.00     6  two_node_pipeli
10:51:15 AM  1000     10370   92.00    0.00    0.00    0.00   92.00     7  two_node_pipeli
10:51:16 AM  1000     10370   79.00    0.00    0.00    0.00   79.00     6  two_node_pipeli
10:51:17 AM  1000     10370   96.00    0.00    0.00    0.00   96.00     7  two_node_pipeli
10:51:18 AM  1000     10370   92.00    0.00    0.00    0.00   92.00     6  two_node_pipeli
10:51:19 AM  1000     10370   89.00    0.00    0.00    0.00   89.00     6  two_node_pipeli
10:51:20 AM  1000     10370   98.00    0.00    0.00    0.00   98.00     6  two_node_pipeli
10:51:21 AM  1000     10370   74.00    0.00    0.00    0.00   74.00     6  two_node_pipeli
10:51:22 AM  1000     10370   90.00    0.00    0.00    0.00   90.00     7  two_node_pipeli
10:51:23 AM  1000     10370  100.00    0.00    0.00    0.00  100.00     6  two_node_pipeli
10:51:24 AM  1000     10370   91.00    0.00    0.00    1.00   91.00     6  two_node_pipeli
10:51:25 AM  1000     10370   89.00    0.00    0.00    0.00   89.00     7  two_node_pipeli
10:51:26 AM  1000     10370   86.00    0.00    0.00    0.00   86.00     7  two_node_pipeli
10:51:27 AM  1000     10370   91.00    0.00    0.00    0.00   91.00     6  two_node_pipeli
Average:     1000     10370   90.14    0.07    0.00    0.28   90.21     -  two_node_pipeli
