Linux 5.10.216-tegra (neu-desktop) 	11/05/2024 	_aarch64_	(12 CPU)

06:47:22 PM   UID       PID   cswch/s nvcswch/s  Command
06:47:23 PM  1000     30603     15.00      0.00  two_node_pipeli
06:47:23 PM  1000     30602     14.00      0.00  two_node_pipeli
06:47:23 PM  1000     30591     15.00      0.00  two_node_pipeli
06:47:23 PM  1000     30604     16.00      0.00  two_node_pipeli

06:47:23 PM   UID       PID   cswch/s nvcswch/s  Command
06:47:24 PM  1000     30603     15.84      0.00  two_node_pipeli
06:47:24 PM  1000     30602     14.85      0.00  two_node_pipeli
06:47:24 PM  1000     30591     15.84      0.00  two_node_pipeli
06:47:24 PM  1000     30604     13.86      0.00  two_node_pipeli

06:47:24 PM   UID       PID   cswch/s nvcswch/s  Command
06:47:25 PM  1000     30603     16.00      0.00  two_node_pipeli
06:47:25 PM  1000     30602     16.00      0.00  two_node_pipeli
06:47:25 PM  1000     30591     16.00      0.00  two_node_pipeli
06:47:25 PM  1000     30604     16.00      0.00  two_node_pipeli

06:47:25 PM   UID       PID   cswch/s nvcswch/s  Command
06:47:26 PM  1000     30603     19.00      0.00  two_node_pipeli
06:47:26 PM  1000     30602     17.00      0.00  two_node_pipeli
06:47:26 PM  1000     30591     18.00      0.00  two_node_pipeli
06:47:26 PM  1000     30604     17.00      0.00  two_node_pipeli

06:47:26 PM   UID       PID   cswch/s nvcswch/s  Command
06:47:27 PM  1000     30603     17.00      0.00  two_node_pipeli
06:47:27 PM  1000     30602     17.00      0.00  two_node_pipeli
06:47:27 PM  1000     30591     16.00      0.00  two_node_pipeli
06:47:27 PM  1000     30604     17.00      0.00  two_node_pipeli

06:47:27 PM   UID       PID   cswch/s nvcswch/s  Command
06:47:28 PM  1000     30603     18.00      0.00  two_node_pipeli
06:47:28 PM  1000     30602     17.00      0.00  two_node_pipeli
06:47:28 PM  1000     30591     16.00      0.00  two_node_pipeli
06:47:28 PM  1000     30604     15.00      0.00  two_node_pipeli

06:47:28 PM   UID       PID   cswch/s nvcswch/s  Command
06:47:29 PM  1000     30603     16.00      0.00  two_node_pipeli
06:47:29 PM  1000     30602     17.00      0.00  two_node_pipeli
06:47:29 PM  1000     30591     16.00      0.00  two_node_pipeli
06:47:29 PM  1000     30604     16.00      0.00  two_node_pipeli

06:47:29 PM   UID       PID   cswch/s nvcswch/s  Command
06:47:30 PM  1000     30603     17.00      0.00  two_node_pipeli
06:47:30 PM  1000     30602     18.00      0.00  two_node_pipeli
06:47:30 PM  1000     30591     16.00      0.00  two_node_pipeli
06:47:30 PM  1000     30604     15.00      0.00  two_node_pipeli

06:47:30 PM   UID       PID   cswch/s nvcswch/s  Command
06:47:31 PM  1000     30603     19.00      0.00  two_node_pipeli
06:47:31 PM  1000     30602     17.00      0.00  two_node_pipeli
06:47:31 PM  1000     30591     20.00      0.00  two_node_pipeli
06:47:31 PM  1000     30604     20.00      0.00  two_node_pipeli

06:47:31 PM   UID       PID   cswch/s nvcswch/s  Command
06:47:32 PM  1000     30603     17.00      0.00  two_node_pipeli
06:47:32 PM  1000     30602     18.00      0.00  two_node_pipeli
06:47:32 PM  1000     30591     17.00      0.00  two_node_pipeli
06:47:32 PM  1000     30604     18.00      0.00  two_node_pipeli

06:47:32 PM   UID       PID   cswch/s nvcswch/s  Command
06:47:33 PM  1000     30603     17.00      0.00  two_node_pipeli
06:47:33 PM  1000     30602     16.00      0.00  two_node_pipeli
06:47:33 PM  1000     30591     17.00      0.00  two_node_pipeli
06:47:33 PM  1000     30604     17.00      0.00  two_node_pipeli

06:47:33 PM   UID       PID   cswch/s nvcswch/s  Command
06:47:34 PM  1000     30603     15.00      0.00  two_node_pipeli
06:47:34 PM  1000     30602     16.00      0.00  two_node_pipeli
06:47:34 PM  1000     30591     16.00      0.00  two_node_pipeli
06:47:34 PM  1000     30604     18.00      0.00  two_node_pipeli

06:47:34 PM   UID       PID   cswch/s nvcswch/s  Command
06:47:35 PM  1000     30603     17.00      0.00  two_node_pipeli
06:47:35 PM  1000     30602     17.00      0.00  two_node_pipeli
06:47:35 PM  1000     30591     19.00      0.00  two_node_pipeli
06:47:35 PM  1000     30604     18.00      0.00  two_node_pipeli

06:47:35 PM   UID       PID   cswch/s nvcswch/s  Command
06:47:36 PM  1000     30603     21.00      0.00  two_node_pipeli
06:47:36 PM  1000     30602     18.00      0.00  two_node_pipeli
06:47:36 PM  1000     30591     19.00      0.00  two_node_pipeli
06:47:36 PM  1000     30604     21.00      0.00  two_node_pipeli

06:47:36 PM   UID       PID   cswch/s nvcswch/s  Command
06:47:37 PM  1000     30603     17.00      0.00  two_node_pipeli
06:47:37 PM  1000     30602     17.00      0.00  two_node_pipeli
06:47:37 PM  1000     30591     18.00      0.00  two_node_pipeli
06:47:37 PM  1000     30604     17.00      0.00  two_node_pipeli

06:47:37 PM   UID       PID   cswch/s nvcswch/s  Command
06:47:38 PM  1000     30603     17.00      0.00  two_node_pipeli
06:47:38 PM  1000     30602     17.00      0.00  two_node_pipeli
06:47:38 PM  1000     30591     19.00      0.00  two_node_pipeli
06:47:38 PM  1000     30604     16.00      0.00  two_node_pipeli

06:47:38 PM   UID       PID   cswch/s nvcswch/s  Command
06:47:39 PM  1000     30603     18.00      0.00  two_node_pipeli
06:47:39 PM  1000     30602     16.00      0.00  two_node_pipeli
06:47:39 PM  1000     30591     17.00      0.00  two_node_pipeli
06:47:39 PM  1000     30604     18.00      0.00  two_node_pipeli

06:47:39 PM   UID       PID   cswch/s nvcswch/s  Command
06:47:40 PM  1000     30603     16.00      0.00  two_node_pipeli
06:47:40 PM  1000     30602     15.00      0.00  two_node_pipeli
06:47:40 PM  1000     30591     18.00      0.00  two_node_pipeli
06:47:40 PM  1000     30604     17.00      0.00  two_node_pipeli

06:47:40 PM   UID       PID   cswch/s nvcswch/s  Command
06:47:41 PM  1000     30603     17.00      0.00  two_node_pipeli
06:47:41 PM  1000     30602     17.00      0.00  two_node_pipeli
06:47:41 PM  1000     30591     15.00      0.00  two_node_pipeli
06:47:41 PM  1000     30604     17.00      0.00  two_node_pipeli

06:47:41 PM   UID       PID   cswch/s nvcswch/s  Command
06:47:42 PM  1000     30603     17.00      0.00  two_node_pipeli
06:47:42 PM  1000     30602     16.00      0.00  two_node_pipeli
06:47:42 PM  1000     30591     17.00      0.00  two_node_pipeli
06:47:42 PM  1000     30604     16.00      0.00  two_node_pipeli

06:47:42 PM   UID       PID   cswch/s nvcswch/s  Command
06:47:43 PM  1000     30603     17.00      0.00  two_node_pipeli
06:47:43 PM  1000     30602     16.00      0.00  two_node_pipeli
06:47:43 PM  1000     30591     17.00      0.00  two_node_pipeli
06:47:43 PM  1000     30604     16.00      0.00  two_node_pipeli

06:47:43 PM   UID       PID   cswch/s nvcswch/s  Command
06:47:44 PM  1000     30603     17.00      0.00  two_node_pipeli
06:47:44 PM  1000     30602     16.00      0.00  two_node_pipeli
06:47:44 PM  1000     30591     16.00      0.00  two_node_pipeli
06:47:44 PM  1000     30604     16.00      0.00  two_node_pipeli

06:47:44 PM   UID       PID   cswch/s nvcswch/s  Command
06:47:45 PM  1000     30603     16.00      0.00  two_node_pipeli
06:47:45 PM  1000     30602     17.00      0.00  two_node_pipeli
06:47:45 PM  1000     30591     18.00      0.00  two_node_pipeli
06:47:45 PM  1000     30604     16.00      0.00  two_node_pipeli

06:47:45 PM   UID       PID   cswch/s nvcswch/s  Command
06:47:46 PM  1000     30603     16.00      0.00  two_node_pipeli
06:47:46 PM  1000     30602     16.00      0.00  two_node_pipeli
06:47:46 PM  1000     30591     17.00      0.00  two_node_pipeli
06:47:46 PM  1000     30604     17.00      0.00  two_node_pipeli

06:47:46 PM   UID       PID   cswch/s nvcswch/s  Command
06:47:47 PM  1000     30603     15.00      0.00  two_node_pipeli
06:47:47 PM  1000     30602     14.00      0.00  two_node_pipeli
06:47:47 PM  1000     30591     14.00      0.00  two_node_pipeli
06:47:47 PM  1000     30604     16.00      0.00  two_node_pipeli

06:47:47 PM   UID       PID   cswch/s nvcswch/s  Command
06:47:48 PM  1000     30603     14.00      0.00  two_node_pipeli
06:47:48 PM  1000     30602     15.00      0.00  two_node_pipeli
06:47:48 PM  1000     30591     15.00      0.00  two_node_pipeli
06:47:48 PM  1000     30604     13.00      0.00  two_node_pipeli

06:47:48 PM   UID       PID   cswch/s nvcswch/s  Command
06:47:49 PM  1000     30603     13.00      0.00  two_node_pipeli
06:47:49 PM  1000     30602     13.00      0.00  two_node_pipeli
06:47:49 PM  1000     30591     14.00      0.00  two_node_pipeli
06:47:49 PM  1000     30604     15.00      0.00  two_node_pipeli

06:47:49 PM   UID       PID   cswch/s nvcswch/s  Command
06:47:50 PM  1000     30603     14.00      0.00  two_node_pipeli
06:47:50 PM  1000     30602     16.00      0.00  two_node_pipeli
06:47:50 PM  1000     30591     15.00      0.00  two_node_pipeli
06:47:50 PM  1000     30604     16.00      0.00  two_node_pipeli

06:47:50 PM   UID       PID   cswch/s nvcswch/s  Command
06:47:51 PM  1000     30603     15.00      0.00  two_node_pipeli
06:47:51 PM  1000     30602     15.00      0.00  two_node_pipeli
06:47:51 PM  1000     30591     13.00      0.00  two_node_pipeli
06:47:51 PM  1000     30604     14.00      0.00  two_node_pipeli

06:47:51 PM   UID       PID   cswch/s nvcswch/s  Command
06:47:52 PM  1000     30603     15.00      0.00  two_node_pipeli
06:47:52 PM  1000     30602     15.00      0.00  two_node_pipeli
06:47:52 PM  1000     30591     16.00      0.00  two_node_pipeli
06:47:52 PM  1000     30604     15.00      0.00  two_node_pipeli

06:47:52 PM   UID       PID   cswch/s nvcswch/s  Command
06:47:53 PM  1000     30603     16.00      0.00  two_node_pipeli
06:47:53 PM  1000     30602     16.00      0.00  two_node_pipeli
06:47:53 PM  1000     30591     15.00      0.00  two_node_pipeli
06:47:53 PM  1000     30604     15.00      0.00  two_node_pipeli

06:47:53 PM   UID       PID   cswch/s nvcswch/s  Command
06:47:54 PM  1000     30603     14.00      0.00  two_node_pipeli
06:47:54 PM  1000     30602     15.00      0.00  two_node_pipeli
06:47:54 PM  1000     30591     16.00      0.00  two_node_pipeli
06:47:54 PM  1000     30604     16.00      0.00  two_node_pipeli

06:47:54 PM   UID       PID   cswch/s nvcswch/s  Command
06:47:55 PM  1000     30603     15.00      0.00  two_node_pipeli
06:47:55 PM  1000     30602     16.00      0.00  two_node_pipeli
06:47:55 PM  1000     30591     16.00      0.00  two_node_pipeli
06:47:55 PM  1000     30604     15.00      0.00  two_node_pipeli

06:47:55 PM   UID       PID   cswch/s nvcswch/s  Command
06:47:56 PM  1000     30603     16.00      0.00  two_node_pipeli
06:47:56 PM  1000     30602     14.00      0.00  two_node_pipeli
06:47:56 PM  1000     30591     15.00      0.00  two_node_pipeli
06:47:56 PM  1000     30604     15.00      0.00  two_node_pipeli

06:47:56 PM   UID       PID   cswch/s nvcswch/s  Command
06:47:57 PM  1000     30603     15.00      0.00  two_node_pipeli
06:47:57 PM  1000     30602     15.00      0.00  two_node_pipeli
06:47:57 PM  1000     30591     16.00      0.00  two_node_pipeli
06:47:57 PM  1000     30604     15.00      0.00  two_node_pipeli

06:47:57 PM   UID       PID   cswch/s nvcswch/s  Command
06:47:58 PM  1000     30603     15.00      0.00  two_node_pipeli
06:47:58 PM  1000     30602     16.00      0.00  two_node_pipeli
06:47:58 PM  1000     30591     16.00      0.00  two_node_pipeli
06:47:58 PM  1000     30604     15.00      0.00  two_node_pipeli

06:47:58 PM   UID       PID   cswch/s nvcswch/s  Command
06:47:59 PM  1000     30603     14.00      0.00  two_node_pipeli
06:47:59 PM  1000     30602     15.00      0.00  two_node_pipeli
06:47:59 PM  1000     30591     15.00      0.00  two_node_pipeli
06:47:59 PM  1000     30604     15.00      0.00  two_node_pipeli

06:47:59 PM   UID       PID   cswch/s nvcswch/s  Command
06:48:00 PM  1000     30603     14.00      0.00  two_node_pipeli
06:48:00 PM  1000     30602     15.00      0.00  two_node_pipeli
06:48:00 PM  1000     30591     16.00      0.00  two_node_pipeli
06:48:00 PM  1000     30604     17.00      0.00  two_node_pipeli

06:48:00 PM   UID       PID   cswch/s nvcswch/s  Command
06:48:01 PM  1000     30603     16.00      0.00  two_node_pipeli
06:48:01 PM  1000     30602     15.00      0.00  two_node_pipeli
06:48:01 PM  1000     30591     16.00      0.00  two_node_pipeli
06:48:01 PM  1000     30604     16.00      0.00  two_node_pipeli

06:48:01 PM   UID       PID   cswch/s nvcswch/s  Command
06:48:02 PM  1000     30603     16.00      0.00  two_node_pipeli
06:48:02 PM  1000     30602     16.00      0.00  two_node_pipeli
06:48:02 PM  1000     30591     15.00      0.00  two_node_pipeli
06:48:02 PM  1000     30604     16.00      0.00  two_node_pipeli

06:48:02 PM   UID       PID   cswch/s nvcswch/s  Command
06:48:03 PM  1000     30603     16.00      0.00  two_node_pipeli
06:48:03 PM  1000     30602     17.00      0.00  two_node_pipeli
06:48:03 PM  1000     30591     15.00      0.00  two_node_pipeli
06:48:03 PM  1000     30604     15.00      0.00  two_node_pipeli

06:48:03 PM   UID       PID   cswch/s nvcswch/s  Command
06:48:04 PM  1000     30603     15.00      0.00  two_node_pipeli
06:48:04 PM  1000     30602     16.00      0.00  two_node_pipeli
06:48:04 PM  1000     30591     16.00      0.00  two_node_pipeli
06:48:04 PM  1000     30604     16.00      0.00  two_node_pipeli

06:48:04 PM   UID       PID   cswch/s nvcswch/s  Command
06:48:05 PM  1000     30603     17.00      0.00  two_node_pipeli
06:48:05 PM  1000     30602     17.00      0.00  two_node_pipeli
06:48:05 PM  1000     30591     16.00      0.00  two_node_pipeli
06:48:05 PM  1000     30604     18.00      0.00  two_node_pipeli

06:48:05 PM   UID       PID   cswch/s nvcswch/s  Command
06:48:06 PM  1000     30603     17.00      0.00  two_node_pipeli
06:48:06 PM  1000     30602     15.00      0.00  two_node_pipeli
06:48:06 PM  1000     30591     16.00      0.00  two_node_pipeli
06:48:06 PM  1000     30604     16.00      0.00  two_node_pipeli

06:48:06 PM   UID       PID   cswch/s nvcswch/s  Command
06:48:07 PM  1000     30603     15.00      0.00  two_node_pipeli
06:48:07 PM  1000     30602     16.00      0.00  two_node_pipeli
06:48:07 PM  1000     30591     16.00      0.00  two_node_pipeli
06:48:07 PM  1000     30604     15.00      0.00  two_node_pipeli

06:48:07 PM   UID       PID   cswch/s nvcswch/s  Command
06:48:08 PM  1000     30603     15.00      0.00  two_node_pipeli
06:48:08 PM  1000     30602     16.00      0.00  two_node_pipeli
06:48:08 PM  1000     30591     16.00      0.00  two_node_pipeli
06:48:08 PM  1000     30604     17.00      0.00  two_node_pipeli

06:48:08 PM   UID       PID   cswch/s nvcswch/s  Command
06:48:09 PM  1000     30603     15.00      0.00  two_node_pipeli
06:48:09 PM  1000     30602     16.00      0.00  two_node_pipeli
06:48:09 PM  1000     30591     16.00      0.00  two_node_pipeli
06:48:09 PM  1000     30604     15.00      0.00  two_node_pipeli

06:48:09 PM   UID       PID   cswch/s nvcswch/s  Command
06:48:10 PM  1000     30603     16.00      0.00  two_node_pipeli
06:48:10 PM  1000     30602     16.00      0.00  two_node_pipeli
06:48:10 PM  1000     30591     17.00      0.00  two_node_pipeli
06:48:10 PM  1000     30604     16.00      0.00  two_node_pipeli

06:48:10 PM   UID       PID   cswch/s nvcswch/s  Command
06:48:11 PM  1000     30603     16.00      0.00  two_node_pipeli
06:48:11 PM  1000     30602     15.00      0.00  two_node_pipeli
06:48:11 PM  1000     30591     15.00      0.00  two_node_pipeli
06:48:11 PM  1000     30604     15.00      0.00  two_node_pipeli

06:48:11 PM   UID       PID   cswch/s nvcswch/s  Command
06:48:12 PM  1000     30603     16.00      0.00  two_node_pipeli
06:48:12 PM  1000     30602     15.00      0.00  two_node_pipeli
06:48:12 PM  1000     30591     16.00      0.00  two_node_pipeli
06:48:12 PM  1000     30604     16.00      0.00  two_node_pipeli

06:48:12 PM   UID       PID   cswch/s nvcswch/s  Command
06:48:13 PM  1000     30603     16.00      0.00  two_node_pipeli
06:48:13 PM  1000     30602     15.00      0.00  two_node_pipeli
06:48:13 PM  1000     30591     15.00      0.00  two_node_pipeli
06:48:13 PM  1000     30604     17.00      0.00  two_node_pipeli

06:48:13 PM   UID       PID   cswch/s nvcswch/s  Command
06:48:14 PM  1000     30603     14.00      0.00  two_node_pipeli
06:48:14 PM  1000     30602     15.00      0.00  two_node_pipeli
06:48:14 PM  1000     30591     16.00      0.00  two_node_pipeli
06:48:14 PM  1000     30604     15.00      0.00  two_node_pipeli

06:48:14 PM   UID       PID   cswch/s nvcswch/s  Command
06:48:15 PM  1000     30603     14.00      0.00  two_node_pipeli
06:48:15 PM  1000     30602     17.00      0.00  two_node_pipeli
06:48:15 PM  1000     30591     15.00      0.00  two_node_pipeli
06:48:15 PM  1000     30604     16.00      0.00  two_node_pipeli

06:48:15 PM   UID       PID   cswch/s nvcswch/s  Command
06:48:16 PM  1000     30603     15.00      0.00  two_node_pipeli
06:48:16 PM  1000     30602     15.00      0.00  two_node_pipeli
06:48:16 PM  1000     30591     16.00      0.00  two_node_pipeli
06:48:16 PM  1000     30604     15.00      0.00  two_node_pipeli

06:48:16 PM   UID       PID   cswch/s nvcswch/s  Command
06:48:17 PM  1000     30603     14.00      0.00  two_node_pipeli
06:48:17 PM  1000     30602     15.00      0.00  two_node_pipeli
06:48:17 PM  1000     30591     14.00      0.00  two_node_pipeli
06:48:17 PM  1000     30604     16.00      0.00  two_node_pipeli

06:48:17 PM   UID       PID   cswch/s nvcswch/s  Command
06:48:18 PM  1000     30603     17.00      0.00  two_node_pipeli
06:48:18 PM  1000     30602     15.00      0.00  two_node_pipeli
06:48:18 PM  1000     30591     15.00      0.00  two_node_pipeli
06:48:18 PM  1000     30604     15.00      0.00  two_node_pipeli

06:48:18 PM   UID       PID   cswch/s nvcswch/s  Command
06:48:19 PM  1000     30603     18.00      0.00  two_node_pipeli
06:48:19 PM  1000     30602     15.00      0.00  two_node_pipeli
06:48:19 PM  1000     30591     17.00      0.00  two_node_pipeli
06:48:19 PM  1000     30604     18.00      0.00  two_node_pipeli

06:48:19 PM   UID       PID   cswch/s nvcswch/s  Command
06:48:20 PM  1000     30603     13.00      0.00  two_node_pipeli
06:48:20 PM  1000     30602     11.00      0.00  two_node_pipeli
06:48:20 PM  1000     30591     14.00      0.00  two_node_pipeli
06:48:20 PM  1000     30604     13.00      0.00  two_node_pipeli

06:48:20 PM   UID       PID   cswch/s nvcswch/s  Command
06:48:21 PM  1000     30603     15.00      0.00  two_node_pipeli
06:48:21 PM  1000     30602     14.00      0.00  two_node_pipeli
06:48:21 PM  1000     30591     14.00      0.00  two_node_pipeli
06:48:21 PM  1000     30604     15.00      0.00  two_node_pipeli

06:48:21 PM   UID       PID   cswch/s nvcswch/s  Command
06:48:22 PM  1000     30603     15.00      0.00  two_node_pipeli
06:48:22 PM  1000     30602     14.00      0.00  two_node_pipeli
06:48:22 PM  1000     30591     14.00      0.00  two_node_pipeli
06:48:22 PM  1000     30604     13.00      0.00  two_node_pipeli

06:48:22 PM   UID       PID   cswch/s nvcswch/s  Command
06:48:23 PM  1000     30603     16.00      0.00  two_node_pipeli
06:48:23 PM  1000     30602     16.00      0.00  two_node_pipeli
06:48:23 PM  1000     30591     14.00      0.00  two_node_pipeli
06:48:23 PM  1000     30604     16.00      0.00  two_node_pipeli

06:48:23 PM   UID       PID   cswch/s nvcswch/s  Command
06:48:24 PM  1000     30603     14.00      0.00  two_node_pipeli
06:48:24 PM  1000     30602     14.00      0.00  two_node_pipeli
06:48:24 PM  1000     30591     17.00      0.00  two_node_pipeli
06:48:24 PM  1000     30604     17.00      0.00  two_node_pipeli

06:48:24 PM   UID       PID   cswch/s nvcswch/s  Command
06:48:25 PM  1000     30603     16.00      0.00  two_node_pipeli
06:48:25 PM  1000     30602     17.00      0.00  two_node_pipeli
06:48:25 PM  1000     30591     15.00      0.00  two_node_pipeli
06:48:25 PM  1000     30604     15.00      0.00  two_node_pipeli

06:48:25 PM   UID       PID   cswch/s nvcswch/s  Command
06:48:26 PM  1000     30603     15.00      0.00  two_node_pipeli
06:48:26 PM  1000     30602     16.00      0.00  two_node_pipeli
06:48:26 PM  1000     30591     18.00      0.00  two_node_pipeli
06:48:26 PM  1000     30604     18.00      0.00  two_node_pipeli

06:48:26 PM   UID       PID   cswch/s nvcswch/s  Command
06:48:27 PM  1000     30603     17.00      0.00  two_node_pipeli
06:48:27 PM  1000     30602     16.00      0.00  two_node_pipeli
06:48:27 PM  1000     30591     16.00      0.00  two_node_pipeli
06:48:27 PM  1000     30604     15.00      0.00  two_node_pipeli

06:48:27 PM   UID       PID   cswch/s nvcswch/s  Command
06:48:28 PM  1000     30603     15.00      0.00  two_node_pipeli
06:48:28 PM  1000     30602     16.00      0.00  two_node_pipeli
06:48:28 PM  1000     30591     16.00      0.00  two_node_pipeli
06:48:28 PM  1000     30604     17.00      0.00  two_node_pipeli

06:48:28 PM   UID       PID   cswch/s nvcswch/s  Command
06:48:29 PM  1000     30603     17.00      0.00  two_node_pipeli
06:48:29 PM  1000     30602     17.00      0.00  two_node_pipeli
06:48:29 PM  1000     30591     15.00      0.00  two_node_pipeli
06:48:29 PM  1000     30604     17.00      0.00  two_node_pipeli

06:48:29 PM   UID       PID   cswch/s nvcswch/s  Command
06:48:30 PM  1000     30603     17.00      0.00  two_node_pipeli
06:48:30 PM  1000     30602     15.00      0.00  two_node_pipeli
06:48:30 PM  1000     30591     16.00      0.00  two_node_pipeli
06:48:30 PM  1000     30604     15.00      0.00  two_node_pipeli

06:48:30 PM   UID       PID   cswch/s nvcswch/s  Command
06:48:31 PM  1000     30603     14.00      0.00  two_node_pipeli
06:48:31 PM  1000     30602     15.00      0.00  two_node_pipeli
06:48:31 PM  1000     30591     17.00      0.00  two_node_pipeli
06:48:31 PM  1000     30604     17.00      0.00  two_node_pipeli

06:48:31 PM   UID       PID   cswch/s nvcswch/s  Command
06:48:32 PM  1000     30603     17.00      0.00  two_node_pipeli
06:48:32 PM  1000     30602     16.00      0.00  two_node_pipeli
06:48:32 PM  1000     30591     16.00      0.00  two_node_pipeli
06:48:32 PM  1000     30604     15.00      0.00  two_node_pipeli

06:48:32 PM   UID       PID   cswch/s nvcswch/s  Command
06:48:33 PM  1000     30603     19.00      0.00  two_node_pipeli
06:48:33 PM  1000     30602     17.00      0.00  two_node_pipeli
06:48:33 PM  1000     30591     18.00      0.00  two_node_pipeli
06:48:33 PM  1000     30604     18.00      0.00  two_node_pipeli

06:48:33 PM   UID       PID   cswch/s nvcswch/s  Command
06:48:34 PM  1000     30603     16.00      0.00  two_node_pipeli
06:48:34 PM  1000     30602     15.00      0.00  two_node_pipeli
06:48:34 PM  1000     30591     17.00      0.00  two_node_pipeli
06:48:34 PM  1000     30604     17.00      0.00  two_node_pipeli

06:48:34 PM   UID       PID   cswch/s nvcswch/s  Command
06:48:35 PM  1000     30603     15.00      0.00  two_node_pipeli
06:48:35 PM  1000     30602     14.00      0.00  two_node_pipeli
06:48:35 PM  1000     30591     14.00      0.00  two_node_pipeli
06:48:35 PM  1000     30604     15.00      0.00  two_node_pipeli

06:48:35 PM   UID       PID   cswch/s nvcswch/s  Command
06:48:36 PM  1000     30603     15.00      0.00  two_node_pipeli
06:48:36 PM  1000     30602     14.00      0.00  two_node_pipeli
06:48:36 PM  1000     30591     15.00      0.00  two_node_pipeli
06:48:36 PM  1000     30604     15.00      0.00  two_node_pipeli

06:48:36 PM   UID       PID   cswch/s nvcswch/s  Command
06:48:37 PM  1000     30603     15.00      0.00  two_node_pipeli
06:48:37 PM  1000     30602     15.00      0.00  two_node_pipeli
06:48:37 PM  1000     30591     13.00      0.00  two_node_pipeli
06:48:37 PM  1000     30604     14.00      0.00  two_node_pipeli

06:48:37 PM   UID       PID   cswch/s nvcswch/s  Command
06:48:38 PM  1000     30603     15.00      0.00  two_node_pipeli
06:48:38 PM  1000     30602     14.00      0.00  two_node_pipeli
06:48:38 PM  1000     30591     13.00      0.00  two_node_pipeli
06:48:38 PM  1000     30604     15.00      0.00  two_node_pipeli

06:48:38 PM   UID       PID   cswch/s nvcswch/s  Command
06:48:39 PM  1000     30603     14.00      0.00  two_node_pipeli
06:48:39 PM  1000     30602     14.00      0.00  two_node_pipeli
06:48:39 PM  1000     30591     14.00      0.00  two_node_pipeli
06:48:39 PM  1000     30604     13.00      0.00  two_node_pipeli

06:48:39 PM   UID       PID   cswch/s nvcswch/s  Command
06:48:40 PM  1000     30603     15.00      0.00  two_node_pipeli
06:48:40 PM  1000     30602     14.00      0.00  two_node_pipeli
06:48:40 PM  1000     30591     15.00      0.00  two_node_pipeli
06:48:40 PM  1000     30604     15.00      0.00  two_node_pipeli

06:48:40 PM   UID       PID   cswch/s nvcswch/s  Command
06:48:41 PM  1000     30603     16.00      0.00  two_node_pipeli
06:48:41 PM  1000     30602     15.00      0.00  two_node_pipeli
06:48:41 PM  1000     30591     13.00      0.00  two_node_pipeli
06:48:41 PM  1000     30604     15.00      0.00  two_node_pipeli

06:48:41 PM   UID       PID   cswch/s nvcswch/s  Command
06:48:42 PM  1000     30603     16.00      0.00  two_node_pipeli
06:48:42 PM  1000     30602     16.00      0.00  two_node_pipeli
06:48:42 PM  1000     30591     16.00      0.00  two_node_pipeli
06:48:42 PM  1000     30604     15.00      0.00  two_node_pipeli

06:48:42 PM   UID       PID   cswch/s nvcswch/s  Command
06:48:43 PM  1000     30603     14.00      0.00  two_node_pipeli
06:48:43 PM  1000     30602     17.00      0.00  two_node_pipeli
06:48:43 PM  1000     30591     17.00      0.00  two_node_pipeli
06:48:43 PM  1000     30604     15.00      0.00  two_node_pipeli

06:48:43 PM   UID       PID   cswch/s nvcswch/s  Command
06:48:44 PM  1000     30603     17.00      0.00  two_node_pipeli
06:48:44 PM  1000     30602     16.00      0.00  two_node_pipeli
06:48:44 PM  1000     30591     16.00      0.00  two_node_pipeli
06:48:44 PM  1000     30604     17.00      0.00  two_node_pipeli

06:48:44 PM   UID       PID   cswch/s nvcswch/s  Command
06:48:45 PM  1000     30603     17.00      0.00  two_node_pipeli
06:48:45 PM  1000     30602     17.00      0.00  two_node_pipeli
06:48:45 PM  1000     30591     16.00      0.00  two_node_pipeli
06:48:45 PM  1000     30604     17.00      0.00  two_node_pipeli

06:48:45 PM   UID       PID   cswch/s nvcswch/s  Command
06:48:46 PM  1000     30603     16.00      0.00  two_node_pipeli
06:48:46 PM  1000     30602     16.00      0.00  two_node_pipeli
06:48:46 PM  1000     30591     16.00      0.00  two_node_pipeli
06:48:46 PM  1000     30604     15.00      0.00  two_node_pipeli

06:48:46 PM   UID       PID   cswch/s nvcswch/s  Command
06:48:47 PM  1000     30603     16.00      0.00  two_node_pipeli
06:48:47 PM  1000     30602     16.00      0.00  two_node_pipeli
06:48:47 PM  1000     30591     15.00      0.00  two_node_pipeli
06:48:47 PM  1000     30604     14.00      0.00  two_node_pipeli

06:48:47 PM   UID       PID   cswch/s nvcswch/s  Command
06:48:48 PM  1000     30603     15.00      0.00  two_node_pipeli
06:48:48 PM  1000     30602     15.00      0.00  two_node_pipeli
06:48:48 PM  1000     30591     15.00      0.00  two_node_pipeli
06:48:48 PM  1000     30604     14.00      0.00  two_node_pipeli

06:48:48 PM   UID       PID   cswch/s nvcswch/s  Command
06:48:49 PM  1000     30603     16.00      0.00  two_node_pipeli
06:48:49 PM  1000     30602     15.00      0.00  two_node_pipeli
06:48:49 PM  1000     30591     15.00      0.00  two_node_pipeli
06:48:49 PM  1000     30604     16.00      0.00  two_node_pipeli

06:48:49 PM   UID       PID   cswch/s nvcswch/s  Command
06:48:50 PM  1000     30603     16.00      0.00  two_node_pipeli
06:48:50 PM  1000     30602     17.00      0.00  two_node_pipeli
06:48:50 PM  1000     30591     17.00      0.00  two_node_pipeli
06:48:50 PM  1000     30604     17.00      0.00  two_node_pipeli

06:48:50 PM   UID       PID   cswch/s nvcswch/s  Command
06:48:51 PM  1000     30603     16.00      0.00  two_node_pipeli
06:48:51 PM  1000     30602     15.00      0.00  two_node_pipeli
06:48:51 PM  1000     30591     16.00      0.00  two_node_pipeli
06:48:51 PM  1000     30604     14.00      0.00  two_node_pipeli

06:48:51 PM   UID       PID   cswch/s nvcswch/s  Command
06:48:52 PM  1000     30603     16.00      0.00  two_node_pipeli
06:48:52 PM  1000     30602     16.00      0.00  two_node_pipeli
06:48:52 PM  1000     30591     14.00      0.00  two_node_pipeli
06:48:52 PM  1000     30604     16.00      0.00  two_node_pipeli

06:48:52 PM   UID       PID   cswch/s nvcswch/s  Command
06:48:53 PM  1000     30603     16.00      0.00  two_node_pipeli
06:48:53 PM  1000     30602     16.00      0.00  two_node_pipeli
06:48:53 PM  1000     30591     16.00      0.00  two_node_pipeli
06:48:53 PM  1000     30604     16.00      0.00  two_node_pipeli

06:48:53 PM   UID       PID   cswch/s nvcswch/s  Command
06:48:54 PM  1000     30603     16.00      0.00  two_node_pipeli
06:48:54 PM  1000     30602     17.00      0.00  two_node_pipeli
06:48:54 PM  1000     30591     15.00      0.00  two_node_pipeli
06:48:54 PM  1000     30604     16.00      0.00  two_node_pipeli

06:48:54 PM   UID       PID   cswch/s nvcswch/s  Command
06:48:55 PM  1000     30603     16.00      0.00  two_node_pipeli
06:48:55 PM  1000     30602     17.00      0.00  two_node_pipeli
06:48:55 PM  1000     30591     19.00      0.00  two_node_pipeli
06:48:55 PM  1000     30604     15.00      0.00  two_node_pipeli

06:48:55 PM   UID       PID   cswch/s nvcswch/s  Command
06:48:56 PM  1000     30603     16.00      0.00  two_node_pipeli
06:48:56 PM  1000     30602     17.00      0.00  two_node_pipeli
06:48:56 PM  1000     30591     16.00      0.00  two_node_pipeli
06:48:56 PM  1000     30604     15.00      0.00  two_node_pipeli

06:48:56 PM   UID       PID   cswch/s nvcswch/s  Command
06:48:57 PM  1000     30603     19.00      0.00  two_node_pipeli
06:48:57 PM  1000     30602     17.00      0.00  two_node_pipeli
06:48:57 PM  1000     30591     16.00      0.00  two_node_pipeli
06:48:57 PM  1000     30604     18.00      0.00  two_node_pipeli

06:48:57 PM   UID       PID   cswch/s nvcswch/s  Command
06:48:58 PM  1000     30603     13.00      0.00  two_node_pipeli
06:48:58 PM  1000     30602     16.00      0.00  two_node_pipeli
06:48:58 PM  1000     30591     17.00      0.00  two_node_pipeli
06:48:58 PM  1000     30604     16.00      0.00  two_node_pipeli

06:48:58 PM   UID       PID   cswch/s nvcswch/s  Command
06:48:59 PM  1000     30603     17.00      0.00  two_node_pipeli
06:48:59 PM  1000     30602     16.00      0.00  two_node_pipeli
06:48:59 PM  1000     30591     15.00      0.00  two_node_pipeli
06:48:59 PM  1000     30604     18.00      0.00  two_node_pipeli

06:48:59 PM   UID       PID   cswch/s nvcswch/s  Command
06:49:00 PM  1000     30603     18.00      0.00  two_node_pipeli
06:49:00 PM  1000     30602     19.00      0.00  two_node_pipeli
06:49:00 PM  1000     30591     16.00      0.00  two_node_pipeli
06:49:00 PM  1000     30604     16.00      0.00  two_node_pipeli

06:49:00 PM   UID       PID   cswch/s nvcswch/s  Command
06:49:01 PM  1000     30603     16.00      0.00  two_node_pipeli
06:49:01 PM  1000     30602     17.00      0.00  two_node_pipeli
06:49:01 PM  1000     30591     17.00      0.00  two_node_pipeli
06:49:01 PM  1000     30604     17.00      0.00  two_node_pipeli

06:49:01 PM   UID       PID   cswch/s nvcswch/s  Command
06:49:02 PM  1000     30603     16.00      0.00  two_node_pipeli
06:49:02 PM  1000     30602     17.00      0.00  two_node_pipeli
06:49:02 PM  1000     30591     15.00      0.00  two_node_pipeli
06:49:02 PM  1000     30604     16.00      0.00  two_node_pipeli

Average:      UID       PID   cswch/s nvcswch/s  Command
Average:     1000     30603     15.90      0.00  two_node_pipeli
Average:     1000     30602     15.77      0.00  two_node_pipeli
Average:     1000     30591     15.88      0.00  two_node_pipeli
Average:     1000     30604     15.92      0.00  two_node_pipeli
