Linux 5.15.0-121-generic (NEU) 	09/15/2024 	_x86_64_	(16 CPU)

06:55:50 PM   UID       PID    %usr %system  %guest   %wait    %CPU   CPU  Command
06:55:51 PM  1000     10039    1.00    0.00    0.00   57.00    1.00     7  two_node_pipeli
06:55:52 PM  1000     10039    1.00    1.00    0.00   30.00    2.00     7  two_node_pipeli
06:55:53 PM  1000     10039    2.00    0.00    0.00   86.00    2.00     6  two_node_pipeli
06:55:54 PM  1000     10039    1.00    1.00    0.00   78.00    2.00     6  two_node_pipeli
06:55:55 PM  1000     10039    1.00    0.00    0.00   59.00    1.00     6  two_node_pipeli
06:55:56 PM  1000     10039    1.00    0.00    0.00   60.00    1.00     6  two_node_pipeli
06:55:57 PM  1000     10039    0.00    1.00    0.00    5.00    1.00     7  two_node_pipeli
06:55:58 PM  1000     10039    1.00    0.00    0.00    4.00    1.00     7  two_node_pipeli
06:55:59 PM  1000     10039    3.00    0.00    0.00  110.00    3.00     6  two_node_pipeli
06:56:00 PM  1000     10039    2.00    0.00    0.00   38.00    2.00     7  two_node_pipeli
06:56:01 PM  1000     10039    3.00    3.00    0.00   13.00    6.00     6  two_node_pipeli
06:56:02 PM  1000     10039    3.96    3.96    0.00   87.13    7.92     6  two_node_pipeli
06:56:03 PM  1000     10039    5.00    3.00    0.00   95.00    8.00     6  two_node_pipeli
06:56:04 PM  1000     10039    9.00    4.00    0.00   91.00   13.00     6  two_node_pipeli
06:56:05 PM  1000     10039    5.00    6.00    0.00   90.00   11.00     6  two_node_pipeli
06:56:06 PM  1000     10039   16.00    1.00    0.00   84.00   17.00     7  two_node_pipeli
06:56:07 PM  1000     10039   34.00    2.00    0.00   78.00   36.00     6  two_node_pipeli
06:56:08 PM  1000     10039   23.00    0.00    0.00   82.00   23.00     7  two_node_pipeli
06:56:09 PM  1000     10039   38.00    1.00    0.00   79.00   39.00     6  two_node_pipeli
06:56:10 PM  1000     10039   25.00    2.00    0.00   84.00   27.00     7  two_node_pipeli
06:56:11 PM  1000     10039   21.00    1.00    0.00   89.00   22.00     7  two_node_pipeli
06:56:12 PM  1000     10039    7.00    3.00    0.00   87.00   10.00     6  two_node_pipeli
06:56:13 PM  1000     10039    8.00    2.00    0.00   82.00   10.00     7  two_node_pipeli
06:56:14 PM  1000     10039    6.00    1.00    0.00   47.00    7.00     7  two_node_pipeli
06:56:15 PM  1000     10039    1.98    0.99    0.00   99.01    2.97     7  two_node_pipeli
06:56:16 PM  1000     10039    4.00    2.00    0.00   96.00    6.00     6  two_node_pipeli
06:56:17 PM  1000     10039    0.00    0.00    0.00   62.38    0.00     7  two_node_pipeli
06:56:18 PM  1000     10039    1.00    0.00    0.00   99.00    1.00     6  two_node_pipeli
06:56:19 PM  1000     10039    0.99    0.00    0.00  111.88    0.99     7  two_node_pipeli
06:56:20 PM  1000     10039    2.00    0.00    0.00  111.00    2.00     6  two_node_pipeli
06:56:21 PM  1000     10039    0.00    0.00    0.00   54.00    0.00     7  two_node_pipeli
06:56:22 PM  1000     10039    7.00    0.00    0.00  148.00    7.00     7  two_node_pipeli
06:56:23 PM  1000     10039   14.00    1.00    0.00   81.00   15.00     6  two_node_pipeli
06:56:24 PM  1000     10039    3.96    1.98    0.00   97.03    5.94     6  two_node_pipeli
06:56:25 PM  1000     10039    3.96    0.99    0.00   65.35    4.95     6  two_node_pipeli
06:56:26 PM  1000     10039    0.00    0.00    0.00   43.00    0.00     7  two_node_pipeli
06:56:27 PM  1000     10039    0.99    0.00    0.00  110.89    0.99     6  two_node_pipeli
06:56:28 PM  1000     10039    0.00    0.00    0.00  158.00    0.00     7  two_node_pipeli
06:56:29 PM  1000     10039    2.00    1.00    0.00   87.00    3.00     7  two_node_pipeli
06:56:30 PM  1000     10039    0.00    0.00    0.00   18.00    0.00     6  two_node_pipeli
06:56:31 PM  1000     10039    0.00    1.00    0.00  120.00    1.00     6  two_node_pipeli
06:56:32 PM  1000     10039    0.99    0.00    0.00    0.00    0.99     6  two_node_pipeli
06:56:33 PM  1000     10039    1.00    0.00    0.00   44.00    1.00     6  two_node_pipeli
06:56:34 PM  1000     10039    0.00    0.00    0.00    0.00    0.00     6  two_node_pipeli
06:56:35 PM  1000     10039    4.00    0.00    0.00  215.00    4.00     7  two_node_pipeli
06:56:36 PM  1000     10039    0.99    0.00    0.00   59.41    0.99     7  two_node_pipeli
06:56:37 PM  1000     10039    1.00    0.00    0.00  152.00    1.00     7  two_node_pipeli
06:56:38 PM  1000     10039    0.00    0.00    0.00    0.00    0.00     7  two_node_pipeli
06:56:39 PM  1000     10039    2.00    0.00    0.00  199.00    2.00     6  two_node_pipeli
06:56:40 PM  1000     10039    0.00    0.00    0.00   53.00    0.00     6  two_node_pipeli
06:56:41 PM  1000     10039    0.00    0.00    0.00    0.00    0.00     6  two_node_pipeli
06:56:42 PM  1000     10039    2.00    0.00    0.00  101.00    2.00     6  two_node_pipeli
06:56:43 PM  1000     10039    0.00    0.00    0.00   91.00    0.00     6  two_node_pipeli
06:56:44 PM  1000     10039    0.99    0.00    0.00    3.96    0.99     7  two_node_pipeli
06:56:45 PM  1000     10039    0.00    0.00    0.00  168.00    0.00     7  two_node_pipeli
06:56:46 PM  1000     10039    2.00    0.00    0.00   69.00    2.00     6  two_node_pipeli
06:56:47 PM  1000     10039    1.00    0.00    0.00  125.00    1.00     7  two_node_pipeli
06:56:48 PM  1000     10039    1.00    0.00    0.00   79.00    1.00     6  two_node_pipeli
06:56:49 PM  1000     10039    0.00    0.00    0.00  122.00    0.00     7  two_node_pipeli
06:56:50 PM  1000     10039    1.00    1.00    0.00    0.00    2.00     7  two_node_pipeli
06:56:51 PM  1000     10039    1.00    0.00    0.00  183.00    1.00     7  two_node_pipeli
06:56:52 PM  1000     10039    0.99    0.00    0.00   85.15    0.99     7  two_node_pipeli
06:56:53 PM  1000     10039    1.00    0.00    0.00   94.00    1.00     7  two_node_pipeli
06:56:54 PM  1000     10039    1.00    0.00    0.00  116.00    1.00     6  two_node_pipeli
06:56:55 PM  1000     10039    6.00    0.00    0.00   61.00    6.00     6  two_node_pipeli
06:56:56 PM  1000     10039    2.00    0.00    0.00  104.00    2.00     7  two_node_pipeli
06:56:57 PM  1000     10039    0.00    1.00    0.00   75.00    1.00     7  two_node_pipeli
06:56:58 PM  1000     10039    4.00    0.00    0.00  105.00    4.00     6  two_node_pipeli
06:56:59 PM  1000     10039    1.00    0.00    0.00    0.00    1.00     6  two_node_pipeli
06:57:00 PM  1000     10039    0.00    0.00    0.00    0.00    0.00     6  two_node_pipeli
06:57:01 PM  1000     10039    1.00    0.00    0.00    0.00    1.00     6  two_node_pipeli
06:57:02 PM  1000     10039    0.99    0.00    0.00   13.86    0.99     6  two_node_pipeli
06:57:03 PM  1000     10039    2.00    0.00    0.00   82.00    2.00     6  two_node_pipeli
06:57:04 PM  1000     10039    2.00    0.00    0.00  115.00    2.00     7  two_node_pipeli
06:57:05 PM  1000     10039    0.00    0.00    0.00   61.00    0.00     6  two_node_pipeli
06:57:06 PM  1000     10039    4.00    1.00    0.00  140.00    5.00     6  two_node_pipeli
06:57:07 PM  1000     10039    0.00    0.00    0.00   79.00    0.00     6  two_node_pipeli
06:57:08 PM  1000     10039    4.00    1.00    0.00   74.00    5.00     7  two_node_pipeli
06:57:09 PM  1000     10039    1.00    0.00    0.00   36.00    1.00     7  two_node_pipeli
06:57:10 PM  1000     10039    2.00    1.00    0.00   74.00    3.00     6  two_node_pipeli
06:57:11 PM  1000     10039    1.00    0.00    0.00   44.00    1.00     6  two_node_pipeli
06:57:12 PM  1000     10039    1.00    0.00    0.00  133.00    1.00     6  two_node_pipeli
06:57:13 PM  1000     10039    2.00    1.00    0.00  112.00    3.00     6  two_node_pipeli
06:57:14 PM  1000     10039    2.00    0.00    0.00  110.00    2.00     7  two_node_pipeli
06:57:15 PM  1000     10039    4.00    1.00    0.00  104.00    5.00     6  two_node_pipeli
06:57:16 PM  1000     10039    4.00    1.00    0.00   87.00    5.00     7  two_node_pipeli
06:57:17 PM  1000     10039   20.59    0.98    0.00   80.39   21.57     6  two_node_pipeli
06:57:18 PM  1000     10039    1.00    1.00    0.00   96.00    2.00     7  two_node_pipeli
06:57:19 PM  1000     10039    4.00    0.00    0.00  112.00    4.00     6  two_node_pipeli
06:57:20 PM  1000     10039    3.00    2.00    0.00   56.00    5.00     7  two_node_pipeli
06:57:21 PM  1000     10039    5.00    1.00    0.00   94.00    6.00     6  two_node_pipeli
06:57:22 PM  1000     10039    1.98    0.00    0.00   58.42    1.98     7  two_node_pipeli
06:57:23 PM  1000     10039    1.00    0.00    0.00  127.00    1.00     7  two_node_pipeli
06:57:24 PM  1000     10039    0.00    0.00    0.00   48.00    0.00     6  two_node_pipeli
06:57:25 PM  1000     10039    2.00    0.00    0.00  102.00    2.00     6  two_node_pipeli
06:57:26 PM  1000     10039    2.00    0.00    0.00   40.00    2.00     6  two_node_pipeli
06:57:27 PM  1000     10039    1.98    0.00    0.00  123.76    1.98     7  two_node_pipeli
06:57:28 PM  1000     10039    2.00    0.00    0.00   38.00    2.00     7  two_node_pipeli
06:57:29 PM  1000     10039    1.00    1.00    0.00  140.00    2.00     7  two_node_pipeli
06:57:30 PM  1000     10039    0.00    0.00    0.00    0.00    0.00     7  two_node_pipeli
06:57:31 PM  1000     10039    2.00    0.00    0.00  185.00    2.00     6  two_node_pipeli
06:57:32 PM  1000     10039    0.99    0.00    0.00   65.35    0.99     6  two_node_pipeli
06:57:33 PM  1000     10039    0.00    0.00    0.00   95.00    0.00     6  two_node_pipeli
06:57:34 PM  1000     10039    2.00    0.00    0.00  153.00    2.00     7  two_node_pipeli
06:57:35 PM  1000     10039    4.95    0.99    0.00   53.47    5.94     6  two_node_pipeli
06:57:36 PM  1000     10039    8.00    1.00    0.00   43.00    9.00     7  two_node_pipeli
06:57:37 PM  1000     10039    4.00    0.00    0.00   80.00    4.00     6  two_node_pipeli
06:57:38 PM  1000     10039   35.00    1.00    0.00   78.00   36.00     7  two_node_pipeli
06:57:39 PM  1000     10039   65.00    3.00    0.00   59.00   68.00     7  two_node_pipeli
06:57:40 PM  1000     10039   69.00    1.00    0.00   56.00   70.00     6  two_node_pipeli
06:57:41 PM  1000     10039   66.00    0.00    0.00   57.00   66.00     6  two_node_pipeli
06:57:42 PM  1000     10039   67.00    2.00    0.00   52.00   69.00     6  two_node_pipeli
06:57:43 PM  1000     10039   67.00    1.00    0.00   56.00   68.00     6  two_node_pipeli
06:57:44 PM  1000     10039   57.43    1.98    0.00   66.34   59.41     7  two_node_pipeli
06:57:45 PM  1000     10039   46.00    1.00    0.00   73.00   47.00     7  two_node_pipeli
06:57:46 PM  1000     10039   46.00    2.00    0.00   72.00   48.00     6  two_node_pipeli
06:57:47 PM  1000     10039   30.00    1.00    0.00   72.00   31.00     6  two_node_pipeli
06:57:48 PM  1000     10039   46.00    2.00    0.00   68.00   48.00     6  two_node_pipeli
06:57:49 PM  1000     10039   17.00    0.00    0.00   82.00   17.00     7  two_node_pipeli
06:57:50 PM  1000     10039   13.00    1.00    0.00   86.00   14.00     6  two_node_pipeli
06:57:51 PM  1000     10039   32.00    0.00    0.00   73.00   32.00     7  two_node_pipeli
06:57:52 PM  1000     10039   58.00    3.00    0.00   63.00   61.00     7  two_node_pipeli
06:57:53 PM  1000     10039   57.00    2.00    0.00   62.00   59.00     6  two_node_pipeli
06:57:54 PM  1000     10039   64.00    0.00    0.00   56.00   64.00     7  two_node_pipeli
06:57:55 PM  1000     10039   66.00    2.00    0.00   55.00   68.00     6  two_node_pipeli
06:57:56 PM  1000     10039   68.00    1.00    0.00   54.00   69.00     7  two_node_pipeli
06:57:57 PM  1000     10039   67.33    1.98    0.00   55.45   69.31     7  two_node_pipeli
06:57:58 PM  1000     10039   66.00    1.00    0.00   50.00   67.00     6  two_node_pipeli
06:57:59 PM  1000     10039   67.00    1.00    0.00   55.00   68.00     6  two_node_pipeli
06:58:00 PM  1000     10039   68.00    0.00    0.00   52.00   68.00     7  two_node_pipeli
06:58:01 PM  1000     10039   67.00    1.00    0.00   61.00   68.00     7  two_node_pipeli
06:58:02 PM  1000     10039   67.00    1.00    0.00   50.00   68.00     7  two_node_pipeli
06:58:03 PM  1000     10039   67.00    2.00    0.00   59.00   69.00     6  two_node_pipeli
06:58:04 PM  1000     10039   66.00    1.00    0.00   52.00   67.00     6  two_node_pipeli
06:58:05 PM  1000     10039   65.00    3.00    0.00   54.00   68.00     7  two_node_pipeli
06:58:06 PM  1000     10039   65.00    1.00    0.00   63.00   66.00     7  two_node_pipeli
06:58:07 PM  1000     10039   67.00    1.00    0.00   55.00   68.00     6  two_node_pipeli
06:58:08 PM  1000     10039   67.00    1.00    0.00   56.00   68.00     6  two_node_pipeli
06:58:09 PM  1000     10039   65.00    2.00    0.00   53.00   67.00     6  two_node_pipeli
06:58:10 PM  1000     10039   64.00    2.00    0.00   53.00   66.00     7  two_node_pipeli
06:58:11 PM  1000     10039   67.00    1.00    0.00   57.00   68.00     6  two_node_pipeli
06:58:12 PM  1000     10039   69.00    1.00    0.00   53.00   70.00     6  two_node_pipeli
06:58:13 PM  1000     10039   67.00    2.00    0.00   54.00   69.00     6  two_node_pipeli
06:58:14 PM  1000     10039   64.00    3.00    0.00   62.00   67.00     7  two_node_pipeli
06:58:15 PM  1000     10039   66.00    2.00    0.00   56.00   68.00     6  two_node_pipeli
06:58:16 PM  1000     10039   67.00    1.00    0.00   55.00   68.00     6  two_node_pipeli
06:58:17 PM  1000     10039   66.00    2.00    0.00   53.00   68.00     6  two_node_pipeli
06:58:18 PM  1000     10039   66.00    2.00    0.00   55.00   68.00     6  two_node_pipeli
06:58:19 PM  1000     10039   69.00    0.00    0.00   54.00   69.00     7  two_node_pipeli
06:58:20 PM  1000     10039   66.00    0.00    0.00   59.00   66.00     7  two_node_pipeli
06:58:21 PM  1000     10039   67.33    0.00    0.00   55.45   67.33     6  two_node_pipeli
06:58:22 PM  1000     10039   69.00    1.00    0.00   56.00   70.00     7  two_node_pipeli
06:58:23 PM  1000     10039   64.00    1.00    0.00   53.00   65.00     6  two_node_pipeli
06:58:24 PM  1000     10039   68.00    0.00    0.00   61.00   68.00     7  two_node_pipeli
06:58:25 PM  1000     10039   67.00    1.00    0.00   60.00   68.00     6  two_node_pipeli
06:58:26 PM  1000     10039   62.00    2.00    0.00   54.00   64.00     6  two_node_pipeli
06:58:27 PM  1000     10039   66.00    2.00    0.00   54.00   68.00     7  two_node_pipeli
06:58:28 PM  1000     10039   63.00    1.00    0.00   57.00   64.00     7  two_node_pipeli
06:58:29 PM  1000     10039   59.00    1.00    0.00   53.00   60.00     7  two_node_pipeli
06:58:30 PM  1000     10039   66.00    2.00    0.00   51.00   68.00     6  two_node_pipeli
06:58:31 PM  1000     10039   65.00    2.00    0.00   55.00   67.00     6  two_node_pipeli
06:58:32 PM  1000     10039   67.00    2.00    0.00   58.00   69.00     7  two_node_pipeli
06:58:33 PM  1000     10039   57.00    0.00    0.00   70.00   57.00     6  two_node_pipeli
06:58:34 PM  1000     10039   68.00    1.00    0.00   60.00   69.00     6  two_node_pipeli
06:58:35 PM  1000     10039   66.00    1.00    0.00   47.00   67.00     7  two_node_pipeli
06:58:36 PM  1000     10039   67.00    1.00    0.00   55.00   68.00     7  two_node_pipeli
06:58:37 PM  1000     10039   68.00    1.00    0.00   49.00   69.00     7  two_node_pipeli
06:58:38 PM  1000     10039   65.35    1.98    0.00   53.47   67.33     7  two_node_pipeli
06:58:39 PM  1000     10039   67.00    2.00    0.00   55.00   69.00     7  two_node_pipeli
06:58:40 PM  1000     10039   66.00    1.00    0.00   60.00   67.00     7  two_node_pipeli
06:58:41 PM  1000     10039   63.00    1.00    0.00   58.00   64.00     7  two_node_pipeli
06:58:42 PM  1000     10039   66.00    1.00    0.00   56.00   67.00     7  two_node_pipeli
06:58:43 PM  1000     10039   66.00    2.00    0.00   56.00   68.00     7  two_node_pipeli
06:58:44 PM  1000     10039   65.00    1.00    0.00   60.00   66.00     7  two_node_pipeli
06:58:45 PM  1000     10039   69.00    1.00    0.00   59.00   70.00     7  two_node_pipeli
06:58:46 PM  1000     10039   65.00    2.00    0.00   55.00   67.00     6  two_node_pipeli
06:58:47 PM  1000     10039   67.00    2.00    0.00   55.00   69.00     6  two_node_pipeli
06:58:48 PM  1000     10039   66.00    1.00    0.00   54.00   67.00     7  two_node_pipeli
06:58:49 PM  1000     10039   65.00    2.00    0.00   58.00   67.00     7  two_node_pipeli
06:58:50 PM  1000     10039   64.36    1.98    0.00   51.49   66.34     6  two_node_pipeli
Average:     1000     10039   27.32    0.88    0.00   71.01   28.20     -  two_node_pipeli
