Linux 5.15.0-122-generic (NEU) 	09/20/2024 	_x86_64_	(16 CPU)

03:19:26 PM  CPU    %usr   %nice    %sys %iowait    %irq   %soft  %steal  %guest  %gnice   %idle
03:19:27 PM    0   66.00    0.00    0.00    0.00    0.00    0.00    0.00    0.00    0.00   34.00
03:19:27 PM    1   69.31    0.00    0.99    0.00    0.00    0.00    0.00    0.00    0.00   29.70

03:19:27 PM  CPU    %usr   %nice    %sys %iowait    %irq   %soft  %steal  %guest  %gnice   %idle
03:19:28 PM    0   58.42    0.00    0.00    0.99    0.00    0.00    0.00    0.00    0.00   40.59
03:19:28 PM    1   51.00    0.00    0.00    0.00    0.00    0.00    0.00    0.00    0.00   49.00

03:19:28 PM  CPU    %usr   %nice    %sys %iowait    %irq   %soft  %steal  %guest  %gnice   %idle
03:19:29 PM    0   64.00    0.00    0.00    1.00    0.00    0.00    0.00    0.00    0.00   35.00
03:19:29 PM    1   65.35    0.00    0.00    0.00    0.00    0.00    0.00    0.00    0.00   34.65

03:19:29 PM  CPU    %usr   %nice    %sys %iowait    %irq   %soft  %steal  %guest  %gnice   %idle
03:19:30 PM    0   63.37    0.00    0.00    0.00    0.00    0.00    0.00    0.00    0.00   36.63
03:19:30 PM    1   60.00    0.00    0.00    0.00    0.00    0.00    0.00    0.00    0.00   40.00

03:19:30 PM  CPU    %usr   %nice    %sys %iowait    %irq   %soft  %steal  %guest  %gnice   %idle
03:19:31 PM    0   57.58    0.00    0.00    0.00    0.00    0.00    0.00    0.00    0.00   42.42
03:19:31 PM    1   59.00    0.00    0.00    0.00    0.00    0.00    0.00    0.00    0.00   41.00

03:19:31 PM  CPU    %usr   %nice    %sys %iowait    %irq   %soft  %steal  %guest  %gnice   %idle
03:19:32 PM    0   61.39    0.00    0.99    0.00    0.00    0.00    0.00    0.00    0.00   37.62
03:19:32 PM    1   68.00    0.00    0.00    0.00    0.00    0.00    0.00    0.00    0.00   32.00

03:19:32 PM  CPU    %usr   %nice    %sys %iowait    %irq   %soft  %steal  %guest  %gnice   %idle
03:19:33 PM    0   58.59    0.00    0.00    1.01    0.00    0.00    0.00    0.00    0.00   40.40
03:19:33 PM    1   64.29    0.00    0.00    0.00    0.00    0.00    0.00    0.00    0.00   35.71

03:19:33 PM  CPU    %usr   %nice    %sys %iowait    %irq   %soft  %steal  %guest  %gnice   %idle
03:19:34 PM    0   64.36    0.00    0.00    0.00    0.00    0.00    0.00    0.00    0.00   35.64
03:19:34 PM    1   58.00    0.00    0.00    0.00    0.00    0.00    0.00    0.00    0.00   42.00

03:19:34 PM  CPU    %usr   %nice    %sys %iowait    %irq   %soft  %steal  %guest  %gnice   %idle
03:19:35 PM    0   58.42    0.00    0.00    0.00    0.00    0.00    0.00    0.00    0.00   41.58
03:19:35 PM    1   64.00    0.00    0.00    0.00    0.00    0.00    0.00    0.00    0.00   36.00

03:19:35 PM  CPU    %usr   %nice    %sys %iowait    %irq   %soft  %steal  %guest  %gnice   %idle
03:19:36 PM    0   52.53    0.00    0.00    0.00    0.00    0.00    0.00    0.00    0.00   47.47
03:19:36 PM    1   69.31    0.00    0.00    0.00    0.00    0.00    0.00    0.00    0.00   30.69

03:19:36 PM  CPU    %usr   %nice    %sys %iowait    %irq   %soft  %steal  %guest  %gnice   %idle
03:19:37 PM    0   72.00    0.00    0.00    0.00    0.00    0.00    0.00    0.00    0.00   28.00
03:19:37 PM    1   49.49    0.00    0.00    0.00    0.00    0.00    0.00    0.00    0.00   50.51

03:19:37 PM  CPU    %usr   %nice    %sys %iowait    %irq   %soft  %steal  %guest  %gnice   %idle
03:19:38 PM    0   61.39    0.00    0.00    0.99    0.00    0.00    0.00    0.00    0.00   37.62
03:19:38 PM    1   53.54    0.00    0.00    0.00    0.00    0.00    0.00    0.00    0.00   46.46

03:19:38 PM  CPU    %usr   %nice    %sys %iowait    %irq   %soft  %steal  %guest  %gnice   %idle
03:19:39 PM    0   71.00    0.00    0.00    0.00    0.00    0.00    0.00    0.00    0.00   29.00
03:19:39 PM    1   64.00    0.00    0.00    0.00    0.00    0.00    0.00    0.00    0.00   36.00

03:19:39 PM  CPU    %usr   %nice    %sys %iowait    %irq   %soft  %steal  %guest  %gnice   %idle
03:19:40 PM    0   59.60    0.00    0.00    0.00    0.00    0.00    0.00    0.00    0.00   40.40
03:19:40 PM    1   49.00    0.00    0.00    0.00    0.00    0.00    0.00    0.00    0.00   51.00

03:19:40 PM  CPU    %usr   %nice    %sys %iowait    %irq   %soft  %steal  %guest  %gnice   %idle
03:19:41 PM    0   69.31    0.00    0.00    0.99    0.00    0.00    0.00    0.00    0.00   29.70
03:19:41 PM    1   66.00    0.00    0.00    0.00    0.00    0.00    0.00    0.00    0.00   34.00

03:19:41 PM  CPU    %usr   %nice    %sys %iowait    %irq   %soft  %steal  %guest  %gnice   %idle
03:19:42 PM    0   53.00    0.00    0.00    0.00    0.00    0.00    0.00    0.00    0.00   47.00
03:19:42 PM    1   61.62    0.00    0.00    0.00    0.00    0.00    0.00    0.00    0.00   38.38

03:19:42 PM  CPU    %usr   %nice    %sys %iowait    %irq   %soft  %steal  %guest  %gnice   %idle
03:19:43 PM    0   62.63    0.00    0.00    0.00    0.00    0.00    0.00    0.00    0.00   37.37
03:19:43 PM    1   60.40    0.00    0.00    0.00    0.00    0.00    0.00    0.00    0.00   39.60

03:19:43 PM  CPU    %usr   %nice    %sys %iowait    %irq   %soft  %steal  %guest  %gnice   %idle
03:19:44 PM    0   59.60    0.00    0.00    0.00    0.00    0.00    0.00    0.00    0.00   40.40
03:19:44 PM    1   62.38    0.00    0.99    0.00    0.00    0.00    0.00    0.00    0.00   36.63

03:19:44 PM  CPU    %usr   %nice    %sys %iowait    %irq   %soft  %steal  %guest  %gnice   %idle
03:19:45 PM    0   66.67    0.00    0.98    0.00    0.00    0.00    0.00    0.00    0.00   32.35
03:19:45 PM    1   54.00    0.00    0.00    0.00    0.00    0.00    0.00    0.00    0.00   46.00

03:19:45 PM  CPU    %usr   %nice    %sys %iowait    %irq   %soft  %steal  %guest  %gnice   %idle
03:19:46 PM    0   64.00    0.00    0.00    0.00    0.00    0.00    0.00    0.00    0.00   36.00
03:19:46 PM    1   58.42    0.00    0.00    0.00    0.00    0.00    0.00    0.00    0.00   41.58

03:19:46 PM  CPU    %usr   %nice    %sys %iowait    %irq   %soft  %steal  %guest  %gnice   %idle
03:19:47 PM    0   60.78    0.00    0.98    0.00    0.00    0.00    0.00    0.00    0.00   38.24
03:19:47 PM    1   62.00    0.00    0.00    0.00    0.00    0.00    0.00    0.00    0.00   38.00

03:19:47 PM  CPU    %usr   %nice    %sys %iowait    %irq   %soft  %steal  %guest  %gnice   %idle
03:19:48 PM    0   71.00    0.00    0.00    1.00    0.00    0.00    0.00    0.00    0.00   28.00
03:19:48 PM    1   55.10    0.00    0.00    0.00    0.00    0.00    0.00    0.00    0.00   44.90

03:19:48 PM  CPU    %usr   %nice    %sys %iowait    %irq   %soft  %steal  %guest  %gnice   %idle
03:19:49 PM    0   65.66    0.00    0.00    0.00    0.00    0.00    0.00    0.00    0.00   34.34
03:19:49 PM    1   50.50    0.00    0.00    0.00    0.00    0.00    0.00    0.00    0.00   49.50

03:19:49 PM  CPU    %usr   %nice    %sys %iowait    %irq   %soft  %steal  %guest  %gnice   %idle
03:19:50 PM    0   58.42    0.00    0.00    0.00    0.00    0.00    0.00    0.00    0.00   41.58
03:19:50 PM    1   62.00    0.00    0.00    0.00    0.00    0.00    0.00    0.00    0.00   38.00

03:19:50 PM  CPU    %usr   %nice    %sys %iowait    %irq   %soft  %steal  %guest  %gnice   %idle
03:19:51 PM    0   58.00    0.00    0.00    0.00    0.00    0.00    0.00    0.00    0.00   42.00
03:19:51 PM    1   71.29    0.00    0.00    0.00    0.00    0.00    0.00    0.00    0.00   28.71

03:19:51 PM  CPU    %usr   %nice    %sys %iowait    %irq   %soft  %steal  %guest  %gnice   %idle
03:19:52 PM    0   49.49    0.00    0.00    0.00    0.00    0.00    0.00    0.00    0.00   50.51
03:19:52 PM    1   59.60    0.00    0.00    0.00    0.00    0.00    0.00    0.00    0.00   40.40

03:19:52 PM  CPU    %usr   %nice    %sys %iowait    %irq   %soft  %steal  %guest  %gnice   %idle
03:19:53 PM    0   71.29    0.00    0.99    0.99    0.00    0.00    0.00    0.00    0.00   26.73
03:19:53 PM    1   64.36    0.00    0.00    0.00    0.00    0.00    0.00    0.00    0.00   35.64

03:19:53 PM  CPU    %usr   %nice    %sys %iowait    %irq   %soft  %steal  %guest  %gnice   %idle
03:19:54 PM    0   58.00    0.00    0.00    0.00    0.00    0.00    0.00    0.00    0.00   42.00
03:19:54 PM    1   56.00    0.00    0.00    0.00    0.00    0.00    0.00    0.00    0.00   44.00

03:19:54 PM  CPU    %usr   %nice    %sys %iowait    %irq   %soft  %steal  %guest  %gnice   %idle
03:19:55 PM    0   66.00    0.00    0.00    0.00    0.00    0.00    0.00    0.00    0.00   34.00
03:19:55 PM    1   63.27    0.00    0.00    0.00    0.00    0.00    0.00    0.00    0.00   36.73

03:19:55 PM  CPU    %usr   %nice    %sys %iowait    %irq   %soft  %steal  %guest  %gnice   %idle
03:19:56 PM    0   54.00    0.00    0.00    0.00    0.00    0.00    0.00    0.00    0.00   46.00
03:19:56 PM    1   60.40    0.00    0.00    0.00    0.00    0.00    0.00    0.00    0.00   39.60

03:19:56 PM  CPU    %usr   %nice    %sys %iowait    %irq   %soft  %steal  %guest  %gnice   %idle
03:19:57 PM    0   66.00    0.00    0.00    0.00    0.00    0.00    0.00    0.00    0.00   34.00
03:19:57 PM    1   63.37    0.00    0.99    0.00    0.00    0.00    0.00    0.00    0.00   35.64

03:19:57 PM  CPU    %usr   %nice    %sys %iowait    %irq   %soft  %steal  %guest  %gnice   %idle
03:19:58 PM    0   60.00    0.00    0.00    1.00    0.00    0.00    0.00    0.00    0.00   39.00
03:19:58 PM    1   54.46    0.00    0.00    0.00    0.00    0.00    0.00    0.00    0.00   45.54

03:19:58 PM  CPU    %usr   %nice    %sys %iowait    %irq   %soft  %steal  %guest  %gnice   %idle
03:19:59 PM    0   62.00    0.00    0.00    0.00    0.00    0.00    0.00    0.00    0.00   38.00
03:19:59 PM    1   60.61    0.00    0.00    0.00    0.00    0.00    0.00    0.00    0.00   39.39

03:19:59 PM  CPU    %usr   %nice    %sys %iowait    %irq   %soft  %steal  %guest  %gnice   %idle
03:20:00 PM    0   65.35    0.00    0.00    0.00    0.00    0.00    0.00    0.00    0.00   34.65
03:20:00 PM    1   62.63    0.00    0.00    0.00    0.00    0.00    0.00    0.00    0.00   37.37

03:20:00 PM  CPU    %usr   %nice    %sys %iowait    %irq   %soft  %steal  %guest  %gnice   %idle
03:20:01 PM    0   57.00    0.00    0.00    0.00    0.00    0.00    0.00    0.00    0.00   43.00
03:20:01 PM    1   59.60    0.00    0.00    0.00    0.00    0.00    0.00    0.00    0.00   40.40

03:20:01 PM  CPU    %usr   %nice    %sys %iowait    %irq   %soft  %steal  %guest  %gnice   %idle
03:20:02 PM    0   69.00    0.00    0.00    0.00    0.00    0.00    0.00    0.00    0.00   31.00
03:20:02 PM    1   59.41    0.00    0.00    0.00    0.00    0.00    0.00    0.00    0.00   40.59

03:20:02 PM  CPU    %usr   %nice    %sys %iowait    %irq   %soft  %steal  %guest  %gnice   %idle
03:20:03 PM    0   63.37    0.00    0.00    0.99    0.00    0.00    0.00    0.00    0.00   35.64
03:20:03 PM    1   58.00    0.00    0.00    0.00    0.00    0.00    0.00    0.00    0.00   42.00

03:20:03 PM  CPU    %usr   %nice    %sys %iowait    %irq   %soft  %steal  %guest  %gnice   %idle
03:20:04 PM    0   56.57    0.00    0.00    0.00    0.00    0.00    0.00    0.00    0.00   43.43
03:20:04 PM    1   59.00    0.00    0.00    0.00    0.00    0.00    0.00    0.00    0.00   41.00

03:20:04 PM  CPU    %usr   %nice    %sys %iowait    %irq   %soft  %steal  %guest  %gnice   %idle
03:20:05 PM    0   59.80    0.00    0.00    0.00    0.00    0.00    0.00    0.00    0.00   40.20
03:20:05 PM    1   70.00    0.00    0.00    0.00    0.00    0.00    0.00    0.00    0.00   30.00

03:20:05 PM  CPU    %usr   %nice    %sys %iowait    %irq   %soft  %steal  %guest  %gnice   %idle
03:20:06 PM    0   56.00    0.00    0.00    0.00    0.00    0.00    0.00    0.00    0.00   44.00
03:20:06 PM    1   58.59    0.00    0.00    0.00    0.00    0.00    0.00    0.00    0.00   41.41

03:20:06 PM  CPU    %usr   %nice    %sys %iowait    %irq   %soft  %steal  %guest  %gnice   %idle
03:20:07 PM    0   69.70    0.00    0.00    0.00    0.00    0.00    0.00    0.00    0.00   30.30
03:20:07 PM    1   59.41    0.00    0.00    0.00    0.00    0.00    0.00    0.00    0.00   40.59

03:20:07 PM  CPU    %usr   %nice    %sys %iowait    %irq   %soft  %steal  %guest  %gnice   %idle
03:20:08 PM    0   56.00    0.00    0.00    0.00    0.00    0.00    0.00    0.00    0.00   44.00
03:20:08 PM    1   58.42    0.00    0.00    0.00    0.00    0.00    0.00    0.00    0.00   41.58

03:20:08 PM  CPU    %usr   %nice    %sys %iowait    %irq   %soft  %steal  %guest  %gnice   %idle
03:20:09 PM    0   65.31    0.00    0.00    0.00    0.00    0.00    0.00    0.00    0.00   34.69
03:20:09 PM    1   69.70    0.00    0.00    0.00    0.00    0.00    0.00    0.00    0.00   30.30

03:20:09 PM  CPU    %usr   %nice    %sys %iowait    %irq   %soft  %steal  %guest  %gnice   %idle
03:20:10 PM    0   53.47    0.00    0.00    0.00    0.00    0.00    0.00    0.00    0.00   46.53
03:20:10 PM    1   56.44    0.00    0.00    0.00    0.00    0.00    0.00    0.00    0.00   43.56

03:20:10 PM  CPU    %usr   %nice    %sys %iowait    %irq   %soft  %steal  %guest  %gnice   %idle
03:20:11 PM    0   58.42    0.00    0.00    0.00    0.00    0.00    0.00    0.00    0.00   41.58
03:20:11 PM    1   70.00    0.00    1.00    0.00    0.00    0.00    0.00    0.00    0.00   29.00

03:20:11 PM  CPU    %usr   %nice    %sys %iowait    %irq   %soft  %steal  %guest  %gnice   %idle
03:20:12 PM    0   59.18    0.00    0.00    0.00    0.00    0.00    0.00    0.00    0.00   40.82
03:20:12 PM    1   61.76    0.00    0.00    0.00    0.00    0.00    0.00    0.00    0.00   38.24

03:20:12 PM  CPU    %usr   %nice    %sys %iowait    %irq   %soft  %steal  %guest  %gnice   %idle
03:20:13 PM    0   56.00    0.00    0.00    2.00    0.00    0.00    0.00    0.00    0.00   42.00
03:20:13 PM    1   59.00    0.00    0.00    0.00    0.00    0.00    0.00    0.00    0.00   41.00

03:20:13 PM  CPU    %usr   %nice    %sys %iowait    %irq   %soft  %steal  %guest  %gnice   %idle
03:20:14 PM    0   66.34    0.00    0.00    0.00    0.00    0.00    0.00    0.00    0.00   33.66
03:20:14 PM    1   63.37    0.00    0.00    0.00    0.00    0.00    0.00    0.00    0.00   36.63

03:20:14 PM  CPU    %usr   %nice    %sys %iowait    %irq   %soft  %steal  %guest  %gnice   %idle
03:20:15 PM    0   62.63    0.00    0.00    0.00    0.00    0.00    0.00    0.00    0.00   37.37
03:20:15 PM    1   60.00    0.00    0.00    0.00    0.00    0.00    0.00    0.00    0.00   40.00

03:20:15 PM  CPU    %usr   %nice    %sys %iowait    %irq   %soft  %steal  %guest  %gnice   %idle
03:20:16 PM    0   63.37    0.00    0.99    0.00    0.00    0.00    0.00    0.00    0.00   35.64
03:20:16 PM    1   57.43    0.00    0.00    0.00    0.00    0.00    0.00    0.00    0.00   42.57

03:20:16 PM  CPU    %usr   %nice    %sys %iowait    %irq   %soft  %steal  %guest  %gnice   %idle
03:20:17 PM    0   63.00    0.00    0.00    0.00    0.00    0.00    0.00    0.00    0.00   37.00
03:20:17 PM    1   60.00    0.00    0.00    0.00    0.00    0.00    0.00    0.00    0.00   40.00

03:20:17 PM  CPU    %usr   %nice    %sys %iowait    %irq   %soft  %steal  %guest  %gnice   %idle
03:20:18 PM    0   65.66    0.00    0.00    0.00    0.00    0.00    0.00    0.00    0.00   34.34
03:20:18 PM    1   56.00    0.00    0.00    0.00    0.00    0.00    0.00    0.00    0.00   44.00

03:20:18 PM  CPU    %usr   %nice    %sys %iowait    %irq   %soft  %steal  %guest  %gnice   %idle
03:20:19 PM    0   53.00    0.00    0.00    0.00    0.00    0.00    0.00    0.00    0.00   47.00
03:20:19 PM    1   70.00    0.00    0.00    0.00    0.00    0.00    0.00    0.00    0.00   30.00

03:20:19 PM  CPU    %usr   %nice    %sys %iowait    %irq   %soft  %steal  %guest  %gnice   %idle
03:20:20 PM    0   61.39    0.00    0.00    0.00    0.00    0.00    0.00    0.00    0.00   38.61
03:20:20 PM    1   53.00    0.00    0.00    0.00    0.00    0.00    0.00    0.00    0.00   47.00

03:20:20 PM  CPU    %usr   %nice    %sys %iowait    %irq   %soft  %steal  %guest  %gnice   %idle
03:20:21 PM    0   69.00    0.00    0.00    0.00    0.00    0.00    0.00    0.00    0.00   31.00
03:20:21 PM    1   67.00    0.00    0.00    0.00    0.00    0.00    0.00    0.00    0.00   33.00

03:20:21 PM  CPU    %usr   %nice    %sys %iowait    %irq   %soft  %steal  %guest  %gnice   %idle
03:20:22 PM    0   47.47    0.00    0.00    0.00    0.00    0.00    0.00    0.00    0.00   52.53
03:20:22 PM    1   60.00    0.00    0.00    0.00    0.00    0.00    0.00    0.00    0.00   40.00

03:20:22 PM  CPU    %usr   %nice    %sys %iowait    %irq   %soft  %steal  %guest  %gnice   %idle
03:20:23 PM    0   67.00    0.00    0.00    2.00    0.00    0.00    0.00    0.00    0.00   31.00
03:20:23 PM    1   68.63    0.00    0.98    0.00    0.00    0.00    0.00    0.00    0.00   30.39

03:20:23 PM  CPU    %usr   %nice    %sys %iowait    %irq   %soft  %steal  %guest  %gnice   %idle
03:20:24 PM    0   51.49    0.00    0.00    0.99    0.00    0.00    0.00    0.00    0.00   47.52
03:20:24 PM    1   61.62    0.00    0.00    0.00    0.00    0.00    0.00    0.00    0.00   38.38

03:20:24 PM  CPU    %usr   %nice    %sys %iowait    %irq   %soft  %steal  %guest  %gnice   %idle
03:20:25 PM    0   60.61    0.00    0.00    0.00    0.00    0.00    0.00    0.00    0.00   39.39
03:20:25 PM    1   62.63    0.00    0.00    0.00    0.00    0.00    0.00    0.00    0.00   37.37

03:20:25 PM  CPU    %usr   %nice    %sys %iowait    %irq   %soft  %steal  %guest  %gnice   %idle
03:20:26 PM    0   62.38    0.00    0.00    0.00    0.00    0.00    0.00    0.00    0.00   37.62
03:20:26 PM    1   59.41    0.00    0.00    0.00    0.00    0.00    0.00    0.00    0.00   40.59

03:20:26 PM  CPU    %usr   %nice    %sys %iowait    %irq   %soft  %steal  %guest  %gnice   %idle
03:20:27 PM    0   55.45    0.00    0.99    0.00    0.00    0.00    0.00    0.00    0.00   43.56
03:20:27 PM    1   65.66    0.00    0.00    0.00    0.00    0.00    0.00    0.00    0.00   34.34

03:20:27 PM  CPU    %usr   %nice    %sys %iowait    %irq   %soft  %steal  %guest  %gnice   %idle
03:20:28 PM    0   61.62    0.00    0.00    0.00    0.00    0.00    0.00    0.00    0.00   38.38
03:20:28 PM    1   61.39    0.00    0.00    0.00    0.00    0.00    0.00    0.00    0.00   38.61

03:20:28 PM  CPU    %usr   %nice    %sys %iowait    %irq   %soft  %steal  %guest  %gnice   %idle
03:20:29 PM    0   62.00    0.00    0.00    0.00    0.00    0.00    0.00    0.00    0.00   38.00
03:20:29 PM    1   60.61    0.00    0.00    0.00    0.00    0.00    0.00    0.00    0.00   39.39

03:20:29 PM  CPU    %usr   %nice    %sys %iowait    %irq   %soft  %steal  %guest  %gnice   %idle
03:20:30 PM    0   69.00    0.00    0.00    0.00    0.00    0.00    0.00    0.00    0.00   31.00
03:20:30 PM    1   58.42    0.00    0.00    0.00    0.00    0.00    0.00    0.00    0.00   41.58

03:20:30 PM  CPU    %usr   %nice    %sys %iowait    %irq   %soft  %steal  %guest  %gnice   %idle
03:20:31 PM    0   66.00    0.00    0.00    1.00    0.00    0.00    0.00    0.00    0.00   33.00
03:20:31 PM    1   49.50    0.00    0.00    0.99    0.00    0.00    0.00    0.00    0.00   49.50

03:20:31 PM  CPU    %usr   %nice    %sys %iowait    %irq   %soft  %steal  %guest  %gnice   %idle
03:20:32 PM    0   59.00    0.00    0.00    0.00    0.00    0.00    0.00    0.00    0.00   41.00
03:20:32 PM    1   62.00    0.00    0.00    0.00    0.00    0.00    0.00    0.00    0.00   38.00

03:20:32 PM  CPU    %usr   %nice    %sys %iowait    %irq   %soft  %steal  %guest  %gnice   %idle
03:20:33 PM    0   62.38    0.00    0.99    0.99    0.00    0.00    0.00    0.00    0.00   35.64
03:20:33 PM    1   65.66    0.00    0.00    0.00    0.00    0.00    0.00    0.00    0.00   34.34

03:20:33 PM  CPU    %usr   %nice    %sys %iowait    %irq   %soft  %steal  %guest  %gnice   %idle
03:20:34 PM    0   47.47    0.00    0.00    0.00    0.00    0.00    0.00    0.00    0.00   52.53
03:20:34 PM    1   61.00    0.00    0.00    0.00    0.00    0.00    0.00    0.00    0.00   39.00

03:20:34 PM  CPU    %usr   %nice    %sys %iowait    %irq   %soft  %steal  %guest  %gnice   %idle
03:20:35 PM    0   60.61    0.00    0.00    0.00    0.00    0.00    0.00    0.00    0.00   39.39
03:20:35 PM    1   76.24    0.00    0.00    0.00    0.00    0.00    0.00    0.00    0.00   23.76

03:20:35 PM  CPU    %usr   %nice    %sys %iowait    %irq   %soft  %steal  %guest  %gnice   %idle
03:20:36 PM    0   55.56    0.00    0.00    1.01    0.00    0.00    0.00    0.00    0.00   43.43
03:20:36 PM    1   57.00    0.00    0.00    0.00    0.00    0.00    0.00    0.00    0.00   43.00

03:20:36 PM  CPU    %usr   %nice    %sys %iowait    %irq   %soft  %steal  %guest  %gnice   %idle
03:20:37 PM    0   66.00    0.00    0.00    0.00    0.00    0.00    0.00    0.00    0.00   34.00
03:20:37 PM    1   64.00    0.00    0.00    0.00    0.00    0.00    0.00    0.00    0.00   36.00

03:20:37 PM  CPU    %usr   %nice    %sys %iowait    %irq   %soft  %steal  %guest  %gnice   %idle
03:20:38 PM    0   53.47    0.00    0.00    0.00    0.00    0.00    0.00    0.00    0.00   46.53
03:20:38 PM    1   60.61    0.00    0.00    0.00    0.00    0.00    0.00    0.00    0.00   39.39

03:20:38 PM  CPU    %usr   %nice    %sys %iowait    %irq   %soft  %steal  %guest  %gnice   %idle
03:20:39 PM    0   66.67    0.00    0.00    0.00    0.00    0.00    0.00    0.00    0.00   33.33
03:20:39 PM    1   64.00    0.00    0.00    0.00    0.00    0.00    0.00    0.00    0.00   36.00

03:20:39 PM  CPU    %usr   %nice    %sys %iowait    %irq   %soft  %steal  %guest  %gnice   %idle
03:20:40 PM    0   63.00    0.00    0.00    0.00    0.00    0.00    0.00    0.00    0.00   37.00
03:20:40 PM    1   51.00    0.00    0.00    0.00    0.00    0.00    0.00    0.00    0.00   49.00

03:20:40 PM  CPU    %usr   %nice    %sys %iowait    %irq   %soft  %steal  %guest  %gnice   %idle
03:20:41 PM    0   58.59    0.00    0.00    0.00    0.00    0.00    0.00    0.00    0.00   41.41
03:20:41 PM    1   63.00    0.00    1.00    0.00    0.00    0.00    0.00    0.00    0.00   36.00

03:20:41 PM  CPU    %usr   %nice    %sys %iowait    %irq   %soft  %steal  %guest  %gnice   %idle
03:20:42 PM    0   61.62    0.00    0.00    0.00    0.00    0.00    0.00    0.00    0.00   38.38
03:20:42 PM    1   66.34    0.00    0.00    0.00    0.00    0.00    0.00    0.00    0.00   33.66

03:20:42 PM  CPU    %usr   %nice    %sys %iowait    %irq   %soft  %steal  %guest  %gnice   %idle
03:20:43 PM    0   52.48    0.00    0.00    0.99    0.00    0.00    0.00    0.00    0.00   46.53
03:20:43 PM    1   63.00    0.00    0.00    0.00    0.00    0.00    0.00    0.00    0.00   37.00

03:20:43 PM  CPU    %usr   %nice    %sys %iowait    %irq   %soft  %steal  %guest  %gnice   %idle
03:20:44 PM    0   63.00    0.00    0.00    0.00    0.00    0.00    0.00    0.00    0.00   37.00
03:20:44 PM    1   65.35    0.00    0.00    0.00    0.00    0.00    0.00    0.00    0.00   34.65

03:20:44 PM  CPU    %usr   %nice    %sys %iowait    %irq   %soft  %steal  %guest  %gnice   %idle
03:20:45 PM    0   59.00    0.00    0.00    0.00    0.00    0.00    0.00    0.00    0.00   41.00
03:20:45 PM    1   63.64    0.00    0.00    0.00    0.00    0.00    0.00    0.00    0.00   36.36

03:20:45 PM  CPU    %usr   %nice    %sys %iowait    %irq   %soft  %steal  %guest  %gnice   %idle
03:20:46 PM    0   56.00    0.00    0.00    0.00    0.00    0.00    0.00    0.00    0.00   44.00
03:20:46 PM    1   58.42    0.00    0.00    0.00    0.00    0.00    0.00    0.00    0.00   41.58

03:20:46 PM  CPU    %usr   %nice    %sys %iowait    %irq   %soft  %steal  %guest  %gnice   %idle
03:20:47 PM    0   61.39    0.00    0.00    0.00    0.00    0.00    0.00    0.00    0.00   38.61
03:20:47 PM    1   69.00    0.00    0.00    0.00    0.00    0.00    0.00    0.00    0.00   31.00

03:20:47 PM  CPU    %usr   %nice    %sys %iowait    %irq   %soft  %steal  %guest  %gnice   %idle
03:20:48 PM    0   47.47    0.00    0.00    0.00    0.00    0.00    0.00    0.00    0.00   52.53
03:20:48 PM    1   65.31    0.00    0.00    0.00    0.00    0.00    0.00    0.00    0.00   34.69

03:20:48 PM  CPU    %usr   %nice    %sys %iowait    %irq   %soft  %steal  %guest  %gnice   %idle
03:20:49 PM    0   63.37    0.00    0.99    0.00    0.00    0.00    0.00    0.00    0.00   35.64
03:20:49 PM    1   66.34    0.00    0.00    0.00    0.00    0.00    0.00    0.00    0.00   33.66

03:20:49 PM  CPU    %usr   %nice    %sys %iowait    %irq   %soft  %steal  %guest  %gnice   %idle
03:20:50 PM    0   55.00    0.00    0.00    0.00    0.00    0.00    0.00    0.00    0.00   45.00
03:20:50 PM    1   59.00    0.00    0.00    0.00    0.00    0.00    0.00    0.00    0.00   41.00

03:20:50 PM  CPU    %usr   %nice    %sys %iowait    %irq   %soft  %steal  %guest  %gnice   %idle
03:20:51 PM    0   65.35    0.00    0.00    0.99    0.00    0.00    0.00    0.00    0.00   33.66
03:20:51 PM    1   71.00    0.00    0.00    0.00    0.00    0.00    0.00    0.00    0.00   29.00

03:20:51 PM  CPU    %usr   %nice    %sys %iowait    %irq   %soft  %steal  %guest  %gnice   %idle
03:20:52 PM    0   52.00    0.00    0.00    0.00    0.00    0.00    0.00    0.00    0.00   48.00
03:20:52 PM    1   56.00    0.00    0.00    0.00    0.00    0.00    0.00    0.00    0.00   44.00

03:20:52 PM  CPU    %usr   %nice    %sys %iowait    %irq   %soft  %steal  %guest  %gnice   %idle
03:20:53 PM    0   71.43    0.00    0.00    0.00    0.00    0.00    0.00    0.00    0.00   28.57
03:20:53 PM    1   58.42    0.00    0.00    0.00    0.00    0.00    0.00    0.00    0.00   41.58

03:20:53 PM  CPU    %usr   %nice    %sys %iowait    %irq   %soft  %steal  %guest  %gnice   %idle
03:20:54 PM    0   60.00    0.00    0.00    0.00    0.00    0.00    0.00    0.00    0.00   40.00
03:20:54 PM    1   60.20    0.00    0.00    0.00    0.00    0.00    0.00    0.00    0.00   39.80

03:20:54 PM  CPU    %usr   %nice    %sys %iowait    %irq   %soft  %steal  %guest  %gnice   %idle
03:20:55 PM    0   61.00    0.00    0.00    0.00    0.00    0.00    0.00    0.00    0.00   39.00
03:20:55 PM    1   54.90    0.00    0.98    0.00    0.00    0.00    0.00    0.00    0.00   44.12

03:20:55 PM  CPU    %usr   %nice    %sys %iowait    %irq   %soft  %steal  %guest  %gnice   %idle
03:20:56 PM    0   59.00    0.00    0.00    1.00    0.00    0.00    0.00    0.00    0.00   40.00
03:20:56 PM    1   69.00    0.00    0.00    0.00    0.00    0.00    0.00    0.00    0.00   31.00

03:20:56 PM  CPU    %usr   %nice    %sys %iowait    %irq   %soft  %steal  %guest  %gnice   %idle
03:20:57 PM    0   57.58    0.00    0.00    0.00    0.00    0.00    0.00    0.00    0.00   42.42
03:20:57 PM    1   63.00    0.00    0.00    0.00    0.00    0.00    0.00    0.00    0.00   37.00

03:20:57 PM  CPU    %usr   %nice    %sys %iowait    %irq   %soft  %steal  %guest  %gnice   %idle
03:20:58 PM    0   65.00    0.00    0.00    0.00    0.00    0.00    0.00    0.00    0.00   35.00
03:20:58 PM    1   57.58    0.00    0.00    0.00    0.00    0.00    0.00    0.00    0.00   42.42

03:20:58 PM  CPU    %usr   %nice    %sys %iowait    %irq   %soft  %steal  %guest  %gnice   %idle
03:20:59 PM    0   58.42    0.00    0.99    0.00    0.00    0.00    0.00    0.00    0.00   40.59
03:20:59 PM    1   63.00    0.00    0.00    0.00    0.00    0.00    0.00    0.00    0.00   37.00

03:20:59 PM  CPU    %usr   %nice    %sys %iowait    %irq   %soft  %steal  %guest  %gnice   %idle
03:21:00 PM    0   51.52    0.00    0.00    0.00    0.00    0.00    0.00    0.00    0.00   48.48
03:21:00 PM    1   70.00    0.00    0.00    0.00    0.00    0.00    0.00    0.00    0.00   30.00

03:21:00 PM  CPU    %usr   %nice    %sys %iowait    %irq   %soft  %steal  %guest  %gnice   %idle
03:21:01 PM    0   69.00    0.00    1.00    1.00    0.00    0.00    0.00    0.00    0.00   29.00
03:21:01 PM    1   51.52    0.00    0.00    0.00    0.00    0.00    0.00    0.00    0.00   48.48

03:21:01 PM  CPU    %usr   %nice    %sys %iowait    %irq   %soft  %steal  %guest  %gnice   %idle
03:21:02 PM    0   58.00    0.00    0.00    0.00    0.00    0.00    0.00    0.00    0.00   42.00
03:21:02 PM    1   57.00    0.00    0.00    0.00    0.00    0.00    0.00    0.00    0.00   43.00

03:21:02 PM  CPU    %usr   %nice    %sys %iowait    %irq   %soft  %steal  %guest  %gnice   %idle
03:21:03 PM    0   68.00    0.00    0.00    1.00    0.00    0.00    0.00    0.00    0.00   31.00
03:21:03 PM    1   66.67    0.00    0.00    0.00    0.00    0.00    0.00    0.00    0.00   33.33

03:21:03 PM  CPU    %usr   %nice    %sys %iowait    %irq   %soft  %steal  %guest  %gnice   %idle
03:21:04 PM    0   53.00    0.00    0.00    0.00    0.00    0.00    0.00    0.00    0.00   47.00
03:21:04 PM    1   54.55    0.00    0.00    0.00    0.00    0.00    0.00    0.00    0.00   45.45

03:21:04 PM  CPU    %usr   %nice    %sys %iowait    %irq   %soft  %steal  %guest  %gnice   %idle
03:21:05 PM    0   68.69    0.00    0.00    2.02    0.00    0.00    0.00    0.00    0.00   29.29
03:21:05 PM    1   68.00    0.00    0.00    0.00    0.00    0.00    0.00    0.00    0.00   32.00

03:21:05 PM  CPU    %usr   %nice    %sys %iowait    %irq   %soft  %steal  %guest  %gnice   %idle
03:21:06 PM    0   57.00    0.00    0.00    0.00    0.00    0.00    0.00    0.00    0.00   43.00
03:21:06 PM    1   57.43    0.00    0.00    0.00    0.00    0.00    0.00    0.00    0.00   42.57

03:21:06 PM  CPU    %usr   %nice    %sys %iowait    %irq   %soft  %steal  %guest  %gnice   %idle
03:21:07 PM    0   59.41    0.00    0.99    0.00    0.00    0.00    0.00    0.00    0.00   39.60
03:21:07 PM    1   61.39    0.00    0.99    0.00    0.00    0.00    0.00    0.00    0.00   37.62

03:21:07 PM  CPU    %usr   %nice    %sys %iowait    %irq   %soft  %steal  %guest  %gnice   %idle
03:21:08 PM    0   61.00    0.00    0.00    0.00    0.00    0.00    0.00    0.00    0.00   39.00
03:21:08 PM    1   60.00    0.00    0.00    0.00    0.00    0.00    0.00    0.00    0.00   40.00

03:21:08 PM  CPU    %usr   %nice    %sys %iowait    %irq   %soft  %steal  %guest  %gnice   %idle
03:21:09 PM    0   56.00    0.00    0.00    0.00    0.00    0.00    0.00    0.00    0.00   44.00
03:21:09 PM    1   66.67    0.00    0.00    0.00    0.00    0.00    0.00    0.00    0.00   33.33

03:21:09 PM  CPU    %usr   %nice    %sys %iowait    %irq   %soft  %steal  %guest  %gnice   %idle
03:21:10 PM    0   64.29    0.00    0.00    1.02    0.00    0.00    0.00    0.00    0.00   34.69
03:21:10 PM    1   57.58    0.00    0.00    0.00    0.00    0.00    0.00    0.00    0.00   42.42

03:21:10 PM  CPU    %usr   %nice    %sys %iowait    %irq   %soft  %steal  %guest  %gnice   %idle
03:21:11 PM    0   61.00    0.00    0.00    0.00    0.00    0.00    0.00    0.00    0.00   39.00
03:21:11 PM    1   60.00    0.00    0.00    0.00    0.00    0.00    0.00    0.00    0.00   40.00

03:21:11 PM  CPU    %usr   %nice    %sys %iowait    %irq   %soft  %steal  %guest  %gnice   %idle
03:21:12 PM    0   62.00    0.00    0.00    0.00    0.00    0.00    0.00    0.00    0.00   38.00
03:21:12 PM    1   65.66    0.00    0.00    0.00    0.00    0.00    0.00    0.00    0.00   34.34

03:21:12 PM  CPU    %usr   %nice    %sys %iowait    %irq   %soft  %steal  %guest  %gnice   %idle
03:21:13 PM    0   65.00    0.00    0.00    1.00    0.00    0.00    0.00    0.00    0.00   34.00
03:21:13 PM    1   51.00    0.00    0.00    0.00    0.00    0.00    0.00    0.00    0.00   49.00

03:21:13 PM  CPU    %usr   %nice    %sys %iowait    %irq   %soft  %steal  %guest  %gnice   %idle
03:21:14 PM    0   59.00    0.00    0.00    0.00    0.00    0.00    0.00    0.00    0.00   41.00
03:21:14 PM    1   62.00    0.00    0.00    0.00    0.00    0.00    0.00    0.00    0.00   38.00

03:21:14 PM  CPU    %usr   %nice    %sys %iowait    %irq   %soft  %steal  %guest  %gnice   %idle
03:21:15 PM    0   54.90    0.00    0.98    0.98    0.00    0.00    0.00    0.00    0.00   43.14
03:21:15 PM    1   72.73    0.00    0.00    0.00    0.00    0.00    0.00    0.00    0.00   27.27

03:21:15 PM  CPU    %usr   %nice    %sys %iowait    %irq   %soft  %steal  %guest  %gnice   %idle
03:21:16 PM    0   48.00    0.00    0.00    0.00    0.00    0.00    0.00    0.00    0.00   52.00
03:21:16 PM    1   60.40    0.00    0.00    0.00    0.00    0.00    0.00    0.00    0.00   39.60

03:21:16 PM  CPU    %usr   %nice    %sys %iowait    %irq   %soft  %steal  %guest  %gnice   %idle
03:21:17 PM    0   68.00    0.00    0.00    0.00    0.00    0.00    0.00    0.00    0.00   32.00
03:21:17 PM    1   67.68    0.00    0.00    0.00    0.00    0.00    0.00    0.00    0.00   32.32

03:21:17 PM  CPU    %usr   %nice    %sys %iowait    %irq   %soft  %steal  %guest  %gnice   %idle
03:21:18 PM    0   61.62    0.00    0.00    0.00    0.00    0.00    0.00    0.00    0.00   38.38
03:21:18 PM    1   51.52    0.00    0.00    0.00    0.00    0.00    0.00    0.00    0.00   48.48

03:21:18 PM  CPU    %usr   %nice    %sys %iowait    %irq   %soft  %steal  %guest  %gnice   %idle
03:21:19 PM    0   63.64    0.00    0.00    0.00    0.00    0.00    0.00    0.00    0.00   36.36
03:21:19 PM    1   66.00    0.00    0.00    0.00    0.00    0.00    0.00    0.00    0.00   34.00

03:21:19 PM  CPU    %usr   %nice    %sys %iowait    %irq   %soft  %steal  %guest  %gnice   %idle
03:21:20 PM    0   58.42    0.00    0.00    0.99    0.00    0.00    0.00    0.00    0.00   40.59
03:21:20 PM    1   55.45    0.00    0.00    0.00    0.00    0.00    0.00    0.00    0.00   44.55

03:21:20 PM  CPU    %usr   %nice    %sys %iowait    %irq   %soft  %steal  %guest  %gnice   %idle
03:21:21 PM    0   65.66    0.00    0.00    0.00    0.00    0.00    0.00    0.00    0.00   34.34
03:21:21 PM    1   64.65    0.00    0.00    0.00    0.00    0.00    0.00    0.00    0.00   35.35

03:21:21 PM  CPU    %usr   %nice    %sys %iowait    %irq   %soft  %steal  %guest  %gnice   %idle
03:21:22 PM    0   60.00    0.00    0.00    0.00    0.00    0.00    0.00    0.00    0.00   40.00
03:21:22 PM    1   54.00    0.00    0.00    0.00    0.00    0.00    0.00    0.00    0.00   46.00

03:21:22 PM  CPU    %usr   %nice    %sys %iowait    %irq   %soft  %steal  %guest  %gnice   %idle
03:21:23 PM    0   59.60    0.00    0.00    0.00    0.00    0.00    0.00    0.00    0.00   40.40
03:21:23 PM    1   62.38    0.00    0.99    0.00    0.00    0.00    0.00    0.00    0.00   36.63

03:21:23 PM  CPU    %usr   %nice    %sys %iowait    %irq   %soft  %steal  %guest  %gnice   %idle
03:21:24 PM    0   63.64    0.00    0.00    0.00    0.00    0.00    0.00    0.00    0.00   36.36
03:21:24 PM    1   65.66    0.00    0.00    0.00    0.00    0.00    0.00    0.00    0.00   34.34

03:21:24 PM  CPU    %usr   %nice    %sys %iowait    %irq   %soft  %steal  %guest  %gnice   %idle
03:21:25 PM    0   57.43    0.00    0.00    1.98    0.00    0.00    0.00    0.00    0.00   40.59
03:21:25 PM    1   57.00    0.00    0.00    0.00    0.00    0.00    0.00    0.00    0.00   43.00

03:21:25 PM  CPU    %usr   %nice    %sys %iowait    %irq   %soft  %steal  %guest  %gnice   %idle
03:21:26 PM    0   59.00    0.00    1.00    0.00    0.00    0.00    0.00    0.00    0.00   40.00
03:21:26 PM    1   69.00    0.00    0.00    0.00    0.00    0.00    0.00    0.00    0.00   31.00

03:21:26 PM  CPU    %usr   %nice    %sys %iowait    %irq   %soft  %steal  %guest  %gnice   %idle
03:21:27 PM    0   58.42    0.00    0.00    0.00    0.00    0.00    0.00    0.00    0.00   41.58
03:21:27 PM    1   63.64    0.00    0.00    0.00    0.00    0.00    0.00    0.00    0.00   36.36

03:21:27 PM  CPU    %usr   %nice    %sys %iowait    %irq   %soft  %steal  %guest  %gnice   %idle
03:21:28 PM    0   56.57    0.00    0.00    0.00    0.00    0.00    0.00    0.00    0.00   43.43
03:21:28 PM    1   58.00    0.00    0.00    0.00    0.00    0.00    0.00    0.00    0.00   42.00

03:21:28 PM  CPU    %usr   %nice    %sys %iowait    %irq   %soft  %steal  %guest  %gnice   %idle
03:21:29 PM    0   59.00    0.00    0.00    0.00    0.00    0.00    0.00    0.00    0.00   41.00
03:21:29 PM    1   70.30    0.00    0.99    0.00    0.00    0.00    0.00    0.00    0.00   28.71

03:21:29 PM  CPU    %usr   %nice    %sys %iowait    %irq   %soft  %steal  %guest  %gnice   %idle
03:21:30 PM    0   49.50    0.00    0.00    0.00    0.00    0.00    0.00    0.00    0.00   50.50
03:21:30 PM    1   65.31    0.00    0.00    0.00    0.00    0.00    0.00    0.00    0.00   34.69

03:21:30 PM  CPU    %usr   %nice    %sys %iowait    %irq   %soft  %steal  %guest  %gnice   %idle
03:21:31 PM    0   69.00    0.00    0.00    0.00    0.00    0.00    0.00    0.00    0.00   31.00
03:21:31 PM    1   59.60    0.00    0.00    0.00    0.00    0.00    0.00    0.00    0.00   40.40

03:21:31 PM  CPU    %usr   %nice    %sys %iowait    %irq   %soft  %steal  %guest  %gnice   %idle
03:21:32 PM    0   55.56    0.00    0.00    0.00    0.00    0.00    0.00    0.00    0.00   44.44
03:21:32 PM    1   58.42    0.00    0.00    0.00    0.00    0.00    0.00    0.00    0.00   41.58

03:21:32 PM  CPU    %usr   %nice    %sys %iowait    %irq   %soft  %steal  %guest  %gnice   %idle
03:21:33 PM    0   64.00    0.00    0.00    1.00    0.00    0.00    0.00    0.00    0.00   35.00
03:21:33 PM    1   71.00    0.00    0.00    0.00    0.00    0.00    0.00    0.00    0.00   29.00

03:21:33 PM  CPU    %usr   %nice    %sys %iowait    %irq   %soft  %steal  %guest  %gnice   %idle
03:21:34 PM    0   53.00    0.00    0.00    0.00    0.00    0.00    0.00    0.00    0.00   47.00
03:21:34 PM    1   57.00    0.00    0.00    0.00    0.00    0.00    0.00    0.00    0.00   43.00

03:21:34 PM  CPU    %usr   %nice    %sys %iowait    %irq   %soft  %steal  %guest  %gnice   %idle
03:21:35 PM    0   70.71    0.00    0.00    1.01    0.00    0.00    0.00    0.00    0.00   28.28
03:21:35 PM    1   58.00    0.00    0.00    0.00    0.00    0.00    0.00    0.00    0.00   42.00

03:21:35 PM  CPU    %usr   %nice    %sys %iowait    %irq   %soft  %steal  %guest  %gnice   %idle
03:21:36 PM    0   65.35    0.00    0.00    0.00    0.00    0.00    0.00    0.00    0.00   34.65
03:21:36 PM    1   55.56    0.00    0.00    0.00    0.00    0.00    0.00    0.00    0.00   44.44

03:21:36 PM  CPU    %usr   %nice    %sys %iowait    %irq   %soft  %steal  %guest  %gnice   %idle
03:21:37 PM    0   55.56    0.00    0.00    0.00    0.00    0.00    0.00    0.00    0.00   44.44
03:21:37 PM    1   59.41    0.00    0.00    0.00    0.00    0.00    0.00    0.00    0.00   40.59

03:21:37 PM  CPU    %usr   %nice    %sys %iowait    %irq   %soft  %steal  %guest  %gnice   %idle
03:21:38 PM    0   60.00    0.00    0.00    0.00    0.00    0.00    0.00    0.00    0.00   40.00
03:21:38 PM    1   69.00    0.00    0.00    0.00    0.00    0.00    0.00    0.00    0.00   31.00

03:21:38 PM  CPU    %usr   %nice    %sys %iowait    %irq   %soft  %steal  %guest  %gnice   %idle
03:21:39 PM    0   62.38    0.00    0.99    0.00    0.00    0.00    0.00    0.00    0.00   36.63
03:21:39 PM    1   58.00    0.00    0.00    0.00    0.00    0.00    0.00    0.00    0.00   42.00

03:21:39 PM  CPU    %usr   %nice    %sys %iowait    %irq   %soft  %steal  %guest  %gnice   %idle
03:21:40 PM    0   59.00    0.00    0.00    1.00    0.00    0.00    0.00    0.00    0.00   40.00
03:21:40 PM    1   64.00    0.00    0.00    0.00    0.00    0.00    0.00    0.00    0.00   36.00

03:21:40 PM  CPU    %usr   %nice    %sys %iowait    %irq   %soft  %steal  %guest  %gnice   %idle
03:21:41 PM    0   65.00    0.00    0.00    0.00    0.00    0.00    0.00    0.00    0.00   35.00
03:21:41 PM    1   56.00    0.00    0.00    0.00    0.00    0.00    0.00    0.00    0.00   44.00

03:21:41 PM  CPU    %usr   %nice    %sys %iowait    %irq   %soft  %steal  %guest  %gnice   %idle
03:21:42 PM    0   53.54    0.00    0.00    0.00    0.00    0.00    0.00    0.00    0.00   46.46
03:21:42 PM    1   69.00    0.00    0.00    0.00    0.00    0.00    0.00    0.00    0.00   31.00

03:21:42 PM  CPU    %usr   %nice    %sys %iowait    %irq   %soft  %steal  %guest  %gnice   %idle
03:21:43 PM    0   69.00    0.00    0.00    1.00    0.00    0.00    0.00    0.00    0.00   30.00
03:21:43 PM    1   52.53    0.00    0.00    0.00    0.00    0.00    0.00    0.00    0.00   47.47

03:21:43 PM  CPU    %usr   %nice    %sys %iowait    %irq   %soft  %steal  %guest  %gnice   %idle
03:21:44 PM    0   55.00    0.00    0.00    0.00    0.00    0.00    0.00    0.00    0.00   45.00
03:21:44 PM    1   59.41    0.00    0.00    0.00    0.00    0.00    0.00    0.00    0.00   40.59

03:21:44 PM  CPU    %usr   %nice    %sys %iowait    %irq   %soft  %steal  %guest  %gnice   %idle
03:21:45 PM    0   68.37    0.00    0.00    0.00    0.00    0.00    0.00    0.00    0.00   31.63
03:21:45 PM    1   68.00    0.00    0.00    0.00    0.00    0.00    0.00    0.00    0.00   32.00

03:21:45 PM  CPU    %usr   %nice    %sys %iowait    %irq   %soft  %steal  %guest  %gnice   %idle
03:21:46 PM    0   51.49    0.00    0.00    0.99    0.00    0.00    0.00    0.00    0.00   47.52
03:21:46 PM    1   56.00    0.00    0.00    0.00    0.00    0.00    0.00    0.00    0.00   44.00

03:21:46 PM  CPU    %usr   %nice    %sys %iowait    %irq   %soft  %steal  %guest  %gnice   %idle
03:21:47 PM    0   69.70    0.00    0.00    0.00    0.00    0.00    0.00    0.00    0.00   30.30
03:21:47 PM    1   67.00    0.00    0.00    0.00    0.00    0.00    0.00    0.00    0.00   33.00

03:21:47 PM  CPU    %usr   %nice    %sys %iowait    %irq   %soft  %steal  %guest  %gnice   %idle
03:21:48 PM    0   54.00    0.00    0.00    0.00    0.00    0.00    0.00    0.00    0.00   46.00
03:21:48 PM    1   60.00    0.00    0.00    0.00    0.00    0.00    0.00    0.00    0.00   40.00

03:21:48 PM  CPU    %usr   %nice    %sys %iowait    %irq   %soft  %steal  %guest  %gnice   %idle
03:21:49 PM    0   65.35    0.00    0.99    0.00    0.00    0.00    0.00    0.00    0.00   33.66
03:21:49 PM    1   56.00    0.00    1.00    0.00    0.00    0.00    0.00    0.00    0.00   43.00

03:21:49 PM  CPU    %usr   %nice    %sys %iowait    %irq   %soft  %steal  %guest  %gnice   %idle
03:21:50 PM    0   63.00    0.00    0.00    0.00    0.00    0.00    0.00    0.00    0.00   37.00
03:21:50 PM    1   59.41    0.00    0.00    0.00    0.00    0.00    0.00    0.00    0.00   40.59

03:21:50 PM  CPU    %usr   %nice    %sys %iowait    %irq   %soft  %steal  %guest  %gnice   %idle
03:21:51 PM    0   55.45    0.00    0.00    0.99    0.00    0.00    0.00    0.00    0.00   43.56
03:21:51 PM    1   66.00    0.00    0.00    0.00    0.00    0.00    0.00    0.00    0.00   34.00

03:21:51 PM  CPU    %usr   %nice    %sys %iowait    %irq   %soft  %steal  %guest  %gnice   %idle
03:21:52 PM    0   61.00    0.00    0.00    0.00    0.00    0.00    0.00    0.00    0.00   39.00
03:21:52 PM    1   62.63    0.00    0.00    0.00    0.00    0.00    0.00    0.00    0.00   37.37

03:21:52 PM  CPU    %usr   %nice    %sys %iowait    %irq   %soft  %steal  %guest  %gnice   %idle
03:21:53 PM    0   63.00    0.00    0.00    0.00    0.00    0.00    0.00    0.00    0.00   37.00
03:21:53 PM    1   59.80    0.00    0.00    0.00    0.00    0.00    0.00    0.00    0.00   40.20

03:21:53 PM  CPU    %usr   %nice    %sys %iowait    %irq   %soft  %steal  %guest  %gnice   %idle
03:21:54 PM    0   57.00    0.00    0.00    0.00    0.00    0.00    0.00    0.00    0.00   43.00
03:21:54 PM    1   72.00    0.00    0.00    0.00    0.00    0.00    0.00    0.00    0.00   28.00

03:21:54 PM  CPU    %usr   %nice    %sys %iowait    %irq   %soft  %steal  %guest  %gnice   %idle
03:21:55 PM    0   53.00    0.00    0.00    0.00    0.00    0.00    0.00    0.00    0.00   47.00
03:21:55 PM    1   63.00    0.00    0.00    0.00    0.00    0.00    0.00    0.00    0.00   37.00

03:21:55 PM  CPU    %usr   %nice    %sys %iowait    %irq   %soft  %steal  %guest  %gnice   %idle
03:21:56 PM    0   60.00    0.00    0.00    1.00    0.00    0.00    0.00    0.00    0.00   39.00
03:21:56 PM    1   61.00    0.00    0.00    0.00    0.00    0.00    0.00    0.00    0.00   39.00

03:21:56 PM  CPU    %usr   %nice    %sys %iowait    %irq   %soft  %steal  %guest  %gnice   %idle
03:21:57 PM    0   57.00    0.00    0.00    0.00    0.00    0.00    0.00    0.00    0.00   43.00
03:21:57 PM    1   70.71    0.00    0.00    0.00    0.00    0.00    0.00    0.00    0.00   29.29

03:21:57 PM  CPU    %usr   %nice    %sys %iowait    %irq   %soft  %steal  %guest  %gnice   %idle
03:21:58 PM    0   57.43    0.00    0.00    0.00    0.00    0.00    0.00    0.00    0.00   42.57
03:21:58 PM    1   51.52    0.00    0.00    0.00    0.00    0.00    0.00    0.00    0.00   48.48

03:21:58 PM  CPU    %usr   %nice    %sys %iowait    %irq   %soft  %steal  %guest  %gnice   %idle
03:21:59 PM    0   63.64    0.00    0.00    0.00    0.00    0.00    0.00    0.00    0.00   36.36
03:21:59 PM    1   72.00    0.00    0.00    0.00    0.00    0.00    0.00    0.00    0.00   28.00

03:21:59 PM  CPU    %usr   %nice    %sys %iowait    %irq   %soft  %steal  %guest  %gnice   %idle
03:22:00 PM    0   54.00    0.00    0.00    0.00    0.00    0.00    0.00    0.00    0.00   46.00
03:22:00 PM    1   61.00    0.00    0.00    0.00    0.00    0.00    0.00    0.00    0.00   39.00

03:22:00 PM  CPU    %usr   %nice    %sys %iowait    %irq   %soft  %steal  %guest  %gnice   %idle
03:22:01 PM    0   67.00    0.00    1.00    0.00    0.00    0.00    0.00    0.00    0.00   32.00
03:22:01 PM    1   61.39    0.00    0.99    0.00    0.00    0.00    0.00    0.00    0.00   37.62

03:22:01 PM  CPU    %usr   %nice    %sys %iowait    %irq   %soft  %steal  %guest  %gnice   %idle
03:22:02 PM    0   53.92    0.00    0.00    0.00    0.00    0.00    0.00    0.00    0.00   46.08
03:22:02 PM    1   60.00    0.00    0.00    0.00    0.00    0.00    0.00    0.00    0.00   40.00

03:22:02 PM  CPU    %usr   %nice    %sys %iowait    %irq   %soft  %steal  %guest  %gnice   %idle
03:22:03 PM    0   73.47    0.00    0.00    1.02    0.00    0.00    0.00    0.00    0.00   25.51
03:22:03 PM    1   56.12    0.00    0.00    0.00    0.00    0.00    0.00    0.00    0.00   43.88

03:22:03 PM  CPU    %usr   %nice    %sys %iowait    %irq   %soft  %steal  %guest  %gnice   %idle
03:22:04 PM    0   55.45    0.00    0.99    0.00    0.00    0.00    0.00    0.00    0.00   43.56
03:22:04 PM    1   58.42    0.00    0.99    0.00    0.00    0.00    0.00    0.00    0.00   40.59

03:22:04 PM  CPU    %usr   %nice    %sys %iowait    %irq   %soft  %steal  %guest  %gnice   %idle
03:22:05 PM    0   56.57    0.00    0.00    0.00    0.00    0.00    0.00    0.00    0.00   43.43
03:22:05 PM    1   64.36    0.00    0.00    0.00    0.00    0.00    0.00    0.00    0.00   35.64

03:22:05 PM  CPU    %usr   %nice    %sys %iowait    %irq   %soft  %steal  %guest  %gnice   %idle
03:22:06 PM    0   63.00    0.00    0.00    2.00    0.00    0.00    0.00    0.00    0.00   35.00
03:22:06 PM    1   66.00    0.00    0.00    0.00    0.00    0.00    0.00    0.00    0.00   34.00

03:22:06 PM  CPU    %usr   %nice    %sys %iowait    %irq   %soft  %steal  %guest  %gnice   %idle
03:22:07 PM    0   51.00    0.00    0.00    0.00    0.00    0.00    0.00    0.00    0.00   49.00
03:22:07 PM    1   64.00    0.00    0.00    0.00    0.00    0.00    0.00    0.00    0.00   36.00

03:22:07 PM  CPU    %usr   %nice    %sys %iowait    %irq   %soft  %steal  %guest  %gnice   %idle
03:22:08 PM    0   63.00    0.00    0.00    0.00    0.00    0.00    0.00    0.00    0.00   37.00
03:22:08 PM    1   65.35    0.00    0.00    0.00    0.00    0.00    0.00    0.00    0.00   34.65

03:22:08 PM  CPU    %usr   %nice    %sys %iowait    %irq   %soft  %steal  %guest  %gnice   %idle
03:22:09 PM    0   58.42    0.00    0.00    0.00    0.00    0.00    0.00    0.00    0.00   41.58
03:22:09 PM    1   63.64    0.00    0.00    0.00    0.00    0.00    0.00    0.00    0.00   36.36

03:22:09 PM  CPU    %usr   %nice    %sys %iowait    %irq   %soft  %steal  %guest  %gnice   %idle
03:22:10 PM    0   55.10    0.00    0.00    0.00    0.00    0.00    0.00    0.00    0.00   44.90
03:22:10 PM    1   59.41    0.00    0.00    0.00    0.00    0.00    0.00    0.00    0.00   40.59

03:22:10 PM  CPU    %usr   %nice    %sys %iowait    %irq   %soft  %steal  %guest  %gnice   %idle
03:22:11 PM    0   61.00    0.00    0.00    0.00    0.00    0.00    0.00    0.00    0.00   39.00
03:22:11 PM    1   68.69    0.00    0.00    0.00    0.00    0.00    0.00    0.00    0.00   31.31

03:22:11 PM  CPU    %usr   %nice    %sys %iowait    %irq   %soft  %steal  %guest  %gnice   %idle
03:22:12 PM    0   64.65    0.00    0.00    0.00    0.00    0.00    0.00    0.00    0.00   35.35
03:22:12 PM    1   50.00    0.00    0.00    0.00    0.00    0.00    0.00    0.00    0.00   50.00

03:22:12 PM  CPU    %usr   %nice    %sys %iowait    %irq   %soft  %steal  %guest  %gnice   %idle
03:22:13 PM    0   64.36    0.00    0.00    0.99    0.00    0.00    0.00    0.00    0.00   34.65
03:22:13 PM    1   65.00    0.00    0.00    0.00    0.00    0.00    0.00    0.00    0.00   35.00

03:22:13 PM  CPU    %usr   %nice    %sys %iowait    %irq   %soft  %steal  %guest  %gnice   %idle
03:22:14 PM    0   58.59    0.00    0.00    0.00    0.00    0.00    0.00    0.00    0.00   41.41
03:22:14 PM    1   55.45    0.00    0.00    0.00    0.00    0.00    0.00    0.00    0.00   44.55

03:22:14 PM  CPU    %usr   %nice    %sys %iowait    %irq   %soft  %steal  %guest  %gnice   %idle
03:22:15 PM    0   70.71    0.00    0.00    0.00    0.00    0.00    0.00    0.00    0.00   29.29
03:22:15 PM    1   64.00    0.00    0.00    0.00    0.00    0.00    0.00    0.00    0.00   36.00

03:22:15 PM  CPU    %usr   %nice    %sys %iowait    %irq   %soft  %steal  %guest  %gnice   %idle
03:22:16 PM    0   53.54    0.00    0.00    0.00    0.00    0.00    0.00    0.00    0.00   46.46
03:22:16 PM    1   57.43    0.00    0.00    0.00    0.00    0.00    0.00    0.00    0.00   42.57

03:22:16 PM  CPU    %usr   %nice    %sys %iowait    %irq   %soft  %steal  %guest  %gnice   %idle
03:22:17 PM    0   61.00    0.00    0.00    0.00    0.00    0.00    0.00    0.00    0.00   39.00
03:22:17 PM    1   68.00    0.00    0.00    0.00    0.00    0.00    0.00    0.00    0.00   32.00

03:22:17 PM  CPU    %usr   %nice    %sys %iowait    %irq   %soft  %steal  %guest  %gnice   %idle
03:22:18 PM    0   65.00    0.00    0.00    0.00    0.00    0.00    0.00    0.00    0.00   35.00
03:22:18 PM    1   55.00    0.00    0.00    0.00    0.00    0.00    0.00    0.00    0.00   45.00

03:22:18 PM  CPU    %usr   %nice    %sys %iowait    %irq   %soft  %steal  %guest  %gnice   %idle
03:22:19 PM    0   55.45    0.00    0.99    0.00    0.00    0.00    0.00    0.00    0.00   43.56
03:22:19 PM    1   59.18    0.00    0.00    0.00    0.00    0.00    0.00    0.00    0.00   40.82

03:22:19 PM  CPU    %usr   %nice    %sys %iowait    %irq   %soft  %steal  %guest  %gnice   %idle
03:22:20 PM    0   60.40    0.00    0.00    0.00    0.00    0.00    0.00    0.00    0.00   39.60
03:22:20 PM    1   68.32    0.00    0.00    0.00    0.00    0.00    0.00    0.00    0.00   31.68

03:22:20 PM  CPU    %usr   %nice    %sys %iowait    %irq   %soft  %steal  %guest  %gnice   %idle
03:22:21 PM    0   62.00    0.00    0.00    1.00    0.00    0.00    0.00    0.00    0.00   37.00
03:22:21 PM    1   59.60    0.00    0.00    0.00    0.00    0.00    0.00    0.00    0.00   40.40

03:22:21 PM  CPU    %usr   %nice    %sys %iowait    %irq   %soft  %steal  %guest  %gnice   %idle
03:22:22 PM    0   58.00    0.00    0.00    0.00    0.00    0.00    0.00    0.00    0.00   42.00
03:22:22 PM    1   65.00    0.00    0.00    0.00    0.00    0.00    0.00    0.00    0.00   35.00

03:22:22 PM  CPU    %usr   %nice    %sys %iowait    %irq   %soft  %steal  %guest  %gnice   %idle
03:22:23 PM    0   56.57    0.00    0.00    1.01    0.00    0.00    0.00    0.00    0.00   42.42
03:22:23 PM    1   64.36    0.00    0.00    0.00    0.00    0.00    0.00    0.00    0.00   35.64

03:22:23 PM  CPU    %usr   %nice    %sys %iowait    %irq   %soft  %steal  %guest  %gnice   %idle
03:22:24 PM    0   64.00    0.00    1.00    0.00    0.00    0.00    0.00    0.00    0.00   35.00
03:22:24 PM    1   59.00    0.00    0.00    0.00    0.00    0.00    0.00    0.00    0.00   41.00

03:22:24 PM  CPU    %usr   %nice    %sys %iowait    %irq   %soft  %steal  %guest  %gnice   %idle
03:22:25 PM    0   69.31    0.00    0.00    0.00    0.00    0.00    0.00    0.00    0.00   30.69
03:22:25 PM    1   51.52    0.00    0.00    0.00    0.00    0.00    0.00    0.00    0.00   48.48

03:22:25 PM  CPU    %usr   %nice    %sys %iowait    %irq   %soft  %steal  %guest  %gnice   %idle
03:22:26 PM    0   58.42    0.00    0.00    0.99    0.00    0.00    0.00    0.00    0.00   40.59
03:22:26 PM    1   55.45    0.00    0.00    0.00    0.00    0.00    0.00    0.00    0.00   44.55

Average:     CPU    %usr   %nice    %sys %iowait    %irq   %soft  %steal  %guest  %gnice   %idle
Average:       0   60.58    0.00    0.11    0.24    0.00    0.00    0.00    0.00    0.00   39.07
Average:       1   61.40    0.00    0.07    0.01    0.00    0.00    0.00    0.00    0.00   38.52
