Linux 5.15.0-122-generic (NEU) 	09/20/2024 	_x86_64_	(16 CPU)

03:23:37 PM  CPU    %usr   %nice    %sys %iowait    %irq   %soft  %steal  %guest  %gnice   %idle
03:23:38 PM    0   76.24    0.00    0.00    0.00    0.00    0.00    0.00    0.00    0.00   23.76
03:23:38 PM    1   75.00    0.00    0.00    0.00    0.00    0.00    0.00    0.00    0.00   25.00

03:23:38 PM  CPU    %usr   %nice    %sys %iowait    %irq   %soft  %steal  %guest  %gnice   %idle
03:23:39 PM    0   73.00    0.00    0.00    1.00    0.00    0.00    0.00    0.00    0.00   26.00
03:23:39 PM    1   71.00    0.00    0.00    0.00    0.00    0.00    0.00    0.00    0.00   29.00

03:23:39 PM  CPU    %usr   %nice    %sys %iowait    %irq   %soft  %steal  %guest  %gnice   %idle
03:23:40 PM    0   75.00    0.00    0.00    0.00    0.00    0.00    0.00    0.00    0.00   25.00
03:23:40 PM    1   77.23    0.00    0.00    0.00    0.00    0.00    0.00    0.00    0.00   22.77

03:23:40 PM  CPU    %usr   %nice    %sys %iowait    %irq   %soft  %steal  %guest  %gnice   %idle
03:23:41 PM    0   76.00    0.00    0.00    0.00    0.00    0.00    0.00    0.00    0.00   24.00
03:23:41 PM    1   71.72    0.00    0.00    0.00    0.00    0.00    0.00    0.00    0.00   28.28

03:23:41 PM  CPU    %usr   %nice    %sys %iowait    %irq   %soft  %steal  %guest  %gnice   %idle
03:23:42 PM    0   66.00    0.00    0.00    0.00    0.00    0.00    0.00    0.00    0.00   34.00
03:23:42 PM    1   62.00    0.00    0.00    0.00    0.00    0.00    0.00    0.00    0.00   38.00

03:23:42 PM  CPU    %usr   %nice    %sys %iowait    %irq   %soft  %steal  %guest  %gnice   %idle
03:23:43 PM    0   76.24    0.00    0.00    0.00    0.00    0.00    0.00    0.00    0.00   23.76
03:23:43 PM    1   80.00    0.00    0.00    0.00    0.00    0.00    0.00    0.00    0.00   20.00

03:23:43 PM  CPU    %usr   %nice    %sys %iowait    %irq   %soft  %steal  %guest  %gnice   %idle
03:23:44 PM    0   74.00    0.00    0.00    1.00    0.00    0.00    0.00    0.00    0.00   25.00
03:23:44 PM    1   74.00    0.00    0.00    0.00    0.00    0.00    0.00    0.00    0.00   26.00

03:23:44 PM  CPU    %usr   %nice    %sys %iowait    %irq   %soft  %steal  %guest  %gnice   %idle
03:23:45 PM    0   69.70    0.00    0.00    0.00    0.00    0.00    0.00    0.00    0.00   30.30
03:23:45 PM    1   72.28    0.00    0.00    0.00    0.00    0.00    0.00    0.00    0.00   27.72

03:23:45 PM  CPU    %usr   %nice    %sys %iowait    %irq   %soft  %steal  %guest  %gnice   %idle
03:23:46 PM    0   76.24    0.00    0.00    0.99    0.00    0.00    0.00    0.00    0.00   22.77
03:23:46 PM    1   72.00    0.00    0.00    0.00    0.00    0.00    0.00    0.00    0.00   28.00

03:23:46 PM  CPU    %usr   %nice    %sys %iowait    %irq   %soft  %steal  %guest  %gnice   %idle
03:23:47 PM    0   74.75    0.00    0.00    0.00    0.00    0.00    0.00    0.00    0.00   25.25
03:23:47 PM    1   75.00    0.00    0.00    0.00    0.00    0.00    0.00    0.00    0.00   25.00

03:23:47 PM  CPU    %usr   %nice    %sys %iowait    %irq   %soft  %steal  %guest  %gnice   %idle
03:23:48 PM    0   71.00    0.00    0.00    0.00    0.00    0.00    0.00    0.00    0.00   29.00
03:23:48 PM    1   74.00    0.00    0.00    0.00    0.00    0.00    0.00    0.00    0.00   26.00

03:23:48 PM  CPU    %usr   %nice    %sys %iowait    %irq   %soft  %steal  %guest  %gnice   %idle
03:23:49 PM    0   69.00    0.00    0.00    1.00    0.00    0.00    0.00    0.00    0.00   30.00
03:23:49 PM    1   64.71    0.00    0.00    0.00    0.00    0.00    0.00    0.00    0.00   35.29

03:23:49 PM  CPU    %usr   %nice    %sys %iowait    %irq   %soft  %steal  %guest  %gnice   %idle
03:23:50 PM    0   76.24    0.00    0.00    0.00    0.00    0.00    0.00    0.00    0.00   23.76
03:23:50 PM    1   72.45    0.00    0.00    0.00    0.00    0.00    0.00    0.00    0.00   27.55

03:23:50 PM  CPU    %usr   %nice    %sys %iowait    %irq   %soft  %steal  %guest  %gnice   %idle
03:23:51 PM    0   62.00    0.00    0.00    0.00    0.00    0.00    0.00    0.00    0.00   38.00
03:23:51 PM    1   64.00    0.00    0.00    0.00    0.00    0.00    0.00    0.00    0.00   36.00

03:23:51 PM  CPU    %usr   %nice    %sys %iowait    %irq   %soft  %steal  %guest  %gnice   %idle
03:23:52 PM    0   80.81    0.00    0.00    0.00    0.00    0.00    0.00    0.00    0.00   19.19
03:23:52 PM    1   83.00    0.00    0.00    0.00    0.00    0.00    0.00    0.00    0.00   17.00

03:23:52 PM  CPU    %usr   %nice    %sys %iowait    %irq   %soft  %steal  %guest  %gnice   %idle
03:23:53 PM    0   70.71    0.00    0.00    0.00    0.00    0.00    0.00    0.00    0.00   29.29
03:23:53 PM    1   72.28    0.00    0.00    0.00    0.00    0.00    0.00    0.00    0.00   27.72

03:23:53 PM  CPU    %usr   %nice    %sys %iowait    %irq   %soft  %steal  %guest  %gnice   %idle
03:23:54 PM    0   69.00    0.00    0.00    1.00    0.00    0.00    0.00    0.00    0.00   30.00
03:23:54 PM    1   67.68    0.00    0.00    0.00    0.00    0.00    0.00    0.00    0.00   32.32

03:23:54 PM  CPU    %usr   %nice    %sys %iowait    %irq   %soft  %steal  %guest  %gnice   %idle
03:23:55 PM    0   68.00    0.00    0.00    0.00    0.00    0.00    0.00    0.00    0.00   32.00
03:23:55 PM    1   64.00    0.00    0.00    0.00    0.00    0.00    0.00    0.00    0.00   36.00

03:23:55 PM  CPU    %usr   %nice    %sys %iowait    %irq   %soft  %steal  %guest  %gnice   %idle
03:23:56 PM    0   76.00    0.00    0.00    0.00    0.00    0.00    0.00    0.00    0.00   24.00
03:23:56 PM    1   79.00    0.00    0.00    0.00    0.00    0.00    0.00    0.00    0.00   21.00

03:23:56 PM  CPU    %usr   %nice    %sys %iowait    %irq   %soft  %steal  %guest  %gnice   %idle
03:23:57 PM    0   68.00    0.00    0.00    0.00    0.00    0.00    0.00    0.00    0.00   32.00
03:23:57 PM    1   69.00    0.00    0.00    0.00    0.00    0.00    0.00    0.00    0.00   31.00

03:23:57 PM  CPU    %usr   %nice    %sys %iowait    %irq   %soft  %steal  %guest  %gnice   %idle
03:23:58 PM    0   71.00    0.00    1.00    0.00    0.00    0.00    0.00    0.00    0.00   28.00
03:23:58 PM    1   77.00    0.00    0.00    0.00    0.00    0.00    0.00    0.00    0.00   23.00

03:23:58 PM  CPU    %usr   %nice    %sys %iowait    %irq   %soft  %steal  %guest  %gnice   %idle
03:23:59 PM    0   73.74    0.00    0.00    0.00    0.00    0.00    0.00    0.00    0.00   26.26
03:23:59 PM    1   74.00    0.00    0.00    0.00    0.00    0.00    0.00    0.00    0.00   26.00

03:23:59 PM  CPU    %usr   %nice    %sys %iowait    %irq   %soft  %steal  %guest  %gnice   %idle
03:24:00 PM    0   68.00    0.00    0.00    1.00    0.00    0.00    0.00    0.00    0.00   31.00
03:24:00 PM    1   68.63    0.00    0.98    0.00    0.00    0.00    0.00    0.00    0.00   30.39

03:24:00 PM  CPU    %usr   %nice    %sys %iowait    %irq   %soft  %steal  %guest  %gnice   %idle
03:24:01 PM    0   69.61    0.00    0.00    0.00    0.00    0.00    0.00    0.00    0.00   30.39
03:24:01 PM    1   66.00    0.00    0.00    0.00    0.00    0.00    0.00    0.00    0.00   34.00

03:24:01 PM  CPU    %usr   %nice    %sys %iowait    %irq   %soft  %steal  %guest  %gnice   %idle
03:24:02 PM    0   77.23    0.00    0.99    0.99    0.00    0.00    0.00    0.00    0.00   20.79
03:24:02 PM    1   76.77    0.00    0.00    0.00    0.00    0.00    0.00    0.00    0.00   23.23

03:24:02 PM  CPU    %usr   %nice    %sys %iowait    %irq   %soft  %steal  %guest  %gnice   %idle
03:24:03 PM    0   59.60    0.00    0.00    0.00    0.00    0.00    0.00    0.00    0.00   40.40
03:24:03 PM    1   63.00    0.00    0.00    0.00    0.00    0.00    0.00    0.00    0.00   37.00

03:24:03 PM  CPU    %usr   %nice    %sys %iowait    %irq   %soft  %steal  %guest  %gnice   %idle
03:24:04 PM    0   81.19    0.00    0.00    0.00    0.00    0.00    0.00    0.00    0.00   18.81
03:24:04 PM    1   84.00    0.00    0.00    0.00    0.00    0.00    0.00    0.00    0.00   16.00

03:24:04 PM  CPU    %usr   %nice    %sys %iowait    %irq   %soft  %steal  %guest  %gnice   %idle
03:24:05 PM    0   75.76    0.00    1.01    1.01    0.00    0.00    0.00    0.00    0.00   22.22
03:24:05 PM    1   76.00    0.00    0.00    0.00    0.00    0.00    0.00    0.00    0.00   24.00

03:24:05 PM  CPU    %usr   %nice    %sys %iowait    %irq   %soft  %steal  %guest  %gnice   %idle
03:24:06 PM    0   74.00    0.00    0.00    0.00    0.00    0.00    0.00    0.00    0.00   26.00
03:24:06 PM    1   72.00    0.00    0.00    0.00    0.00    0.00    0.00    0.00    0.00   28.00

03:24:06 PM  CPU    %usr   %nice    %sys %iowait    %irq   %soft  %steal  %guest  %gnice   %idle
03:24:07 PM    0   62.00    0.00    0.00    0.00    0.00    0.00    0.00    0.00    0.00   38.00
03:24:07 PM    1   58.00    0.00    0.00    0.00    0.00    0.00    0.00    0.00    0.00   42.00

03:24:07 PM  CPU    %usr   %nice    %sys %iowait    %irq   %soft  %steal  %guest  %gnice   %idle
03:24:08 PM    0   75.76    0.00    0.00    0.00    0.00    0.00    0.00    0.00    0.00   24.24
03:24:08 PM    1   77.23    0.00    0.00    0.00    0.00    0.00    0.00    0.00    0.00   22.77

03:24:08 PM  CPU    %usr   %nice    %sys %iowait    %irq   %soft  %steal  %guest  %gnice   %idle
03:24:09 PM    0   71.00    0.00    0.00    0.00    0.00    0.00    0.00    0.00    0.00   29.00
03:24:09 PM    1   74.00    0.00    0.00    0.00    0.00    0.00    0.00    0.00    0.00   26.00

03:24:09 PM  CPU    %usr   %nice    %sys %iowait    %irq   %soft  %steal  %guest  %gnice   %idle
03:24:10 PM    0   71.00    0.00    0.00    1.00    0.00    0.00    0.00    0.00    0.00   28.00
03:24:10 PM    1   74.26    0.00    0.00    0.00    0.00    0.00    0.00    0.00    0.00   25.74

03:24:10 PM  CPU    %usr   %nice    %sys %iowait    %irq   %soft  %steal  %guest  %gnice   %idle
03:24:11 PM    0   72.00    0.00    0.00    0.00    0.00    0.00    0.00    0.00    0.00   28.00
03:24:11 PM    1   77.00    0.00    0.00    0.00    0.00    0.00    0.00    0.00    0.00   23.00

03:24:11 PM  CPU    %usr   %nice    %sys %iowait    %irq   %soft  %steal  %guest  %gnice   %idle
03:24:12 PM    0   73.74    0.00    0.00    1.01    0.00    0.00    0.00    0.00    0.00   25.25
03:24:12 PM    1   72.00    0.00    0.00    0.00    0.00    0.00    0.00    0.00    0.00   28.00

03:24:12 PM  CPU    %usr   %nice    %sys %iowait    %irq   %soft  %steal  %guest  %gnice   %idle
03:24:13 PM    0   72.28    0.00    0.00    0.00    0.00    0.00    0.00    0.00    0.00   27.72
03:24:13 PM    1   77.00    0.00    0.00    0.00    0.00    0.00    0.00    0.00    0.00   23.00

03:24:13 PM  CPU    %usr   %nice    %sys %iowait    %irq   %soft  %steal  %guest  %gnice   %idle
03:24:14 PM    0   76.77    0.00    0.00    0.00    0.00    0.00    0.00    0.00    0.00   23.23
03:24:14 PM    1   75.00    0.00    0.00    0.00    0.00    0.00    0.00    0.00    0.00   25.00

03:24:14 PM  CPU    %usr   %nice    %sys %iowait    %irq   %soft  %steal  %guest  %gnice   %idle
03:24:15 PM    0   59.41    0.00    0.99    0.99    0.00    0.00    0.00    0.00    0.00   38.61
03:24:15 PM    1   63.37    0.00    0.00    0.00    0.00    0.00    0.00    0.00    0.00   36.63

03:24:15 PM  CPU    %usr   %nice    %sys %iowait    %irq   %soft  %steal  %guest  %gnice   %idle
03:24:16 PM    0   70.00    0.00    0.00    1.00    0.00    0.00    0.00    0.00    0.00   29.00
03:24:16 PM    1   73.27    0.00    0.00    0.00    0.00    0.00    0.00    0.00    0.00   26.73

03:24:16 PM  CPU    %usr   %nice    %sys %iowait    %irq   %soft  %steal  %guest  %gnice   %idle
03:24:17 PM    0   75.00    0.00    0.00    1.00    0.00    0.00    0.00    0.00    0.00   24.00
03:24:17 PM    1   74.75    0.00    0.00    0.00    0.00    0.00    0.00    0.00    0.00   25.25

03:24:17 PM  CPU    %usr   %nice    %sys %iowait    %irq   %soft  %steal  %guest  %gnice   %idle
03:24:18 PM    0   76.00    0.00    0.00    0.00    0.00    0.00    0.00    0.00    0.00   24.00
03:24:18 PM    1   74.75    0.00    0.00    0.00    0.00    0.00    0.00    0.00    0.00   25.25

03:24:18 PM  CPU    %usr   %nice    %sys %iowait    %irq   %soft  %steal  %guest  %gnice   %idle
03:24:19 PM    0   64.00    0.00    0.00    0.00    0.00    0.00    0.00    0.00    0.00   36.00
03:24:19 PM    1   68.00    0.00    0.00    0.00    0.00    0.00    0.00    0.00    0.00   32.00

03:24:19 PM  CPU    %usr   %nice    %sys %iowait    %irq   %soft  %steal  %guest  %gnice   %idle
03:24:20 PM    0   75.00    0.00    0.00    0.00    0.00    0.00    0.00    0.00    0.00   25.00
03:24:20 PM    1   76.24    0.00    0.00    0.00    0.00    0.00    0.00    0.00    0.00   23.76

03:24:20 PM  CPU    %usr   %nice    %sys %iowait    %irq   %soft  %steal  %guest  %gnice   %idle
03:24:21 PM    0   66.67    0.00    0.00    0.00    0.00    0.00    0.00    0.00    0.00   33.33
03:24:21 PM    1   68.00    0.00    0.00    0.00    0.00    0.00    0.00    0.00    0.00   32.00

03:24:21 PM  CPU    %usr   %nice    %sys %iowait    %irq   %soft  %steal  %guest  %gnice   %idle
03:24:22 PM    0   78.43    0.00    0.98    0.98    0.00    0.00    0.00    0.00    0.00   19.61
03:24:22 PM    1   76.00    0.00    0.00    0.00    0.00    0.00    0.00    0.00    0.00   24.00

03:24:22 PM  CPU    %usr   %nice    %sys %iowait    %irq   %soft  %steal  %guest  %gnice   %idle
03:24:23 PM    0   72.00    0.00    0.00    1.00    0.00    0.00    0.00    0.00    0.00   27.00
03:24:23 PM    1   76.00    0.00    0.00    0.00    0.00    0.00    0.00    0.00    0.00   24.00

03:24:23 PM  CPU    %usr   %nice    %sys %iowait    %irq   %soft  %steal  %guest  %gnice   %idle
03:24:24 PM    0   61.62    0.00    0.00    0.00    0.00    0.00    0.00    0.00    0.00   38.38
03:24:24 PM    1   64.36    0.00    0.00    0.00    0.00    0.00    0.00    0.00    0.00   35.64

03:24:24 PM  CPU    %usr   %nice    %sys %iowait    %irq   %soft  %steal  %guest  %gnice   %idle
03:24:25 PM    0   80.00    0.00    0.00    1.00    0.00    0.00    0.00    0.00    0.00   19.00
03:24:25 PM    1   75.00    0.00    0.00    0.00    0.00    0.00    0.00    0.00    0.00   25.00

03:24:25 PM  CPU    %usr   %nice    %sys %iowait    %irq   %soft  %steal  %guest  %gnice   %idle
03:24:26 PM    0   73.74    0.00    0.00    1.01    0.00    0.00    0.00    0.00    0.00   25.25
03:24:26 PM    1   75.00    0.00    0.00    0.00    0.00    0.00    0.00    0.00    0.00   25.00

03:24:26 PM  CPU    %usr   %nice    %sys %iowait    %irq   %soft  %steal  %guest  %gnice   %idle
03:24:27 PM    0   68.00    0.00    0.00    1.00    0.00    0.00    0.00    0.00    0.00   31.00
03:24:27 PM    1   73.27    0.00    0.00    0.00    0.00    0.00    0.00    0.00    0.00   26.73

03:24:27 PM  CPU    %usr   %nice    %sys %iowait    %irq   %soft  %steal  %guest  %gnice   %idle
03:24:28 PM    0   75.25    0.00    0.99    1.98    0.00    0.00    0.00    0.00    0.00   21.78
03:24:28 PM    1   72.00    0.00    0.00    0.00    0.00    0.00    0.00    0.00    0.00   28.00

03:24:28 PM  CPU    %usr   %nice    %sys %iowait    %irq   %soft  %steal  %guest  %gnice   %idle
03:24:29 PM    0   76.77    0.00    0.00    1.01    0.00    0.00    0.00    0.00    0.00   22.22
03:24:29 PM    1   76.00    0.00    0.00    0.00    0.00    0.00    0.00    0.00    0.00   24.00

03:24:29 PM  CPU    %usr   %nice    %sys %iowait    %irq   %soft  %steal  %guest  %gnice   %idle
03:24:30 PM    0   71.29    0.00    0.00    0.00    0.00    0.00    0.00    0.00    0.00   28.71
03:24:30 PM    1   74.00    0.00    0.00    0.00    0.00    0.00    0.00    0.00    0.00   26.00

03:24:30 PM  CPU    %usr   %nice    %sys %iowait    %irq   %soft  %steal  %guest  %gnice   %idle
03:24:31 PM    0   68.00    0.00    0.00    0.00    0.00    0.00    0.00    0.00    0.00   32.00
03:24:31 PM    1   63.64    0.00    0.00    0.00    0.00    0.00    0.00    0.00    0.00   36.36

03:24:31 PM  CPU    %usr   %nice    %sys %iowait    %irq   %soft  %steal  %guest  %gnice   %idle
03:24:32 PM    0   76.00    0.00    0.00    1.00    0.00    0.00    0.00    0.00    0.00   23.00
03:24:32 PM    1   71.72    0.00    0.00    0.00    0.00    0.00    0.00    0.00    0.00   28.28

03:24:32 PM  CPU    %usr   %nice    %sys %iowait    %irq   %soft  %steal  %guest  %gnice   %idle
03:24:33 PM    0   62.00    0.00    0.00    0.00    0.00    0.00    0.00    0.00    0.00   38.00
03:24:33 PM    1   63.37    0.00    0.99    0.00    0.00    0.00    0.00    0.00    0.00   35.64

03:24:33 PM  CPU    %usr   %nice    %sys %iowait    %irq   %soft  %steal  %guest  %gnice   %idle
03:24:34 PM    0   81.00    0.00    0.00    0.00    0.00    0.00    0.00    0.00    0.00   19.00
03:24:34 PM    1   84.00    0.00    0.00    0.00    0.00    0.00    0.00    0.00    0.00   16.00

03:24:34 PM  CPU    %usr   %nice    %sys %iowait    %irq   %soft  %steal  %guest  %gnice   %idle
03:24:35 PM    0   72.00    0.00    0.00    2.00    0.00    0.00    0.00    0.00    0.00   26.00
03:24:35 PM    1   73.27    0.00    0.00    0.00    0.00    0.00    0.00    0.00    0.00   26.73

03:24:35 PM  CPU    %usr   %nice    %sys %iowait    %irq   %soft  %steal  %guest  %gnice   %idle
03:24:36 PM    0   69.00    0.00    0.00    1.00    0.00    0.00    0.00    0.00    0.00   30.00
03:24:36 PM    1   68.00    0.00    0.00    0.00    0.00    0.00    0.00    0.00    0.00   32.00

03:24:36 PM  CPU    %usr   %nice    %sys %iowait    %irq   %soft  %steal  %guest  %gnice   %idle
03:24:37 PM    0   69.00    0.00    0.00    0.00    0.00    0.00    0.00    0.00    0.00   31.00
03:24:37 PM    1   64.65    0.00    0.00    0.00    0.00    0.00    0.00    0.00    0.00   35.35

03:24:37 PM  CPU    %usr   %nice    %sys %iowait    %irq   %soft  %steal  %guest  %gnice   %idle
03:24:38 PM    0   76.77    0.00    0.00    0.00    0.00    0.00    0.00    0.00    0.00   23.23
03:24:38 PM    1   79.21    0.00    0.00    0.00    0.00    0.00    0.00    0.00    0.00   20.79

03:24:38 PM  CPU    %usr   %nice    %sys %iowait    %irq   %soft  %steal  %guest  %gnice   %idle
03:24:39 PM    0   71.00    0.00    0.00    0.00    0.00    0.00    0.00    0.00    0.00   29.00
03:24:39 PM    1   73.74    0.00    0.00    0.00    0.00    0.00    0.00    0.00    0.00   26.26

03:24:39 PM  CPU    %usr   %nice    %sys %iowait    %irq   %soft  %steal  %guest  %gnice   %idle
03:24:40 PM    0   71.72    0.00    0.00    0.00    0.00    0.00    0.00    0.00    0.00   28.28
03:24:40 PM    1   76.24    0.00    0.00    0.00    0.00    0.00    0.00    0.00    0.00   23.76

03:24:40 PM  CPU    %usr   %nice    %sys %iowait    %irq   %soft  %steal  %guest  %gnice   %idle
03:24:41 PM    0   72.28    0.00    0.99    0.00    0.00    0.00    0.00    0.00    0.00   26.73
03:24:41 PM    1   74.00    0.00    0.00    0.00    0.00    0.00    0.00    0.00    0.00   26.00

03:24:41 PM  CPU    %usr   %nice    %sys %iowait    %irq   %soft  %steal  %guest  %gnice   %idle
03:24:42 PM    0   72.45    0.00    0.00    1.02    0.00    0.00    0.00    0.00    0.00   26.53
03:24:42 PM    1   73.00    0.00    0.00    0.00    0.00    0.00    0.00    0.00    0.00   27.00

03:24:42 PM  CPU    %usr   %nice    %sys %iowait    %irq   %soft  %steal  %guest  %gnice   %idle
03:24:43 PM    0   69.31    0.00    0.00    0.00    0.00    0.00    0.00    0.00    0.00   30.69
03:24:43 PM    1   66.00    0.00    0.00    0.00    0.00    0.00    0.00    0.00    0.00   34.00

03:24:43 PM  CPU    %usr   %nice    %sys %iowait    %irq   %soft  %steal  %guest  %gnice   %idle
03:24:44 PM    0   79.00    0.00    0.00    0.00    0.00    0.00    0.00    0.00    0.00   21.00
03:24:44 PM    1   77.00    0.00    0.00    0.00    0.00    0.00    0.00    0.00    0.00   23.00

03:24:44 PM  CPU    %usr   %nice    %sys %iowait    %irq   %soft  %steal  %guest  %gnice   %idle
03:24:45 PM    0   59.00    0.00    1.00    0.00    0.00    0.00    0.00    0.00    0.00   40.00
03:24:45 PM    1   63.37    0.00    0.00    0.00    0.00    0.00    0.00    0.00    0.00   36.63

03:24:45 PM  CPU    %usr   %nice    %sys %iowait    %irq   %soft  %steal  %guest  %gnice   %idle
03:24:46 PM    0   84.00    0.00    0.00    0.00    0.00    0.00    0.00    0.00    0.00   16.00
03:24:46 PM    1   81.82    0.00    0.00    0.00    0.00    0.00    0.00    0.00    0.00   18.18

03:24:46 PM  CPU    %usr   %nice    %sys %iowait    %irq   %soft  %steal  %guest  %gnice   %idle
03:24:47 PM    0   77.00    0.00    0.00    1.00    0.00    0.00    0.00    0.00    0.00   22.00
03:24:47 PM    1   76.24    0.00    0.00    0.00    0.00    0.00    0.00    0.00    0.00   23.76

03:24:47 PM  CPU    %usr   %nice    %sys %iowait    %irq   %soft  %steal  %guest  %gnice   %idle
03:24:48 PM    0   71.72    0.00    0.00    1.01    0.00    0.00    0.00    0.00    0.00   27.27
03:24:48 PM    1   73.00    0.00    0.00    0.00    0.00    0.00    0.00    0.00    0.00   27.00

03:24:48 PM  CPU    %usr   %nice    %sys %iowait    %irq   %soft  %steal  %guest  %gnice   %idle
03:24:49 PM    0   58.00    0.00    1.00    0.00    0.00    0.00    0.00    0.00    0.00   41.00
03:24:49 PM    1   63.00    0.00    0.00    0.00    0.00    0.00    0.00    0.00    0.00   37.00

03:24:49 PM  CPU    %usr   %nice    %sys %iowait    %irq   %soft  %steal  %guest  %gnice   %idle
03:24:50 PM    0   78.22    0.00    0.00    0.00    0.00    0.00    0.00    0.00    0.00   21.78
03:24:50 PM    1   76.00    0.00    0.00    0.00    0.00    0.00    0.00    0.00    0.00   24.00

03:24:50 PM  CPU    %usr   %nice    %sys %iowait    %irq   %soft  %steal  %guest  %gnice   %idle
03:24:51 PM    0   68.00    0.00    1.00    1.00    0.00    0.00    0.00    0.00    0.00   30.00
03:24:51 PM    1   66.00    0.00    0.00    0.00    0.00    0.00    0.00    0.00    0.00   34.00

03:24:51 PM  CPU    %usr   %nice    %sys %iowait    %irq   %soft  %steal  %guest  %gnice   %idle
03:24:52 PM    0   70.30    0.00    0.00    1.98    0.00    0.00    0.00    0.00    0.00   27.72
03:24:52 PM    1   74.00    0.00    0.00    0.00    0.00    0.00    0.00    0.00    0.00   26.00

03:24:52 PM  CPU    %usr   %nice    %sys %iowait    %irq   %soft  %steal  %guest  %gnice   %idle
03:24:53 PM    0   71.72    0.00    0.00    0.00    0.00    0.00    0.00    0.00    0.00   28.28
03:24:53 PM    1   76.47    0.00    0.00    0.00    0.00    0.00    0.00    0.00    0.00   23.53

03:24:53 PM  CPU    %usr   %nice    %sys %iowait    %irq   %soft  %steal  %guest  %gnice   %idle
03:24:54 PM    0   69.70    0.00    0.00    0.00    0.00    0.00    0.00    0.00    0.00   30.30
03:24:54 PM    1   67.68    0.00    0.00    0.00    0.00    0.00    0.00    0.00    0.00   32.32

03:24:54 PM  CPU    %usr   %nice    %sys %iowait    %irq   %soft  %steal  %guest  %gnice   %idle
03:24:55 PM    0   72.00    0.00    0.00    1.00    0.00    0.00    0.00    0.00    0.00   27.00
03:24:55 PM    1   76.24    0.00    0.00    0.00    0.00    0.00    0.00    0.00    0.00   23.76

03:24:55 PM  CPU    %usr   %nice    %sys %iowait    %irq   %soft  %steal  %guest  %gnice   %idle
03:24:56 PM    0   75.76    0.00    0.00    0.00    0.00    0.00    0.00    0.00    0.00   24.24
03:24:56 PM    1   74.00    0.00    0.00    0.00    0.00    0.00    0.00    0.00    0.00   26.00

03:24:56 PM  CPU    %usr   %nice    %sys %iowait    %irq   %soft  %steal  %guest  %gnice   %idle
03:24:57 PM    0   60.61    0.00    0.00    0.00    0.00    0.00    0.00    0.00    0.00   39.39
03:24:57 PM    1   64.00    0.00    0.00    0.00    0.00    0.00    0.00    0.00    0.00   36.00

03:24:57 PM  CPU    %usr   %nice    %sys %iowait    %irq   %soft  %steal  %guest  %gnice   %idle
03:24:58 PM    0   70.00    0.00    0.00    2.00    0.00    0.00    0.00    0.00    0.00   28.00
03:24:58 PM    1   74.26    0.00    0.00    0.00    0.00    0.00    0.00    0.00    0.00   25.74

03:24:58 PM  CPU    %usr   %nice    %sys %iowait    %irq   %soft  %steal  %guest  %gnice   %idle
03:24:59 PM    0   73.27    0.00    0.00    0.99    0.00    0.00    0.00    0.00    0.00   25.74
03:24:59 PM    1   74.00    0.00    0.00    0.00    0.00    0.00    0.00    0.00    0.00   26.00

03:24:59 PM  CPU    %usr   %nice    %sys %iowait    %irq   %soft  %steal  %guest  %gnice   %idle
03:25:00 PM    0   72.00    0.00    0.00    0.00    0.00    0.00    0.00    0.00    0.00   28.00
03:25:00 PM    1   71.00    0.00    0.00    0.00    0.00    0.00    0.00    0.00    0.00   29.00

03:25:00 PM  CPU    %usr   %nice    %sys %iowait    %irq   %soft  %steal  %guest  %gnice   %idle
03:25:01 PM    0   64.65    0.00    0.00    1.01    0.00    0.00    0.00    0.00    0.00   34.34
03:25:01 PM    1   67.33    0.00    0.00    0.00    0.00    0.00    0.00    0.00    0.00   32.67

03:25:01 PM  CPU    %usr   %nice    %sys %iowait    %irq   %soft  %steal  %guest  %gnice   %idle
03:25:02 PM    0   74.26    0.00    0.00    0.99    0.00    0.00    0.00    0.00    0.00   24.75
03:25:02 PM    1   76.00    0.00    0.00    0.00    0.00    0.00    0.00    0.00    0.00   24.00

03:25:02 PM  CPU    %usr   %nice    %sys %iowait    %irq   %soft  %steal  %guest  %gnice   %idle
03:25:03 PM    0   67.68    0.00    0.00    1.01    0.00    0.00    0.00    0.00    0.00   31.31
03:25:03 PM    1   69.00    0.00    0.00    0.00    0.00    0.00    0.00    0.00    0.00   31.00

03:25:03 PM  CPU    %usr   %nice    %sys %iowait    %irq   %soft  %steal  %guest  %gnice   %idle
03:25:04 PM    0   79.21    0.00    0.00    0.00    0.00    0.00    0.00    0.00    0.00   20.79
03:25:04 PM    1   75.00    0.00    0.00    0.00    0.00    0.00    0.00    0.00    0.00   25.00

03:25:04 PM  CPU    %usr   %nice    %sys %iowait    %irq   %soft  %steal  %guest  %gnice   %idle
03:25:05 PM    0   72.45    0.00    0.00    0.00    0.00    0.00    0.00    0.00    0.00   27.55
03:25:05 PM    1   76.00    0.00    0.00    0.00    0.00    0.00    0.00    0.00    0.00   24.00

03:25:05 PM  CPU    %usr   %nice    %sys %iowait    %irq   %soft  %steal  %guest  %gnice   %idle
03:25:06 PM    0   60.40    0.00    0.00    0.00    0.00    0.00    0.00    0.00    0.00   39.60
03:25:06 PM    1   64.36    0.00    0.00    0.00    0.00    0.00    0.00    0.00    0.00   35.64

03:25:06 PM  CPU    %usr   %nice    %sys %iowait    %irq   %soft  %steal  %guest  %gnice   %idle
03:25:07 PM    0   81.00    0.00    0.00    1.00    0.00    0.00    0.00    0.00    0.00   18.00
03:25:07 PM    1   75.76    0.00    0.00    0.00    0.00    0.00    0.00    0.00    0.00   24.24

03:25:07 PM  CPU    %usr   %nice    %sys %iowait    %irq   %soft  %steal  %guest  %gnice   %idle
03:25:08 PM    0   73.74    0.00    0.00    1.01    0.00    0.00    0.00    0.00    0.00   25.25
03:25:08 PM    1   75.00    0.00    0.00    0.00    0.00    0.00    0.00    0.00    0.00   25.00

03:25:08 PM  CPU    %usr   %nice    %sys %iowait    %irq   %soft  %steal  %guest  %gnice   %idle
03:25:09 PM    0   69.31    0.00    0.00    0.00    0.00    0.00    0.00    0.00    0.00   30.69
03:25:09 PM    1   73.27    0.00    0.00    0.00    0.00    0.00    0.00    0.00    0.00   26.73

03:25:09 PM  CPU    %usr   %nice    %sys %iowait    %irq   %soft  %steal  %guest  %gnice   %idle
03:25:10 PM    0   76.77    0.00    0.00    0.00    0.00    0.00    0.00    0.00    0.00   23.23
03:25:10 PM    1   72.45    0.00    0.00    0.00    0.00    0.00    0.00    0.00    0.00   27.55

03:25:10 PM  CPU    %usr   %nice    %sys %iowait    %irq   %soft  %steal  %guest  %gnice   %idle
03:25:11 PM    0   78.00    0.00    0.00    0.00    0.00    0.00    0.00    0.00    0.00   22.00
03:25:11 PM    1   78.22    0.00    0.00    0.00    0.00    0.00    0.00    0.00    0.00   21.78

03:25:11 PM  CPU    %usr   %nice    %sys %iowait    %irq   %soft  %steal  %guest  %gnice   %idle
03:25:12 PM    0   70.59    0.00    0.98    0.98    0.00    0.00    0.00    0.00    0.00   27.45
03:25:12 PM    1   73.27    0.00    0.00    0.00    0.00    0.00    0.00    0.00    0.00   26.73

03:25:12 PM  CPU    %usr   %nice    %sys %iowait    %irq   %soft  %steal  %guest  %gnice   %idle
03:25:13 PM    0   68.00    0.00    0.00    1.00    0.00    0.00    0.00    0.00    0.00   31.00
03:25:13 PM    1   63.37    0.00    0.99    0.00    0.00    0.00    0.00    0.00    0.00   35.64

03:25:13 PM  CPU    %usr   %nice    %sys %iowait    %irq   %soft  %steal  %guest  %gnice   %idle
03:25:14 PM    0   76.00    0.00    0.00    0.00    0.00    0.00    0.00    0.00    0.00   24.00
03:25:14 PM    1   71.72    0.00    0.00    0.00    0.00    0.00    0.00    0.00    0.00   28.28

03:25:14 PM  CPU    %usr   %nice    %sys %iowait    %irq   %soft  %steal  %guest  %gnice   %idle
03:25:15 PM    0   62.38    0.00    0.00    0.00    0.00    0.00    0.00    0.00    0.00   37.62
03:25:15 PM    1   64.00    0.00    0.00    0.00    0.00    0.00    0.00    0.00    0.00   36.00

03:25:15 PM  CPU    %usr   %nice    %sys %iowait    %irq   %soft  %steal  %guest  %gnice   %idle
03:25:16 PM    0   80.00    0.00    0.00    0.00    0.00    0.00    0.00    0.00    0.00   20.00
03:25:16 PM    1   84.00    0.00    0.00    0.00    0.00    0.00    0.00    0.00    0.00   16.00

03:25:16 PM  CPU    %usr   %nice    %sys %iowait    %irq   %soft  %steal  %guest  %gnice   %idle
03:25:17 PM    0   71.00    0.00    0.00    0.00    0.00    0.00    0.00    0.00    0.00   29.00
03:25:17 PM    1   72.28    0.00    0.00    0.00    0.00    0.00    0.00    0.00    0.00   27.72

03:25:17 PM  CPU    %usr   %nice    %sys %iowait    %irq   %soft  %steal  %guest  %gnice   %idle
03:25:18 PM    0   68.69    0.00    0.00    1.01    0.00    0.00    0.00    0.00    0.00   30.30
03:25:18 PM    1   66.67    0.00    0.00    0.00    0.00    0.00    0.00    0.00    0.00   33.33

03:25:18 PM  CPU    %usr   %nice    %sys %iowait    %irq   %soft  %steal  %guest  %gnice   %idle
03:25:19 PM    0   68.00    0.00    0.00    0.00    0.00    0.00    0.00    0.00    0.00   32.00
03:25:19 PM    1   65.00    0.00    0.00    0.00    0.00    0.00    0.00    0.00    0.00   35.00

03:25:19 PM  CPU    %usr   %nice    %sys %iowait    %irq   %soft  %steal  %guest  %gnice   %idle
03:25:20 PM    0   75.25    0.00    0.00    0.99    0.00    0.00    0.00    0.00    0.00   23.76
03:25:20 PM    1   78.00    0.00    0.00    0.00    0.00    0.00    0.00    0.00    0.00   22.00

03:25:20 PM  CPU    %usr   %nice    %sys %iowait    %irq   %soft  %steal  %guest  %gnice   %idle
03:25:21 PM    0   68.00    0.00    0.00    1.00    0.00    0.00    0.00    0.00    0.00   31.00
03:25:21 PM    1   69.31    0.00    0.00    0.00    0.00    0.00    0.00    0.00    0.00   30.69

03:25:21 PM  CPU    %usr   %nice    %sys %iowait    %irq   %soft  %steal  %guest  %gnice   %idle
03:25:22 PM    0   73.27    0.00    0.00    1.98    0.00    0.00    0.00    0.00    0.00   24.75
03:25:22 PM    1   77.00    0.00    0.00    0.00    0.00    0.00    0.00    0.00    0.00   23.00

03:25:22 PM  CPU    %usr   %nice    %sys %iowait    %irq   %soft  %steal  %guest  %gnice   %idle
03:25:23 PM    0   73.47    0.00    0.00    0.00    0.00    0.00    0.00    0.00    0.00   26.53
03:25:23 PM    1   73.00    0.00    1.00    0.00    0.00    0.00    0.00    0.00    0.00   26.00

03:25:23 PM  CPU    %usr   %nice    %sys %iowait    %irq   %soft  %steal  %guest  %gnice   %idle
03:25:24 PM    0   68.00    0.00    0.00    0.00    0.00    0.00    0.00    0.00    0.00   32.00
03:25:24 PM    1   69.31    0.00    0.00    0.00    0.00    0.00    0.00    0.00    0.00   30.69

03:25:24 PM  CPU    %usr   %nice    %sys %iowait    %irq   %soft  %steal  %guest  %gnice   %idle
03:25:25 PM    0   70.30    0.00    0.00    0.99    0.00    0.00    0.00    0.00    0.00   28.71
03:25:25 PM    1   66.67    0.00    0.00    0.00    0.00    0.00    0.00    0.00    0.00   33.33

03:25:25 PM  CPU    %usr   %nice    %sys %iowait    %irq   %soft  %steal  %guest  %gnice   %idle
03:25:26 PM    0   78.00    0.00    0.00    0.00    0.00    0.00    0.00    0.00    0.00   22.00
03:25:26 PM    1   76.77    0.00    0.00    0.00    0.00    0.00    0.00    0.00    0.00   23.23

03:25:26 PM  CPU    %usr   %nice    %sys %iowait    %irq   %soft  %steal  %guest  %gnice   %idle
03:25:27 PM    0   59.60    0.00    0.00    0.00    0.00    0.00    0.00    0.00    0.00   40.40
03:25:27 PM    1   62.75    0.00    0.00    0.00    0.00    0.00    0.00    0.00    0.00   37.25

03:25:27 PM  CPU    %usr   %nice    %sys %iowait    %irq   %soft  %steal  %guest  %gnice   %idle
03:25:28 PM    0   84.00    0.00    0.00    0.00    0.00    0.00    0.00    0.00    0.00   16.00
03:25:28 PM    1   80.81    0.00    1.01    0.00    0.00    0.00    0.00    0.00    0.00   18.18

03:25:28 PM  CPU    %usr   %nice    %sys %iowait    %irq   %soft  %steal  %guest  %gnice   %idle
03:25:29 PM    0   76.24    0.00    0.00    0.00    0.00    0.00    0.00    0.00    0.00   23.76
03:25:29 PM    1   76.00    0.00    0.00    0.00    0.00    0.00    0.00    0.00    0.00   24.00

03:25:29 PM  CPU    %usr   %nice    %sys %iowait    %irq   %soft  %steal  %guest  %gnice   %idle
03:25:30 PM    0   72.00    0.00    1.00    1.00    0.00    0.00    0.00    0.00    0.00   26.00
03:25:30 PM    1   74.00    0.00    0.00    0.00    0.00    0.00    0.00    0.00    0.00   26.00

03:25:30 PM  CPU    %usr   %nice    %sys %iowait    %irq   %soft  %steal  %guest  %gnice   %idle
03:25:31 PM    0   58.42    0.00    0.00    0.99    0.00    0.00    0.00    0.00    0.00   40.59
03:25:31 PM    1   62.38    0.00    0.00    0.00    0.00    0.00    0.00    0.00    0.00   37.62

03:25:31 PM  CPU    %usr   %nice    %sys %iowait    %irq   %soft  %steal  %guest  %gnice   %idle
03:25:32 PM    0   77.78    0.00    0.00    0.00    0.00    0.00    0.00    0.00    0.00   22.22
03:25:32 PM    1   76.00    0.00    0.00    0.00    0.00    0.00    0.00    0.00    0.00   24.00

03:25:32 PM  CPU    %usr   %nice    %sys %iowait    %irq   %soft  %steal  %guest  %gnice   %idle
03:25:33 PM    0   69.31    0.00    0.00    0.00    0.00    0.00    0.00    0.00    0.00   30.69
03:25:33 PM    1   67.68    0.00    0.00    0.00    0.00    0.00    0.00    0.00    0.00   32.32

03:25:33 PM  CPU    %usr   %nice    %sys %iowait    %irq   %soft  %steal  %guest  %gnice   %idle
03:25:34 PM    0   74.75    0.00    0.00    0.00    0.00    0.00    0.00    0.00    0.00   25.25
03:25:34 PM    1   70.30    0.00    0.00    0.00    0.00    0.00    0.00    0.00    0.00   29.70

03:25:34 PM  CPU    %usr   %nice    %sys %iowait    %irq   %soft  %steal  %guest  %gnice   %idle
03:25:35 PM    0   77.23    0.00    0.00    0.00    0.00    0.00    0.00    0.00    0.00   22.77
03:25:35 PM    1   72.73    0.00    0.00    0.00    0.00    0.00    0.00    0.00    0.00   27.27

03:25:35 PM  CPU    %usr   %nice    %sys %iowait    %irq   %soft  %steal  %guest  %gnice   %idle
03:25:36 PM    0   72.73    0.00    0.00    1.01    0.00    0.00    0.00    0.00    0.00   26.26
03:25:36 PM    1   74.00    0.00    0.00    0.00    0.00    0.00    0.00    0.00    0.00   26.00

03:25:36 PM  CPU    %usr   %nice    %sys %iowait    %irq   %soft  %steal  %guest  %gnice   %idle
03:25:37 PM    0   76.24    0.00    0.00    0.99    0.00    0.00    0.00    0.00    0.00   22.77
03:25:37 PM    1   72.00    0.00    0.00    0.00    0.00    0.00    0.00    0.00    0.00   28.00

03:25:37 PM  CPU    %usr   %nice    %sys %iowait    %irq   %soft  %steal  %guest  %gnice   %idle
03:25:38 PM    0   73.00    0.00    0.00    0.00    0.00    0.00    0.00    0.00    0.00   27.00
03:25:38 PM    1   75.00    0.00    0.00    0.00    0.00    0.00    0.00    0.00    0.00   25.00

03:25:38 PM  CPU    %usr   %nice    %sys %iowait    %irq   %soft  %steal  %guest  %gnice   %idle
03:25:39 PM    0   64.36    0.00    0.00    0.00    0.00    0.00    0.00    0.00    0.00   35.64
03:25:39 PM    1   60.61    0.00    0.00    0.00    0.00    0.00    0.00    0.00    0.00   39.39

03:25:39 PM  CPU    %usr   %nice    %sys %iowait    %irq   %soft  %steal  %guest  %gnice   %idle
03:25:40 PM    0   73.74    0.00    0.00    0.00    0.00    0.00    0.00    0.00    0.00   26.26
03:25:40 PM    1   69.31    0.00    0.00    0.00    0.00    0.00    0.00    0.00    0.00   30.69

03:25:40 PM  CPU    %usr   %nice    %sys %iowait    %irq   %soft  %steal  %guest  %gnice   %idle
03:25:41 PM    0   74.26    0.00    0.00    0.00    0.00    0.00    0.00    0.00    0.00   25.74
03:25:41 PM    1   74.00    0.00    0.00    0.00    0.00    0.00    0.00    0.00    0.00   26.00

03:25:41 PM  CPU    %usr   %nice    %sys %iowait    %irq   %soft  %steal  %guest  %gnice   %idle
03:25:42 PM    0   73.00    0.00    0.00    2.00    0.00    0.00    0.00    0.00    0.00   25.00
03:25:42 PM    1   74.00    0.00    0.00    0.00    0.00    0.00    0.00    0.00    0.00   26.00

03:25:42 PM  CPU    %usr   %nice    %sys %iowait    %irq   %soft  %steal  %guest  %gnice   %idle
03:25:43 PM    0   68.00    0.00    0.00    0.00    0.00    0.00    0.00    0.00    0.00   32.00
03:25:43 PM    1   63.64    0.00    0.00    0.00    0.00    0.00    0.00    0.00    0.00   36.36

03:25:43 PM  CPU    %usr   %nice    %sys %iowait    %irq   %soft  %steal  %guest  %gnice   %idle
03:25:44 PM    0   76.00    0.00    0.00    0.00    0.00    0.00    0.00    0.00    0.00   24.00
03:25:44 PM    1   75.00    0.00    0.00    0.00    0.00    0.00    0.00    0.00    0.00   25.00

03:25:44 PM  CPU    %usr   %nice    %sys %iowait    %irq   %soft  %steal  %guest  %gnice   %idle
03:25:45 PM    0   69.00    0.00    0.00    0.00    0.00    0.00    0.00    0.00    0.00   31.00
03:25:45 PM    1   66.67    0.00    0.00    0.00    0.00    0.00    0.00    0.00    0.00   33.33

03:25:45 PM  CPU    %usr   %nice    %sys %iowait    %irq   %soft  %steal  %guest  %gnice   %idle
03:25:46 PM    0   74.75    0.00    0.00    1.01    0.00    0.00    0.00    0.00    0.00   24.24
03:25:46 PM    1   79.21    0.00    0.00    0.00    0.00    0.00    0.00    0.00    0.00   20.79

03:25:46 PM  CPU    %usr   %nice    %sys %iowait    %irq   %soft  %steal  %guest  %gnice   %idle
03:25:47 PM    0   77.23    0.00    0.00    0.00    0.00    0.00    0.00    0.00    0.00   22.77
03:25:47 PM    1   73.27    0.00    0.00    0.00    0.00    0.00    0.00    0.00    0.00   26.73

03:25:47 PM  CPU    %usr   %nice    %sys %iowait    %irq   %soft  %steal  %guest  %gnice   %idle
03:25:48 PM    0   64.00    0.00    0.00    0.00    0.00    0.00    0.00    0.00    0.00   36.00
03:25:48 PM    1   60.61    0.00    0.00    0.00    0.00    0.00    0.00    0.00    0.00   39.39

03:25:48 PM  CPU    %usr   %nice    %sys %iowait    %irq   %soft  %steal  %guest  %gnice   %idle
03:25:49 PM    0   76.00    0.00    0.00    0.00    0.00    0.00    0.00    0.00    0.00   24.00
03:25:49 PM    1   80.00    0.00    0.00    0.00    0.00    0.00    0.00    0.00    0.00   20.00

03:25:49 PM  CPU    %usr   %nice    %sys %iowait    %irq   %soft  %steal  %guest  %gnice   %idle
03:25:50 PM    0   74.00    0.00    0.00    0.00    0.00    0.00    0.00    0.00    0.00   26.00
03:25:50 PM    1   73.00    0.00    0.00    0.00    0.00    0.00    0.00    0.00    0.00   27.00

03:25:50 PM  CPU    %usr   %nice    %sys %iowait    %irq   %soft  %steal  %guest  %gnice   %idle
03:25:51 PM    0   73.74    0.00    0.00    1.01    0.00    0.00    0.00    0.00    0.00   25.25
03:25:51 PM    1   69.00    0.00    0.00    0.00    0.00    0.00    0.00    0.00    0.00   31.00

03:25:51 PM  CPU    %usr   %nice    %sys %iowait    %irq   %soft  %steal  %guest  %gnice   %idle
03:25:52 PM    0   71.29    0.00    0.99    1.98    0.00    0.00    0.00    0.00    0.00   25.74
03:25:52 PM    1   76.00    0.00    0.00    0.00    0.00    0.00    0.00    0.00    0.00   24.00

03:25:52 PM  CPU    %usr   %nice    %sys %iowait    %irq   %soft  %steal  %guest  %gnice   %idle
03:25:53 PM    0   76.00    0.00    0.00    0.00    0.00    0.00    0.00    0.00    0.00   24.00
03:25:53 PM    1   75.00    0.00    1.00    0.00    0.00    0.00    0.00    0.00    0.00   24.00

03:25:53 PM  CPU    %usr   %nice    %sys %iowait    %irq   %soft  %steal  %guest  %gnice   %idle
03:25:54 PM    0   73.27    0.00    0.00    0.99    0.00    0.00    0.00    0.00    0.00   25.74
03:25:54 PM    1   71.00    0.00    0.00    0.00    0.00    0.00    0.00    0.00    0.00   29.00

03:25:54 PM  CPU    %usr   %nice    %sys %iowait    %irq   %soft  %steal  %guest  %gnice   %idle
03:25:55 PM    0   65.00    0.00    0.00    0.00    0.00    0.00    0.00    0.00    0.00   35.00
03:25:55 PM    1   68.32    0.00    0.00    0.00    0.00    0.00    0.00    0.00    0.00   31.68

03:25:55 PM  CPU    %usr   %nice    %sys %iowait    %irq   %soft  %steal  %guest  %gnice   %idle
03:25:56 PM    0   70.71    0.00    0.00    0.00    0.00    0.00    0.00    0.00    0.00   29.29
03:25:56 PM    1   75.25    0.00    0.00    0.00    0.00    0.00    0.00    0.00    0.00   24.75

03:25:56 PM  CPU    %usr   %nice    %sys %iowait    %irq   %soft  %steal  %guest  %gnice   %idle
03:25:57 PM    0   65.00    0.00    0.00    0.00    0.00    0.00    0.00    0.00    0.00   35.00
03:25:57 PM    1   63.00    0.00    0.00    0.00    0.00    0.00    0.00    0.00    0.00   37.00

03:25:57 PM  CPU    %usr   %nice    %sys %iowait    %irq   %soft  %steal  %guest  %gnice   %idle
03:25:58 PM    0   80.81    0.00    0.00    0.00    0.00    0.00    0.00    0.00    0.00   19.19
03:25:58 PM    1   84.85    0.00    0.00    0.00    0.00    0.00    0.00    0.00    0.00   15.15

03:25:58 PM  CPU    %usr   %nice    %sys %iowait    %irq   %soft  %steal  %guest  %gnice   %idle
03:25:59 PM    0   73.27    0.00    0.00    0.99    0.00    0.00    0.00    0.00    0.00   25.74
03:25:59 PM    1   74.00    0.00    0.00    0.00    0.00    0.00    0.00    0.00    0.00   26.00

03:25:59 PM  CPU    %usr   %nice    %sys %iowait    %irq   %soft  %steal  %guest  %gnice   %idle
03:26:00 PM    0   71.00    0.00    0.00    0.00    0.00    0.00    0.00    0.00    0.00   29.00
03:26:00 PM    1   70.00    0.00    0.00    0.00    0.00    0.00    0.00    0.00    0.00   30.00

03:26:00 PM  CPU    %usr   %nice    %sys %iowait    %irq   %soft  %steal  %guest  %gnice   %idle
03:26:01 PM    0   68.32    0.00    0.99    0.00    0.00    0.00    0.00    0.00    0.00   30.69
03:26:01 PM    1   65.00    0.00    0.00    0.00    0.00    0.00    0.00    0.00    0.00   35.00

03:26:01 PM  CPU    %usr   %nice    %sys %iowait    %irq   %soft  %steal  %guest  %gnice   %idle
03:26:02 PM    0   76.77    0.00    0.00    1.01    0.00    0.00    0.00    0.00    0.00   22.22
03:26:02 PM    1   79.21    0.00    0.00    0.00    0.00    0.00    0.00    0.00    0.00   20.79

03:26:02 PM  CPU    %usr   %nice    %sys %iowait    %irq   %soft  %steal  %guest  %gnice   %idle
03:26:03 PM    0   68.32    0.00    0.00    0.99    0.00    0.00    0.00    0.00    0.00   30.69
03:26:03 PM    1   70.00    0.00    0.00    0.00    0.00    0.00    0.00    0.00    0.00   30.00

03:26:03 PM  CPU    %usr   %nice    %sys %iowait    %irq   %soft  %steal  %guest  %gnice   %idle
03:26:04 PM    0   77.00    0.00    0.00    0.00    0.00    0.00    0.00    0.00    0.00   23.00
03:26:04 PM    1   71.72    0.00    0.00    0.00    0.00    0.00    0.00    0.00    0.00   28.28

03:26:04 PM  CPU    %usr   %nice    %sys %iowait    %irq   %soft  %steal  %guest  %gnice   %idle
03:26:05 PM    0   73.53    0.00    0.98    0.00    0.00    0.00    0.00    0.00    0.00   25.49
03:26:05 PM    1   73.00    0.00    0.00    0.00    0.00    0.00    0.00    0.00    0.00   27.00

03:26:05 PM  CPU    %usr   %nice    %sys %iowait    %irq   %soft  %steal  %guest  %gnice   %idle
03:26:06 PM    0   70.30    0.00    0.00    0.99    0.00    0.00    0.00    0.00    0.00   28.71
03:26:06 PM    1   69.31    0.00    0.00    0.00    0.00    0.00    0.00    0.00    0.00   30.69

03:26:06 PM  CPU    %usr   %nice    %sys %iowait    %irq   %soft  %steal  %guest  %gnice   %idle
03:26:07 PM    0   67.68    0.00    0.00    0.00    0.00    0.00    0.00    0.00    0.00   32.32
03:26:07 PM    1   71.00    0.00    0.00    0.00    0.00    0.00    0.00    0.00    0.00   29.00

03:26:07 PM  CPU    %usr   %nice    %sys %iowait    %irq   %soft  %steal  %guest  %gnice   %idle
03:26:08 PM    0   76.00    0.00    0.00    0.00    0.00    0.00    0.00    0.00    0.00   24.00
03:26:08 PM    1   78.00    0.00    0.00    0.00    0.00    0.00    0.00    0.00    0.00   22.00

03:26:08 PM  CPU    %usr   %nice    %sys %iowait    %irq   %soft  %steal  %guest  %gnice   %idle
03:26:09 PM    0   64.65    0.00    0.00    0.00    0.00    0.00    0.00    0.00    0.00   35.35
03:26:09 PM    1   60.00    0.00    0.00    0.00    0.00    0.00    0.00    0.00    0.00   40.00

03:26:09 PM  CPU    %usr   %nice    %sys %iowait    %irq   %soft  %steal  %guest  %gnice   %idle
03:26:10 PM    0   82.00    0.00    0.00    0.00    0.00    0.00    0.00    0.00    0.00   18.00
03:26:10 PM    1   84.16    0.00    0.00    0.00    0.00    0.00    0.00    0.00    0.00   15.84

03:26:10 PM  CPU    %usr   %nice    %sys %iowait    %irq   %soft  %steal  %guest  %gnice   %idle
03:26:11 PM    0   74.75    0.00    0.00    1.01    0.00    0.00    0.00    0.00    0.00   24.24
03:26:11 PM    1   75.00    0.00    0.00    0.00    0.00    0.00    0.00    0.00    0.00   25.00

03:26:11 PM  CPU    %usr   %nice    %sys %iowait    %irq   %soft  %steal  %guest  %gnice   %idle
03:26:12 PM    0   71.29    0.00    0.99    0.00    0.00    0.00    0.00    0.00    0.00   27.72
03:26:12 PM    1   74.00    0.00    0.00    0.00    0.00    0.00    0.00    0.00    0.00   26.00

03:26:12 PM  CPU    %usr   %nice    %sys %iowait    %irq   %soft  %steal  %guest  %gnice   %idle
03:26:13 PM    0   58.59    0.00    0.00    1.01    0.00    0.00    0.00    0.00    0.00   40.40
03:26:13 PM    1   63.00    0.00    0.00    0.00    0.00    0.00    0.00    0.00    0.00   37.00

03:26:13 PM  CPU    %usr   %nice    %sys %iowait    %irq   %soft  %steal  %guest  %gnice   %idle
03:26:14 PM    0   78.00    0.00    0.00    0.00    0.00    0.00    0.00    0.00    0.00   22.00
03:26:14 PM    1   75.76    0.00    0.00    0.00    0.00    0.00    0.00    0.00    0.00   24.24

03:26:14 PM  CPU    %usr   %nice    %sys %iowait    %irq   %soft  %steal  %guest  %gnice   %idle
03:26:15 PM    0   70.71    0.00    0.00    0.00    0.00    0.00    0.00    0.00    0.00   29.29
03:26:15 PM    1   69.31    0.00    0.00    0.00    0.00    0.00    0.00    0.00    0.00   30.69

03:26:15 PM  CPU    %usr   %nice    %sys %iowait    %irq   %soft  %steal  %guest  %gnice   %idle
03:26:16 PM    0   73.27    0.00    0.00    0.00    0.00    0.00    0.00    0.00    0.00   26.73
03:26:16 PM    1   70.00    0.00    0.00    0.00    0.00    0.00    0.00    0.00    0.00   30.00

03:26:16 PM  CPU    %usr   %nice    %sys %iowait    %irq   %soft  %steal  %guest  %gnice   %idle
03:26:17 PM    0   77.23    0.00    0.00    0.00    0.00    0.00    0.00    0.00    0.00   22.77
03:26:17 PM    1   72.28    0.00    0.00    0.00    0.00    0.00    0.00    0.00    0.00   27.72

03:26:17 PM  CPU    %usr   %nice    %sys %iowait    %irq   %soft  %steal  %guest  %gnice   %idle
03:26:18 PM    0   68.69    0.00    0.00    0.00    0.00    0.00    0.00    0.00    0.00   31.31
03:26:18 PM    1   71.00    0.00    0.00    0.00    0.00    0.00    0.00    0.00    0.00   29.00

03:26:18 PM  CPU    %usr   %nice    %sys %iowait    %irq   %soft  %steal  %guest  %gnice   %idle
03:26:19 PM    0   76.00    0.00    0.00    1.00    0.00    0.00    0.00    0.00    0.00   23.00
03:26:19 PM    1   71.00    0.00    1.00    0.00    0.00    0.00    0.00    0.00    0.00   28.00

03:26:19 PM  CPU    %usr   %nice    %sys %iowait    %irq   %soft  %steal  %guest  %gnice   %idle
03:26:20 PM    0   74.00    0.00    0.00    0.00    0.00    0.00    0.00    0.00    0.00   26.00
03:26:20 PM    1   75.00    0.00    0.00    0.00    0.00    0.00    0.00    0.00    0.00   25.00

03:26:20 PM  CPU    %usr   %nice    %sys %iowait    %irq   %soft  %steal  %guest  %gnice   %idle
03:26:21 PM    0   64.00    0.00    0.00    0.00    0.00    0.00    0.00    0.00    0.00   36.00
03:26:21 PM    1   60.40    0.00    0.00    0.00    0.00    0.00    0.00    0.00    0.00   39.60

03:26:21 PM  CPU    %usr   %nice    %sys %iowait    %irq   %soft  %steal  %guest  %gnice   %idle
03:26:22 PM    0   73.00    0.00    0.00    0.00    0.00    0.00    0.00    0.00    0.00   27.00
03:26:22 PM    1   69.70    0.00    0.00    0.00    0.00    0.00    0.00    0.00    0.00   30.30

03:26:22 PM  CPU    %usr   %nice    %sys %iowait    %irq   %soft  %steal  %guest  %gnice   %idle
03:26:23 PM    0   73.00    0.00    0.00    1.00    0.00    0.00    0.00    0.00    0.00   26.00
03:26:23 PM    1   73.00    0.00    0.00    0.00    0.00    0.00    0.00    0.00    0.00   27.00

03:26:23 PM  CPU    %usr   %nice    %sys %iowait    %irq   %soft  %steal  %guest  %gnice   %idle
03:26:24 PM    0   70.71    0.00    0.00    0.00    0.00    0.00    0.00    0.00    0.00   29.29
03:26:24 PM    1   71.00    0.00    0.00    0.00    0.00    0.00    0.00    0.00    0.00   29.00

03:26:24 PM  CPU    %usr   %nice    %sys %iowait    %irq   %soft  %steal  %guest  %gnice   %idle
03:26:25 PM    0   67.33    0.00    0.00    0.00    0.00    0.00    0.00    0.00    0.00   32.67
03:26:25 PM    1   64.00    0.00    0.00    0.00    0.00    0.00    0.00    0.00    0.00   36.00

03:26:25 PM  CPU    %usr   %nice    %sys %iowait    %irq   %soft  %steal  %guest  %gnice   %idle
03:26:26 PM    0   76.00    0.00    0.00    0.00    0.00    0.00    0.00    0.00    0.00   24.00
03:26:26 PM    1   74.00    0.00    0.00    0.00    0.00    0.00    0.00    0.00    0.00   26.00

03:26:26 PM  CPU    %usr   %nice    %sys %iowait    %irq   %soft  %steal  %guest  %gnice   %idle
03:26:27 PM    0   74.00    0.00    0.00    0.00    0.00    0.00    0.00    0.00    0.00   26.00
03:26:27 PM    1   72.00    0.00    0.00    0.00    0.00    0.00    0.00    0.00    0.00   28.00

03:26:27 PM  CPU    %usr   %nice    %sys %iowait    %irq   %soft  %steal  %guest  %gnice   %idle
03:26:28 PM    0   79.21    0.00    0.00    0.00    0.00    0.00    0.00    0.00    0.00   20.79
03:26:28 PM    1   75.00    0.00    1.00    0.00    0.00    0.00    0.00    0.00    0.00   24.00

03:26:28 PM  CPU    %usr   %nice    %sys %iowait    %irq   %soft  %steal  %guest  %gnice   %idle
03:26:29 PM    0   73.74    0.00    0.00    1.01    0.00    0.00    0.00    0.00    0.00   25.25
03:26:29 PM    1   78.22    0.00    0.00    0.00    0.00    0.00    0.00    0.00    0.00   21.78

03:26:29 PM  CPU    %usr   %nice    %sys %iowait    %irq   %soft  %steal  %guest  %gnice   %idle
03:26:30 PM    0   61.00    0.00    0.00    1.00    0.00    0.00    0.00    0.00    0.00   38.00
03:26:30 PM    1   64.36    0.00    0.00    0.00    0.00    0.00    0.00    0.00    0.00   35.64

03:26:30 PM  CPU    %usr   %nice    %sys %iowait    %irq   %soft  %steal  %guest  %gnice   %idle
03:26:31 PM    0   81.19    0.00    0.00    0.00    0.00    0.00    0.00    0.00    0.00   18.81
03:26:31 PM    1   76.00    0.00    0.00    0.00    0.00    0.00    0.00    0.00    0.00   24.00

03:26:31 PM  CPU    %usr   %nice    %sys %iowait    %irq   %soft  %steal  %guest  %gnice   %idle
03:26:32 PM    0   73.00    0.00    0.00    0.00    0.00    0.00    0.00    0.00    0.00   27.00
03:26:32 PM    1   74.00    0.00    0.00    0.00    0.00    0.00    0.00    0.00    0.00   26.00

03:26:32 PM  CPU    %usr   %nice    %sys %iowait    %irq   %soft  %steal  %guest  %gnice   %idle
03:26:33 PM    0   69.00    0.00    0.00    0.00    0.00    0.00    0.00    0.00    0.00   31.00
03:26:33 PM    1   74.00    0.00    0.00    0.00    0.00    0.00    0.00    0.00    0.00   26.00

03:26:33 PM  CPU    %usr   %nice    %sys %iowait    %irq   %soft  %steal  %guest  %gnice   %idle
03:26:34 PM    0   76.77    0.00    0.00    1.01    0.00    0.00    0.00    0.00    0.00   22.22
03:26:34 PM    1   72.00    0.00    0.00    0.00    0.00    0.00    0.00    0.00    0.00   28.00

03:26:34 PM  CPU    %usr   %nice    %sys %iowait    %irq   %soft  %steal  %guest  %gnice   %idle
03:26:35 PM    0   78.22    0.00    0.00    0.99    0.00    0.00    0.00    0.00    0.00   20.79
03:26:35 PM    1   78.00    0.00    0.00    0.00    0.00    0.00    0.00    0.00    0.00   22.00

03:26:35 PM  CPU    %usr   %nice    %sys %iowait    %irq   %soft  %steal  %guest  %gnice   %idle
03:26:36 PM    0   70.30    0.00    0.99    0.00    0.00    0.00    0.00    0.00    0.00   28.71
03:26:36 PM    1   74.00    0.00    0.00    0.00    0.00    0.00    0.00    0.00    0.00   26.00

03:26:36 PM  CPU    %usr   %nice    %sys %iowait    %irq   %soft  %steal  %guest  %gnice   %idle
03:26:37 PM    0   68.00    0.00    0.00    0.00    0.00    0.00    0.00    0.00    0.00   32.00
03:26:37 PM    1   64.00    0.00    0.00    0.00    0.00    0.00    0.00    0.00    0.00   36.00

Average:     CPU    %usr   %nice    %sys %iowait    %irq   %soft  %steal  %guest  %gnice   %idle
Average:       0   71.98    0.00    0.09    0.39    0.00    0.00    0.00    0.00    0.00   27.53
Average:       1   72.02    0.00    0.04    0.00    0.00    0.00    0.00    0.00    0.00   27.93
