Linux 5.10.216-tegra (neu-desktop) 	01/01/1970 	_aarch64_	(12 CPU)

10:37:47 AM   UID       PID    %usr %system  %guest   %wait    %CPU   CPU  Command
10:37:48 AM  1000      7672    8.00    7.00    0.00    1.00   15.00     6  two_node_pipeli
10:37:49 AM  1000      7672    7.00    8.00    0.00    1.00   15.00     5  two_node_pipeli
10:37:50 AM  1000      7672    9.00    3.00    0.00    1.00   12.00     4  two_node_pipeli
10:37:51 AM  1000      7672    8.00    5.00    0.00    1.00   13.00     4  two_node_pipeli
10:37:52 AM  1000      7672    7.00    5.00    0.00    1.00   12.00     9  two_node_pipeli
10:37:53 AM  1000      7672    5.00    6.00    0.00    1.00   11.00     6  two_node_pipeli
10:37:54 AM  1000      7672    8.00    3.00    0.00    1.00   11.00     8  two_node_pipeli
10:37:55 AM  1000      7672    8.00    4.00    0.00    1.00   12.00     8  two_node_pipeli
10:37:56 AM  1000      7672    7.00    5.00    0.00    1.00   12.00     5  two_node_pipeli
10:37:57 AM  1000      7672    7.00    4.00    0.00    1.00   11.00     5  two_node_pipeli
10:37:58 AM  1000      7672    7.00    2.00    0.00    0.00    9.00     4  two_node_pipeli
10:37:59 AM  1000      7672    5.00    6.00    0.00    1.00   11.00     7  two_node_pipeli
10:38:00 AM  1000      7672    7.00    4.00    0.00    1.00   11.00     9  two_node_pipeli
10:38:01 AM  1000      7672    6.00    7.00    0.00    1.00   13.00     6  two_node_pipeli
10:38:02 AM  1000      7672    9.00    1.00    0.00    1.00   10.00     5  two_node_pipeli
10:38:03 AM  1000      7672    7.00    4.00    0.00    1.00   11.00     4  two_node_pipeli
10:38:04 AM  1000      7672    7.00    6.00    0.00    1.00   13.00     6  two_node_pipeli
10:38:05 AM  1000      7672    4.00    8.00    0.00    1.00   12.00     7  two_node_pipeli
10:38:06 AM  1000      7672    3.00    7.00    0.00    0.00   10.00     9  two_node_pipeli
10:38:07 AM  1000      7672    7.00    5.00    0.00    1.00   12.00     6  two_node_pipeli
10:38:08 AM  1000      7672    7.00    4.00    0.00    1.00   11.00     5  two_node_pipeli
10:38:09 AM  1000      7672    6.00    6.00    0.00    1.00   12.00     6  two_node_pipeli
10:38:10 AM  1000      7672    8.00    3.00    0.00    0.00   11.00     8  two_node_pipeli
10:38:11 AM  1000      7672    7.00    3.00    0.00    1.00   10.00     9  two_node_pipeli
10:38:12 AM  1000      7672    5.00    7.00    0.00    1.00   12.00     9  two_node_pipeli
10:38:13 AM  1000      7672    7.00    5.00    0.00    1.00   12.00     4  two_node_pipeli
10:38:14 AM  1000      7672    6.00    5.00    0.00    0.00   11.00     8  two_node_pipeli
10:38:15 AM  1000      7672    8.00    4.00    0.00    1.00   12.00     5  two_node_pipeli
10:38:16 AM  1000      7672    5.00    6.00    0.00    1.00   11.00     4  two_node_pipeli
10:38:17 AM  1000      7672    6.00    6.00    0.00    1.00   12.00     8  two_node_pipeli
10:38:18 AM  1000      7672    4.00    7.00    0.00    1.00   11.00     5  two_node_pipeli
10:38:19 AM  1000      7672    6.00    6.00    0.00    0.00   12.00     5  two_node_pipeli
10:38:20 AM  1000      7672   10.00    3.00    0.00    1.00   13.00     4  two_node_pipeli
10:38:21 AM  1000      7672    7.00    3.00    0.00    1.00   10.00     6  two_node_pipeli
10:38:22 AM  1000      7672    6.93    1.98    0.00    0.99    8.91     8  two_node_pipeli
10:38:23 AM  1000      7672    8.00    4.00    0.00    0.00   12.00     8  two_node_pipeli
10:38:24 AM  1000      7672    6.00    6.00    0.00    1.00   12.00     5  two_node_pipeli
10:38:25 AM  1000      7672    5.00    8.00    0.00    1.00   13.00     6  two_node_pipeli
10:38:26 AM  1000      7672    6.00    4.00    0.00    1.00   10.00     8  two_node_pipeli
10:38:27 AM  1000      7672    8.00    5.00    0.00    0.00   13.00     9  two_node_pipeli
10:38:28 AM  1000      7672    5.00    5.00    0.00    1.00   10.00     8  two_node_pipeli
10:38:29 AM  1000      7672    6.00    5.00    0.00    1.00   11.00     4  two_node_pipeli
10:38:30 AM  1000      7672    7.00    3.00    0.00    0.00   10.00     6  two_node_pipeli
10:38:31 AM  1000      7672    4.00    7.00    0.00    1.00   11.00     5  two_node_pipeli
10:38:32 AM  1000      7672    5.00    7.00    0.00    1.00   12.00     4  two_node_pipeli
10:38:33 AM  1000      7672    7.00    5.00    0.00    1.00   12.00     6  two_node_pipeli
10:38:34 AM  1000      7672    8.00    3.00    0.00    0.00   11.00     9  two_node_pipeli
10:38:35 AM  1000      7672    4.00    7.00    0.00    1.00   11.00     4  two_node_pipeli
10:38:36 AM  1000      7672    5.00    8.00    0.00    1.00   13.00     6  two_node_pipeli
10:38:37 AM  1000      7672    6.00    6.00    0.00    1.00   12.00     5  two_node_pipeli
10:38:38 AM  1000      7672    8.00    5.00    0.00    1.00   13.00     6  two_node_pipeli
10:38:39 AM  1000      7672    7.00    6.00    0.00    1.00   13.00     5  two_node_pipeli
10:38:40 AM  1000      7672    8.00    6.00    0.00    1.00   14.00     8  two_node_pipeli
10:38:41 AM  1000      7672    6.00    7.00    0.00    1.00   13.00     6  two_node_pipeli
10:38:42 AM  1000      7672    6.00    4.00    0.00    1.00   10.00     7  two_node_pipeli
10:38:43 AM  1000      7672    9.00    3.00    0.00    0.00   12.00     7  two_node_pipeli
10:38:44 AM  1000      7672    6.00    6.00    0.00    1.00   12.00     6  two_node_pipeli
10:38:45 AM  1000      7672    7.00    6.00    0.00    1.00   13.00     7  two_node_pipeli
10:38:46 AM  1000      7672    4.00    7.00    0.00    1.00   11.00     7  two_node_pipeli
10:38:47 AM  1000      7672    7.00    4.00    0.00    1.00   11.00     5  two_node_pipeli
10:38:48 AM  1000      7672    7.00    4.00    0.00    1.00   11.00     5  two_node_pipeli
10:38:49 AM  1000      7672    7.00    7.00    0.00    0.00   14.00     9  two_node_pipeli
10:38:50 AM  1000      7672    8.00    3.00    0.00    1.00   11.00     5  two_node_pipeli
10:38:51 AM  1000      7672    5.00    8.00    0.00    1.00   13.00     7  two_node_pipeli
10:38:52 AM  1000      7672    7.00    5.00    0.00    1.00   12.00     8  two_node_pipeli
10:38:53 AM  1000      7672    4.00    8.00    0.00    1.00   12.00     8  two_node_pipeli
10:38:54 AM  1000      7672    6.00    5.00    0.00    0.00   11.00     5  two_node_pipeli
10:38:55 AM  1000      7672    6.00    6.00    0.00    1.00   12.00     5  two_node_pipeli
10:38:56 AM  1000      7672    9.00    3.00    0.00    1.00   12.00     4  two_node_pipeli
10:38:57 AM  1000      7672    7.00    6.00    0.00    1.00   13.00     8  two_node_pipeli
10:38:58 AM  1000      7672    7.00    3.00    0.00    1.00   10.00     4  two_node_pipeli
10:38:59 AM  1000      7672    8.00    3.00    0.00    1.00   11.00     8  two_node_pipeli
10:39:00 AM  1000      7672    9.00    3.00    0.00    1.00   12.00     9  two_node_pipeli
10:39:01 AM  1000      7672    6.00    5.00    0.00    1.00   11.00     4  two_node_pipeli
10:39:02 AM  1000      7672    8.00    3.00    0.00    0.00   11.00     7  two_node_pipeli
10:39:03 AM  1000      7672    5.00    6.00    0.00    1.00   11.00     6  two_node_pipeli
10:39:04 AM  1000      7672    6.00    7.00    0.00    1.00   13.00     6  two_node_pipeli
10:39:05 AM  1000      7672    6.00    6.00    0.00    1.00   12.00     6  two_node_pipeli
10:39:06 AM  1000      7672    7.00    2.00    0.00    1.00    9.00     5  two_node_pipeli
10:39:07 AM  1000      7672    4.00    8.00    0.00    0.00   12.00     5  two_node_pipeli
10:39:08 AM  1000      7672    4.00    8.00    0.00    1.00   12.00     9  two_node_pipeli
10:39:09 AM  1000      7672    6.00    6.00    0.00    1.00   12.00     4  two_node_pipeli
10:39:10 AM  1000      7672    7.00    4.00    0.00    1.00   11.00     9  two_node_pipeli
10:39:11 AM  1000      7672    5.00    7.00    0.00    1.00   12.00     8  two_node_pipeli
10:39:12 AM  1000      7672    8.00    3.00    0.00    1.00   11.00     6  two_node_pipeli
10:39:13 AM  1000      7672    7.00    5.00    0.00    0.00   12.00     7  two_node_pipeli
10:39:14 AM  1000      7672    2.00    8.00    0.00    1.00   10.00     4  two_node_pipeli
10:39:15 AM  1000      7672    5.00    7.00    0.00    1.00   12.00     4  two_node_pipeli
10:39:16 AM  1000      7672    6.00    7.00    0.00    1.00   13.00     6  two_node_pipeli
10:39:17 AM  1000      7672    8.00    5.00    0.00    1.00   13.00     8  two_node_pipeli
10:39:18 AM  1000      7672    7.00    5.00    0.00    0.00   12.00     7  two_node_pipeli
10:39:19 AM  1000      7672    2.00    9.00    0.00    1.00   11.00     7  two_node_pipeli
10:39:20 AM  1000      7672    6.00    6.00    0.00    1.00   12.00     7  two_node_pipeli
10:39:21 AM  1000      7672    7.00    5.00    0.00    1.00   12.00     8  two_node_pipeli
10:39:22 AM  1000      7672    9.00    1.00    0.00    0.00   10.00     4  two_node_pipeli
10:39:23 AM  1000      7672    1.00   11.00    0.00    1.00   12.00     5  two_node_pipeli
10:39:24 AM  1000      7672    7.00    8.00    0.00    1.00   15.00     7  two_node_pipeli
10:39:25 AM  1000      7672   10.00    4.00    0.00    1.00   14.00     4  two_node_pipeli
10:39:26 AM  1000      7672    6.00    5.00    0.00    1.00   11.00     4  two_node_pipeli
10:39:27 AM  1000      7672    9.00    6.00    0.00    1.00   15.00     4  two_node_pipeli
10:39:28 AM  1000      7672    6.00    6.00    0.00    1.00   12.00     4  two_node_pipeli
10:39:29 AM  1000      7672    8.00    5.00    0.00    1.00   13.00     4  two_node_pipeli
10:39:30 AM  1000      7672    5.00    6.00    0.00    1.00   11.00     5  two_node_pipeli
10:39:31 AM  1000      7672   10.00    5.00    0.00    0.00   15.00     9  two_node_pipeli
10:39:32 AM  1000      7672    9.90    5.94    0.00    1.98   15.84     5  two_node_pipeli
10:39:33 AM  1000      7672    8.00    8.00    0.00    1.00   16.00     5  two_node_pipeli
10:39:34 AM  1000      7672    8.00    4.00    0.00    1.00   12.00     6  two_node_pipeli
10:39:35 AM  1000      7672    9.00    4.00    0.00    1.00   13.00     6  two_node_pipeli
10:39:36 AM  1000      7672    8.00    6.00    0.00    1.00   14.00     6  two_node_pipeli
10:39:37 AM  1000      7672   10.00    4.00    0.00    2.00   14.00     4  two_node_pipeli
10:39:38 AM  1000      7672    8.00    5.00    0.00    1.00   13.00     5  two_node_pipeli
10:39:39 AM  1000      7672    8.00    5.00    0.00    1.00   13.00     6  two_node_pipeli
10:39:40 AM  1000      7672    7.00    6.00    0.00    0.00   13.00     7  two_node_pipeli
10:39:41 AM  1000      7672    9.00    3.00    0.00    1.00   12.00     4  two_node_pipeli
10:39:42 AM  1000      7672    8.00    3.00    0.00    1.00   11.00     8  two_node_pipeli
10:39:43 AM  1000      7672    7.00    4.00    0.00    1.00   11.00     7  two_node_pipeli
10:39:44 AM  1000      7672    8.00    6.00    0.00    1.00   14.00     9  two_node_pipeli
10:39:45 AM  1000      7672    8.00    4.00    0.00    1.00   12.00     5  two_node_pipeli
10:39:46 AM  1000      7672    7.00    4.00    0.00    0.00   11.00     4  two_node_pipeli
10:39:47 AM  1000      7672    6.00    5.00    0.00    1.00   11.00     8  two_node_pipeli
Average:     1000      7672    6.71    5.22    0.00    0.85   11.93     -  two_node_pipeli
