Linux 5.15.0-121-generic (NEU) 	09/16/2024 	_x86_64_	(16 CPU)

04:17:40 PM   UID       PID    %usr %system  %guest   %wait    %CPU   CPU  Command
04:17:41 PM  1000      9809  129.00    2.00    0.00    4.00  131.00     5  two_node_pipeli
04:17:42 PM  1000      9809  110.00    2.00    0.00    2.00  112.00     7  two_node_pipeli
04:17:43 PM  1000      9809  124.00    1.00    0.00   24.00  125.00     6  two_node_pipeli
04:17:44 PM  1000      9809  119.00    1.00    0.00   30.00  120.00     6  two_node_pipeli
04:17:45 PM  1000      9809  122.00    1.00    0.00   27.00  123.00     7  two_node_pipeli
04:17:46 PM  1000      9809  103.00    2.00    0.00   17.00  105.00     6  two_node_pipeli
04:17:47 PM  1000      9809  129.00    1.00    0.00   20.00  130.00     6  two_node_pipeli
04:17:48 PM  1000      9809  112.00    1.00    0.00   11.00  113.00     6  two_node_pipeli
04:17:49 PM  1000      9809  125.00    1.00    0.00    6.00  126.00     5  two_node_pipeli
04:17:50 PM  1000      9809  117.00    3.00    0.00    4.00  120.00     6  two_node_pipeli
04:17:51 PM  1000      9809  122.00    1.00    0.00   16.00  123.00     6  two_node_pipeli
04:17:52 PM  1000      9809  114.00    0.00    0.00   20.00  114.00     7  two_node_pipeli
04:17:53 PM  1000      9809  122.00    1.00    0.00    9.00  123.00     6  two_node_pipeli
04:17:54 PM  1000      9809  109.00    1.00    0.00    1.00  110.00     7  two_node_pipeli
04:17:55 PM  1000      9809  125.00    1.00    0.00    7.00  126.00     7  two_node_pipeli
04:17:56 PM  1000      9809  118.00    1.00    0.00    4.00  119.00     7  two_node_pipeli
04:17:57 PM  1000      9809  123.00    1.00    0.00    8.00  124.00     7  two_node_pipeli
04:17:58 PM  1000      9809  113.00    1.00    0.00    7.00  114.00     5  two_node_pipeli
04:17:59 PM  1000      9809  130.00    2.00    0.00    6.00  132.00     5  two_node_pipeli
04:18:00 PM  1000      9809  104.00    0.00    0.00    6.00  104.00     6  two_node_pipeli
04:18:01 PM  1000      9809  123.00    1.00    0.00    7.00  124.00     6  two_node_pipeli
04:18:02 PM  1000      9809  118.00    2.00    0.00    7.00  120.00     6  two_node_pipeli
04:18:03 PM  1000      9809  123.00    2.00    0.00   12.00  125.00     6  two_node_pipeli
04:18:04 PM  1000      9809  115.00    1.00    0.00    4.00  116.00     7  two_node_pipeli
04:18:05 PM  1000      9809  130.00    2.00    0.00   10.00  132.00     7  two_node_pipeli
04:18:06 PM  1000      9809  112.00    0.00    0.00   16.00  112.00     5  two_node_pipeli
04:18:07 PM  1000      9809  122.00    2.00    0.00   27.00  124.00     5  two_node_pipeli
04:18:08 PM  1000      9809  108.00    3.00    0.00   66.00  111.00     5  two_node_pipeli
04:18:09 PM  1000      9809  140.00    1.00    0.00   21.00  141.00     5  two_node_pipeli
04:18:10 PM  1000      9809  115.00    0.00    0.00   11.00  115.00     5  two_node_pipeli
04:18:11 PM  1000      9809  129.00    3.00    0.00    7.00  132.00     7  two_node_pipeli
04:18:12 PM  1000      9809  111.00    0.00    0.00   10.00  111.00     5  two_node_pipeli
04:18:13 PM  1000      9809  124.00    3.00    0.00    3.00  127.00     7  two_node_pipeli
04:18:14 PM  1000      9809  111.00    0.00    0.00    5.00  111.00     6  two_node_pipeli
04:18:15 PM  1000      9809  120.00    2.00    0.00    7.00  122.00     7  two_node_pipeli
04:18:16 PM  1000      9809  114.00    1.00    0.00    6.00  115.00     7  two_node_pipeli
04:18:17 PM  1000      9809  130.00    1.00    0.00    5.00  131.00     7  two_node_pipeli
04:18:18 PM  1000      9809  112.00    0.00    0.00    3.00  112.00     7  two_node_pipeli
04:18:19 PM  1000      9809  124.00    2.00    0.00   14.00  126.00     7  two_node_pipeli
04:18:20 PM  1000      9809  119.00    0.00    0.00   17.00  119.00     5  two_node_pipeli
04:18:21 PM  1000      9809  115.00    2.00    0.00    8.00  117.00     6  two_node_pipeli
04:18:22 PM  1000      9809  110.00    0.00    0.00   21.00  110.00     6  two_node_pipeli
04:18:23 PM  1000      9809  129.00    2.00    0.00    5.00  131.00     7  two_node_pipeli
04:18:24 PM  1000      9809  112.00    1.00    0.00    3.00  113.00     5  two_node_pipeli
04:18:25 PM  1000      9809  125.00    1.00    0.00    5.00  126.00     6  two_node_pipeli
04:18:26 PM  1000      9809  121.00    2.00    0.00    7.00  123.00     7  two_node_pipeli
04:18:27 PM  1000      9809  126.00    0.00    0.00    3.00  126.00     7  two_node_pipeli
04:18:28 PM  1000      9809  108.00    2.00    0.00    6.00  110.00     7  two_node_pipeli
04:18:29 PM  1000      9809  130.00    1.00    0.00   11.00  131.00     7  two_node_pipeli
04:18:30 PM  1000      9809  114.00    1.00    0.00    9.00  115.00     7  two_node_pipeli
04:18:31 PM  1000      9809  127.00    2.00    0.00   26.00  129.00     5  two_node_pipeli
04:18:32 PM  1000      9809  120.00    1.00    0.00   20.00  121.00     7  two_node_pipeli
04:18:33 PM  1000      9809  123.00    1.00    0.00   17.00  124.00     6  two_node_pipeli
04:18:34 PM  1000      9809  117.00    1.00    0.00    7.00  118.00     5  two_node_pipeli
04:18:35 PM  1000      9809  124.00    1.00    0.00    7.00  125.00     7  two_node_pipeli
04:18:36 PM  1000      9809  111.00    1.00    0.00    4.00  112.00     7  two_node_pipeli
04:18:37 PM  1000      9809  127.00    2.00    0.00    8.00  129.00     6  two_node_pipeli
04:18:38 PM  1000      9809  119.00    1.00    0.00    8.00  120.00     6  two_node_pipeli
04:18:39 PM  1000      9809  124.00    1.00    0.00   13.00  125.00     5  two_node_pipeli
04:18:40 PM  1000      9809  115.00    1.00    0.00    1.00  116.00     6  two_node_pipeli
04:18:41 PM  1000      9809  128.00    2.00    0.00    7.00  130.00     6  two_node_pipeli
04:18:42 PM  1000      9809  105.00    0.00    0.00    6.00  105.00     7  two_node_pipeli
04:18:43 PM  1000      9809  122.00    1.00    0.00   13.00  123.00     6  two_node_pipeli
04:18:44 PM  1000      9809  118.00    1.00    0.00   21.00  119.00     5  two_node_pipeli
04:18:45 PM  1000      9809  124.00    0.00    0.00    6.00  124.00     5  two_node_pipeli
04:18:46 PM  1000      9809  114.00    1.00    0.00    1.00  115.00     7  two_node_pipeli
04:18:47 PM  1000      9809  129.00    1.00    0.00   10.00  130.00     6  two_node_pipeli
04:18:48 PM  1000      9809  111.00    1.00    0.00    8.00  112.00     6  two_node_pipeli
04:18:49 PM  1000      9809  116.00    2.00    0.00    3.00  118.00     5  two_node_pipeli
04:18:50 PM  1000      9809  117.00    1.00    0.00    6.00  118.00     6  two_node_pipeli
04:18:51 PM  1000      9809  124.00    0.00    0.00    9.00  124.00     7  two_node_pipeli
04:18:52 PM  1000      9809  114.00    1.00    0.00    4.00  115.00     6  two_node_pipeli
04:18:53 PM  1000      9809  129.00    1.00    0.00    7.00  130.00     7  two_node_pipeli
04:18:54 PM  1000      9809  111.00    1.00    0.00   11.00  112.00     6  two_node_pipeli
04:18:55 PM  1000      9809  126.00    1.00    0.00    6.00  127.00     6  two_node_pipeli
04:18:56 PM  1000      9809  111.00    1.00    0.00    5.00  112.00     6  two_node_pipeli
04:18:57 PM  1000      9809  119.00    2.00    0.00    8.00  121.00     5  two_node_pipeli
04:18:58 PM  1000      9809  116.00    0.00    0.00    7.00  116.00     6  two_node_pipeli
04:18:59 PM  1000      9809  129.00    1.00    0.00   11.00  130.00     7  two_node_pipeli
04:19:00 PM  1000      9809  110.00    2.00    0.00    9.00  112.00     6  two_node_pipeli
04:19:01 PM  1000      9809  126.00    1.00    0.00    7.00  127.00     6  two_node_pipeli
04:19:02 PM  1000      9809  118.00    0.00    0.00    9.00  118.00     6  two_node_pipeli
04:19:03 PM  1000      9809  118.00    1.00    0.00    5.00  119.00     7  two_node_pipeli
04:19:04 PM  1000      9809  110.00    1.00    0.00    5.00  111.00     7  two_node_pipeli
04:19:05 PM  1000      9809  130.00    1.00    0.00    4.00  131.00     7  two_node_pipeli
04:19:06 PM  1000      9809  112.00    0.00    0.00    3.00  112.00     5  two_node_pipeli
04:19:07 PM  1000      9809  123.76    1.98    0.00    6.93  125.74     7  two_node_pipeli
04:19:08 PM  1000      9809  118.00    1.00    0.00    8.00  119.00     5  two_node_pipeli
04:19:09 PM  1000      9809  124.00    1.00    0.00    4.00  125.00     6  two_node_pipeli
04:19:10 PM  1000      9809  105.00    1.00    0.00    4.00  106.00     7  two_node_pipeli
04:19:11 PM  1000      9809  127.00    2.00    0.00    8.00  129.00     5  two_node_pipeli
04:19:12 PM  1000      9809  111.00    2.00    0.00    8.00  113.00     6  two_node_pipeli
04:19:13 PM  1000      9809  126.00    1.00    0.00   10.00  127.00     5  two_node_pipeli
04:19:14 PM  1000      9809  118.00    1.00    0.00    7.00  119.00     6  two_node_pipeli
04:19:15 PM  1000      9809  124.00    0.00    0.00    8.00  124.00     5  two_node_pipeli
04:19:16 PM  1000      9809  114.00    2.00    0.00    3.00  116.00     6  two_node_pipeli
04:19:17 PM  1000      9809  123.00    1.00    0.00    6.00  124.00     7  two_node_pipeli
04:19:18 PM  1000      9809  109.00    0.00    0.00    7.00  109.00     5  two_node_pipeli
04:19:19 PM  1000      9809  126.00    1.00    0.00   12.00  127.00     5  two_node_pipeli
04:19:20 PM  1000      9809  118.00    1.00    0.00    7.00  119.00     6  two_node_pipeli
04:19:21 PM  1000      9809  123.00    1.00    0.00    9.00  124.00     7  two_node_pipeli
04:19:22 PM  1000      9809  115.00    1.00    0.00    3.00  116.00     6  two_node_pipeli
04:19:23 PM  1000      9809  128.00    2.00    0.00    6.00  130.00     7  two_node_pipeli
04:19:24 PM  1000      9809  103.00    2.00    0.00    6.00  105.00     6  two_node_pipeli
04:19:25 PM  1000      9809  122.00    1.00    0.00    7.00  123.00     7  two_node_pipeli
04:19:26 PM  1000      9809  119.00    1.00    0.00    4.00  120.00     7  two_node_pipeli
04:19:27 PM  1000      9809  123.00    0.00    0.00   12.00  123.00     6  two_node_pipeli
04:19:28 PM  1000      9809  114.00    1.00    0.00    2.00  115.00     5  two_node_pipeli
04:19:29 PM  1000      9809  130.00    1.00    0.00   20.00  131.00     6  two_node_pipeli
04:19:30 PM  1000      9809  111.00    0.00    0.00    3.00  111.00     7  two_node_pipeli
04:19:31 PM  1000      9809  118.00    1.00    0.00    8.00  119.00     7  two_node_pipeli
04:19:32 PM  1000      9809  117.00    0.00    0.00    6.00  117.00     5  two_node_pipeli
04:19:33 PM  1000      9809  123.00    1.00    0.00    3.00  124.00     6  two_node_pipeli
04:19:34 PM  1000      9809  116.00    0.00    0.00    4.00  116.00     5  two_node_pipeli
04:19:35 PM  1000      9809  128.00    2.00    0.00    5.00  130.00     5  two_node_pipeli
04:19:36 PM  1000      9809  111.00    2.00    0.00   11.00  113.00     6  two_node_pipeli
04:19:37 PM  1000      9809  127.00    0.00    0.00    6.00  127.00     6  two_node_pipeli
04:19:38 PM  1000      9809  111.00    2.00    0.00    6.00  113.00     5  two_node_pipeli
04:19:39 PM  1000      9809  119.00    0.00    0.00    4.00  119.00     6  two_node_pipeli
04:19:40 PM  1000      9809  114.00    2.00    0.00    6.00  116.00     7  two_node_pipeli
04:19:41 PM  1000      9809  130.00    0.00    0.00   10.00  130.00     7  two_node_pipeli
04:19:42 PM  1000      9809  110.00    1.00    0.00    4.00  111.00     5  two_node_pipeli
04:19:43 PM  1000      9809  127.00    2.00    0.00    4.00  129.00     6  two_node_pipeli
04:19:44 PM  1000      9809  116.00    0.00    0.00   14.00  116.00     7  two_node_pipeli
04:19:45 PM  1000      9809  117.00    2.00    0.00    9.00  119.00     5  two_node_pipeli
04:19:46 PM  1000      9809  111.00    1.00    0.00    8.00  112.00     6  two_node_pipeli
04:19:47 PM  1000      9809  129.00    0.00    0.00    4.00  129.00     6  two_node_pipeli
04:19:48 PM  1000      9809  111.00    2.00    0.00    6.00  113.00     6  two_node_pipeli
04:19:49 PM  1000      9809  127.00    0.00    0.00    7.00  127.00     6  two_node_pipeli
04:19:50 PM  1000      9809  117.00    1.00    0.00   10.00  118.00     5  two_node_pipeli
04:19:51 PM  1000      9809  124.00    0.00    0.00    5.00  124.00     6  two_node_pipeli
04:19:52 PM  1000      9809  105.00    2.00    0.00    3.00  107.00     5  two_node_pipeli
04:19:53 PM  1000      9809  127.00    1.00    0.00    9.00  128.00     7  two_node_pipeli
04:19:54 PM  1000      9809  112.00    1.00    0.00    4.00  113.00     6  two_node_pipeli
04:19:55 PM  1000      9809  126.00    2.00    0.00   10.00  128.00     6  two_node_pipeli
04:19:56 PM  1000      9809  117.00    1.00    0.00    5.00  118.00     7  two_node_pipeli
04:19:57 PM  1000      9809  122.00    1.00    0.00   23.00  123.00     6  two_node_pipeli
04:19:58 PM  1000      9809  116.00    0.00    0.00    6.00  116.00     6  two_node_pipeli
04:19:59 PM  1000      9809  124.00    0.00    0.00    7.00  124.00     6  two_node_pipeli
04:20:00 PM  1000      9809  108.00    1.00    0.00    6.00  109.00     6  two_node_pipeli
04:20:01 PM  1000      9809  125.00    1.00    0.00   12.00  126.00     7  two_node_pipeli
04:20:02 PM  1000      9809  117.00    2.00    0.00    7.00  119.00     7  two_node_pipeli
04:20:03 PM  1000      9809  123.00    0.00    0.00   10.00  123.00     6  two_node_pipeli
04:20:04 PM  1000      9809  116.00    1.00    0.00    3.00  117.00     7  two_node_pipeli
04:20:05 PM  1000      9809  127.00    2.00    0.00    3.00  129.00     6  two_node_pipeli
04:20:06 PM  1000      9809  105.00    0.00    0.00    6.00  105.00     7  two_node_pipeli
04:20:07 PM  1000      9809  124.00    0.00    0.00    8.00  124.00     5  two_node_pipeli
04:20:08 PM  1000      9809  118.00    0.00    0.00    6.00  118.00     7  two_node_pipeli
04:20:09 PM  1000      9809  121.00    2.00    0.00   11.00  123.00     7  two_node_pipeli
04:20:10 PM  1000      9809  115.00    2.00    0.00    2.00  117.00     7  two_node_pipeli
04:20:11 PM  1000      9809  128.00    0.00    0.00    9.00  128.00     6  two_node_pipeli
04:20:12 PM  1000      9809  112.00    1.00    0.00    7.00  113.00     7  two_node_pipeli
04:20:13 PM  1000      9809  118.00    1.00    0.00   11.00  119.00     7  two_node_pipeli
04:20:14 PM  1000      9809  116.00    0.00    0.00    8.00  116.00     6  two_node_pipeli
04:20:15 PM  1000      9809  124.00    0.00    0.00   10.00  124.00     5  two_node_pipeli
04:20:16 PM  1000      9809  115.00    2.00    0.00    4.00  117.00     6  two_node_pipeli
04:20:17 PM  1000      9809  129.00    1.00    0.00    6.00  130.00     7  two_node_pipeli
04:20:18 PM  1000      9809  111.00    1.00    0.00   11.00  112.00     5  two_node_pipeli
04:20:19 PM  1000      9809  126.00    2.00    0.00    5.00  128.00     6  two_node_pipeli
04:20:20 PM  1000      9809  111.00    1.00    0.00    6.00  112.00     6  two_node_pipeli
04:20:21 PM  1000      9809  119.00    0.00    0.00    2.00  119.00     7  two_node_pipeli
04:20:22 PM  1000      9809  116.00    1.00    0.00    4.00  117.00     5  two_node_pipeli
04:20:23 PM  1000      9809  126.00    2.00    0.00   10.00  128.00     7  two_node_pipeli
04:20:24 PM  1000      9809  110.00    3.00    0.00    8.00  113.00     6  two_node_pipeli
04:20:25 PM  1000      9809  126.00    2.00    0.00    6.00  128.00     6  two_node_pipeli
04:20:26 PM  1000      9809  115.00    2.00    0.00    6.00  117.00     6  two_node_pipeli
04:20:27 PM  1000      9809  118.00    0.00    0.00   10.00  118.00     7  two_node_pipeli
04:20:28 PM  1000      9809  113.00    0.00    0.00    5.00  113.00     7  two_node_pipeli
04:20:29 PM  1000      9809  128.00    0.00    0.00    9.00  128.00     7  two_node_pipeli
04:20:30 PM  1000      9809  112.00    1.00    0.00    3.00  113.00     7  two_node_pipeli
04:20:31 PM  1000      9809  128.00    1.00    0.00    6.00  129.00     7  two_node_pipeli
04:20:32 PM  1000      9809  115.00    1.00    0.00    5.00  116.00     5  two_node_pipeli
04:20:33 PM  1000      9809  123.00    2.00    0.00    7.00  125.00     6  two_node_pipeli
04:20:34 PM  1000      9809  107.00    1.00    0.00    7.00  108.00     6  two_node_pipeli
04:20:35 PM  1000      9809  127.00    0.00    0.00   10.00  127.00     7  two_node_pipeli
04:20:36 PM  1000      9809  112.00    1.00    0.00    1.00  113.00     5  two_node_pipeli
04:20:37 PM  1000      9809  126.00    2.00    0.00    7.00  128.00     6  two_node_pipeli
04:20:38 PM  1000      9809  117.00    0.00    0.00    5.00  117.00     7  two_node_pipeli
04:20:39 PM  1000      9809  124.00    0.00    0.00   11.00  124.00     6  two_node_pipeli
04:20:40 PM  1000      9809  115.00    2.00    0.00    7.00  117.00     6  two_node_pipeli
Average:     1000      9809  119.04    1.07    0.00    8.47  120.10     -  two_node_pipeli
