Linux 5.15.0-122-generic (NEU) 	09/20/2024 	_x86_64_	(16 CPU)

03:15:15 PM  CPU    %usr   %nice    %sys %iowait    %irq   %soft  %steal  %guest  %gnice   %idle
03:15:16 PM    0   58.00    0.00    0.00    0.00    0.00    0.00    0.00    0.00    0.00   42.00
03:15:16 PM    1   62.00    0.00    0.00    0.00    0.00    0.00    0.00    0.00    0.00   38.00

03:15:16 PM  CPU    %usr   %nice    %sys %iowait    %irq   %soft  %steal  %guest  %gnice   %idle
03:15:17 PM    0   54.55    0.00    0.00    2.02    0.00    0.00    0.00    0.00    0.00   43.43
03:15:17 PM    1   60.00    0.00    0.00    0.00    0.00    0.00    0.00    0.00    0.00   40.00

03:15:17 PM  CPU    %usr   %nice    %sys %iowait    %irq   %soft  %steal  %guest  %gnice   %idle
03:15:18 PM    0   50.50    0.00    0.00    0.00    0.00    0.00    0.00    0.00    0.00   49.50
03:15:18 PM    1   55.00    0.00    0.00    0.00    0.00    0.00    0.00    0.00    0.00   45.00

03:15:18 PM  CPU    %usr   %nice    %sys %iowait    %irq   %soft  %steal  %guest  %gnice   %idle
03:15:19 PM    0   64.65    0.00    0.00    0.00    0.00    0.00    0.00    0.00    0.00   35.35
03:15:19 PM    1   68.32    0.00    0.00    0.00    0.00    0.00    0.00    0.00    0.00   31.68

03:15:19 PM  CPU    %usr   %nice    %sys %iowait    %irq   %soft  %steal  %guest  %gnice   %idle
03:15:20 PM    0   57.00    0.00    0.00    0.00    0.00    0.00    0.00    0.00    0.00   43.00
03:15:20 PM    1   60.00    0.00    0.00    0.00    0.00    0.00    0.00    0.00    0.00   40.00

03:15:20 PM  CPU    %usr   %nice    %sys %iowait    %irq   %soft  %steal  %guest  %gnice   %idle
03:15:21 PM    0   55.00    0.00    0.00    0.00    0.00    0.00    0.00    0.00    0.00   45.00
03:15:21 PM    1   58.42    0.00    0.00    0.00    0.00    0.00    0.00    0.00    0.00   41.58

03:15:21 PM  CPU    %usr   %nice    %sys %iowait    %irq   %soft  %steal  %guest  %gnice   %idle
03:15:22 PM    0   58.00    0.00    0.00    1.00    0.00    0.00    0.00    0.00    0.00   41.00
03:15:22 PM    1   62.00    0.00    0.00    0.00    0.00    0.00    0.00    0.00    0.00   38.00

03:15:22 PM  CPU    %usr   %nice    %sys %iowait    %irq   %soft  %steal  %guest  %gnice   %idle
03:15:23 PM    0   54.46    0.00    0.00    0.00    0.00    0.00    0.00    0.00    0.00   45.54
03:15:23 PM    1   60.00    0.00    0.00    0.00    0.00    0.00    0.00    0.00    0.00   40.00

03:15:23 PM  CPU    %usr   %nice    %sys %iowait    %irq   %soft  %steal  %guest  %gnice   %idle
03:15:24 PM    0   59.00    0.00    0.00    0.00    0.00    0.00    0.00    0.00    0.00   41.00
03:15:24 PM    1   65.00    0.00    0.00    0.00    0.00    0.00    0.00    0.00    0.00   35.00

03:15:24 PM  CPU    %usr   %nice    %sys %iowait    %irq   %soft  %steal  %guest  %gnice   %idle
03:15:25 PM    0   55.00    0.00    0.00    0.00    0.00    0.00    0.00    0.00    0.00   45.00
03:15:25 PM    1   58.00    0.00    0.00    0.00    0.00    0.00    0.00    0.00    0.00   42.00

03:15:25 PM  CPU    %usr   %nice    %sys %iowait    %irq   %soft  %steal  %guest  %gnice   %idle
03:15:26 PM    0   56.00    0.00    0.00    0.00    0.00    0.00    0.00    0.00    0.00   44.00
03:15:26 PM    1   60.40    0.00    0.00    0.00    0.00    0.00    0.00    0.00    0.00   39.60

03:15:26 PM  CPU    %usr   %nice    %sys %iowait    %irq   %soft  %steal  %guest  %gnice   %idle
03:15:27 PM    0   53.47    0.00    0.00    0.00    0.00    0.00    0.00    0.00    0.00   46.53
03:15:27 PM    1   57.00    0.00    0.00    0.00    0.00    0.00    0.00    0.00    0.00   43.00

03:15:27 PM  CPU    %usr   %nice    %sys %iowait    %irq   %soft  %steal  %guest  %gnice   %idle
03:15:28 PM    0   57.00    0.00    0.00    1.00    0.00    0.00    0.00    0.00    0.00   42.00
03:15:28 PM    1   62.00    0.00    0.00    0.00    0.00    0.00    0.00    0.00    0.00   38.00

03:15:28 PM  CPU    %usr   %nice    %sys %iowait    %irq   %soft  %steal  %guest  %gnice   %idle
03:15:29 PM    0   55.00    0.00    0.00    1.00    0.00    0.00    0.00    0.00    0.00   44.00
03:15:29 PM    1   60.40    0.00    0.00    0.00    0.00    0.00    0.00    0.00    0.00   39.60

03:15:29 PM  CPU    %usr   %nice    %sys %iowait    %irq   %soft  %steal  %guest  %gnice   %idle
03:15:30 PM    0   58.00    0.00    0.00    0.00    0.00    0.00    0.00    0.00    0.00   42.00
03:15:30 PM    1   64.36    0.00    0.00    0.00    0.00    0.00    0.00    0.00    0.00   35.64

03:15:30 PM  CPU    %usr   %nice    %sys %iowait    %irq   %soft  %steal  %guest  %gnice   %idle
03:15:31 PM    0   55.00    0.00    0.00    0.00    0.00    0.00    0.00    0.00    0.00   45.00
03:15:31 PM    1   58.00    0.00    0.00    0.00    0.00    0.00    0.00    0.00    0.00   42.00

03:15:31 PM  CPU    %usr   %nice    %sys %iowait    %irq   %soft  %steal  %guest  %gnice   %idle
03:15:32 PM    0   56.00    0.00    0.00    0.00    0.00    0.00    0.00    0.00    0.00   44.00
03:15:32 PM    1   60.40    0.00    0.00    0.00    0.00    0.00    0.00    0.00    0.00   39.60

03:15:32 PM  CPU    %usr   %nice    %sys %iowait    %irq   %soft  %steal  %guest  %gnice   %idle
03:15:33 PM    0   53.00    0.00    0.00    1.00    0.00    0.00    0.00    0.00    0.00   46.00
03:15:33 PM    1   57.00    0.00    0.00    0.00    0.00    0.00    0.00    0.00    0.00   43.00

03:15:33 PM  CPU    %usr   %nice    %sys %iowait    %irq   %soft  %steal  %guest  %gnice   %idle
03:15:34 PM    0   58.00    0.00    0.00    0.00    0.00    0.00    0.00    0.00    0.00   42.00
03:15:34 PM    1   61.62    0.00    0.00    0.00    0.00    0.00    0.00    0.00    0.00   38.38

03:15:34 PM  CPU    %usr   %nice    %sys %iowait    %irq   %soft  %steal  %guest  %gnice   %idle
03:15:35 PM    0   54.46    0.00    0.00    0.00    0.00    0.00    0.00    0.00    0.00   45.54
03:15:35 PM    1   60.00    0.00    0.00    0.00    0.00    0.00    0.00    0.00    0.00   40.00

03:15:35 PM  CPU    %usr   %nice    %sys %iowait    %irq   %soft  %steal  %guest  %gnice   %idle
03:15:36 PM    0   59.00    0.00    0.00    0.00    0.00    0.00    0.00    0.00    0.00   41.00
03:15:36 PM    1   64.36    0.00    0.00    0.00    0.00    0.00    0.00    0.00    0.00   35.64

03:15:36 PM  CPU    %usr   %nice    %sys %iowait    %irq   %soft  %steal  %guest  %gnice   %idle
03:15:37 PM    0   54.00    0.00    0.00    0.00    0.00    0.00    0.00    0.00    0.00   46.00
03:15:37 PM    1   58.00    0.00    0.00    0.00    0.00    0.00    0.00    0.00    0.00   42.00

03:15:37 PM  CPU    %usr   %nice    %sys %iowait    %irq   %soft  %steal  %guest  %gnice   %idle
03:15:38 PM    0   56.00    0.00    0.00    1.00    0.00    0.00    0.00    0.00    0.00   43.00
03:15:38 PM    1   60.40    0.00    0.00    0.00    0.00    0.00    0.00    0.00    0.00   39.60

03:15:38 PM  CPU    %usr   %nice    %sys %iowait    %irq   %soft  %steal  %guest  %gnice   %idle
03:15:39 PM    0   53.47    0.00    0.00    0.00    0.00    0.00    0.00    0.00    0.00   46.53
03:15:39 PM    1   58.00    0.00    0.00    0.00    0.00    0.00    0.00    0.00    0.00   42.00

03:15:39 PM  CPU    %usr   %nice    %sys %iowait    %irq   %soft  %steal  %guest  %gnice   %idle
03:15:40 PM    0   57.58    0.00    0.00    0.00    0.00    0.00    0.00    0.00    0.00   42.42
03:15:40 PM    1   61.00    0.00    0.00    0.00    0.00    0.00    0.00    0.00    0.00   39.00

03:15:40 PM  CPU    %usr   %nice    %sys %iowait    %irq   %soft  %steal  %guest  %gnice   %idle
03:15:41 PM    0   54.46    0.00    0.00    0.00    0.00    0.00    0.00    0.00    0.00   45.54
03:15:41 PM    1   60.40    0.00    0.00    0.00    0.00    0.00    0.00    0.00    0.00   39.60

03:15:41 PM  CPU    %usr   %nice    %sys %iowait    %irq   %soft  %steal  %guest  %gnice   %idle
03:15:42 PM    0   58.00    0.00    1.00    1.00    0.00    0.00    0.00    0.00    0.00   40.00
03:15:42 PM    1   64.36    0.00    0.00    0.00    0.00    0.00    0.00    0.00    0.00   35.64

03:15:42 PM  CPU    %usr   %nice    %sys %iowait    %irq   %soft  %steal  %guest  %gnice   %idle
03:15:43 PM    0   54.00    0.00    0.00    1.00    0.00    0.00    0.00    0.00    0.00   45.00
03:15:43 PM    1   58.59    0.00    0.00    0.00    0.00    0.00    0.00    0.00    0.00   41.41

03:15:43 PM  CPU    %usr   %nice    %sys %iowait    %irq   %soft  %steal  %guest  %gnice   %idle
03:15:44 PM    0   56.00    0.00    0.00    0.00    0.00    0.00    0.00    0.00    0.00   44.00
03:15:44 PM    1   60.00    0.00    0.00    0.00    0.00    0.00    0.00    0.00    0.00   40.00

03:15:44 PM  CPU    %usr   %nice    %sys %iowait    %irq   %soft  %steal  %guest  %gnice   %idle
03:15:45 PM    0   54.00    0.00    0.00    0.00    0.00    0.00    0.00    0.00    0.00   46.00
03:15:45 PM    1   57.43    0.00    0.00    0.00    0.00    0.00    0.00    0.00    0.00   42.57

03:15:45 PM  CPU    %usr   %nice    %sys %iowait    %irq   %soft  %steal  %guest  %gnice   %idle
03:15:46 PM    0   57.00    0.00    0.00    0.00    0.00    0.00    0.00    0.00    0.00   43.00
03:15:46 PM    1   61.39    0.00    0.00    0.00    0.00    0.00    0.00    0.00    0.00   38.61

03:15:46 PM  CPU    %usr   %nice    %sys %iowait    %irq   %soft  %steal  %guest  %gnice   %idle
03:15:47 PM    0   55.00    0.00    0.00    0.00    0.00    0.00    0.00    0.00    0.00   45.00
03:15:47 PM    1   60.61    0.00    0.00    0.00    0.00    0.00    0.00    0.00    0.00   39.39

03:15:47 PM  CPU    %usr   %nice    %sys %iowait    %irq   %soft  %steal  %guest  %gnice   %idle
03:15:48 PM    0   57.58    0.00    1.01    0.00    0.00    0.00    0.00    0.00    0.00   41.41
03:15:48 PM    1   63.37    0.00    0.00    0.00    0.00    0.00    0.00    0.00    0.00   36.63

03:15:48 PM  CPU    %usr   %nice    %sys %iowait    %irq   %soft  %steal  %guest  %gnice   %idle
03:15:49 PM    0   53.47    0.00    0.00    0.99    0.00    0.00    0.00    0.00    0.00   45.54
03:15:49 PM    1   58.42    0.00    0.00    0.00    0.00    0.00    0.00    0.00    0.00   41.58

03:15:49 PM  CPU    %usr   %nice    %sys %iowait    %irq   %soft  %steal  %guest  %gnice   %idle
03:15:50 PM    0   56.44    0.00    0.00    0.00    0.00    0.00    0.00    0.00    0.00   43.56
03:15:50 PM    1   60.00    0.00    0.00    0.00    0.00    0.00    0.00    0.00    0.00   40.00

03:15:50 PM  CPU    %usr   %nice    %sys %iowait    %irq   %soft  %steal  %guest  %gnice   %idle
03:15:51 PM    0   53.54    0.00    0.00    0.00    0.00    0.00    0.00    0.00    0.00   46.46
03:15:51 PM    1   57.58    0.00    0.00    0.00    0.00    0.00    0.00    0.00    0.00   42.42

03:15:51 PM  CPU    %usr   %nice    %sys %iowait    %irq   %soft  %steal  %guest  %gnice   %idle
03:15:52 PM    0   57.43    0.00    0.00    0.99    0.00    0.00    0.00    0.00    0.00   41.58
03:15:52 PM    1   61.39    0.00    0.00    0.00    0.00    0.00    0.00    0.00    0.00   38.61

03:15:52 PM  CPU    %usr   %nice    %sys %iowait    %irq   %soft  %steal  %guest  %gnice   %idle
03:15:53 PM    0   54.55    0.00    0.00    0.00    0.00    0.00    0.00    0.00    0.00   45.45
03:15:53 PM    1   60.40    0.00    0.00    0.00    0.00    0.00    0.00    0.00    0.00   39.60

03:15:53 PM  CPU    %usr   %nice    %sys %iowait    %irq   %soft  %steal  %guest  %gnice   %idle
03:15:54 PM    0   59.00    0.00    0.00    0.00    0.00    0.00    0.00    0.00    0.00   41.00
03:15:54 PM    1   64.36    0.00    0.00    0.00    0.00    0.00    0.00    0.00    0.00   35.64

03:15:54 PM  CPU    %usr   %nice    %sys %iowait    %irq   %soft  %steal  %guest  %gnice   %idle
03:15:55 PM    0   54.00    0.00    0.00    0.00    0.00    0.00    0.00    0.00    0.00   46.00
03:15:55 PM    1   58.00    0.00    0.00    0.00    0.00    0.00    0.00    0.00    0.00   42.00

03:15:55 PM  CPU    %usr   %nice    %sys %iowait    %irq   %soft  %steal  %guest  %gnice   %idle
03:15:56 PM    0   56.00    0.00    0.00    0.00    0.00    0.00    0.00    0.00    0.00   44.00
03:15:56 PM    1   60.00    0.00    0.00    0.00    0.00    0.00    0.00    0.00    0.00   40.00

03:15:56 PM  CPU    %usr   %nice    %sys %iowait    %irq   %soft  %steal  %guest  %gnice   %idle
03:15:57 PM    0   54.00    0.00    0.00    0.00    0.00    0.00    0.00    0.00    0.00   46.00
03:15:57 PM    1   58.42    0.00    0.00    0.00    0.00    0.00    0.00    0.00    0.00   41.58

03:15:57 PM  CPU    %usr   %nice    %sys %iowait    %irq   %soft  %steal  %guest  %gnice   %idle
03:15:58 PM    0   58.00    0.00    0.00    0.00    0.00    0.00    0.00    0.00    0.00   42.00
03:15:58 PM    1   61.00    0.00    0.00    0.00    0.00    0.00    0.00    0.00    0.00   39.00

03:15:58 PM  CPU    %usr   %nice    %sys %iowait    %irq   %soft  %steal  %guest  %gnice   %idle
03:15:59 PM    0   52.94    0.00    0.98    0.98    0.00    0.00    0.00    0.00    0.00   45.10
03:15:59 PM    1   60.40    0.00    0.00    0.00    0.00    0.00    0.00    0.00    0.00   39.60

03:15:59 PM  CPU    %usr   %nice    %sys %iowait    %irq   %soft  %steal  %guest  %gnice   %idle
03:16:00 PM    0   59.00    0.00    0.00    0.00    0.00    0.00    0.00    0.00    0.00   41.00
03:16:00 PM    1   64.36    0.00    0.00    0.00    0.00    0.00    0.00    0.00    0.00   35.64

03:16:00 PM  CPU    %usr   %nice    %sys %iowait    %irq   %soft  %steal  %guest  %gnice   %idle
03:16:01 PM    0   54.00    0.00    0.00    0.00    0.00    0.00    0.00    0.00    0.00   46.00
03:16:01 PM    1   59.00    0.00    0.00    0.00    0.00    0.00    0.00    0.00    0.00   41.00

03:16:01 PM  CPU    %usr   %nice    %sys %iowait    %irq   %soft  %steal  %guest  %gnice   %idle
03:16:02 PM    0   56.00    0.00    0.00    1.00    0.00    0.00    0.00    0.00    0.00   43.00
03:16:02 PM    1   60.40    0.00    0.00    0.00    0.00    0.00    0.00    0.00    0.00   39.60

03:16:02 PM  CPU    %usr   %nice    %sys %iowait    %irq   %soft  %steal  %guest  %gnice   %idle
03:16:03 PM    0   53.00    0.00    0.00    0.00    0.00    0.00    0.00    0.00    0.00   47.00
03:16:03 PM    1   57.00    0.00    0.00    0.00    0.00    0.00    0.00    0.00    0.00   43.00

03:16:03 PM  CPU    %usr   %nice    %sys %iowait    %irq   %soft  %steal  %guest  %gnice   %idle
03:16:04 PM    0   58.00    0.00    0.00    1.00    0.00    0.00    0.00    0.00    0.00   41.00
03:16:04 PM    1   61.39    0.00    0.00    0.00    0.00    0.00    0.00    0.00    0.00   38.61

03:16:04 PM  CPU    %usr   %nice    %sys %iowait    %irq   %soft  %steal  %guest  %gnice   %idle
03:16:05 PM    0   54.46    0.00    0.00    0.00    0.00    0.00    0.00    0.00    0.00   45.54
03:16:05 PM    1   60.61    0.00    0.00    0.00    0.00    0.00    0.00    0.00    0.00   39.39

03:16:05 PM  CPU    %usr   %nice    %sys %iowait    %irq   %soft  %steal  %guest  %gnice   %idle
03:16:06 PM    0   59.00    0.00    0.00    0.00    0.00    0.00    0.00    0.00    0.00   41.00
03:16:06 PM    1   63.73    0.00    0.00    0.00    0.00    0.00    0.00    0.00    0.00   36.27

03:16:06 PM  CPU    %usr   %nice    %sys %iowait    %irq   %soft  %steal  %guest  %gnice   %idle
03:16:07 PM    0   54.00    0.00    0.00    0.00    0.00    0.00    0.00    0.00    0.00   46.00
03:16:07 PM    1   58.59    0.00    0.00    0.00    0.00    0.00    0.00    0.00    0.00   41.41

03:16:07 PM  CPU    %usr   %nice    %sys %iowait    %irq   %soft  %steal  %guest  %gnice   %idle
03:16:08 PM    0   56.00    0.00    0.00    0.00    0.00    0.00    0.00    0.00    0.00   44.00
03:16:08 PM    1   60.00    0.00    0.00    0.00    0.00    0.00    0.00    0.00    0.00   40.00

03:16:08 PM  CPU    %usr   %nice    %sys %iowait    %irq   %soft  %steal  %guest  %gnice   %idle
03:16:09 PM    0   53.47    0.00    0.00    0.99    0.00    0.00    0.00    0.00    0.00   45.54
03:16:09 PM    1   57.43    0.00    0.00    0.00    0.00    0.00    0.00    0.00    0.00   42.57

03:16:09 PM  CPU    %usr   %nice    %sys %iowait    %irq   %soft  %steal  %guest  %gnice   %idle
03:16:10 PM    0   58.00    0.00    0.00    0.00    0.00    0.00    0.00    0.00    0.00   42.00
03:16:10 PM    1   62.00    0.00    0.00    0.00    0.00    0.00    0.00    0.00    0.00   38.00

03:16:10 PM  CPU    %usr   %nice    %sys %iowait    %irq   %soft  %steal  %guest  %gnice   %idle
03:16:11 PM    0   54.00    0.00    0.00    0.00    0.00    0.00    0.00    0.00    0.00   46.00
03:16:11 PM    1   60.00    0.00    0.00    0.00    0.00    0.00    0.00    0.00    0.00   40.00

03:16:11 PM  CPU    %usr   %nice    %sys %iowait    %irq   %soft  %steal  %guest  %gnice   %idle
03:16:12 PM    0   58.59    0.00    1.01    0.00    0.00    0.00    0.00    0.00    0.00   40.40
03:16:12 PM    1   64.36    0.00    0.00    0.00    0.00    0.00    0.00    0.00    0.00   35.64

03:16:12 PM  CPU    %usr   %nice    %sys %iowait    %irq   %soft  %steal  %guest  %gnice   %idle
03:16:13 PM    0   54.46    0.00    0.00    0.99    0.00    0.00    0.00    0.00    0.00   44.55
03:16:13 PM    1   58.42    0.00    0.00    0.00    0.00    0.00    0.00    0.00    0.00   41.58

03:16:13 PM  CPU    %usr   %nice    %sys %iowait    %irq   %soft  %steal  %guest  %gnice   %idle
03:16:14 PM    0   56.00    0.00    0.00    0.00    0.00    0.00    0.00    0.00    0.00   44.00
03:16:14 PM    1   60.00    0.00    0.00    0.00    0.00    0.00    0.00    0.00    0.00   40.00

03:16:14 PM  CPU    %usr   %nice    %sys %iowait    %irq   %soft  %steal  %guest  %gnice   %idle
03:16:15 PM    0   53.00    0.00    0.00    0.00    0.00    0.00    0.00    0.00    0.00   47.00
03:16:15 PM    1   57.00    0.00    0.00    0.00    0.00    0.00    0.00    0.00    0.00   43.00

03:16:15 PM  CPU    %usr   %nice    %sys %iowait    %irq   %soft  %steal  %guest  %gnice   %idle
03:16:16 PM    0   58.00    0.00    0.00    0.00    0.00    0.00    0.00    0.00    0.00   42.00
03:16:16 PM    1   62.00    0.00    0.00    0.00    0.00    0.00    0.00    0.00    0.00   38.00

03:16:16 PM  CPU    %usr   %nice    %sys %iowait    %irq   %soft  %steal  %guest  %gnice   %idle
03:16:17 PM    0   54.46    0.00    0.00    0.00    0.00    0.00    0.00    0.00    0.00   45.54
03:16:17 PM    1   60.40    0.00    0.00    0.00    0.00    0.00    0.00    0.00    0.00   39.60

03:16:17 PM  CPU    %usr   %nice    %sys %iowait    %irq   %soft  %steal  %guest  %gnice   %idle
03:16:18 PM    0   59.00    0.00    0.00    1.00    0.00    0.00    0.00    0.00    0.00   40.00
03:16:18 PM    1   64.00    0.00    0.00    0.00    0.00    0.00    0.00    0.00    0.00   36.00

03:16:18 PM  CPU    %usr   %nice    %sys %iowait    %irq   %soft  %steal  %guest  %gnice   %idle
03:16:19 PM    0   54.00    0.00    0.00    0.00    0.00    0.00    0.00    0.00    0.00   46.00
03:16:19 PM    1   58.59    0.00    0.00    0.00    0.00    0.00    0.00    0.00    0.00   41.41

03:16:19 PM  CPU    %usr   %nice    %sys %iowait    %irq   %soft  %steal  %guest  %gnice   %idle
03:16:20 PM    0   55.45    0.00    0.99    0.00    0.00    0.00    0.00    0.00    0.00   43.56
03:16:20 PM    1   59.80    0.00    0.00    0.00    0.00    0.00    0.00    0.00    0.00   40.20

03:16:20 PM  CPU    %usr   %nice    %sys %iowait    %irq   %soft  %steal  %guest  %gnice   %idle
03:16:21 PM    0   54.00    0.00    0.00    0.00    0.00    0.00    0.00    0.00    0.00   46.00
03:16:21 PM    1   57.58    0.00    0.00    0.00    0.00    0.00    0.00    0.00    0.00   42.42

03:16:21 PM  CPU    %usr   %nice    %sys %iowait    %irq   %soft  %steal  %guest  %gnice   %idle
03:16:22 PM    0   57.43    0.00    0.00    0.99    0.00    0.00    0.00    0.00    0.00   41.58
03:16:22 PM    1   61.39    0.00    0.00    0.00    0.00    0.00    0.00    0.00    0.00   38.61

03:16:22 PM  CPU    %usr   %nice    %sys %iowait    %irq   %soft  %steal  %guest  %gnice   %idle
03:16:23 PM    0   54.55    0.00    0.00    1.01    0.00    0.00    0.00    0.00    0.00   44.44
03:16:23 PM    1   60.00    0.00    0.00    0.00    0.00    0.00    0.00    0.00    0.00   40.00

03:16:23 PM  CPU    %usr   %nice    %sys %iowait    %irq   %soft  %steal  %guest  %gnice   %idle
03:16:24 PM    0   58.00    0.00    0.00    0.00    0.00    0.00    0.00    0.00    0.00   42.00
03:16:24 PM    1   64.36    0.00    0.00    0.00    0.00    0.00    0.00    0.00    0.00   35.64

03:16:24 PM  CPU    %usr   %nice    %sys %iowait    %irq   %soft  %steal  %guest  %gnice   %idle
03:16:25 PM    0   54.46    0.00    0.00    0.00    0.00    0.00    0.00    0.00    0.00   45.54
03:16:25 PM    1   58.42    0.00    0.00    0.00    0.00    0.00    0.00    0.00    0.00   41.58

03:16:25 PM  CPU    %usr   %nice    %sys %iowait    %irq   %soft  %steal  %guest  %gnice   %idle
03:16:26 PM    0   56.00    0.00    0.00    0.00    0.00    0.00    0.00    0.00    0.00   44.00
03:16:26 PM    1   60.00    0.00    0.00    0.00    0.00    0.00    0.00    0.00    0.00   40.00

03:16:26 PM  CPU    %usr   %nice    %sys %iowait    %irq   %soft  %steal  %guest  %gnice   %idle
03:16:27 PM    0   52.53    0.00    0.00    0.00    0.00    0.00    0.00    0.00    0.00   47.47
03:16:27 PM    1   57.43    0.00    0.00    0.00    0.00    0.00    0.00    0.00    0.00   42.57

03:16:27 PM  CPU    %usr   %nice    %sys %iowait    %irq   %soft  %steal  %guest  %gnice   %idle
03:16:28 PM    0   57.00    0.00    1.00    1.00    0.00    0.00    0.00    0.00    0.00   41.00
03:16:28 PM    1   61.00    0.00    0.00    0.00    0.00    0.00    0.00    0.00    0.00   39.00

03:16:28 PM  CPU    %usr   %nice    %sys %iowait    %irq   %soft  %steal  %guest  %gnice   %idle
03:16:29 PM    0   54.46    0.00    0.00    0.00    0.00    0.00    0.00    0.00    0.00   45.54
03:16:29 PM    1   60.40    0.00    0.00    0.00    0.00    0.00    0.00    0.00    0.00   39.60

03:16:29 PM  CPU    %usr   %nice    %sys %iowait    %irq   %soft  %steal  %guest  %gnice   %idle
03:16:30 PM    0   58.00    0.00    0.00    0.00    0.00    0.00    0.00    0.00    0.00   42.00
03:16:30 PM    1   64.00    0.00    0.00    0.00    0.00    0.00    0.00    0.00    0.00   36.00

03:16:30 PM  CPU    %usr   %nice    %sys %iowait    %irq   %soft  %steal  %guest  %gnice   %idle
03:16:31 PM    0   55.00    0.00    0.00    0.00    0.00    0.00    0.00    0.00    0.00   45.00
03:16:31 PM    1   59.00    0.00    0.00    0.00    0.00    0.00    0.00    0.00    0.00   41.00

03:16:31 PM  CPU    %usr   %nice    %sys %iowait    %irq   %soft  %steal  %guest  %gnice   %idle
03:16:32 PM    0   56.00    0.00    0.00    1.00    0.00    0.00    0.00    0.00    0.00   43.00
03:16:32 PM    1   60.00    0.00    0.00    0.00    0.00    0.00    0.00    0.00    0.00   40.00

03:16:32 PM  CPU    %usr   %nice    %sys %iowait    %irq   %soft  %steal  %guest  %gnice   %idle
03:16:33 PM    0   54.00    0.00    0.00    0.00    0.00    0.00    0.00    0.00    0.00   46.00
03:16:33 PM    1   58.00    0.00    0.00    0.00    0.00    0.00    0.00    0.00    0.00   42.00

03:16:33 PM  CPU    %usr   %nice    %sys %iowait    %irq   %soft  %steal  %guest  %gnice   %idle
03:16:34 PM    0   58.59    0.00    0.00    0.00    0.00    0.00    0.00    0.00    0.00   41.41
03:16:34 PM    1   61.39    0.00    0.00    0.00    0.00    0.00    0.00    0.00    0.00   38.61

03:16:34 PM  CPU    %usr   %nice    %sys %iowait    %irq   %soft  %steal  %guest  %gnice   %idle
03:16:35 PM    0   54.00    0.00    0.00    0.00    0.00    0.00    0.00    0.00    0.00   46.00
03:16:35 PM    1   60.61    0.00    0.00    0.00    0.00    0.00    0.00    0.00    0.00   39.39

03:16:35 PM  CPU    %usr   %nice    %sys %iowait    %irq   %soft  %steal  %guest  %gnice   %idle
03:16:36 PM    0   59.00    0.00    0.00    0.00    0.00    0.00    0.00    0.00    0.00   41.00
03:16:36 PM    1   63.73    0.00    0.00    0.00    0.00    0.00    0.00    0.00    0.00   36.27

03:16:36 PM  CPU    %usr   %nice    %sys %iowait    %irq   %soft  %steal  %guest  %gnice   %idle
03:16:37 PM    0   54.46    0.00    0.00    0.00    0.00    0.00    0.00    0.00    0.00   45.54
03:16:37 PM    1   59.00    0.00    0.00    0.00    0.00    0.00    0.00    0.00    0.00   41.00

03:16:37 PM  CPU    %usr   %nice    %sys %iowait    %irq   %soft  %steal  %guest  %gnice   %idle
03:16:38 PM    0   56.00    0.00    0.00    0.00    0.00    0.00    0.00    0.00    0.00   44.00
03:16:38 PM    1   60.00    0.00    0.00    0.00    0.00    0.00    0.00    0.00    0.00   40.00

03:16:38 PM  CPU    %usr   %nice    %sys %iowait    %irq   %soft  %steal  %guest  %gnice   %idle
03:16:39 PM    0   54.00    0.00    0.00    1.00    0.00    0.00    0.00    0.00    0.00   45.00
03:16:39 PM    1   57.00    0.00    0.00    0.00    0.00    0.00    0.00    0.00    0.00   43.00

03:16:39 PM  CPU    %usr   %nice    %sys %iowait    %irq   %soft  %steal  %guest  %gnice   %idle
03:16:40 PM    0   57.00    0.00    0.00    0.00    0.00    0.00    0.00    0.00    0.00   43.00
03:16:40 PM    1   62.00    0.00    0.00    0.00    0.00    0.00    0.00    0.00    0.00   38.00

03:16:40 PM  CPU    %usr   %nice    %sys %iowait    %irq   %soft  %steal  %guest  %gnice   %idle
03:16:41 PM    0   54.46    0.00    0.00    0.00    0.00    0.00    0.00    0.00    0.00   45.54
03:16:41 PM    1   60.00    0.00    0.00    0.00    0.00    0.00    0.00    0.00    0.00   40.00

03:16:41 PM  CPU    %usr   %nice    %sys %iowait    %irq   %soft  %steal  %guest  %gnice   %idle
03:16:42 PM    0   58.59    0.00    0.00    1.01    0.00    0.00    0.00    0.00    0.00   40.40
03:16:42 PM    1   64.00    0.00    0.00    0.00    0.00    0.00    0.00    0.00    0.00   36.00

03:16:42 PM  CPU    %usr   %nice    %sys %iowait    %irq   %soft  %steal  %guest  %gnice   %idle
03:16:43 PM    0   54.46    0.00    0.00    0.00    0.00    0.00    0.00    0.00    0.00   45.54
03:16:43 PM    1   58.42    0.00    0.00    0.00    0.00    0.00    0.00    0.00    0.00   41.58

03:16:43 PM  CPU    %usr   %nice    %sys %iowait    %irq   %soft  %steal  %guest  %gnice   %idle
03:16:44 PM    0   56.00    0.00    0.00    1.00    0.00    0.00    0.00    0.00    0.00   43.00
03:16:44 PM    1   60.00    0.00    0.00    0.00    0.00    0.00    0.00    0.00    0.00   40.00

03:16:44 PM  CPU    %usr   %nice    %sys %iowait    %irq   %soft  %steal  %guest  %gnice   %idle
03:16:45 PM    0   54.00    0.00    0.00    0.00    0.00    0.00    0.00    0.00    0.00   46.00
03:16:45 PM    1   58.00    0.00    0.00    0.00    0.00    0.00    0.00    0.00    0.00   42.00

03:16:45 PM  CPU    %usr   %nice    %sys %iowait    %irq   %soft  %steal  %guest  %gnice   %idle
03:16:46 PM    0   57.00    0.00    0.00    0.00    0.00    0.00    0.00    0.00    0.00   43.00
03:16:46 PM    1   61.00    0.00    0.00    0.00    0.00    0.00    0.00    0.00    0.00   39.00

03:16:46 PM  CPU    %usr   %nice    %sys %iowait    %irq   %soft  %steal  %guest  %gnice   %idle
03:16:47 PM    0   55.00    0.00    0.00    0.00    0.00    0.00    0.00    0.00    0.00   45.00
03:16:47 PM    1   60.40    0.00    0.00    0.00    0.00    0.00    0.00    0.00    0.00   39.60

03:16:47 PM  CPU    %usr   %nice    %sys %iowait    %irq   %soft  %steal  %guest  %gnice   %idle
03:16:48 PM    0   58.42    0.00    0.00    0.00    0.00    0.00    0.00    0.00    0.00   41.58
03:16:48 PM    1   64.00    0.00    0.00    0.00    0.00    0.00    0.00    0.00    0.00   36.00

03:16:48 PM  CPU    %usr   %nice    %sys %iowait    %irq   %soft  %steal  %guest  %gnice   %idle
03:16:49 PM    0   54.00    0.00    0.00    2.00    0.00    0.00    0.00    0.00    0.00   44.00
03:16:49 PM    1   59.00    0.00    0.00    0.00    0.00    0.00    0.00    0.00    0.00   41.00

03:16:49 PM  CPU    %usr   %nice    %sys %iowait    %irq   %soft  %steal  %guest  %gnice   %idle
03:16:50 PM    0   56.44    0.00    0.00    0.00    0.00    0.00    0.00    0.00    0.00   43.56
03:16:50 PM    1   60.00    0.00    0.00    0.00    0.00    0.00    0.00    0.00    0.00   40.00

03:16:50 PM  CPU    %usr   %nice    %sys %iowait    %irq   %soft  %steal  %guest  %gnice   %idle
03:16:51 PM    0   53.00    0.00    0.00    0.00    0.00    0.00    0.00    0.00    0.00   47.00
03:16:51 PM    1   57.43    0.00    0.00    0.00    0.00    0.00    0.00    0.00    0.00   42.57

03:16:51 PM  CPU    %usr   %nice    %sys %iowait    %irq   %soft  %steal  %guest  %gnice   %idle
03:16:52 PM    0   58.00    0.00    0.00    1.00    0.00    0.00    0.00    0.00    0.00   41.00
03:16:52 PM    1   60.78    0.00    0.98    0.00    0.00    0.00    0.00    0.00    0.00   38.24

03:16:52 PM  CPU    %usr   %nice    %sys %iowait    %irq   %soft  %steal  %guest  %gnice   %idle
03:16:53 PM    0   54.00    0.00    0.00    0.00    0.00    0.00    0.00    0.00    0.00   46.00
03:16:53 PM    1   60.00    0.00    0.00    0.00    0.00    0.00    0.00    0.00    0.00   40.00

03:16:53 PM  CPU    %usr   %nice    %sys %iowait    %irq   %soft  %steal  %guest  %gnice   %idle
03:16:54 PM    0   60.00    0.00    0.00    0.00    0.00    0.00    0.00    0.00    0.00   40.00
03:16:54 PM    1   65.00    0.00    0.00    0.00    0.00    0.00    0.00    0.00    0.00   35.00

03:16:54 PM  CPU    %usr   %nice    %sys %iowait    %irq   %soft  %steal  %guest  %gnice   %idle
03:16:55 PM    0   54.00    0.00    0.00    0.00    0.00    0.00    0.00    0.00    0.00   46.00
03:16:55 PM    1   58.42    0.00    0.00    0.00    0.00    0.00    0.00    0.00    0.00   41.58

03:16:55 PM  CPU    %usr   %nice    %sys %iowait    %irq   %soft  %steal  %guest  %gnice   %idle
03:16:56 PM    0   55.45    0.00    0.99    0.00    0.00    0.00    0.00    0.00    0.00   43.56
03:16:56 PM    1   60.00    0.00    0.00    0.00    0.00    0.00    0.00    0.00    0.00   40.00

03:16:56 PM  CPU    %usr   %nice    %sys %iowait    %irq   %soft  %steal  %guest  %gnice   %idle
03:16:57 PM    0   53.00    0.00    0.00    1.00    0.00    0.00    0.00    0.00    0.00   46.00
03:16:57 PM    1   57.43    0.00    0.00    0.00    0.00    0.00    0.00    0.00    0.00   42.57

03:16:57 PM  CPU    %usr   %nice    %sys %iowait    %irq   %soft  %steal  %guest  %gnice   %idle
03:16:58 PM    0   58.00    0.00    0.00    0.00    0.00    0.00    0.00    0.00    0.00   42.00
03:16:58 PM    1   61.62    0.00    0.00    0.00    0.00    0.00    0.00    0.00    0.00   38.38

03:16:58 PM  CPU    %usr   %nice    %sys %iowait    %irq   %soft  %steal  %guest  %gnice   %idle
03:16:59 PM    0   54.00    0.00    0.00    0.00    0.00    0.00    0.00    0.00    0.00   46.00
03:16:59 PM    1   60.40    0.00    0.00    0.00    0.00    0.00    0.00    0.00    0.00   39.60

03:16:59 PM  CPU    %usr   %nice    %sys %iowait    %irq   %soft  %steal  %guest  %gnice   %idle
03:17:00 PM    0   59.00    0.00    0.00    0.00    0.00    0.00    0.00    0.00    0.00   41.00
03:17:00 PM    1   64.00    0.00    0.00    0.00    0.00    0.00    0.00    0.00    0.00   36.00

03:17:00 PM  CPU    %usr   %nice    %sys %iowait    %irq   %soft  %steal  %guest  %gnice   %idle
03:17:01 PM    0   54.00    0.00    0.00    0.00    0.00    0.00    0.00    0.00    0.00   46.00
03:17:01 PM    1   59.00    0.00    0.00    0.00    0.00    0.00    0.00    0.00    0.00   41.00

03:17:01 PM  CPU    %usr   %nice    %sys %iowait    %irq   %soft  %steal  %guest  %gnice   %idle
03:17:02 PM    0   57.00    0.00    0.00    0.00    0.00    0.00    0.00    0.00    0.00   43.00
03:17:02 PM    1   60.40    0.00    0.00    0.00    0.00    0.00    0.00    0.00    0.00   39.60

03:17:02 PM  CPU    %usr   %nice    %sys %iowait    %irq   %soft  %steal  %guest  %gnice   %idle
03:17:03 PM    0   52.48    0.00    0.99    0.99    0.00    0.00    0.00    0.00    0.00   45.54
03:17:03 PM    1   57.00    0.00    0.00    0.00    0.00    0.00    0.00    0.00    0.00   43.00

03:17:03 PM  CPU    %usr   %nice    %sys %iowait    %irq   %soft  %steal  %guest  %gnice   %idle
03:17:04 PM    0   58.00    0.00    0.00    0.00    0.00    0.00    0.00    0.00    0.00   42.00
03:17:04 PM    1   61.39    0.00    0.00    0.00    0.00    0.00    0.00    0.00    0.00   38.61

03:17:04 PM  CPU    %usr   %nice    %sys %iowait    %irq   %soft  %steal  %guest  %gnice   %idle
03:17:05 PM    0   54.00    0.00    0.00    0.00    0.00    0.00    0.00    0.00    0.00   46.00
03:17:05 PM    1   61.00    0.00    0.00    0.00    0.00    0.00    0.00    0.00    0.00   39.00

03:17:05 PM  CPU    %usr   %nice    %sys %iowait    %irq   %soft  %steal  %guest  %gnice   %idle
03:17:06 PM    0   59.00    0.00    0.00    0.00    0.00    0.00    0.00    0.00    0.00   41.00
03:17:06 PM    1   64.00    0.00    0.00    0.00    0.00    0.00    0.00    0.00    0.00   36.00

03:17:06 PM  CPU    %usr   %nice    %sys %iowait    %irq   %soft  %steal  %guest  %gnice   %idle
03:17:07 PM    0   54.55    0.00    0.00    0.00    0.00    0.00    0.00    0.00    0.00   45.45
03:17:07 PM    1   58.42    0.00    0.00    0.00    0.00    0.00    0.00    0.00    0.00   41.58

03:17:07 PM  CPU    %usr   %nice    %sys %iowait    %irq   %soft  %steal  %guest  %gnice   %idle
03:17:08 PM    0   56.00    0.00    0.00    1.00    0.00    0.00    0.00    0.00    0.00   43.00
03:17:08 PM    1   60.40    0.00    0.00    0.00    0.00    0.00    0.00    0.00    0.00   39.60

03:17:08 PM  CPU    %usr   %nice    %sys %iowait    %irq   %soft  %steal  %guest  %gnice   %idle
03:17:09 PM    0   53.00    0.00    0.00    0.00    0.00    0.00    0.00    0.00    0.00   47.00
03:17:09 PM    1   57.58    0.00    0.00    0.00    0.00    0.00    0.00    0.00    0.00   42.42

03:17:09 PM  CPU    %usr   %nice    %sys %iowait    %irq   %soft  %steal  %guest  %gnice   %idle
03:17:10 PM    0   58.00    0.00    0.00    0.00    0.00    0.00    0.00    0.00    0.00   42.00
03:17:10 PM    1   61.39    0.00    0.00    0.00    0.00    0.00    0.00    0.00    0.00   38.61

03:17:10 PM  CPU    %usr   %nice    %sys %iowait    %irq   %soft  %steal  %guest  %gnice   %idle
03:17:11 PM    0   54.00    0.00    0.00    0.00    0.00    0.00    0.00    0.00    0.00   46.00
03:17:11 PM    1   60.40    0.00    0.00    0.00    0.00    0.00    0.00    0.00    0.00   39.60

03:17:11 PM  CPU    %usr   %nice    %sys %iowait    %irq   %soft  %steal  %guest  %gnice   %idle
03:17:12 PM    0   59.00    0.00    0.00    1.00    0.00    0.00    0.00    0.00    0.00   40.00
03:17:12 PM    1   64.00    0.00    0.00    0.00    0.00    0.00    0.00    0.00    0.00   36.00

03:17:12 PM  CPU    %usr   %nice    %sys %iowait    %irq   %soft  %steal  %guest  %gnice   %idle
03:17:13 PM    0   54.46    0.00    0.00    0.99    0.00    0.00    0.00    0.00    0.00   44.55
03:17:13 PM    1   59.00    0.00    0.00    0.00    0.00    0.00    0.00    0.00    0.00   41.00

03:17:13 PM  CPU    %usr   %nice    %sys %iowait    %irq   %soft  %steal  %guest  %gnice   %idle
03:17:14 PM    0   55.45    0.00    0.99    0.00    0.00    0.00    0.00    0.00    0.00   43.56
03:17:14 PM    1   59.41    0.00    0.00    0.00    0.00    0.00    0.00    0.00    0.00   40.59

03:17:14 PM  CPU    %usr   %nice    %sys %iowait    %irq   %soft  %steal  %guest  %gnice   %idle
03:17:15 PM    0   54.00    0.00    0.00    0.00    0.00    0.00    0.00    0.00    0.00   46.00
03:17:15 PM    1   58.00    0.00    0.00    0.00    0.00    0.00    0.00    0.00    0.00   42.00

03:17:15 PM  CPU    %usr   %nice    %sys %iowait    %irq   %soft  %steal  %guest  %gnice   %idle
03:17:16 PM    0   57.43    0.00    0.00    0.00    0.00    0.00    0.00    0.00    0.00   42.57
03:17:16 PM    1   61.62    0.00    0.00    0.00    0.00    0.00    0.00    0.00    0.00   38.38

03:17:16 PM  CPU    %usr   %nice    %sys %iowait    %irq   %soft  %steal  %guest  %gnice   %idle
03:17:17 PM    0   55.00    0.00    0.00    0.00    0.00    0.00    0.00    0.00    0.00   45.00
03:17:17 PM    1   60.00    0.00    0.00    0.00    0.00    0.00    0.00    0.00    0.00   40.00

03:17:17 PM  CPU    %usr   %nice    %sys %iowait    %irq   %soft  %steal  %guest  %gnice   %idle
03:17:18 PM    0   58.00    0.00    0.00    1.00    0.00    0.00    0.00    0.00    0.00   41.00
03:17:18 PM    1   64.36    0.00    0.00    0.00    0.00    0.00    0.00    0.00    0.00   35.64

03:17:18 PM  CPU    %usr   %nice    %sys %iowait    %irq   %soft  %steal  %guest  %gnice   %idle
03:17:19 PM    0   55.00    0.00    0.00    0.00    0.00    0.00    0.00    0.00    0.00   45.00
03:17:19 PM    1   58.42    0.00    0.00    0.00    0.00    0.00    0.00    0.00    0.00   41.58

03:17:19 PM  CPU    %usr   %nice    %sys %iowait    %irq   %soft  %steal  %guest  %gnice   %idle
03:17:20 PM    0   56.00    0.00    0.00    0.00    0.00    0.00    0.00    0.00    0.00   44.00
03:17:20 PM    1   60.00    0.00    0.00    0.00    0.00    0.00    0.00    0.00    0.00   40.00

03:17:20 PM  CPU    %usr   %nice    %sys %iowait    %irq   %soft  %steal  %guest  %gnice   %idle
03:17:21 PM    0   53.00    0.00    0.00    0.00    0.00    0.00    0.00    0.00    0.00   47.00
03:17:21 PM    1   58.00    0.00    0.00    0.00    0.00    0.00    0.00    0.00    0.00   42.00

03:17:21 PM  CPU    %usr   %nice    %sys %iowait    %irq   %soft  %steal  %guest  %gnice   %idle
03:17:22 PM    0   57.58    0.00    0.00    0.00    0.00    0.00    0.00    0.00    0.00   42.42
03:17:22 PM    1   61.00    0.00    0.00    0.00    0.00    0.00    0.00    0.00    0.00   39.00

03:17:22 PM  CPU    %usr   %nice    %sys %iowait    %irq   %soft  %steal  %guest  %gnice   %idle
03:17:23 PM    0   54.00    0.00    1.00    1.00    0.00    0.00    0.00    0.00    0.00   44.00
03:17:23 PM    1   59.80    0.00    0.98    0.00    0.00    0.00    0.00    0.00    0.00   39.22

03:17:23 PM  CPU    %usr   %nice    %sys %iowait    %irq   %soft  %steal  %guest  %gnice   %idle
03:17:24 PM    0   58.42    0.00    0.00    0.00    0.00    0.00    0.00    0.00    0.00   41.58
03:17:24 PM    1   64.00    0.00    0.00    0.00    0.00    0.00    0.00    0.00    0.00   36.00

03:17:24 PM  CPU    %usr   %nice    %sys %iowait    %irq   %soft  %steal  %guest  %gnice   %idle
03:17:25 PM    0   54.08    0.00    0.00    0.00    0.00    0.00    0.00    0.00    0.00   45.92
03:17:25 PM    1   58.00    0.00    0.00    0.00    0.00    0.00    0.00    0.00    0.00   42.00

03:17:25 PM  CPU    %usr   %nice    %sys %iowait    %irq   %soft  %steal  %guest  %gnice   %idle
03:17:26 PM    0   56.44    0.00    0.00    0.00    0.00    0.00    0.00    0.00    0.00   43.56
03:17:26 PM    1   60.00    0.00    0.00    0.00    0.00    0.00    0.00    0.00    0.00   40.00

03:17:26 PM  CPU    %usr   %nice    %sys %iowait    %irq   %soft  %steal  %guest  %gnice   %idle
03:17:27 PM    0   53.00    0.00    0.00    0.00    0.00    0.00    0.00    0.00    0.00   47.00
03:17:27 PM    1   58.00    0.00    0.00    0.00    0.00    0.00    0.00    0.00    0.00   42.00

03:17:27 PM  CPU    %usr   %nice    %sys %iowait    %irq   %soft  %steal  %guest  %gnice   %idle
03:17:28 PM    0   58.00    0.00    0.00    1.00    0.00    0.00    0.00    0.00    0.00   41.00
03:17:28 PM    1   61.39    0.00    0.00    0.00    0.00    0.00    0.00    0.00    0.00   38.61

03:17:28 PM  CPU    %usr   %nice    %sys %iowait    %irq   %soft  %steal  %guest  %gnice   %idle
03:17:29 PM    0   54.00    0.00    0.00    0.00    0.00    0.00    0.00    0.00    0.00   46.00
03:17:29 PM    1   60.00    0.00    0.00    0.00    0.00    0.00    0.00    0.00    0.00   40.00

03:17:29 PM  CPU    %usr   %nice    %sys %iowait    %irq   %soft  %steal  %guest  %gnice   %idle
03:17:30 PM    0   59.00    0.00    0.00    0.00    0.00    0.00    0.00    0.00    0.00   41.00
03:17:30 PM    1   64.00    0.00    0.00    0.00    0.00    0.00    0.00    0.00    0.00   36.00

03:17:30 PM  CPU    %usr   %nice    %sys %iowait    %irq   %soft  %steal  %guest  %gnice   %idle
03:17:31 PM    0   54.00    0.00    0.00    0.00    0.00    0.00    0.00    0.00    0.00   46.00
03:17:31 PM    1   59.00    0.00    0.00    0.00    0.00    0.00    0.00    0.00    0.00   41.00

03:17:31 PM  CPU    %usr   %nice    %sys %iowait    %irq   %soft  %steal  %guest  %gnice   %idle
03:17:32 PM    0   56.00    0.00    0.00    1.00    0.00    0.00    0.00    0.00    0.00   43.00
03:17:32 PM    1   59.41    0.00    0.00    0.00    0.00    0.00    0.00    0.00    0.00   40.59

03:17:32 PM  CPU    %usr   %nice    %sys %iowait    %irq   %soft  %steal  %guest  %gnice   %idle
03:17:33 PM    0   53.00    0.00    0.00    1.00    0.00    0.00    0.00    0.00    0.00   46.00
03:17:33 PM    1   57.00    0.00    0.00    0.00    0.00    0.00    0.00    0.00    0.00   43.00

03:17:33 PM  CPU    %usr   %nice    %sys %iowait    %irq   %soft  %steal  %guest  %gnice   %idle
03:17:34 PM    0   58.00    0.00    0.00    0.00    0.00    0.00    0.00    0.00    0.00   42.00
03:17:34 PM    1   61.62    0.00    0.00    0.00    0.00    0.00    0.00    0.00    0.00   38.38

03:17:34 PM  CPU    %usr   %nice    %sys %iowait    %irq   %soft  %steal  %guest  %gnice   %idle
03:17:35 PM    0   54.46    0.00    0.00    0.00    0.00    0.00    0.00    0.00    0.00   45.54
03:17:35 PM    1   60.40    0.00    0.00    0.00    0.00    0.00    0.00    0.00    0.00   39.60

03:17:35 PM  CPU    %usr   %nice    %sys %iowait    %irq   %soft  %steal  %guest  %gnice   %idle
03:17:36 PM    0   58.59    0.00    0.00    0.00    0.00    0.00    0.00    0.00    0.00   41.41
03:17:36 PM    1   64.00    0.00    0.00    0.00    0.00    0.00    0.00    0.00    0.00   36.00

03:17:36 PM  CPU    %usr   %nice    %sys %iowait    %irq   %soft  %steal  %guest  %gnice   %idle
03:17:37 PM    0   54.46    0.00    0.00    0.00    0.00    0.00    0.00    0.00    0.00   45.54
03:17:37 PM    1   58.42    0.00    0.00    0.00    0.00    0.00    0.00    0.00    0.00   41.58

03:17:37 PM  CPU    %usr   %nice    %sys %iowait    %irq   %soft  %steal  %guest  %gnice   %idle
03:17:38 PM    0   56.00    0.00    0.00    1.00    0.00    0.00    0.00    0.00    0.00   43.00
03:17:38 PM    1   60.00    0.00    0.00    0.00    0.00    0.00    0.00    0.00    0.00   40.00

03:17:38 PM  CPU    %usr   %nice    %sys %iowait    %irq   %soft  %steal  %guest  %gnice   %idle
03:17:39 PM    0   53.54    0.00    0.00    0.00    0.00    0.00    0.00    0.00    0.00   46.46
03:17:39 PM    1   57.58    0.00    0.00    0.00    0.00    0.00    0.00    0.00    0.00   42.42

03:17:39 PM  CPU    %usr   %nice    %sys %iowait    %irq   %soft  %steal  %guest  %gnice   %idle
03:17:40 PM    0   57.43    0.00    0.00    0.00    0.00    0.00    0.00    0.00    0.00   42.57
03:17:40 PM    1   61.39    0.00    0.00    0.00    0.00    0.00    0.00    0.00    0.00   38.61

03:17:40 PM  CPU    %usr   %nice    %sys %iowait    %irq   %soft  %steal  %guest  %gnice   %idle
03:17:41 PM    0   55.00    0.00    0.00    0.00    0.00    0.00    0.00    0.00    0.00   45.00
03:17:41 PM    1   60.00    0.00    0.00    0.00    0.00    0.00    0.00    0.00    0.00   40.00

03:17:41 PM  CPU    %usr   %nice    %sys %iowait    %irq   %soft  %steal  %guest  %gnice   %idle
03:17:42 PM    0   57.84    0.00    0.98    0.98    0.00    0.00    0.00    0.00    0.00   40.20
03:17:42 PM    1   64.71    0.00    0.00    0.00    0.00    0.00    0.00    0.00    0.00   35.29

03:17:42 PM  CPU    %usr   %nice    %sys %iowait    %irq   %soft  %steal  %guest  %gnice   %idle
03:17:43 PM    0   54.46    0.00    0.00    0.99    0.00    0.00    0.00    0.00    0.00   44.55
03:17:43 PM    1   58.59    0.00    0.00    0.00    0.00    0.00    0.00    0.00    0.00   41.41

03:17:43 PM  CPU    %usr   %nice    %sys %iowait    %irq   %soft  %steal  %guest  %gnice   %idle
03:17:44 PM    0   56.57    0.00    0.00    0.00    0.00    0.00    0.00    0.00    0.00   43.43
03:17:44 PM    1   60.00    0.00    0.00    0.00    0.00    0.00    0.00    0.00    0.00   40.00

03:17:44 PM  CPU    %usr   %nice    %sys %iowait    %irq   %soft  %steal  %guest  %gnice   %idle
03:17:45 PM    0   53.47    0.00    0.00    0.00    0.00    0.00    0.00    0.00    0.00   46.53
03:17:45 PM    1   57.43    0.00    0.00    0.00    0.00    0.00    0.00    0.00    0.00   42.57

03:17:45 PM  CPU    %usr   %nice    %sys %iowait    %irq   %soft  %steal  %guest  %gnice   %idle
03:17:46 PM    0   57.58    0.00    0.00    0.00    0.00    0.00    0.00    0.00    0.00   42.42
03:17:46 PM    1   61.00    0.00    0.00    0.00    0.00    0.00    0.00    0.00    0.00   39.00

03:17:46 PM  CPU    %usr   %nice    %sys %iowait    %irq   %soft  %steal  %guest  %gnice   %idle
03:17:47 PM    0   54.46    0.00    0.00    0.00    0.00    0.00    0.00    0.00    0.00   45.54
03:17:47 PM    1   61.00    0.00    0.00    0.00    0.00    0.00    0.00    0.00    0.00   39.00

03:17:47 PM  CPU    %usr   %nice    %sys %iowait    %irq   %soft  %steal  %guest  %gnice   %idle
03:17:48 PM    0   57.58    0.00    0.00    0.00    0.00    0.00    0.00    0.00    0.00   42.42
03:17:48 PM    1   63.37    0.00    0.00    0.00    0.00    0.00    0.00    0.00    0.00   36.63

03:17:48 PM  CPU    %usr   %nice    %sys %iowait    %irq   %soft  %steal  %guest  %gnice   %idle
03:17:49 PM    0   55.00    0.00    0.00    1.00    0.00    0.00    0.00    0.00    0.00   44.00
03:17:49 PM    1   59.00    0.00    0.00    0.00    0.00    0.00    0.00    0.00    0.00   41.00

03:17:49 PM  CPU    %usr   %nice    %sys %iowait    %irq   %soft  %steal  %guest  %gnice   %idle
03:17:50 PM    0   56.00    0.00    0.00    0.00    0.00    0.00    0.00    0.00    0.00   44.00
03:17:50 PM    1   60.00    0.00    0.00    0.00    0.00    0.00    0.00    0.00    0.00   40.00

03:17:50 PM  CPU    %usr   %nice    %sys %iowait    %irq   %soft  %steal  %guest  %gnice   %idle
03:17:51 PM    0   53.00    0.00    0.00    0.00    0.00    0.00    0.00    0.00    0.00   47.00
03:17:51 PM    1   57.43    0.00    0.00    0.00    0.00    0.00    0.00    0.00    0.00   42.57

03:17:51 PM  CPU    %usr   %nice    %sys %iowait    %irq   %soft  %steal  %guest  %gnice   %idle
03:17:52 PM    0   57.58    0.00    0.00    1.01    0.00    0.00    0.00    0.00    0.00   41.41
03:17:52 PM    1   61.00    0.00    0.00    0.00    0.00    0.00    0.00    0.00    0.00   39.00

03:17:52 PM  CPU    %usr   %nice    %sys %iowait    %irq   %soft  %steal  %guest  %gnice   %idle
03:17:53 PM    0   54.46    0.00    0.00    0.00    0.00    0.00    0.00    0.00    0.00   45.54
03:17:53 PM    1   60.40    0.00    0.00    0.00    0.00    0.00    0.00    0.00    0.00   39.60

03:17:53 PM  CPU    %usr   %nice    %sys %iowait    %irq   %soft  %steal  %guest  %gnice   %idle
03:17:54 PM    0   58.42    0.00    0.99    0.99    0.00    0.00    0.00    0.00    0.00   39.60
03:17:54 PM    1   65.00    0.00    0.00    0.00    0.00    0.00    0.00    0.00    0.00   35.00

03:17:54 PM  CPU    %usr   %nice    %sys %iowait    %irq   %soft  %steal  %guest  %gnice   %idle
03:17:55 PM    0   54.55    0.00    0.00    0.00    0.00    0.00    0.00    0.00    0.00   45.45
03:17:55 PM    1   58.00    0.00    0.00    0.00    0.00    0.00    0.00    0.00    0.00   42.00

03:17:55 PM  CPU    %usr   %nice    %sys %iowait    %irq   %soft  %steal  %guest  %gnice   %idle
03:17:56 PM    0   57.00    0.00    0.00    1.00    0.00    0.00    0.00    0.00    0.00   42.00
03:17:56 PM    1   61.00    0.00    0.00    0.00    0.00    0.00    0.00    0.00    0.00   39.00

03:17:56 PM  CPU    %usr   %nice    %sys %iowait    %irq   %soft  %steal  %guest  %gnice   %idle
03:17:57 PM    0   53.54    0.00    0.00    0.00    0.00    0.00    0.00    0.00    0.00   46.46
03:17:57 PM    1   57.00    0.00    0.00    0.00    0.00    0.00    0.00    0.00    0.00   43.00

03:17:57 PM  CPU    %usr   %nice    %sys %iowait    %irq   %soft  %steal  %guest  %gnice   %idle
03:17:58 PM    0   58.00    0.00    0.00    0.00    0.00    0.00    0.00    0.00    0.00   42.00
03:17:58 PM    1   62.00    0.00    0.00    0.00    0.00    0.00    0.00    0.00    0.00   38.00

03:17:58 PM  CPU    %usr   %nice    %sys %iowait    %irq   %soft  %steal  %guest  %gnice   %idle
03:17:59 PM    0   54.00    0.00    0.00    1.00    0.00    0.00    0.00    0.00    0.00   45.00
03:17:59 PM    1   60.40    0.00    0.00    0.00    0.00    0.00    0.00    0.00    0.00   39.60

03:17:59 PM  CPU    %usr   %nice    %sys %iowait    %irq   %soft  %steal  %guest  %gnice   %idle
03:18:00 PM    0   57.43    0.00    0.99    0.00    0.00    0.00    0.00    0.00    0.00   41.58
03:18:00 PM    1   64.36    0.00    0.00    0.00    0.00    0.00    0.00    0.00    0.00   35.64

03:18:00 PM  CPU    %usr   %nice    %sys %iowait    %irq   %soft  %steal  %guest  %gnice   %idle
03:18:01 PM    0   55.00    0.00    0.00    0.00    0.00    0.00    0.00    0.00    0.00   45.00
03:18:01 PM    1   59.00    0.00    0.00    0.00    0.00    0.00    0.00    0.00    0.00   41.00

03:18:01 PM  CPU    %usr   %nice    %sys %iowait    %irq   %soft  %steal  %guest  %gnice   %idle
03:18:02 PM    0   56.00    0.00    0.00    0.00    0.00    0.00    0.00    0.00    0.00   44.00
03:18:02 PM    1   59.41    0.00    0.00    0.00    0.00    0.00    0.00    0.00    0.00   40.59

03:18:02 PM  CPU    %usr   %nice    %sys %iowait    %irq   %soft  %steal  %guest  %gnice   %idle
03:18:03 PM    0   53.54    0.00    0.00    0.00    0.00    0.00    0.00    0.00    0.00   46.46
03:18:03 PM    1   57.58    0.00    0.00    0.00    0.00    0.00    0.00    0.00    0.00   42.42

03:18:03 PM  CPU    %usr   %nice    %sys %iowait    %irq   %soft  %steal  %guest  %gnice   %idle
03:18:04 PM    0   58.00    0.00    0.00    0.00    0.00    0.00    0.00    0.00    0.00   42.00
03:18:04 PM    1   61.00    0.00    0.00    0.00    0.00    0.00    0.00    0.00    0.00   39.00

03:18:04 PM  CPU    %usr   %nice    %sys %iowait    %irq   %soft  %steal  %guest  %gnice   %idle
03:18:05 PM    0   54.00    0.00    0.00    0.00    0.00    0.00    0.00    0.00    0.00   46.00
03:18:05 PM    1   60.40    0.00    0.00    0.00    0.00    0.00    0.00    0.00    0.00   39.60

03:18:05 PM  CPU    %usr   %nice    %sys %iowait    %irq   %soft  %steal  %guest  %gnice   %idle
03:18:06 PM    0   58.42    0.00    0.00    0.00    0.00    0.00    0.00    0.00    0.00   41.58
03:18:06 PM    1   63.64    0.00    0.00    0.00    0.00    0.00    0.00    0.00    0.00   36.36

03:18:06 PM  CPU    %usr   %nice    %sys %iowait    %irq   %soft  %steal  %guest  %gnice   %idle
03:18:07 PM    0   54.46    0.00    0.00    0.00    0.00    0.00    0.00    0.00    0.00   45.54
03:18:07 PM    1   59.00    0.00    0.00    0.00    0.00    0.00    0.00    0.00    0.00   41.00

03:18:07 PM  CPU    %usr   %nice    %sys %iowait    %irq   %soft  %steal  %guest  %gnice   %idle
03:18:08 PM    0   56.57    0.00    0.00    0.00    0.00    0.00    0.00    0.00    0.00   43.43
03:18:08 PM    1   60.00    0.00    0.00    0.00    0.00    0.00    0.00    0.00    0.00   40.00

03:18:08 PM  CPU    %usr   %nice    %sys %iowait    %irq   %soft  %steal  %guest  %gnice   %idle
03:18:09 PM    0   53.47    0.00    0.00    0.99    0.00    0.00    0.00    0.00    0.00   45.54
03:18:09 PM    1   57.43    0.00    0.00    0.00    0.00    0.00    0.00    0.00    0.00   42.57

03:18:09 PM  CPU    %usr   %nice    %sys %iowait    %irq   %soft  %steal  %guest  %gnice   %idle
03:18:10 PM    0   57.00    0.00    1.00    0.00    0.00    0.00    0.00    0.00    0.00   42.00
03:18:10 PM    1   61.39    0.00    0.00    0.00    0.00    0.00    0.00    0.00    0.00   38.61

03:18:10 PM  CPU    %usr   %nice    %sys %iowait    %irq   %soft  %steal  %guest  %gnice   %idle
03:18:11 PM    0   54.46    0.00    0.00    0.00    0.00    0.00    0.00    0.00    0.00   45.54
03:18:11 PM    1   60.00    0.00    0.00    0.00    0.00    0.00    0.00    0.00    0.00   40.00

03:18:11 PM  CPU    %usr   %nice    %sys %iowait    %irq   %soft  %steal  %guest  %gnice   %idle
03:18:12 PM    0   58.00    0.00    0.00    1.00    0.00    0.00    0.00    0.00    0.00   41.00
03:18:12 PM    1   64.00    0.00    0.00    0.00    0.00    0.00    0.00    0.00    0.00   36.00

03:18:12 PM  CPU    %usr   %nice    %sys %iowait    %irq   %soft  %steal  %guest  %gnice   %idle
03:18:13 PM    0   54.55    0.00    0.00    0.00    0.00    0.00    0.00    0.00    0.00   45.45
03:18:13 PM    1   59.00    0.00    0.00    0.00    0.00    0.00    0.00    0.00    0.00   41.00

03:18:13 PM  CPU    %usr   %nice    %sys %iowait    %irq   %soft  %steal  %guest  %gnice   %idle
03:18:14 PM    0   55.88    0.00    0.00    0.98    0.00    0.00    0.00    0.00    0.00   43.14
03:18:14 PM    1   60.00    0.00    0.00    0.00    0.00    0.00    0.00    0.00    0.00   40.00

03:18:14 PM  CPU    %usr   %nice    %sys %iowait    %irq   %soft  %steal  %guest  %gnice   %idle
03:18:15 PM    0   53.54    0.00    0.00    0.00    0.00    0.00    0.00    0.00    0.00   46.46
03:18:15 PM    1   57.00    0.00    0.00    0.00    0.00    0.00    0.00    0.00    0.00   43.00

Average:     CPU    %usr   %nice    %sys %iowait    %irq   %soft  %steal  %guest  %gnice   %idle
Average:       0   55.76    0.00    0.08    0.27    0.00    0.00    0.00    0.00    0.00   43.90
Average:       1   60.34    0.00    0.01    0.00    0.00    0.00    0.00    0.00    0.00   39.65
